[DEBUG 01:00:02] git.cmd Popen(['git', 'version'], cwd=/n/home07/haipeng/network-opt-rl, universal_newlines=False, shell=None, istream=None)
[DEBUG 01:00:02] git.cmd Popen(['git', 'version'], cwd=/n/home07/haipeng/network-opt-rl, universal_newlines=False, shell=None, istream=None)
[DEBUG 01:00:02] git.cmd Popen(['git', 'diff', '--cached', '--abbrev=40', '--full-index', '--raw'], cwd=/n/home07/haipeng/network-opt-rl, universal_newlines=False, shell=None, istream=None)
[DEBUG 01:00:03] git.cmd Popen(['git', 'diff', '--abbrev=40', '--full-index', '--raw'], cwd=/n/home07/haipeng/network-opt-rl, universal_newlines=False, shell=None, istream=None)
[DEBUG 01:00:03] git.cmd Popen(['git', 'cat-file', '--batch-check'], cwd=/n/home07/haipeng/network-opt-rl, universal_newlines=False, shell=None, istream=<valid stream>)
[DEBUG 01:00:03] git.cmd Popen(['git', 'diff', '--cached', '--abbrev=40', '--full-index', '--raw'], cwd=/n/home07/haipeng/network-opt-rl, universal_newlines=False, shell=None, istream=None)
[DEBUG 01:00:03] git.cmd Popen(['git', 'diff', '--abbrev=40', '--full-index', '--raw'], cwd=/n/home07/haipeng/network-opt-rl, universal_newlines=False, shell=None, istream=None)
[DEBUG 01:00:03] git.cmd Popen(['git', 'cat-file', '--batch-check'], cwd=/n/home07/haipeng/network-opt-rl, universal_newlines=False, shell=None, istream=<valid stream>)
[DEBUG 01:00:03] git.cmd Popen(['git', 'diff', '--cached', '--abbrev=40', '--full-index', '--raw'], cwd=/n/home07/haipeng/network-opt-rl, universal_newlines=False, shell=None, istream=None)
[DEBUG 01:00:03] git.cmd Popen(['git', 'diff', '--abbrev=40', '--full-index', '--raw'], cwd=/n/home07/haipeng/network-opt-rl, universal_newlines=False, shell=None, istream=None)
[DEBUG 01:00:03] git.cmd Popen(['git', 'cat-file', '--batch-check'], cwd=/n/home07/haipeng/network-opt-rl, universal_newlines=False, shell=None, istream=<valid stream>)
[DEBUG 01:00:03] git.cmd Popen(['git', 'diff', '--cached', '--abbrev=40', '--full-index', '--raw'], cwd=/n/home07/haipeng/network-opt-rl, universal_newlines=False, shell=None, istream=None)
[DEBUG 01:00:03] git.cmd Popen(['git', 'diff', '--abbrev=40', '--full-index', '--raw'], cwd=/n/home07/haipeng/network-opt-rl, universal_newlines=False, shell=None, istream=None)
[DEBUG 01:00:03] git.cmd Popen(['git', 'cat-file', '--batch-check'], cwd=/n/home07/haipeng/network-opt-rl, universal_newlines=False, shell=None, istream=<valid stream>)
main.py:130: YAMLLoadWarning: calling yaml.load() without Loader=... is deprecated, as the default Loader is unsafe. Please read https://msg.pyyaml.org/load for full details.
  config_dict = yaml.load(f)
main.py:52: YAMLLoadWarning: calling yaml.load() without Loader=... is deprecated, as the default Loader is unsafe. Please read https://msg.pyyaml.org/load for full details.
  config_dict = yaml.load(f)
[INFO 01:00:04] root Saving to FileStorageObserver in temp_dir/colge/sacred.
[WARNING 01:00:05] root Changed type of config entry "lr" from str to float
[DEBUG 01:00:05] Experiments Using capture mode "fd"
[INFO 01:00:05] Experiments Running command 'my_main'
[INFO 01:00:05] Experiments Started run with ID "140"
[DEBUG 01:00:05] Experiments Starting Heartbeat
[DEBUG 01:00:05] my_main Started
/n/home07/haipeng/network-opt-rl/src/agent/colge/utils/config.py:10: YAMLLoadWarning: calling yaml.load() without Loader=... is deprecated, as the default Loader is unsafe. Please read https://msg.pyyaml.org/load for full details.
  model_config = yaml.load(config_file)
/n/home07/haipeng/network-opt-rl/src/agent/colge/agent.py:169: UserWarning: To copy construct from a tensor, it is recommended to use sourceTensor.clone().detach() or sourceTensor.clone().detach().requires_grad_(True), rather than torch.tensor(sourceTensor).
  aux_tensor = self.to_cuda(th.tensor(observation_tens * (-1e5) if self.args.use_state_abs else 0).float())
/n/home07/haipeng/.conda/envs/rl4im/lib/python3.6/site-packages/jsonpickle/ext/numpy.py:291: UserWarning: ndarray is defined by reference to an object we do not know how to serialize. A deep copy is serialized instead, breaking memory aliasing.
  warnings.warn(msg)
[WARNING 01:00:25] Experiments An error ocurred in the '<sacred.observers.file_storage.FileStorageObserver object at 0x2ba5ad7510f0>' observer: dictionary changed size during iteration
slurmstepd: error: *** JOB 15840946 ON holygpu2c0917 CANCELLED AT 2021-02-04T03:59:49 DUE TO TIME LIMIT ***
