[DEBUG 01:00:02] git.cmd Popen(['git', 'version'], cwd=/n/home07/haipeng/network-opt-rl, universal_newlines=False, shell=None, istream=None)
[DEBUG 01:00:02] git.cmd Popen(['git', 'version'], cwd=/n/home07/haipeng/network-opt-rl, universal_newlines=False, shell=None, istream=None)
[DEBUG 01:00:02] git.cmd Popen(['git', 'diff', '--cached', '--abbrev=40', '--full-index', '--raw'], cwd=/n/home07/haipeng/network-opt-rl, universal_newlines=False, shell=None, istream=None)
[DEBUG 01:00:03] git.cmd Popen(['git', 'diff', '--abbrev=40', '--full-index', '--raw'], cwd=/n/home07/haipeng/network-opt-rl, universal_newlines=False, shell=None, istream=None)
[DEBUG 01:00:03] git.cmd Popen(['git', 'cat-file', '--batch-check'], cwd=/n/home07/haipeng/network-opt-rl, universal_newlines=False, shell=None, istream=<valid stream>)
[DEBUG 01:00:03] git.cmd Popen(['git', 'diff', '--cached', '--abbrev=40', '--full-index', '--raw'], cwd=/n/home07/haipeng/network-opt-rl, universal_newlines=False, shell=None, istream=None)
[DEBUG 01:00:03] git.cmd Popen(['git', 'diff', '--abbrev=40', '--full-index', '--raw'], cwd=/n/home07/haipeng/network-opt-rl, universal_newlines=False, shell=None, istream=None)
[DEBUG 01:00:03] git.cmd Popen(['git', 'cat-file', '--batch-check'], cwd=/n/home07/haipeng/network-opt-rl, universal_newlines=False, shell=None, istream=<valid stream>)
[DEBUG 01:00:03] git.cmd Popen(['git', 'diff', '--cached', '--abbrev=40', '--full-index', '--raw'], cwd=/n/home07/haipeng/network-opt-rl, universal_newlines=False, shell=None, istream=None)
[DEBUG 01:00:03] git.cmd Popen(['git', 'diff', '--abbrev=40', '--full-index', '--raw'], cwd=/n/home07/haipeng/network-opt-rl, universal_newlines=False, shell=None, istream=None)
[DEBUG 01:00:03] git.cmd Popen(['git', 'cat-file', '--batch-check'], cwd=/n/home07/haipeng/network-opt-rl, universal_newlines=False, shell=None, istream=<valid stream>)
[DEBUG 01:00:03] git.cmd Popen(['git', 'diff', '--cached', '--abbrev=40', '--full-index', '--raw'], cwd=/n/home07/haipeng/network-opt-rl, universal_newlines=False, shell=None, istream=None)
[DEBUG 01:00:03] git.cmd Popen(['git', 'diff', '--abbrev=40', '--full-index', '--raw'], cwd=/n/home07/haipeng/network-opt-rl, universal_newlines=False, shell=None, istream=None)
[DEBUG 01:00:04] git.cmd Popen(['git', 'cat-file', '--batch-check'], cwd=/n/home07/haipeng/network-opt-rl, universal_newlines=False, shell=None, istream=<valid stream>)
main.py:130: YAMLLoadWarning: calling yaml.load() without Loader=... is deprecated, as the default Loader is unsafe. Please read https://msg.pyyaml.org/load for full details.
  config_dict = yaml.load(f)
main.py:52: YAMLLoadWarning: calling yaml.load() without Loader=... is deprecated, as the default Loader is unsafe. Please read https://msg.pyyaml.org/load for full details.
  config_dict = yaml.load(f)
[INFO 01:00:04] root Saving to FileStorageObserver in temp_dir/colge/sacred.
[WARNING 01:00:05] root Changed type of config entry "lr" from str to float
[DEBUG 01:00:05] Experiments Using capture mode "fd"
[INFO 01:00:05] Experiments Running command 'my_main'
[INFO 01:00:05] Experiments Started run with ID "141"
[DEBUG 01:00:05] Experiments Starting Heartbeat
[DEBUG 01:00:05] my_main Started
[DEBUG 02:44:13] my_main Finished after 1:44:08.
[INFO 02:44:13] Experiments Completed after 1:44:08
Loading train graph:  erdos_renyi
train graphs in total:  200
Loading test graph:  erdos_renyi
merged graphs length:  210
----------------------------------------------start evaluation---------------------------------------------------------
graph index:  200
graph: 200, nodes: 500, edges: 12273
method is : adaptive_greedy
accumulated reward of episode 0 is: 24.247
invited:  [33, 75, 12, 5, 89, 35]
present:  [12, 89, 35]
accumulated reward of episode 1 is: 27.748
invited:  [33, 98, 9, 78, 59, 11]
present:  [33, 9, 78, 59]
accumulated reward of episode 2 is: 31.339
invited:  [33, 98, 9, 59, 2, 75]
present:  [33, 98, 9, 2, 75]
accumulated reward of episode 3 is: 33.425
invited:  [33, 9, 73, 98, 3, 59]
present:  [33, 9, 73, 98, 3, 59]
accumulated reward of episode 4 is: 26.738
invited:  [33, 49, 75, 78, 2, 59]
present:  [33, 49, 75, 59]
accumulated reward of episode 5 is: 27.759
invited:  [33, 98, 32, 6, 75, 5]
present:  [33, 32, 6, 5]
accumulated reward of episode 6 is: 30.054
invited:  [33, 5, 98, 20, 57, 9]
present:  [33, 5, 20, 57, 9]
accumulated reward of episode 7 is: 31.018
invited:  [33, 98, 49, 61, 17, 59]
present:  [33, 98, 49, 61, 59]
accumulated reward of episode 8 is: 33.463
invited:  [33, 98, 32, 69, 5, 6]
present:  [33, 98, 32, 69, 5, 6]
accumulated reward of episode 9 is: 27.604
invited:  [32, 33, 98, 59, 9, 68]
present:  [33, 98, 59, 68]
graph index:  201
graph: 201, nodes: 500, edges: 12525
method is : adaptive_greedy
accumulated reward of episode 0 is: 18.069
invited:  [32, 33, 75, 11, 98, 5]
present:  [32, 75]
accumulated reward of episode 1 is: 27.425
invited:  [33, 98, 35, 68, 32, 17]
present:  [33, 98, 35, 32]
accumulated reward of episode 2 is: 0.0
invited:  [33, 35, 89, 5, 9, 98]
present:  []
accumulated reward of episode 3 is: 24.406
invited:  [33, 98, 99, 5, 9, 3]
present:  [98, 99, 5]
accumulated reward of episode 4 is: 30.972
invited:  [33, 41, 98, 35, 27, 6]
present:  [33, 98, 35, 27, 6]
accumulated reward of episode 5 is: 23.649
invited:  [33, 98, 32, 13, 75, 5]
present:  [33, 32, 75]
accumulated reward of episode 6 is: 18.19
invited:  [32, 33, 12, 5, 11, 92]
present:  [32, 12]
accumulated reward of episode 7 is: 23.159
invited:  [33, 98, 32, 11, 59, 5]
present:  [98, 11, 5]
accumulated reward of episode 8 is: 27.71
invited:  [24, 33, 73, 98, 32, 20]
present:  [33, 98, 32, 20]
accumulated reward of episode 9 is: 28.467
invited:  [33, 41, 89, 98, 3, 61]
present:  [33, 89, 98, 3]
graph index:  202
graph: 202, nodes: 500, edges: 12475
method is : adaptive_greedy
accumulated reward of episode 0 is: 30.264
invited:  [33, 98, 41, 11, 9, 92]
present:  [33, 41, 11, 9, 92]
accumulated reward of episode 1 is: 28.715
invited:  [33, 98, 9, 49, 3, 59]
present:  [33, 98, 3, 59]
accumulated reward of episode 2 is: 27.307
invited:  [73, 33, 98, 2, 75, 44]
present:  [73, 33, 98, 2]
accumulated reward of episode 3 is: 23.636
invited:  [73, 33, 98, 5, 9, 99]
present:  [98, 9, 99]
accumulated reward of episode 4 is: 22.462
invited:  [32, 33, 12, 5, 2, 11]
present:  [32, 12, 11]
accumulated reward of episode 5 is: 30.569
invited:  [33, 98, 32, 89, 5, 61]
present:  [98, 32, 89, 5, 61]
accumulated reward of episode 6 is: 27.65
invited:  [32, 33, 98, 78, 41, 12]
present:  [33, 78, 41, 12]
accumulated reward of episode 7 is: 23.426
invited:  [33, 49, 98, 5, 89, 36]
present:  [5, 89, 36]
accumulated reward of episode 8 is: 23.473
invited:  [33, 5, 44, 84, 49, 75]
present:  [5, 44, 75]
accumulated reward of episode 9 is: 30.643
invited:  [32, 33, 20, 5, 9, 30]
present:  [32, 33, 5, 9, 30]
graph index:  203
graph: 203, nodes: 500, edges: 12422
method is : adaptive_greedy
accumulated reward of episode 0 is: 28.245
invited:  [64, 33, 32, 41, 24, 75]
present:  [33, 32, 41, 24]
accumulated reward of episode 1 is: 27.629
invited:  [33, 98, 32, 13, 9, 75]
present:  [33, 32, 13, 75]
accumulated reward of episode 2 is: 27.529
invited:  [33, 98, 9, 35, 59, 79]
present:  [33, 98, 35, 79]
accumulated reward of episode 3 is: 27.824
invited:  [32, 33, 98, 3, 41, 61]
present:  [32, 33, 41, 61]
accumulated reward of episode 4 is: 26.641
invited:  [32, 33, 99, 75, 5, 30]
present:  [32, 99, 75, 30]
accumulated reward of episode 5 is: 28.098
invited:  [33, 98, 73, 49, 75, 53]
present:  [33, 98, 73, 75]
accumulated reward of episode 6 is: 28.683
invited:  [32, 33, 41, 98, 9, 79]
present:  [32, 33, 41, 98]
accumulated reward of episode 7 is: 33.246
invited:  [32, 33, 98, 2, 66, 78]
present:  [32, 33, 98, 2, 66, 78]
accumulated reward of episode 8 is: 27.205
invited:  [33, 35, 98, 11, 68, 36]
present:  [35, 98, 11, 68]
accumulated reward of episode 9 is: 22.405
invited:  [33, 98, 9, 5, 99, 61]
present:  [98, 5, 61]
graph index:  204
graph: 204, nodes: 500, edges: 12325
method is : adaptive_greedy
accumulated reward of episode 0 is: 10.434
invited:  [33, 98, 99, 5, 89, 41]
present:  [41]
accumulated reward of episode 1 is: 24.316
invited:  [32, 33, 9, 98, 49, 2]
present:  [33, 98, 2]
accumulated reward of episode 2 is: 26.384
invited:  [33, 5, 89, 98, 2, 36]
present:  [89, 98, 2, 36]
accumulated reward of episode 3 is: 22.627
invited:  [33, 41, 32, 99, 9, 75]
present:  [41, 99, 9]
accumulated reward of episode 4 is: 33.217
invited:  [32, 33, 41, 95, 3, 5]
present:  [32, 33, 41, 95, 3, 5]
accumulated reward of episode 5 is: 24.24
invited:  [32, 33, 9, 75, 41, 59]
present:  [33, 41, 59]
accumulated reward of episode 6 is: 23.319
invited:  [33, 98, 35, 99, 11, 4]
present:  [98, 35, 11]
accumulated reward of episode 7 is: 26.458
invited:  [33, 98, 11, 61, 32, 35]
present:  [98, 61, 32, 35]
accumulated reward of episode 8 is: 30.541
invited:  [33, 98, 34, 5, 90, 68]
present:  [33, 98, 5, 90, 68]
accumulated reward of episode 9 is: 26.854
invited:  [32, 33, 2, 99, 91, 20]
present:  [32, 33, 2, 99]
graph index:  205
graph: 205, nodes: 500, edges: 12595
method is : adaptive_greedy
accumulated reward of episode 0 is: 24.652
invited:  [32, 33, 34, 30, 26, 98]
present:  [32, 33, 30]
accumulated reward of episode 1 is: 18.642
invited:  [33, 98, 9, 11, 32, 5]
present:  [98, 5]
accumulated reward of episode 2 is: 23.841
invited:  [33, 98, 89, 5, 32, 72]
present:  [89, 5, 32]
accumulated reward of episode 3 is: 20.002
invited:  [33, 98, 9, 27, 41, 44]
present:  [33, 44]
accumulated reward of episode 4 is: 31.116
invited:  [32, 33, 98, 75, 3, 5]
present:  [32, 33, 98, 3, 5]
accumulated reward of episode 5 is: 17.977
invited:  [33, 98, 24, 5, 32, 61]
present:  [98, 61]
accumulated reward of episode 6 is: 26.692
invited:  [24, 33, 35, 78, 49, 17]
present:  [24, 33, 49, 17]
accumulated reward of episode 7 is: 20.171
invited:  [33, 35, 98, 59, 44, 52]
present:  [33, 35]
accumulated reward of episode 8 is: 26.97
invited:  [32, 33, 99, 5, 90, 94]
present:  [32, 99, 5, 90]
accumulated reward of episode 9 is: 16.679
invited:  [32, 33, 75, 5, 12, 53]
present:  [32, 53]
graph index:  206
graph: 206, nodes: 500, edges: 12574
method is : adaptive_greedy
accumulated reward of episode 0 is: 24.224
invited:  [32, 33, 49, 98, 9, 5]
present:  [33, 98, 9]
accumulated reward of episode 1 is: 27.872
invited:  [33, 75, 98, 66, 32, 53]
present:  [33, 75, 98, 32]
accumulated reward of episode 2 is: 33.041
invited:  [33, 11, 98, 3, 27, 59]
present:  [33, 11, 98, 3, 27, 59]
accumulated reward of episode 3 is: 27.534
invited:  [33, 98, 9, 59, 5, 30]
present:  [33, 98, 9, 59]
accumulated reward of episode 4 is: 27.797
invited:  [33, 35, 11, 75, 98, 5]
present:  [35, 75, 98, 5]
accumulated reward of episode 5 is: 18.986
invited:  [33, 98, 11, 99, 9, 5]
present:  [98, 5]
accumulated reward of episode 6 is: 28.151
invited:  [33, 59, 41, 44, 9, 27]
present:  [33, 44, 9, 27]
accumulated reward of episode 7 is: 30.875
invited:  [33, 98, 89, 5, 59, 6]
present:  [98, 89, 5, 59, 6]
accumulated reward of episode 8 is: 12.799
invited:  [33, 44, 49, 98, 32, 90]
present:  [33]
accumulated reward of episode 9 is: 28.057
invited:  [32, 33, 41, 9, 59, 75]
present:  [33, 41, 9, 59]
graph index:  207
graph: 207, nodes: 500, edges: 12552
method is : adaptive_greedy
accumulated reward of episode 0 is: 26.173
invited:  [33, 9, 12, 5, 89, 27]
present:  [9, 12, 89, 27]
accumulated reward of episode 1 is: 11.274
invited:  [32, 33, 89, 5, 41, 99]
present:  [89]
accumulated reward of episode 2 is: 27.193
invited:  [33, 49, 12, 5, 89, 97]
present:  [49, 12, 5, 97]
accumulated reward of episode 3 is: 28.589
invited:  [33, 5, 32, 75, 3, 6]
present:  [33, 5, 32, 75]
accumulated reward of episode 4 is: 23.611
invited:  [33, 9, 99, 5, 89, 59]
present:  [5, 89, 59]
accumulated reward of episode 5 is: 22.071
invited:  [33, 5, 89, 99, 24, 61]
present:  [89, 99, 61]
accumulated reward of episode 6 is: 27.368
invited:  [32, 33, 80, 98, 89, 17]
present:  [32, 33, 80, 98]
accumulated reward of episode 7 is: 30.936
invited:  [33, 98, 32, 17, 2, 52]
present:  [33, 98, 32, 2, 52]
accumulated reward of episode 8 is: 27.477
invited:  [32, 33, 89, 98, 3, 12]
present:  [32, 33, 89, 12]
accumulated reward of episode 9 is: 31.984
invited:  [32, 33, 24, 2, 66, 20]
present:  [32, 33, 24, 66, 20]
graph index:  208
graph: 208, nodes: 500, edges: 12469
method is : adaptive_greedy
accumulated reward of episode 0 is: 27.8
invited:  [33, 5, 89, 12, 59, 68]
present:  [5, 89, 12, 68]
accumulated reward of episode 1 is: 30.464
invited:  [33, 98, 11, 35, 59, 61]
present:  [33, 98, 11, 35, 61]
accumulated reward of episode 2 is: 23.312
invited:  [32, 33, 12, 5, 89, 98]
present:  [12, 5, 98]
accumulated reward of episode 3 is: 33.474
invited:  [32, 33, 53, 78, 98, 12]
present:  [32, 33, 53, 78, 98, 12]
accumulated reward of episode 4 is: 28.953
invited:  [33, 98, 49, 59, 24, 5]
present:  [33, 49, 24, 5]
accumulated reward of episode 5 is: 26.877
invited:  [33, 98, 5, 7, 32, 2]
present:  [98, 7, 32, 2]
accumulated reward of episode 6 is: 31.378
invited:  [33, 98, 5, 54, 32, 3]
present:  [33, 98, 5, 54, 3]
accumulated reward of episode 7 is: 0.0
invited:  [33, 41, 75, 5, 27, 99]
present:  []
accumulated reward of episode 8 is: 30.495
invited:  [33, 98, 9, 5, 40, 20]
present:  [33, 98, 9, 40, 20]
accumulated reward of episode 9 is: 22.973
invited:  [33, 98, 89, 35, 75, 61]
present:  [98, 35, 61]
graph index:  209
graph: 209, nodes: 500, edges: 12471
method is : adaptive_greedy
accumulated reward of episode 0 is: 27.052
invited:  [33, 63, 9, 99, 89, 20]
present:  [63, 99, 89, 20]
accumulated reward of episode 1 is: 31.568
invited:  [33, 98, 9, 59, 66, 3]
present:  [33, 98, 9, 59, 66]
accumulated reward of episode 2 is: 28.404
invited:  [33, 98, 9, 78, 32, 30]
present:  [33, 98, 78, 32]
accumulated reward of episode 3 is: 33.456
invited:  [33, 5, 81, 75, 64, 73]
present:  [33, 5, 81, 75, 64, 73]
accumulated reward of episode 4 is: 19.582
invited:  [32, 33, 9, 13, 19, 78]
present:  [32, 33]
accumulated reward of episode 5 is: 31.387
invited:  [33, 98, 11, 35, 9, 49]
present:  [33, 98, 11, 9, 49]
accumulated reward of episode 6 is: 28.467
invited:  [33, 98, 35, 20, 57, 11]
present:  [33, 98, 35, 11]
accumulated reward of episode 7 is: 28.105
invited:  [33, 44, 35, 20, 98, 59]
present:  [33, 35, 20, 59]
accumulated reward of episode 8 is: 27.368
invited:  [33, 98, 32, 17, 75, 79]
present:  [33, 98, 32, 17]
accumulated reward of episode 9 is: 26.537
invited:  [33, 35, 9, 5, 1, 30]
present:  [9, 5, 1, 30]
average cummulative reward is:  25.89888
----------------------------------------------end evaluation---------------------------------------------------------
 
[DEBUG 02:44:13] Experiments Stopping Heartbeat
