[DEBUG 11:35:32] git.cmd Popen(['git', 'version'], cwd=/n/home07/haipeng/network-opt-rl, universal_newlines=False, shell=None, istream=None)
[DEBUG 11:35:32] git.cmd Popen(['git', 'version'], cwd=/n/home07/haipeng/network-opt-rl, universal_newlines=False, shell=None, istream=None)
[DEBUG 11:35:32] git.cmd Popen(['git', 'diff', '--cached', '--abbrev=40', '--full-index', '--raw'], cwd=/n/home07/haipeng/network-opt-rl, universal_newlines=False, shell=None, istream=None)
[DEBUG 11:35:32] git.cmd Popen(['git', 'diff', '--abbrev=40', '--full-index', '--raw'], cwd=/n/home07/haipeng/network-opt-rl, universal_newlines=False, shell=None, istream=None)
[DEBUG 11:35:32] git.cmd Popen(['git', 'cat-file', '--batch-check'], cwd=/n/home07/haipeng/network-opt-rl, universal_newlines=False, shell=None, istream=<valid stream>)
[DEBUG 11:35:32] git.cmd Popen(['git', 'diff', '--cached', '--abbrev=40', '--full-index', '--raw'], cwd=/n/home07/haipeng/network-opt-rl, universal_newlines=False, shell=None, istream=None)
[DEBUG 11:35:33] git.cmd Popen(['git', 'diff', '--abbrev=40', '--full-index', '--raw'], cwd=/n/home07/haipeng/network-opt-rl, universal_newlines=False, shell=None, istream=None)
[DEBUG 11:35:33] git.cmd Popen(['git', 'cat-file', '--batch-check'], cwd=/n/home07/haipeng/network-opt-rl, universal_newlines=False, shell=None, istream=<valid stream>)
[DEBUG 11:35:33] git.cmd Popen(['git', 'diff', '--cached', '--abbrev=40', '--full-index', '--raw'], cwd=/n/home07/haipeng/network-opt-rl, universal_newlines=False, shell=None, istream=None)
[DEBUG 11:35:33] git.cmd Popen(['git', 'diff', '--abbrev=40', '--full-index', '--raw'], cwd=/n/home07/haipeng/network-opt-rl, universal_newlines=False, shell=None, istream=None)
[DEBUG 11:35:33] git.cmd Popen(['git', 'cat-file', '--batch-check'], cwd=/n/home07/haipeng/network-opt-rl, universal_newlines=False, shell=None, istream=<valid stream>)
[DEBUG 11:35:33] git.cmd Popen(['git', 'diff', '--cached', '--abbrev=40', '--full-index', '--raw'], cwd=/n/home07/haipeng/network-opt-rl, universal_newlines=False, shell=None, istream=None)
[DEBUG 11:35:33] git.cmd Popen(['git', 'diff', '--abbrev=40', '--full-index', '--raw'], cwd=/n/home07/haipeng/network-opt-rl, universal_newlines=False, shell=None, istream=None)
[DEBUG 11:35:33] git.cmd Popen(['git', 'cat-file', '--batch-check'], cwd=/n/home07/haipeng/network-opt-rl, universal_newlines=False, shell=None, istream=<valid stream>)
main.py:130: YAMLLoadWarning: calling yaml.load() without Loader=... is deprecated, as the default Loader is unsafe. Please read https://msg.pyyaml.org/load for full details.
  config_dict = yaml.load(f)
main.py:52: YAMLLoadWarning: calling yaml.load() without Loader=... is deprecated, as the default Loader is unsafe. Please read https://msg.pyyaml.org/load for full details.
  config_dict = yaml.load(f)
[INFO 11:35:33] root Saving to FileStorageObserver in temp_dir/colge/sacred.
[WARNING 11:35:34] root Changed type of config entry "lr" from str to float
[DEBUG 11:35:34] Experiments Using capture mode "fd"
[INFO 11:35:34] Experiments Running command 'my_main'
[INFO 11:35:34] Experiments Started run with ID "115"
[DEBUG 11:35:34] Experiments Starting Heartbeat
[DEBUG 11:35:34] my_main Started
[DEBUG 11:56:29] my_main Finished after 0:20:56.
[INFO 11:56:29] Experiments Completed after 0:20:56
Loading train graph:  erdos_renyi
train graphs in total:  200
Loading test graph:  erdos_renyi
merged graphs length:  210
----------------------------------------------start evaluation---------------------------------------------------------
graph index:  200
graph: 200, nodes: 100, edges: 514
method is : adaptive_greedy
accumulated reward of episode 0 is: 32.834
invited:  [32, 33, 5, 13, 16, 52]
present:  [32, 33, 5, 13, 16, 52]
accumulated reward of episode 1 is: 19.168
invited:  [33, 98, 89, 5, 24, 99]
present:  [89, 5]
accumulated reward of episode 2 is: 23.629
invited:  [33, 63, 41, 5, 3, 75]
present:  [33, 41, 5]
accumulated reward of episode 3 is: 30.62
invited:  [33, 98, 49, 9, 59, 21]
present:  [33, 98, 9, 59, 21]
accumulated reward of episode 4 is: 27.567
invited:  [33, 44, 97, 49, 41, 2]
present:  [33, 44, 49, 2]
accumulated reward of episode 5 is: 24.599
invited:  [33, 98, 9, 20, 49, 75]
present:  [33, 98, 9]
accumulated reward of episode 6 is: 30.189
invited:  [33, 9, 98, 5, 12, 13]
present:  [33, 9, 5, 12, 13]
accumulated reward of episode 7 is: 23.183
invited:  [33, 5, 89, 3, 59, 75]
present:  [5, 3, 75]
accumulated reward of episode 8 is: 27.356
invited:  [33, 41, 32, 68, 27, 5]
present:  [33, 68, 27, 5]
accumulated reward of episode 9 is: 18.174
invited:  [33, 49, 12, 5, 32, 89]
present:  [12, 89]
accumulated reward of episode 10 is: 30.775
invited:  [32, 33, 99, 5, 98, 30]
present:  [32, 99, 5, 98, 30]
accumulated reward of episode 11 is: 32.602
invited:  [33, 63, 32, 89, 12, 85]
present:  [33, 63, 32, 89, 12, 85]
accumulated reward of episode 12 is: 30.587
invited:  [32, 33, 98, 5, 90, 75]
present:  [32, 98, 5, 90, 75]
accumulated reward of episode 13 is: 33.258
invited:  [33, 98, 49, 68, 32, 1]
present:  [33, 98, 49, 68, 32, 1]
accumulated reward of episode 14 is: 19.397
invited:  [33, 41, 32, 12, 75, 78]
present:  [33, 32]
accumulated reward of episode 15 is: 27.715
invited:  [32, 33, 98, 11, 68, 61]
present:  [32, 33, 98, 68]
accumulated reward of episode 16 is: 22.858
invited:  [32, 33, 89, 5, 12, 61]
present:  [32, 89, 61]
accumulated reward of episode 17 is: 30.381
invited:  [33, 98, 99, 35, 2, 6]
present:  [33, 98, 35, 2, 6]
accumulated reward of episode 18 is: 26.826
invited:  [33, 59, 41, 20, 17, 13]
present:  [33, 59, 17, 13]
accumulated reward of episode 19 is: 27.437
invited:  [32, 33, 81, 20, 98, 85]
present:  [32, 33, 98, 85]
average cummulative reward is:  26.957750000000004
----------------------------------------------end evaluation---------------------------------------------------------
 
[DEBUG 11:56:29] Experiments Stopping Heartbeat
