[DEBUG 11:34:57] git.cmd Popen(['git', 'version'], cwd=/n/home07/haipeng/network-opt-rl, universal_newlines=False, shell=None, istream=None)
[DEBUG 11:34:57] git.cmd Popen(['git', 'version'], cwd=/n/home07/haipeng/network-opt-rl, universal_newlines=False, shell=None, istream=None)
[DEBUG 11:34:57] git.cmd Popen(['git', 'diff', '--cached', '--abbrev=40', '--full-index', '--raw'], cwd=/n/home07/haipeng/network-opt-rl, universal_newlines=False, shell=None, istream=None)
[DEBUG 11:34:57] git.cmd Popen(['git', 'diff', '--abbrev=40', '--full-index', '--raw'], cwd=/n/home07/haipeng/network-opt-rl, universal_newlines=False, shell=None, istream=None)
[DEBUG 11:34:57] git.cmd Popen(['git', 'cat-file', '--batch-check'], cwd=/n/home07/haipeng/network-opt-rl, universal_newlines=False, shell=None, istream=<valid stream>)
[DEBUG 11:34:57] git.cmd Popen(['git', 'diff', '--cached', '--abbrev=40', '--full-index', '--raw'], cwd=/n/home07/haipeng/network-opt-rl, universal_newlines=False, shell=None, istream=None)
[DEBUG 11:34:57] git.cmd Popen(['git', 'diff', '--abbrev=40', '--full-index', '--raw'], cwd=/n/home07/haipeng/network-opt-rl, universal_newlines=False, shell=None, istream=None)
[DEBUG 11:34:57] git.cmd Popen(['git', 'cat-file', '--batch-check'], cwd=/n/home07/haipeng/network-opt-rl, universal_newlines=False, shell=None, istream=<valid stream>)
[DEBUG 11:34:57] git.cmd Popen(['git', 'diff', '--cached', '--abbrev=40', '--full-index', '--raw'], cwd=/n/home07/haipeng/network-opt-rl, universal_newlines=False, shell=None, istream=None)
[DEBUG 11:34:57] git.cmd Popen(['git', 'diff', '--abbrev=40', '--full-index', '--raw'], cwd=/n/home07/haipeng/network-opt-rl, universal_newlines=False, shell=None, istream=None)
[DEBUG 11:34:57] git.cmd Popen(['git', 'cat-file', '--batch-check'], cwd=/n/home07/haipeng/network-opt-rl, universal_newlines=False, shell=None, istream=<valid stream>)
[DEBUG 11:34:57] git.cmd Popen(['git', 'diff', '--cached', '--abbrev=40', '--full-index', '--raw'], cwd=/n/home07/haipeng/network-opt-rl, universal_newlines=False, shell=None, istream=None)
[DEBUG 11:34:58] git.cmd Popen(['git', 'diff', '--abbrev=40', '--full-index', '--raw'], cwd=/n/home07/haipeng/network-opt-rl, universal_newlines=False, shell=None, istream=None)
[DEBUG 11:34:58] git.cmd Popen(['git', 'cat-file', '--batch-check'], cwd=/n/home07/haipeng/network-opt-rl, universal_newlines=False, shell=None, istream=<valid stream>)
main.py:130: YAMLLoadWarning: calling yaml.load() without Loader=... is deprecated, as the default Loader is unsafe. Please read https://msg.pyyaml.org/load for full details.
  config_dict = yaml.load(f)
main.py:52: YAMLLoadWarning: calling yaml.load() without Loader=... is deprecated, as the default Loader is unsafe. Please read https://msg.pyyaml.org/load for full details.
  config_dict = yaml.load(f)
[INFO 11:34:58] root Saving to FileStorageObserver in temp_dir/colge/sacred.
[WARNING 11:34:58] root Changed type of config entry "lr" from str to float
[DEBUG 11:34:58] Experiments Using capture mode "fd"
[INFO 11:34:58] Experiments Running command 'my_main'
[INFO 11:34:58] Experiments Started run with ID "112"
[DEBUG 11:34:58] Experiments Starting Heartbeat
[DEBUG 11:34:58] my_main Started
[DEBUG 11:59:09] my_main Finished after 0:24:11.
[INFO 11:59:09] Experiments Completed after 0:24:11
Loading train graph:  erdos_renyi
train graphs in total:  200
Loading test graph:  erdos_renyi
merged graphs length:  210
----------------------------------------------start evaluation---------------------------------------------------------
graph index:  200
graph: 200, nodes: 100, edges: 514
method is : adaptive_greedy
accumulated reward of episode 0 is: 33.655
invited:  [33, 98, 49, 5, 89, 3]
present:  [33, 98, 49, 5, 89, 3]
accumulated reward of episode 1 is: 32.636
invited:  [33, 49, 41, 52, 44, 53]
present:  [33, 49, 41, 52, 44, 53]
accumulated reward of episode 2 is: 32.6
invited:  [32, 33, 98, 78, 80, 89]
present:  [32, 33, 98, 78, 80, 89]
accumulated reward of episode 3 is: 33.251
invited:  [33, 5, 17, 27, 41, 57]
present:  [33, 5, 17, 27, 41, 57]
accumulated reward of episode 4 is: 34.161
invited:  [33, 5, 24, 59, 41, 17]
present:  [33, 5, 24, 59, 41, 17]
accumulated reward of episode 5 is: 33.858
invited:  [33, 98, 32, 75, 54, 79]
present:  [33, 98, 32, 75, 54, 79]
accumulated reward of episode 6 is: 33.327
invited:  [32, 33, 5, 13, 41, 79]
present:  [32, 33, 5, 13, 41, 79]
accumulated reward of episode 7 is: 33.648
invited:  [33, 98, 49, 30, 9, 3]
present:  [33, 98, 49, 30, 9, 3]
accumulated reward of episode 8 is: 33.131
invited:  [33, 5, 97, 27, 40, 9]
present:  [33, 5, 97, 27, 40, 9]
accumulated reward of episode 9 is: 32.58
invited:  [32, 33, 98, 26, 61, 30]
present:  [32, 33, 98, 26, 61, 30]
accumulated reward of episode 10 is: 33.762
invited:  [33, 30, 98, 44, 9, 5]
present:  [33, 30, 98, 44, 9, 5]
accumulated reward of episode 11 is: 32.969
invited:  [33, 98, 32, 9, 75, 68]
present:  [33, 98, 32, 9, 75, 68]
accumulated reward of episode 12 is: 33.599
invited:  [33, 98, 90, 35, 3, 85]
present:  [33, 98, 90, 35, 3, 85]
accumulated reward of episode 13 is: 33.703
invited:  [33, 98, 9, 49, 11, 68]
present:  [33, 98, 9, 49, 11, 68]
accumulated reward of episode 14 is: 32.972
invited:  [32, 33, 97, 5, 3, 54]
present:  [32, 33, 97, 5, 3, 54]
accumulated reward of episode 15 is: 33.385
invited:  [32, 33, 20, 5, 98, 6]
present:  [32, 33, 20, 5, 98, 6]
accumulated reward of episode 16 is: 33.24
invited:  [33, 9, 24, 41, 73, 12]
present:  [33, 9, 24, 41, 73, 12]
accumulated reward of episode 17 is: 34.074
invited:  [33, 98, 49, 9, 34, 78]
present:  [33, 98, 49, 9, 34, 78]
accumulated reward of episode 18 is: 33.103
invited:  [33, 49, 89, 98, 52, 78]
present:  [33, 49, 89, 98, 52, 78]
accumulated reward of episode 19 is: 33.644
invited:  [33, 98, 32, 2, 58, 30]
present:  [33, 98, 32, 2, 58, 30]
average cummulative reward is:  33.3649
----------------------------------------------end evaluation---------------------------------------------------------
 
[DEBUG 11:59:09] Experiments Stopping Heartbeat
