[DEBUG 21:12:27] git.cmd Popen(['git', 'version'], cwd=/n/home07/haipeng/network-opt-rl, universal_newlines=False, shell=None, istream=None)
[DEBUG 21:12:27] git.cmd Popen(['git', 'version'], cwd=/n/home07/haipeng/network-opt-rl, universal_newlines=False, shell=None, istream=None)
[DEBUG 21:12:28] git.cmd Popen(['git', 'diff', '--cached', '--abbrev=40', '--full-index', '--raw'], cwd=/n/home07/haipeng/network-opt-rl, universal_newlines=False, shell=None, istream=None)
[DEBUG 21:12:28] git.cmd Popen(['git', 'diff', '--abbrev=40', '--full-index', '--raw'], cwd=/n/home07/haipeng/network-opt-rl, universal_newlines=False, shell=None, istream=None)
[DEBUG 21:12:28] git.cmd Popen(['git', 'cat-file', '--batch-check'], cwd=/n/home07/haipeng/network-opt-rl, universal_newlines=False, shell=None, istream=<valid stream>)
[DEBUG 21:12:28] git.cmd Popen(['git', 'diff', '--cached', '--abbrev=40', '--full-index', '--raw'], cwd=/n/home07/haipeng/network-opt-rl, universal_newlines=False, shell=None, istream=None)
[DEBUG 21:12:28] git.cmd Popen(['git', 'diff', '--abbrev=40', '--full-index', '--raw'], cwd=/n/home07/haipeng/network-opt-rl, universal_newlines=False, shell=None, istream=None)
[DEBUG 21:12:28] git.cmd Popen(['git', 'cat-file', '--batch-check'], cwd=/n/home07/haipeng/network-opt-rl, universal_newlines=False, shell=None, istream=<valid stream>)
[DEBUG 21:12:28] git.cmd Popen(['git', 'diff', '--cached', '--abbrev=40', '--full-index', '--raw'], cwd=/n/home07/haipeng/network-opt-rl, universal_newlines=False, shell=None, istream=None)
[DEBUG 21:12:28] git.cmd Popen(['git', 'diff', '--abbrev=40', '--full-index', '--raw'], cwd=/n/home07/haipeng/network-opt-rl, universal_newlines=False, shell=None, istream=None)
[DEBUG 21:12:28] git.cmd Popen(['git', 'cat-file', '--batch-check'], cwd=/n/home07/haipeng/network-opt-rl, universal_newlines=False, shell=None, istream=<valid stream>)
[DEBUG 21:12:28] git.cmd Popen(['git', 'diff', '--cached', '--abbrev=40', '--full-index', '--raw'], cwd=/n/home07/haipeng/network-opt-rl, universal_newlines=False, shell=None, istream=None)
[DEBUG 21:12:28] git.cmd Popen(['git', 'diff', '--abbrev=40', '--full-index', '--raw'], cwd=/n/home07/haipeng/network-opt-rl, universal_newlines=False, shell=None, istream=None)
[DEBUG 21:12:29] git.cmd Popen(['git', 'cat-file', '--batch-check'], cwd=/n/home07/haipeng/network-opt-rl, universal_newlines=False, shell=None, istream=<valid stream>)
main.py:130: YAMLLoadWarning: calling yaml.load() without Loader=... is deprecated, as the default Loader is unsafe. Please read https://msg.pyyaml.org/load for full details.
  config_dict = yaml.load(f)
main.py:52: YAMLLoadWarning: calling yaml.load() without Loader=... is deprecated, as the default Loader is unsafe. Please read https://msg.pyyaml.org/load for full details.
  config_dict = yaml.load(f)
[INFO 21:12:29] root Saving to FileStorageObserver in temp_dir/colge/sacred.
[WARNING 21:12:30] root Changed type of config entry "lr" from str to float
[DEBUG 21:12:30] Experiments Using capture mode "fd"
[INFO 21:12:30] Experiments Running command 'my_main'
[INFO 21:12:30] Experiments Started run with ID "121"
[DEBUG 21:12:30] Experiments Starting Heartbeat
[DEBUG 21:12:30] my_main Started
