[DEBUG 01:54:10] git.cmd Popen(['git', 'version'], cwd=/n/home07/haipeng/network-opt-rl, universal_newlines=False, shell=None, istream=None)
[DEBUG 01:54:10] git.cmd Popen(['git', 'version'], cwd=/n/home07/haipeng/network-opt-rl, universal_newlines=False, shell=None, istream=None)
[DEBUG 01:54:10] git.cmd Popen(['git', 'diff', '--cached', '--abbrev=40', '--full-index', '--raw'], cwd=/n/home07/haipeng/network-opt-rl, universal_newlines=False, shell=None, istream=None)
[DEBUG 01:54:10] git.cmd Popen(['git', 'diff', '--abbrev=40', '--full-index', '--raw'], cwd=/n/home07/haipeng/network-opt-rl, universal_newlines=False, shell=None, istream=None)
[DEBUG 01:54:10] git.cmd Popen(['git', 'cat-file', '--batch-check'], cwd=/n/home07/haipeng/network-opt-rl, universal_newlines=False, shell=None, istream=<valid stream>)
[DEBUG 01:54:10] git.cmd Popen(['git', 'diff', '--cached', '--abbrev=40', '--full-index', '--raw'], cwd=/n/home07/haipeng/network-opt-rl, universal_newlines=False, shell=None, istream=None)
[DEBUG 01:54:10] git.cmd Popen(['git', 'diff', '--abbrev=40', '--full-index', '--raw'], cwd=/n/home07/haipeng/network-opt-rl, universal_newlines=False, shell=None, istream=None)
[DEBUG 01:54:10] git.cmd Popen(['git', 'cat-file', '--batch-check'], cwd=/n/home07/haipeng/network-opt-rl, universal_newlines=False, shell=None, istream=<valid stream>)
[DEBUG 01:54:10] git.cmd Popen(['git', 'diff', '--cached', '--abbrev=40', '--full-index', '--raw'], cwd=/n/home07/haipeng/network-opt-rl, universal_newlines=False, shell=None, istream=None)
[DEBUG 01:54:11] git.cmd Popen(['git', 'diff', '--abbrev=40', '--full-index', '--raw'], cwd=/n/home07/haipeng/network-opt-rl, universal_newlines=False, shell=None, istream=None)
[DEBUG 01:54:11] git.cmd Popen(['git', 'cat-file', '--batch-check'], cwd=/n/home07/haipeng/network-opt-rl, universal_newlines=False, shell=None, istream=<valid stream>)
[DEBUG 01:54:11] git.cmd Popen(['git', 'diff', '--cached', '--abbrev=40', '--full-index', '--raw'], cwd=/n/home07/haipeng/network-opt-rl, universal_newlines=False, shell=None, istream=None)
[DEBUG 01:54:11] git.cmd Popen(['git', 'diff', '--abbrev=40', '--full-index', '--raw'], cwd=/n/home07/haipeng/network-opt-rl, universal_newlines=False, shell=None, istream=None)
[DEBUG 01:54:11] git.cmd Popen(['git', 'cat-file', '--batch-check'], cwd=/n/home07/haipeng/network-opt-rl, universal_newlines=False, shell=None, istream=<valid stream>)
main.py:130: YAMLLoadWarning: calling yaml.load() without Loader=... is deprecated, as the default Loader is unsafe. Please read https://msg.pyyaml.org/load for full details.
  config_dict = yaml.load(f)
main.py:52: YAMLLoadWarning: calling yaml.load() without Loader=... is deprecated, as the default Loader is unsafe. Please read https://msg.pyyaml.org/load for full details.
  config_dict = yaml.load(f)
[INFO 01:54:11] root Saving to FileStorageObserver in temp_dir/colge/sacred.
[DEBUG 01:54:11] Experiments Using capture mode "fd"
[INFO 01:54:11] Experiments Running command 'my_main'
[INFO 01:54:12] Experiments Started run with ID "163"
[DEBUG 01:54:12] Experiments Starting Heartbeat
[DEBUG 01:54:12] my_main Started
[DEBUG 06:37:25] my_main Finished after 4:43:13.
[INFO 06:37:25] Experiments Completed after 4:43:13
Loading train graph:  erdos_renyi
train graphs in total:  200
Loading test graph:  erdos_renyi
merged graphs length:  205
----------------------------------------------start evaluation---------------------------------------------------------
graph index:  200
graph: 200, nodes: 1000, edges: 49877
method is : adaptive_greedy
accumulated reward of episode 0 is: 41.847
invited:  [32, 33, 98, 35, 3, 5, 11, 90, 60, 61, 2, 99, 21, 53, 89, 65, 74, 49, 20, 62]
present:  [3, 90, 60, 2, 99, 89, 65, 74, 49, 62]
accumulated reward of episode 1 is: 49.138
invited:  [33, 98, 73, 44, 90, 64, 43, 49, 17, 85, 6, 72, 52, 53, 62, 97, 67, 12, 19, 54]
present:  [33, 73, 44, 90, 64, 43, 49, 17, 85, 52, 53, 62, 67, 12, 54]
accumulated reward of episode 2 is: 40.592
invited:  [33, 68, 5, 75, 27, 12, 21, 89, 92, 61, 73, 11, 44, 15, 53, 9, 49, 84, 20, 26]
present:  [68, 27, 12, 61, 44, 15, 9, 49, 20, 26]
accumulated reward of episode 3 is: 46.322
invited:  [33, 2, 78, 49, 59, 32, 41, 18, 53, 24, 97, 5, 75, 17, 94, 3, 28, 16, 51, 92]
present:  [33, 41, 18, 24, 97, 5, 75, 94, 3, 28, 16, 51, 92]
accumulated reward of episode 4 is: 46.284
invited:  [33, 98, 5, 78, 89, 6, 9, 17, 59, 29, 39, 40, 75, 49, 83, 64, 66, 36, 80, 55]
present:  [98, 5, 78, 89, 6, 59, 29, 39, 40, 75, 83, 36, 80]
accumulated reward of episode 5 is: 47.434
invited:  [32, 33, 2, 41, 24, 99, 70, 46, 17, 89, 6, 12, 52, 21, 26, 3, 37, 15, 16, 58]
present:  [32, 2, 41, 24, 89, 6, 12, 52, 26, 3, 37, 15, 16, 58]
accumulated reward of episode 6 is: 49.716
invited:  [33, 98, 68, 9, 49, 69, 78, 79, 21, 59, 73, 53, 54, 61, 30, 46, 48, 17, 81, 58]
present:  [33, 98, 68, 78, 21, 59, 73, 53, 54, 61, 30, 46, 48, 17, 58]
accumulated reward of episode 7 is: 44.926
invited:  [33, 2, 35, 37, 44, 3, 59, 11, 12, 27, 64, 9, 80, 84, 63, 40, 72, 53, 24, 28]
present:  [35, 37, 44, 3, 11, 12, 64, 9, 80, 84, 40, 72]
accumulated reward of episode 8 is: 39.488
invited:  [33, 98, 41, 15, 20, 78, 49, 21, 89, 59, 68, 9, 73, 53, 24, 66, 3, 6, 46, 54]
present:  [33, 98, 78, 49, 9, 53, 24, 66, 46]
accumulated reward of episode 9 is: 45.293
invited:  [33, 5, 41, 79, 49, 32, 12, 89, 90, 94, 3, 11, 21, 54, 23, 96, 39, 80, 88, 29]
present:  [41, 32, 12, 90, 94, 3, 11, 54, 23, 39, 80, 88]
graph index:  201
graph: 201, nodes: 1000, edges: 50263
method is : adaptive_greedy
accumulated reward of episode 0 is: 37.962
invited:  [33, 37, 9, 44, 24, 32, 5, 12, 89, 61, 68, 6, 75, 49, 20, 13, 52, 53, 25, 90]
present:  [5, 12, 61, 68, 6, 49, 52, 25]
accumulated reward of episode 1 is: 36.894
invited:  [32, 33, 41, 79, 20, 98, 5, 9, 75, 54, 35, 76, 78, 84, 59, 68, 40, 11, 58, 63]
present:  [79, 98, 75, 54, 35, 76, 84, 63]
accumulated reward of episode 2 is: 36.898
invited:  [32, 33, 98, 2, 20, 3, 36, 5, 72, 89, 9, 75, 44, 48, 49, 97, 70, 41, 21, 24]
present:  [36, 72, 9, 75, 44, 48, 97, 21]
accumulated reward of episode 3 is: 38.922
invited:  [33, 59, 11, 78, 27, 5, 9, 41, 12, 52, 2, 70, 7, 46, 21, 73, 13, 49, 84, 62]
present:  [78, 27, 9, 41, 2, 7, 46, 73, 13]
accumulated reward of episode 4 is: 41.979
invited:  [33, 9, 44, 81, 63, 3, 35, 74, 75, 11, 2, 99, 6, 24, 95, 39, 19, 20, 22, 89]
present:  [63, 3, 35, 74, 2, 95, 39, 19, 20, 22, 89]
accumulated reward of episode 5 is: 46.021
invited:  [32, 33, 98, 5, 20, 41, 75, 79, 54, 30, 2, 69, 13, 52, 53, 71, 82, 24, 57, 95]
present:  [32, 33, 5, 20, 41, 79, 2, 69, 52, 71, 82, 24, 95]
accumulated reward of episode 6 is: 44.849
invited:  [32, 33, 20, 24, 63, 2, 99, 12, 89, 94, 66, 40, 41, 79, 84, 6, 39, 80, 57, 59]
present:  [32, 20, 24, 63, 89, 94, 66, 40, 84, 6, 39, 80]
accumulated reward of episode 7 is: 46.705
invited:  [32, 33, 98, 6, 61, 34, 5, 75, 79, 49, 68, 9, 23, 24, 59, 96, 40, 8, 72, 53]
present:  [33, 98, 6, 75, 79, 49, 23, 24, 59, 96, 40, 8, 53]
accumulated reward of episode 8 is: 46.007
invited:  [33, 98, 68, 9, 19, 75, 44, 84, 61, 94, 66, 67, 4, 78, 24, 40, 11, 79, 48, 49]
present:  [98, 68, 9, 19, 75, 84, 61, 94, 67, 4, 11, 48, 49]
accumulated reward of episode 9 is: 43.151
invited:  [32, 33, 98, 20, 52, 5, 39, 40, 49, 89, 97, 99, 3, 46, 54, 41, 15, 90, 91, 95]
present:  [32, 98, 5, 39, 89, 99, 3, 54, 41, 15, 90]
graph index:  202
graph: 202, nodes: 1000, edges: 50060
method is : adaptive_greedy
accumulated reward of episode 0 is: 47.697
invited:  [33, 98, 35, 46, 20, 3, 6, 44, 24, 89, 72, 27, 14, 23, 59, 64, 65, 66, 79, 95]
present:  [33, 35, 46, 3, 6, 89, 72, 27, 14, 23, 59, 65, 79, 95]
accumulated reward of episode 1 is: 43.712
invited:  [33, 98, 66, 9, 59, 36, 5, 11, 55, 24, 46, 78, 79, 89, 58, 75, 15, 49, 20, 30]
present:  [98, 9, 59, 36, 55, 46, 89, 58, 75, 15, 49, 20]
accumulated reward of episode 2 is: 46.468
invited:  [33, 98, 3, 5, 75, 32, 71, 12, 49, 89, 40, 53, 30, 90, 94, 36, 38, 15, 58, 28]
present:  [5, 32, 49, 40, 53, 30, 90, 94, 36, 38, 15, 58, 28]
accumulated reward of episode 3 is: 46.931
invited:  [33, 98, 2, 49, 51, 66, 68, 7, 9, 20, 41, 79, 84, 23, 58, 64, 65, 99, 70, 29]
present:  [98, 51, 66, 7, 9, 20, 41, 79, 84, 23, 65, 99, 70, 29]
accumulated reward of episode 4 is: 42.942
invited:  [32, 33, 98, 1, 5, 46, 79, 17, 59, 30, 68, 37, 80, 49, 54, 73, 84, 87, 57, 58]
present:  [33, 98, 1, 5, 46, 79, 17, 30, 68, 80, 87]
accumulated reward of episode 5 is: 48.291
invited:  [33, 9, 41, 59, 30, 2, 12, 78, 49, 94, 1, 3, 99, 4, 5, 40, 13, 20, 90, 93]
present:  [9, 41, 59, 30, 2, 49, 94, 3, 99, 4, 5, 40, 20, 90]
accumulated reward of episode 6 is: 41.011
invited:  [33, 98, 2, 9, 75, 35, 79, 19, 53, 91, 72, 73, 41, 20, 54, 68, 25, 26, 61, 63]
present:  [33, 75, 19, 73, 41, 20, 54, 25, 26, 63]
accumulated reward of episode 7 is: 38.847
invited:  [33, 5, 75, 49, 30, 40, 41, 9, 59, 27, 72, 10, 47, 20, 54, 32, 98, 6, 15, 83]
present:  [33, 5, 30, 40, 9, 72, 10, 6, 83]
accumulated reward of episode 8 is: 50.095
invited:  [32, 33, 98, 19, 89, 2, 68, 81, 20, 54, 66, 5, 13, 53, 90, 96, 42, 17, 88, 95]
present:  [32, 33, 68, 81, 20, 54, 66, 5, 13, 53, 90, 96, 42, 17, 88, 95]
accumulated reward of episode 9 is: 39.385
invited:  [33, 98, 35, 59, 30, 32, 69, 5, 89, 94, 41, 46, 49, 90, 61, 2, 70, 81, 60, 95]
present:  [30, 5, 89, 41, 46, 49, 90, 2, 95]
graph index:  203
graph: 203, nodes: 1000, edges: 49986
method is : adaptive_greedy
accumulated reward of episode 0 is: 43.949
invited:  [64, 33, 5, 75, 49, 98, 36, 79, 53, 62, 71, 73, 85, 54, 88, 99, 4, 40, 83, 84]
present:  [5, 75, 49, 98, 79, 53, 62, 85, 88, 40, 84]
accumulated reward of episode 1 is: 41.47
invited:  [33, 98, 9, 49, 20, 2, 73, 41, 75, 59, 38, 7, 40, 27, 60, 32, 67, 12, 85, 29]
present:  [33, 49, 20, 2, 73, 38, 7, 60, 85, 29]
accumulated reward of episode 2 is: 47.851
invited:  [32, 33, 9, 78, 63, 11, 75, 44, 53, 54, 35, 72, 43, 49, 84, 68, 40, 79, 87, 24]
present:  [9, 63, 75, 44, 53, 35, 72, 43, 49, 84, 68, 79, 87, 24]
accumulated reward of episode 3 is: 43.545
invited:  [33, 98, 73, 75, 49, 99, 5, 70, 9, 16, 47, 15, 83, 20, 91, 65, 6, 55, 88, 89]
present:  [98, 49, 99, 5, 9, 16, 15, 83, 20, 6, 88]
accumulated reward of episode 4 is: 49.203
invited:  [33, 98, 3, 9, 49, 64, 99, 73, 24, 28, 2, 6, 40, 80, 82, 41, 52, 23, 55, 31]
present:  [33, 98, 3, 9, 49, 64, 99, 73, 24, 28, 40, 82, 52, 23, 55]
accumulated reward of episode 5 is: 48.644
invited:  [32, 33, 41, 20, 54, 70, 40, 75, 79, 61, 98, 3, 5, 91, 60, 9, 17, 55, 88, 58]
present:  [32, 41, 20, 54, 40, 75, 79, 98, 3, 5, 60, 9, 17, 55, 88]
accumulated reward of episode 6 is: 41.666
invited:  [33, 98, 3, 75, 49, 5, 84, 30, 59, 94, 36, 70, 15, 24, 88, 37, 13, 79, 17, 61]
present:  [75, 49, 5, 84, 59, 94, 88, 37, 79, 61]
accumulated reward of episode 7 is: 49.911
invited:  [33, 98, 35, 3, 89, 99, 5, 47, 16, 81, 36, 9, 12, 22, 28, 46, 83, 84, 53, 56]
present:  [98, 35, 89, 5, 47, 16, 36, 9, 12, 22, 28, 46, 83, 84, 53, 56]
accumulated reward of episode 8 is: 39.244
invited:  [32, 33, 98, 75, 54, 41, 9, 79, 20, 30, 35, 13, 78, 49, 62, 64, 17, 81, 51, 53]
present:  [33, 75, 79, 35, 13, 78, 64, 17, 81]
accumulated reward of episode 9 is: 42.964
invited:  [32, 33, 41, 13, 20, 99, 5, 49, 90, 95, 43, 12, 76, 88, 29, 65, 68, 80, 54, 30]
present:  [32, 41, 20, 49, 90, 43, 76, 65, 68, 80, 54]
graph index:  204
graph: 204, nodes: 1000, edges: 49971
method is : adaptive_greedy
accumulated reward of episode 0 is: 39.757
invited:  [33, 98, 35, 75, 30, 5, 9, 13, 49, 53, 66, 73, 41, 25, 95, 68, 46, 79, 81, 20]
present:  [33, 75, 9, 13, 49, 53, 66, 95, 81]
accumulated reward of episode 1 is: 43.708
invited:  [33, 98, 9, 11, 49, 2, 68, 6, 20, 59, 1, 5, 16, 51, 54, 75, 13, 45, 15, 53]
present:  [33, 98, 9, 49, 6, 59, 5, 16, 51, 75, 53]
accumulated reward of episode 2 is: 43.109
invited:  [32, 33, 9, 16, 63, 2, 98, 75, 19, 20, 38, 6, 15, 22, 30, 65, 68, 42, 51, 54]
present:  [32, 33, 98, 75, 20, 38, 6, 22, 30, 42, 54]
accumulated reward of episode 3 is: 43.172
invited:  [33, 98, 34, 5, 75, 9, 11, 12, 79, 49, 6, 44, 17, 94, 63, 73, 78, 80, 55, 24]
present:  [75, 9, 12, 6, 44, 17, 94, 63, 73, 78, 80]
accumulated reward of episode 4 is: 47.46
invited:  [33, 98, 9, 12, 59, 64, 6, 49, 20, 54, 2, 14, 24, 93, 62, 41, 75, 11, 56, 26]
present:  [33, 9, 59, 64, 49, 20, 54, 2, 24, 93, 62, 41, 75, 56]
accumulated reward of episode 5 is: 44.06
invited:  [33, 98, 35, 9, 44, 2, 99, 81, 52, 59, 27, 19, 20, 58, 91, 72, 40, 79, 21, 28]
present:  [33, 98, 35, 9, 99, 52, 27, 19, 91, 72, 40, 79]
accumulated reward of episode 6 is: 44.637
invited:  [33, 98, 35, 20, 59, 32, 41, 13, 79, 30, 71, 46, 48, 84, 92, 65, 2, 40, 75, 44]
present:  [33, 20, 32, 41, 79, 30, 71, 92, 65, 40, 75, 44]
accumulated reward of episode 7 is: 43.199
invited:  [33, 98, 37, 49, 89, 3, 5, 80, 90, 30, 35, 78, 84, 53, 58, 65, 99, 74, 79, 59]
present:  [98, 37, 89, 90, 35, 78, 84, 58, 99, 74, 79]
accumulated reward of episode 8 is: 40.474
invited:  [32, 33, 98, 3, 30, 5, 74, 89, 58, 95, 41, 11, 75, 24, 94, 2, 4, 17, 54, 59]
present:  [32, 3, 30, 5, 95, 41, 94, 4, 17, 54]
accumulated reward of episode 9 is: 46.055
invited:  [33, 98, 99, 3, 59, 66, 2, 4, 69, 9, 68, 71, 78, 62, 63, 1, 73, 42, 46, 89]
present:  [33, 98, 3, 59, 66, 69, 68, 71, 78, 63, 1, 73, 89]
average cummulative reward is:  43.997699999999995
----------------------------------------------end evaluation---------------------------------------------------------
 
[DEBUG 06:37:25] Experiments Stopping Heartbeat
