[DEBUG 01:43:27] git.cmd Popen(['git', 'version'], cwd=/n/home07/haipeng/network-opt-rl, universal_newlines=False, shell=None, istream=None)
[DEBUG 01:43:27] git.cmd Popen(['git', 'version'], cwd=/n/home07/haipeng/network-opt-rl, universal_newlines=False, shell=None, istream=None)
[DEBUG 01:43:27] git.cmd Popen(['git', 'diff', '--cached', '--abbrev=40', '--full-index', '--raw'], cwd=/n/home07/haipeng/network-opt-rl, universal_newlines=False, shell=None, istream=None)
[DEBUG 01:43:27] git.cmd Popen(['git', 'diff', '--abbrev=40', '--full-index', '--raw'], cwd=/n/home07/haipeng/network-opt-rl, universal_newlines=False, shell=None, istream=None)
[DEBUG 01:43:27] git.cmd Popen(['git', 'cat-file', '--batch-check'], cwd=/n/home07/haipeng/network-opt-rl, universal_newlines=False, shell=None, istream=<valid stream>)
[DEBUG 01:43:27] git.cmd Popen(['git', 'diff', '--cached', '--abbrev=40', '--full-index', '--raw'], cwd=/n/home07/haipeng/network-opt-rl, universal_newlines=False, shell=None, istream=None)
[DEBUG 01:43:27] git.cmd Popen(['git', 'diff', '--abbrev=40', '--full-index', '--raw'], cwd=/n/home07/haipeng/network-opt-rl, universal_newlines=False, shell=None, istream=None)
[DEBUG 01:43:27] git.cmd Popen(['git', 'cat-file', '--batch-check'], cwd=/n/home07/haipeng/network-opt-rl, universal_newlines=False, shell=None, istream=<valid stream>)
[DEBUG 01:43:27] git.cmd Popen(['git', 'diff', '--cached', '--abbrev=40', '--full-index', '--raw'], cwd=/n/home07/haipeng/network-opt-rl, universal_newlines=False, shell=None, istream=None)
[DEBUG 01:43:27] git.cmd Popen(['git', 'diff', '--abbrev=40', '--full-index', '--raw'], cwd=/n/home07/haipeng/network-opt-rl, universal_newlines=False, shell=None, istream=None)
[DEBUG 01:43:28] git.cmd Popen(['git', 'cat-file', '--batch-check'], cwd=/n/home07/haipeng/network-opt-rl, universal_newlines=False, shell=None, istream=<valid stream>)
[DEBUG 01:43:28] git.cmd Popen(['git', 'diff', '--cached', '--abbrev=40', '--full-index', '--raw'], cwd=/n/home07/haipeng/network-opt-rl, universal_newlines=False, shell=None, istream=None)
[DEBUG 01:43:28] git.cmd Popen(['git', 'diff', '--abbrev=40', '--full-index', '--raw'], cwd=/n/home07/haipeng/network-opt-rl, universal_newlines=False, shell=None, istream=None)
[DEBUG 01:43:28] git.cmd Popen(['git', 'cat-file', '--batch-check'], cwd=/n/home07/haipeng/network-opt-rl, universal_newlines=False, shell=None, istream=<valid stream>)
main.py:130: YAMLLoadWarning: calling yaml.load() without Loader=... is deprecated, as the default Loader is unsafe. Please read https://msg.pyyaml.org/load for full details.
  config_dict = yaml.load(f)
main.py:52: YAMLLoadWarning: calling yaml.load() without Loader=... is deprecated, as the default Loader is unsafe. Please read https://msg.pyyaml.org/load for full details.
  config_dict = yaml.load(f)
[INFO 01:43:28] root Saving to FileStorageObserver in temp_dir/colge/sacred.
[DEBUG 01:43:28] Experiments Using capture mode "fd"
[INFO 01:43:28] Experiments Running command 'my_main'
[INFO 01:43:28] Experiments Started run with ID "158"
[DEBUG 01:43:28] Experiments Starting Heartbeat
[DEBUG 01:43:28] my_main Started
[DEBUG 02:39:46] my_main Finished after 0:56:17.
[INFO 02:39:46] Experiments Completed after 0:56:17
Loading train graph:  erdos_renyi
train graphs in total:  200
Loading test graph:  erdos_renyi
merged graphs length:  205
----------------------------------------------start evaluation---------------------------------------------------------
graph index:  200
graph: 200, nodes: 100, edges: 514
method is : adaptive_greedy
accumulated reward of episode 0 is: 30.741
invited:  [33, 98, 89, 5, 32, 12]
present:  [98, 89, 5, 32, 12]
accumulated reward of episode 1 is: 27.085
invited:  [33, 44, 12, 5, 9, 3]
present:  [44, 5, 9, 3]
accumulated reward of episode 2 is: 26.815
invited:  [32, 33, 89, 5, 3, 12]
present:  [32, 89, 5, 3]
accumulated reward of episode 3 is: 33.367
invited:  [33, 98, 17, 5, 24, 59]
present:  [33, 98, 17, 5, 24, 59]
accumulated reward of episode 4 is: 33.674
invited:  [33, 5, 32, 98, 20, 38]
present:  [33, 5, 32, 98, 20, 38]
accumulated reward of episode 5 is: 23.713
invited:  [33, 98, 9, 11, 97, 12]
present:  [33, 9, 12]
accumulated reward of episode 6 is: 29.703
invited:  [32, 33, 75, 63, 88, 5]
present:  [32, 33, 63, 88, 5]
accumulated reward of episode 7 is: 33.062
invited:  [33, 41, 57, 5, 24, 20]
present:  [33, 41, 57, 5, 24, 20]
accumulated reward of episode 8 is: 30.877
invited:  [33, 49, 98, 75, 68, 6]
present:  [33, 49, 98, 68, 6]
accumulated reward of episode 9 is: 33.594
invited:  [33, 35, 98, 2, 9, 3]
present:  [33, 35, 98, 2, 9, 3]
graph index:  201
graph: 201, nodes: 100, edges: 514
method is : adaptive_greedy
accumulated reward of episode 0 is: 31.633
invited:  [32, 33, 98, 11, 17, 2]
present:  [32, 33, 98, 11, 2]
accumulated reward of episode 1 is: 27.835
invited:  [32, 33, 98, 20, 41, 5]
present:  [32, 33, 20, 5]
accumulated reward of episode 2 is: 33.653
invited:  [89, 33, 98, 78, 32, 92]
present:  [89, 33, 98, 78, 32, 92]
accumulated reward of episode 3 is: 24.947
invited:  [33, 98, 32, 6, 96, 68]
present:  [33, 98, 32]
accumulated reward of episode 4 is: 30.537
invited:  [33, 98, 59, 5, 90, 20]
present:  [33, 98, 5, 90, 20]
accumulated reward of episode 5 is: 22.666
invited:  [24, 33, 99, 5, 32, 89]
present:  [24, 99, 32]
accumulated reward of episode 6 is: 30.698
invited:  [33, 44, 24, 5, 49, 41]
present:  [33, 44, 24, 49, 41]
accumulated reward of episode 7 is: 30.158
invited:  [32, 33, 9, 63, 75, 78]
present:  [33, 9, 63, 75, 78]
accumulated reward of episode 8 is: 33.315
invited:  [33, 98, 49, 59, 89, 61]
present:  [33, 98, 49, 59, 89, 61]
accumulated reward of episode 9 is: 27.7
invited:  [33, 75, 98, 35, 89, 5]
present:  [33, 98, 89, 5]
graph index:  202
graph: 202, nodes: 100, edges: 481
method is : adaptive_greedy
accumulated reward of episode 0 is: 33.308
invited:  [33, 49, 89, 41, 13, 95]
present:  [33, 49, 89, 41, 13, 95]
accumulated reward of episode 1 is: 26.604
invited:  [33, 98, 9, 78, 76, 53]
present:  [33, 98, 9, 76]
accumulated reward of episode 2 is: 27.398
invited:  [33, 98, 35, 59, 41, 30]
present:  [33, 35, 59, 30]
accumulated reward of episode 3 is: 30.388
invited:  [33, 5, 32, 98, 75, 30]
present:  [33, 5, 32, 75, 30]
accumulated reward of episode 4 is: 30.437
invited:  [33, 9, 75, 78, 66, 94]
present:  [33, 9, 75, 78, 66]
accumulated reward of episode 5 is: 23.105
invited:  [33, 44, 98, 35, 68, 79]
present:  [33, 35, 79]
accumulated reward of episode 6 is: 33.818
invited:  [33, 41, 24, 9, 92, 78]
present:  [33, 41, 24, 9, 92, 78]
accumulated reward of episode 7 is: 31.564
invited:  [33, 9, 41, 59, 98, 11]
present:  [33, 9, 59, 98, 11]
accumulated reward of episode 8 is: 27.944
invited:  [33, 20, 81, 98, 9, 60]
present:  [33, 20, 9, 60]
accumulated reward of episode 9 is: 33.284
invited:  [32, 33, 17, 5, 24, 79]
present:  [32, 33, 17, 5, 24, 79]
graph index:  203
graph: 203, nodes: 100, edges: 479
method is : adaptive_greedy
accumulated reward of episode 0 is: 30.572
invited:  [32, 33, 98, 3, 68, 38]
present:  [32, 33, 98, 3, 38]
accumulated reward of episode 1 is: 29.278
invited:  [33, 98, 24, 41, 88, 78]
present:  [33, 24, 41, 88, 78]
accumulated reward of episode 2 is: 27.618
invited:  [33, 98, 9, 97, 49, 6]
present:  [33, 98, 9, 6]
accumulated reward of episode 3 is: 30.764
invited:  [33, 98, 35, 59, 2, 85]
present:  [33, 98, 35, 59, 85]
accumulated reward of episode 4 is: 17.518
invited:  [33, 98, 89, 2, 32, 99]
present:  [98, 32]
accumulated reward of episode 5 is: 26.376
invited:  [32, 33, 41, 12, 53, 5]
present:  [32, 12, 53, 5]
accumulated reward of episode 6 is: 27.312
invited:  [33, 75, 32, 5, 61, 94]
present:  [75, 32, 5, 61]
accumulated reward of episode 7 is: 27.839
invited:  [32, 33, 2, 20, 3, 63]
present:  [32, 33, 20, 63]
accumulated reward of episode 8 is: 30.857
invited:  [32, 33, 75, 5, 99, 20]
present:  [32, 33, 5, 99, 20]
accumulated reward of episode 9 is: 31.491
invited:  [33, 98, 75, 35, 73, 49]
present:  [33, 98, 75, 73, 49]
graph index:  204
graph: 204, nodes: 100, edges: 511
method is : adaptive_greedy
accumulated reward of episode 0 is: 33.395
invited:  [33, 35, 49, 75, 3, 11]
present:  [33, 35, 49, 75, 3, 11]
accumulated reward of episode 1 is: 33.217
invited:  [33, 59, 78, 6, 8, 49]
present:  [33, 59, 78, 6, 8, 49]
accumulated reward of episode 2 is: 27.952
invited:  [32, 33, 17, 30, 98, 2]
present:  [32, 33, 98, 2]
accumulated reward of episode 3 is: 30.434
invited:  [32, 33, 35, 63, 78, 30]
present:  [33, 35, 63, 78, 30]
accumulated reward of episode 4 is: 28.061
invited:  [24, 33, 32, 63, 75, 35]
present:  [33, 63, 75, 35]
accumulated reward of episode 5 is: 33.815
invited:  [33, 98, 9, 2, 68, 46]
present:  [33, 98, 9, 2, 68, 46]
accumulated reward of episode 6 is: 30.897
invited:  [33, 41, 24, 75, 59, 44]
present:  [33, 41, 75, 59, 44]
accumulated reward of episode 7 is: 33.911
invited:  [33, 41, 44, 54, 9, 46]
present:  [33, 41, 44, 54, 9, 46]
accumulated reward of episode 8 is: 22.08
invited:  [32, 33, 36, 5, 98, 75]
present:  [32, 36, 5]
accumulated reward of episode 9 is: 31.055
invited:  [32, 33, 9, 5, 75, 20]
present:  [33, 9, 5, 75, 20]
average cummulative reward is:  29.561300000000003
----------------------------------------------end evaluation---------------------------------------------------------
 
[DEBUG 02:39:46] Experiments Stopping Heartbeat
