[DEBUG 02:36:04] git.cmd Popen(['git', 'version'], cwd=/n/home07/haipeng/network-opt-rl, universal_newlines=False, shell=None, istream=None)
[DEBUG 02:36:04] git.cmd Popen(['git', 'version'], cwd=/n/home07/haipeng/network-opt-rl, universal_newlines=False, shell=None, istream=None)
[DEBUG 02:36:04] git.cmd Popen(['git', 'diff', '--cached', '--abbrev=40', '--full-index', '--raw'], cwd=/n/home07/haipeng/network-opt-rl, universal_newlines=False, shell=None, istream=None)
[DEBUG 02:36:04] git.cmd Popen(['git', 'diff', '--abbrev=40', '--full-index', '--raw'], cwd=/n/home07/haipeng/network-opt-rl, universal_newlines=False, shell=None, istream=None)
[DEBUG 02:36:04] git.cmd Popen(['git', 'cat-file', '--batch-check'], cwd=/n/home07/haipeng/network-opt-rl, universal_newlines=False, shell=None, istream=<valid stream>)
[DEBUG 02:36:04] git.cmd Popen(['git', 'diff', '--cached', '--abbrev=40', '--full-index', '--raw'], cwd=/n/home07/haipeng/network-opt-rl, universal_newlines=False, shell=None, istream=None)
[DEBUG 02:36:04] git.cmd Popen(['git', 'diff', '--abbrev=40', '--full-index', '--raw'], cwd=/n/home07/haipeng/network-opt-rl, universal_newlines=False, shell=None, istream=None)
[DEBUG 02:36:05] git.cmd Popen(['git', 'cat-file', '--batch-check'], cwd=/n/home07/haipeng/network-opt-rl, universal_newlines=False, shell=None, istream=<valid stream>)
[DEBUG 02:36:05] git.cmd Popen(['git', 'diff', '--cached', '--abbrev=40', '--full-index', '--raw'], cwd=/n/home07/haipeng/network-opt-rl, universal_newlines=False, shell=None, istream=None)
[DEBUG 02:36:05] git.cmd Popen(['git', 'diff', '--abbrev=40', '--full-index', '--raw'], cwd=/n/home07/haipeng/network-opt-rl, universal_newlines=False, shell=None, istream=None)
[DEBUG 02:36:05] git.cmd Popen(['git', 'cat-file', '--batch-check'], cwd=/n/home07/haipeng/network-opt-rl, universal_newlines=False, shell=None, istream=<valid stream>)
[DEBUG 02:36:05] git.cmd Popen(['git', 'diff', '--cached', '--abbrev=40', '--full-index', '--raw'], cwd=/n/home07/haipeng/network-opt-rl, universal_newlines=False, shell=None, istream=None)
[DEBUG 02:36:05] git.cmd Popen(['git', 'diff', '--abbrev=40', '--full-index', '--raw'], cwd=/n/home07/haipeng/network-opt-rl, universal_newlines=False, shell=None, istream=None)
[DEBUG 02:36:05] git.cmd Popen(['git', 'cat-file', '--batch-check'], cwd=/n/home07/haipeng/network-opt-rl, universal_newlines=False, shell=None, istream=<valid stream>)
main.py:130: YAMLLoadWarning: calling yaml.load() without Loader=... is deprecated, as the default Loader is unsafe. Please read https://msg.pyyaml.org/load for full details.
  config_dict = yaml.load(f)
main.py:52: YAMLLoadWarning: calling yaml.load() without Loader=... is deprecated, as the default Loader is unsafe. Please read https://msg.pyyaml.org/load for full details.
  config_dict = yaml.load(f)
[INFO 02:36:06] root Saving to FileStorageObserver in temp_dir/colge/sacred.
[DEBUG 02:36:06] Experiments Using capture mode "fd"
[INFO 02:36:06] Experiments Running command 'my_main'
[INFO 02:36:06] Experiments Started run with ID "165"
[DEBUG 02:36:06] Experiments Starting Heartbeat
[DEBUG 02:36:06] my_main Started
[DEBUG 03:21:57] my_main Finished after 0:45:51.
[INFO 03:21:57] Experiments Completed after 0:45:51
Loading train graph:  erdos_renyi
train graphs in total:  200
Loading test graph:  erdos_renyi
merged graphs length:  205
----------------------------------------------start evaluation---------------------------------------------------------
graph index:  200
graph: 200, nodes: 100, edges: 514
method is : adaptive_greedy
accumulated reward of episode 0 is: 17.783
invited:  [33, 9, 12, 5, 89, 49]
present:  [5, 49]
accumulated reward of episode 1 is: 23.476
invited:  [33, 75, 98, 92, 2, 20]
present:  [33, 75, 92]
accumulated reward of episode 2 is: 17.895
invited:  [33, 44, 98, 2, 97, 49]
present:  [33, 2]
accumulated reward of episode 3 is: 23.433
invited:  [33, 98, 32, 5, 75, 20]
present:  [98, 5, 20]
accumulated reward of episode 4 is: 22.691
invited:  [33, 98, 89, 5, 9, 27]
present:  [5, 9, 27]
accumulated reward of episode 5 is: 24.153
invited:  [33, 35, 32, 41, 44, 5]
present:  [33, 41, 44]
accumulated reward of episode 6 is: 18.188
invited:  [33, 35, 32, 66, 59, 54]
present:  [33, 59]
accumulated reward of episode 7 is: 17.856
invited:  [33, 98, 9, 11, 32, 99]
present:  [11, 99]
accumulated reward of episode 8 is: 10.852
invited:  [33, 41, 89, 5, 99, 11]
present:  [99]
accumulated reward of episode 9 is: 19.243
invited:  [32, 33, 41, 59, 72, 49]
present:  [33, 41]
graph index:  201
graph: 201, nodes: 100, edges: 514
method is : adaptive_greedy
accumulated reward of episode 0 is: 23.82
invited:  [33, 98, 9, 5, 49, 12]
present:  [9, 5, 12]
accumulated reward of episode 1 is: 11.335
invited:  [33, 98, 89, 5, 32, 12]
present:  [32]
accumulated reward of episode 2 is: 23.753
invited:  [32, 33, 89, 5, 98, 30]
present:  [89, 5, 30]
accumulated reward of episode 3 is: 30.896
invited:  [32, 33, 98, 3, 49, 69]
present:  [32, 33, 98, 3, 69]
accumulated reward of episode 4 is: 17.576
invited:  [33, 98, 9, 5, 75, 11]
present:  [98, 9]
accumulated reward of episode 5 is: 18.463
invited:  [32, 33, 98, 35, 27, 11]
present:  [33, 27]
accumulated reward of episode 6 is: 23.498
invited:  [33, 44, 9, 98, 6, 15]
present:  [33, 98, 15]
accumulated reward of episode 7 is: 19.026
invited:  [33, 68, 41, 61, 73, 27]
present:  [33, 41]
accumulated reward of episode 8 is: 28.178
invited:  [32, 33, 98, 5, 88, 75]
present:  [32, 33, 98, 5]
accumulated reward of episode 9 is: 23.653
invited:  [33, 49, 32, 5, 41, 92]
present:  [33, 32, 92]
graph index:  202
graph: 202, nodes: 100, edges: 481
method is : adaptive_greedy
accumulated reward of episode 0 is: 0.0
invited:  [32, 33, 98, 5, 89, 60]
present:  []
accumulated reward of episode 1 is: 19.1
invited:  [32, 33, 98, 44, 24, 5]
present:  [33, 44]
accumulated reward of episode 2 is: 22.978
invited:  [33, 44, 9, 5, 64, 12]
present:  [44, 9, 12]
accumulated reward of episode 3 is: 18.975
invited:  [32, 33, 98, 6, 75, 30]
present:  [32, 33]
accumulated reward of episode 4 is: 19.54
invited:  [32, 33, 2, 44, 9, 98]
present:  [33, 9]
accumulated reward of episode 5 is: 19.691
invited:  [33, 44, 2, 30, 9, 3]
present:  [33, 44]
accumulated reward of episode 6 is: 22.841
invited:  [33, 59, 9, 98, 35, 53]
present:  [33, 35, 53]
accumulated reward of episode 7 is: 24.476
invited:  [33, 44, 9, 98, 41, 5]
present:  [33, 9, 41]
accumulated reward of episode 8 is: 23.274
invited:  [33, 5, 89, 99, 98, 11]
present:  [99, 98, 11]
accumulated reward of episode 9 is: 20.047
invited:  [32, 33, 27, 78, 41, 9]
present:  [33, 9]
graph index:  203
graph: 203, nodes: 100, edges: 479
method is : adaptive_greedy
accumulated reward of episode 0 is: 18.728
invited:  [33, 49, 98, 5, 32, 24]
present:  [33, 5]
accumulated reward of episode 1 is: 23.275
invited:  [33, 44, 49, 59, 2, 13]
present:  [33, 49, 13]
accumulated reward of episode 2 is: 24.12
invited:  [33, 9, 98, 59, 72, 5]
present:  [33, 59, 72]
accumulated reward of episode 3 is: 11.354
invited:  [33, 41, 12, 5, 89, 59]
present:  [12]
accumulated reward of episode 4 is: 27.847
invited:  [33, 49, 59, 78, 9, 30]
present:  [33, 49, 78, 9]
accumulated reward of episode 5 is: 18.822
invited:  [32, 33, 99, 5, 9, 98]
present:  [99, 5]
accumulated reward of episode 6 is: 24.487
invited:  [32, 33, 41, 12, 88, 98]
present:  [32, 33, 98]
accumulated reward of episode 7 is: 27.8
invited:  [33, 49, 24, 44, 41, 2]
present:  [33, 49, 24, 2]
accumulated reward of episode 8 is: 17.592
invited:  [89, 33, 12, 5, 32, 23]
present:  [12, 23]
accumulated reward of episode 9 is: 20.359
invited:  [33, 44, 32, 98, 9, 85]
present:  [33, 98]
graph index:  204
graph: 204, nodes: 100, edges: 511
method is : adaptive_greedy
accumulated reward of episode 0 is: 23.93
invited:  [33, 35, 9, 78, 24, 41]
present:  [33, 78, 24]
accumulated reward of episode 1 is: 23.406
invited:  [33, 41, 9, 27, 3, 61]
present:  [33, 41, 27]
accumulated reward of episode 2 is: 10.702
invited:  [33, 9, 99, 11, 75, 5]
present:  [11]
accumulated reward of episode 3 is: 17.821
invited:  [33, 98, 59, 12, 32, 89]
present:  [32, 89]
accumulated reward of episode 4 is: 18.203
invited:  [33, 9, 49, 98, 12, 5]
present:  [9, 5]
accumulated reward of episode 5 is: 10.292
invited:  [33, 98, 89, 5, 11, 75]
present:  [75]
accumulated reward of episode 6 is: 10.497
invited:  [32, 33, 75, 5, 89, 41]
present:  [32]
accumulated reward of episode 7 is: 11.661
invited:  [32, 33, 89, 98, 12, 5]
present:  [5]
accumulated reward of episode 8 is: 24.182
invited:  [33, 5, 32, 9, 75, 53]
present:  [33, 5, 32]
accumulated reward of episode 9 is: 31.262
invited:  [33, 9, 98, 5, 49, 21]
present:  [33, 9, 98, 49, 21]
average cummulative reward is:  20.0606
----------------------------------------------end evaluation---------------------------------------------------------
 
[DEBUG 03:21:57] Experiments Stopping Heartbeat
