[DEBUG 01:54:33] git.cmd Popen(['git', 'version'], cwd=/n/home07/haipeng/network-opt-rl, universal_newlines=False, shell=None, istream=None)
[DEBUG 01:54:33] git.cmd Popen(['git', 'version'], cwd=/n/home07/haipeng/network-opt-rl, universal_newlines=False, shell=None, istream=None)
[DEBUG 01:54:33] git.cmd Popen(['git', 'diff', '--cached', '--abbrev=40', '--full-index', '--raw'], cwd=/n/home07/haipeng/network-opt-rl, universal_newlines=False, shell=None, istream=None)
[DEBUG 01:54:33] git.cmd Popen(['git', 'diff', '--abbrev=40', '--full-index', '--raw'], cwd=/n/home07/haipeng/network-opt-rl, universal_newlines=False, shell=None, istream=None)
[DEBUG 01:54:33] git.cmd Popen(['git', 'cat-file', '--batch-check'], cwd=/n/home07/haipeng/network-opt-rl, universal_newlines=False, shell=None, istream=<valid stream>)
[DEBUG 01:54:33] git.cmd Popen(['git', 'diff', '--cached', '--abbrev=40', '--full-index', '--raw'], cwd=/n/home07/haipeng/network-opt-rl, universal_newlines=False, shell=None, istream=None)
[DEBUG 01:54:33] git.cmd Popen(['git', 'diff', '--abbrev=40', '--full-index', '--raw'], cwd=/n/home07/haipeng/network-opt-rl, universal_newlines=False, shell=None, istream=None)
[DEBUG 01:54:33] git.cmd Popen(['git', 'cat-file', '--batch-check'], cwd=/n/home07/haipeng/network-opt-rl, universal_newlines=False, shell=None, istream=<valid stream>)
[DEBUG 01:54:33] git.cmd Popen(['git', 'diff', '--cached', '--abbrev=40', '--full-index', '--raw'], cwd=/n/home07/haipeng/network-opt-rl, universal_newlines=False, shell=None, istream=None)
[DEBUG 01:54:33] git.cmd Popen(['git', 'diff', '--abbrev=40', '--full-index', '--raw'], cwd=/n/home07/haipeng/network-opt-rl, universal_newlines=False, shell=None, istream=None)
[DEBUG 01:54:33] git.cmd Popen(['git', 'cat-file', '--batch-check'], cwd=/n/home07/haipeng/network-opt-rl, universal_newlines=False, shell=None, istream=<valid stream>)
[DEBUG 01:54:33] git.cmd Popen(['git', 'diff', '--cached', '--abbrev=40', '--full-index', '--raw'], cwd=/n/home07/haipeng/network-opt-rl, universal_newlines=False, shell=None, istream=None)
[DEBUG 01:54:33] git.cmd Popen(['git', 'diff', '--abbrev=40', '--full-index', '--raw'], cwd=/n/home07/haipeng/network-opt-rl, universal_newlines=False, shell=None, istream=None)
[DEBUG 01:54:34] git.cmd Popen(['git', 'cat-file', '--batch-check'], cwd=/n/home07/haipeng/network-opt-rl, universal_newlines=False, shell=None, istream=<valid stream>)
main.py:130: YAMLLoadWarning: calling yaml.load() without Loader=... is deprecated, as the default Loader is unsafe. Please read https://msg.pyyaml.org/load for full details.
  config_dict = yaml.load(f)
main.py:52: YAMLLoadWarning: calling yaml.load() without Loader=... is deprecated, as the default Loader is unsafe. Please read https://msg.pyyaml.org/load for full details.
  config_dict = yaml.load(f)
[INFO 01:54:34] root Saving to FileStorageObserver in temp_dir/colge/sacred.
[DEBUG 01:54:34] Experiments Using capture mode "fd"
[INFO 01:54:34] Experiments Running command 'my_main'
[INFO 01:54:34] Experiments Started run with ID "164"
[DEBUG 01:54:34] Experiments Starting Heartbeat
[DEBUG 01:54:34] my_main Started
[DEBUG 04:10:39] my_main Finished after 2:16:04.
[INFO 04:10:39] Experiments Completed after 2:16:05
Loading train graph:  erdos_renyi
train graphs in total:  200
Loading test graph:  erdos_renyi
merged graphs length:  205
----------------------------------------------start evaluation---------------------------------------------------------
graph index:  200
graph: 200, nodes: 1000, edges: 49877
method is : lazy_adaptive_greedy
accumulated reward of episode 0 is: 41.188
invited:  [32, 33, 98, 3, 7, 68, 5, 9, 16, 49, 6, 24, 89, 90, 62, 42, 43, 12, 80, 59]
present:  [98, 7, 68, 5, 16, 49, 6, 62, 42, 59]
accumulated reward of episode 1 is: 50.186
invited:  [33, 5, 41, 89, 27, 98, 3, 34, 17, 87, 12, 13, 79, 84, 52, 37, 72, 11, 46, 29]
present:  [33, 5, 41, 89, 27, 34, 17, 87, 12, 13, 79, 84, 52, 11, 46, 29]
accumulated reward of episode 2 is: 32.939
invited:  [33, 66, 17, 19, 24, 32, 98, 3, 36, 89, 99, 5, 9, 44, 27, 7, 41, 11, 80, 53]
present:  [33, 66, 3, 5, 44, 41]
accumulated reward of episode 3 is: 42.747
invited:  [33, 66, 35, 20, 27, 98, 99, 5, 90, 59, 9, 11, 12, 23, 88, 68, 21, 89, 26, 28]
present:  [35, 20, 98, 9, 11, 23, 88, 21, 89, 26, 28]
accumulated reward of episode 4 is: 45.809
invited:  [33, 98, 9, 75, 49, 3, 36, 5, 73, 61, 2, 11, 12, 85, 53, 1, 71, 51, 89, 58]
present:  [98, 75, 49, 3, 36, 73, 2, 11, 12, 85, 53, 1, 89]
accumulated reward of episode 5 is: 48.156
invited:  [33, 98, 75, 49, 53, 5, 73, 12, 16, 61, 68, 6, 77, 56, 89, 71, 40, 11, 78, 82]
present:  [98, 49, 53, 73, 12, 61, 68, 6, 77, 56, 40, 11, 78, 82]
accumulated reward of episode 6 is: 39.052
invited:  [33, 5, 41, 49, 20, 98, 3, 89, 91, 30, 72, 9, 75, 11, 19, 32, 21, 53, 22, 29]
present:  [33, 41, 98, 91, 30, 72, 11, 21, 29]
accumulated reward of episode 7 is: 46.031
invited:  [33, 98, 9, 11, 49, 5, 6, 73, 20, 59, 2, 41, 17, 24, 89, 32, 43, 46, 79, 52]
present:  [33, 98, 49, 5, 6, 59, 17, 24, 89, 32, 46, 79, 52]
accumulated reward of episode 8 is: 42.949
invited:  [32, 33, 41, 75, 24, 68, 5, 6, 59, 60, 79, 51, 85, 89, 91, 2, 35, 12, 44, 18]
present:  [33, 59, 60, 51, 85, 89, 2, 35, 12, 44, 18]
accumulated reward of episode 9 is: 45.927
invited:  [32, 33, 98, 9, 78, 68, 5, 75, 80, 81, 96, 2, 89, 90, 57, 6, 11, 12, 14, 16]
present:  [32, 33, 98, 68, 80, 81, 2, 90, 57, 6, 11, 12, 16]
graph index:  201
graph: 201, nodes: 1000, edges: 50263
method is : lazy_adaptive_greedy
accumulated reward of episode 0 is: 40.597
invited:  [32, 33, 98, 68, 5, 9, 11, 75, 78, 92, 71, 12, 44, 61, 94, 3, 99, 21, 24, 59]
present:  [68, 75, 92, 71, 12, 94, 3, 99, 21, 59]
accumulated reward of episode 1 is: 44.436
invited:  [32, 33, 98, 3, 75, 5, 40, 9, 76, 85, 99, 79, 20, 92, 30, 65, 66, 2, 69, 89]
present:  [32, 33, 98, 75, 40, 9, 99, 79, 20, 65, 2, 89]
accumulated reward of episode 2 is: 47.413
invited:  [32, 33, 5, 41, 44, 98, 70, 9, 75, 81, 73, 12, 53, 61, 94, 99, 69, 40, 30, 62]
present:  [5, 41, 44, 98, 75, 81, 73, 12, 53, 61, 94, 69, 40, 30]
accumulated reward of episode 3 is: 43.482
invited:  [33, 41, 49, 24, 89, 99, 5, 73, 9, 17, 98, 12, 79, 53, 29, 64, 1, 11, 43, 59]
present:  [33, 49, 99, 9, 17, 12, 79, 29, 1, 43, 59]
accumulated reward of episode 4 is: 49.133
invited:  [32, 33, 98, 5, 89, 2, 3, 75, 15, 49, 6, 40, 12, 20, 28, 71, 11, 13, 45, 30]
present:  [32, 33, 98, 89, 2, 75, 15, 49, 6, 40, 20, 28, 71, 11, 30]
accumulated reward of episode 5 is: 38.569
invited:  [33, 98, 5, 9, 59, 99, 3, 41, 89, 61, 64, 36, 11, 24, 58, 32, 71, 13, 15, 80]
present:  [5, 59, 3, 64, 11, 58, 32, 71, 80]
accumulated reward of episode 6 is: 43.452
invited:  [32, 33, 98, 2, 85, 3, 5, 6, 52, 53, 89, 59, 60, 29, 25, 99, 37, 9, 79, 54]
present:  [32, 33, 98, 85, 3, 52, 59, 29, 99, 9, 54]
accumulated reward of episode 7 is: 49.007
invited:  [33, 98, 41, 49, 59, 2, 5, 83, 51, 20, 42, 79, 80, 89, 30, 11, 46, 88, 29, 31]
present:  [33, 98, 41, 59, 5, 83, 51, 20, 42, 79, 80, 30, 11, 29, 31]
accumulated reward of episode 8 is: 42.569
invited:  [32, 33, 2, 41, 20, 99, 5, 49, 59, 61, 97, 73, 12, 44, 24, 68, 70, 46, 84, 89]
present:  [41, 5, 49, 61, 97, 73, 44, 24, 70, 46, 89]
accumulated reward of episode 9 is: 45.948
invited:  [32, 33, 98, 5, 95, 9, 11, 79, 53, 24, 35, 71, 40, 12, 58, 1, 99, 81, 21, 59]
present:  [33, 98, 5, 95, 11, 79, 53, 24, 35, 71, 40, 58, 21]
graph index:  202
graph: 202, nodes: 1000, edges: 50060
method is : lazy_adaptive_greedy
accumulated reward of episode 0 is: 42.042
invited:  [32, 33, 98, 75, 78, 5, 9, 12, 13, 46, 68, 11, 79, 81, 22, 0, 2, 99, 70, 83]
present:  [75, 5, 9, 12, 13, 68, 11, 81, 0, 2, 99]
accumulated reward of episode 1 is: 39.398
invited:  [33, 5, 9, 20, 59, 2, 99, 41, 49, 30, 38, 73, 11, 46, 78, 83, 53, 89, 60, 95]
present:  [33, 59, 41, 49, 38, 78, 89, 60, 95]
accumulated reward of episode 2 is: 35.703
invited:  [32, 33, 5, 6, 13, 98, 3, 78, 49, 59, 97, 2, 68, 24, 89, 35, 40, 9, 75, 44]
present:  [33, 6, 97, 24, 35, 40, 44]
accumulated reward of episode 3 is: 45.485
invited:  [32, 33, 98, 3, 9, 1, 5, 86, 57, 30, 46, 80, 85, 89, 58, 6, 75, 81, 51, 29]
present:  [32, 33, 98, 9, 5, 86, 57, 80, 85, 89, 75, 81, 51]
accumulated reward of episode 4 is: 39.169
invited:  [33, 98, 49, 89, 59, 35, 99, 37, 19, 20, 5, 6, 80, 22, 93, 34, 79, 82, 21, 61]
present:  [33, 98, 35, 99, 20, 6, 22, 21, 61]
accumulated reward of episode 5 is: 48.869
invited:  [33, 2, 9, 44, 49, 41, 12, 24, 89, 61, 97, 99, 35, 6, 53, 64, 5, 71, 52, 85]
present:  [2, 44, 12, 24, 89, 61, 97, 99, 35, 6, 53, 64, 5, 71, 85]
accumulated reward of episode 6 is: 50.059
invited:  [32, 33, 98, 20, 30, 66, 36, 5, 89, 61, 34, 11, 46, 81, 83, 99, 6, 79, 56, 93]
present:  [32, 33, 98, 20, 66, 36, 5, 89, 61, 34, 11, 83, 6, 79, 56, 93]
accumulated reward of episode 7 is: 46.157
invited:  [33, 35, 23, 24, 59, 98, 12, 84, 53, 61, 5, 6, 52, 21, 88, 96, 3, 37, 71, 11]
present:  [35, 24, 59, 98, 12, 53, 61, 5, 6, 21, 96, 37, 11]
accumulated reward of episode 8 is: 43.673
invited:  [32, 33, 98, 3, 75, 34, 5, 6, 87, 59, 40, 81, 89, 61, 30, 12, 80, 20, 55, 58]
present:  [33, 98, 75, 34, 5, 87, 59, 40, 89, 30, 12, 55]
accumulated reward of episode 9 is: 47.132
invited:  [33, 2, 9, 44, 27, 83, 19, 85, 21, 89, 72, 12, 79, 20, 23, 5, 80, 84, 56, 30]
present:  [9, 44, 27, 83, 85, 21, 89, 72, 20, 23, 5, 80, 56, 30]
graph index:  203
graph: 203, nodes: 1000, edges: 49986
method is : lazy_adaptive_greedy
accumulated reward of episode 0 is: 39.869
invited:  [33, 98, 5, 17, 59, 41, 9, 12, 49, 84, 68, 11, 24, 89, 61, 99, 37, 73, 57, 27]
present:  [33, 98, 5, 17, 84, 11, 89, 61, 73, 57]
accumulated reward of episode 1 is: 47.25
invited:  [33, 98, 6, 40, 9, 97, 5, 75, 49, 88, 3, 42, 94, 89, 30, 65, 99, 12, 79, 28]
present:  [98, 40, 9, 97, 5, 49, 88, 42, 94, 89, 30, 65, 99, 28]
accumulated reward of episode 2 is: 43.208
invited:  [33, 9, 44, 49, 24, 2, 99, 6, 70, 79, 0, 68, 46, 23, 89, 97, 5, 40, 16, 28]
present:  [33, 9, 44, 49, 24, 2, 6, 79, 0, 46, 23]
accumulated reward of episode 3 is: 36.791
invited:  [32, 33, 3, 9, 41, 5, 12, 89, 59, 61, 97, 98, 99, 17, 24, 11, 79, 84, 87, 30]
present:  [41, 5, 89, 97, 98, 79, 87, 30]
accumulated reward of episode 4 is: 43.683
invited:  [32, 33, 98, 75, 78, 5, 9, 84, 88, 59, 70, 42, 46, 17, 89, 64, 36, 12, 76, 27]
present:  [98, 75, 78, 5, 88, 59, 42, 17, 36, 12, 76, 27]
accumulated reward of episode 5 is: 46.239
invited:  [32, 33, 98, 81, 89, 97, 5, 58, 61, 30, 12, 79, 48, 57, 90, 35, 11, 46, 53, 88]
present:  [98, 81, 89, 97, 5, 61, 30, 12, 90, 11, 46, 53, 88]
accumulated reward of episode 6 is: 43.841
invited:  [33, 98, 3, 75, 11, 5, 73, 41, 44, 94, 36, 9, 12, 27, 92, 2, 68, 80, 89, 29]
present:  [3, 75, 73, 44, 94, 36, 9, 12, 27, 92, 80, 89]
accumulated reward of episode 7 is: 45.56
invited:  [33, 98, 35, 20, 52, 5, 70, 7, 88, 89, 41, 44, 79, 49, 83, 99, 48, 16, 84, 53]
present:  [98, 20, 5, 7, 88, 89, 44, 79, 49, 99, 16, 84, 53]
accumulated reward of episode 8 is: 44.039
invited:  [32, 33, 98, 9, 11, 5, 6, 75, 20, 30, 3, 42, 46, 17, 89, 99, 87, 24, 92, 29]
present:  [32, 33, 98, 9, 5, 30, 46, 17, 89, 24, 92, 29]
accumulated reward of episode 9 is: 41.014
invited:  [33, 98, 9, 75, 59, 64, 5, 41, 16, 58, 46, 20, 24, 89, 30, 40, 43, 12, 52, 84]
present:  [33, 9, 59, 5, 41, 58, 20, 40, 43, 12]
graph index:  204
graph: 204, nodes: 1000, edges: 49971
method is : lazy_adaptive_greedy
accumulated reward of episode 0 is: 45.631
invited:  [33, 9, 41, 44, 30, 2, 5, 75, 81, 24, 64, 99, 17, 54, 27, 3, 12, 79, 85, 59]
present:  [33, 41, 44, 5, 64, 99, 54, 27, 3, 12, 79, 85, 59]
accumulated reward of episode 1 is: 49.656
invited:  [32, 33, 68, 5, 75, 41, 9, 11, 12, 49, 13, 16, 84, 53, 89, 2, 99, 40, 15, 62]
present:  [32, 75, 41, 9, 11, 49, 13, 16, 84, 53, 2, 99, 40, 15, 62]
accumulated reward of episode 2 is: 40.802
invited:  [33, 98, 9, 78, 30, 32, 12, 79, 53, 92, 37, 70, 5, 54, 24, 75, 76, 85, 91, 61]
present:  [33, 9, 78, 30, 32, 5, 24, 75, 76, 85]
accumulated reward of episode 3 is: 43.883
invited:  [32, 33, 98, 5, 75, 3, 6, 22, 89, 63, 35, 99, 49, 87, 24, 40, 11, 81, 85, 53]
present:  [33, 98, 5, 75, 3, 89, 35, 99, 24, 11, 81, 85]
accumulated reward of episode 4 is: 43.915
invited:  [33, 98, 9, 78, 54, 35, 5, 38, 6, 27, 32, 97, 13, 84, 89, 99, 49, 85, 55, 24]
present:  [33, 78, 5, 38, 32, 97, 13, 84, 89, 85, 55, 24]
accumulated reward of episode 5 is: 49.357
invited:  [33, 35, 41, 13, 59, 96, 97, 3, 5, 44, 32, 39, 40, 12, 78, 42, 11, 79, 22, 55]
present:  [33, 35, 41, 13, 96, 97, 3, 5, 32, 39, 12, 78, 42, 11, 22, 55]
accumulated reward of episode 6 is: 48.527
invited:  [32, 33, 98, 75, 17, 3, 9, 12, 44, 49, 2, 13, 46, 85, 89, 96, 5, 6, 55, 29]
present:  [33, 98, 75, 3, 9, 12, 44, 49, 13, 85, 89, 96, 6, 55, 29]
accumulated reward of episode 7 is: 40.864
invited:  [33, 98, 68, 5, 9, 32, 41, 11, 89, 61, 3, 44, 12, 86, 27, 73, 75, 13, 49, 84]
present:  [68, 41, 11, 89, 61, 44, 86, 27, 13, 84]
accumulated reward of episode 8 is: 39.314
invited:  [33, 98, 49, 52, 89, 32, 5, 75, 13, 30, 35, 9, 12, 20, 94, 2, 99, 6, 11, 90]
present:  [13, 30, 35, 9, 20, 94, 2, 99, 11]
accumulated reward of episode 9 is: 47.62
invited:  [33, 72, 9, 41, 27, 99, 5, 40, 12, 84, 98, 79, 22, 54, 59, 44, 13, 80, 16, 89]
present:  [72, 9, 41, 27, 5, 12, 84, 79, 54, 59, 13, 80, 16, 89]
average cummulative reward is:  43.96679999999999
----------------------------------------------end evaluation---------------------------------------------------------
 
[DEBUG 04:10:39] Experiments Stopping Heartbeat
