[DEBUG 01:44:44] git.cmd Popen(['git', 'version'], cwd=/n/home07/haipeng/network-opt-rl, universal_newlines=False, shell=None, istream=None)
[DEBUG 01:44:44] git.cmd Popen(['git', 'version'], cwd=/n/home07/haipeng/network-opt-rl, universal_newlines=False, shell=None, istream=None)
[DEBUG 01:44:44] git.cmd Popen(['git', 'diff', '--cached', '--abbrev=40', '--full-index', '--raw'], cwd=/n/home07/haipeng/network-opt-rl, universal_newlines=False, shell=None, istream=None)
[DEBUG 01:44:44] git.cmd Popen(['git', 'diff', '--abbrev=40', '--full-index', '--raw'], cwd=/n/home07/haipeng/network-opt-rl, universal_newlines=False, shell=None, istream=None)
[DEBUG 01:44:44] git.cmd Popen(['git', 'cat-file', '--batch-check'], cwd=/n/home07/haipeng/network-opt-rl, universal_newlines=False, shell=None, istream=<valid stream>)
[DEBUG 01:44:44] git.cmd Popen(['git', 'diff', '--cached', '--abbrev=40', '--full-index', '--raw'], cwd=/n/home07/haipeng/network-opt-rl, universal_newlines=False, shell=None, istream=None)
[DEBUG 01:44:44] git.cmd Popen(['git', 'diff', '--abbrev=40', '--full-index', '--raw'], cwd=/n/home07/haipeng/network-opt-rl, universal_newlines=False, shell=None, istream=None)
[DEBUG 01:44:44] git.cmd Popen(['git', 'cat-file', '--batch-check'], cwd=/n/home07/haipeng/network-opt-rl, universal_newlines=False, shell=None, istream=<valid stream>)
[DEBUG 01:44:44] git.cmd Popen(['git', 'diff', '--cached', '--abbrev=40', '--full-index', '--raw'], cwd=/n/home07/haipeng/network-opt-rl, universal_newlines=False, shell=None, istream=None)
[DEBUG 01:44:44] git.cmd Popen(['git', 'diff', '--abbrev=40', '--full-index', '--raw'], cwd=/n/home07/haipeng/network-opt-rl, universal_newlines=False, shell=None, istream=None)
[DEBUG 01:44:44] git.cmd Popen(['git', 'cat-file', '--batch-check'], cwd=/n/home07/haipeng/network-opt-rl, universal_newlines=False, shell=None, istream=<valid stream>)
[DEBUG 01:44:44] git.cmd Popen(['git', 'diff', '--cached', '--abbrev=40', '--full-index', '--raw'], cwd=/n/home07/haipeng/network-opt-rl, universal_newlines=False, shell=None, istream=None)
[DEBUG 01:44:44] git.cmd Popen(['git', 'diff', '--abbrev=40', '--full-index', '--raw'], cwd=/n/home07/haipeng/network-opt-rl, universal_newlines=False, shell=None, istream=None)
[DEBUG 01:44:44] git.cmd Popen(['git', 'cat-file', '--batch-check'], cwd=/n/home07/haipeng/network-opt-rl, universal_newlines=False, shell=None, istream=<valid stream>)
main.py:130: YAMLLoadWarning: calling yaml.load() without Loader=... is deprecated, as the default Loader is unsafe. Please read https://msg.pyyaml.org/load for full details.
  config_dict = yaml.load(f)
main.py:52: YAMLLoadWarning: calling yaml.load() without Loader=... is deprecated, as the default Loader is unsafe. Please read https://msg.pyyaml.org/load for full details.
  config_dict = yaml.load(f)
[INFO 01:44:45] root Saving to FileStorageObserver in temp_dir/colge/sacred.
[DEBUG 01:44:45] Experiments Using capture mode "fd"
[INFO 01:44:45] Experiments Running command 'my_main'
[INFO 01:44:45] Experiments Started run with ID "160"
[DEBUG 01:44:45] Experiments Starting Heartbeat
[DEBUG 01:44:45] my_main Started
[DEBUG 02:35:24] my_main Finished after 0:50:39.
[INFO 02:35:24] Experiments Completed after 0:50:39
Loading train graph:  erdos_renyi
train graphs in total:  200
Loading test graph:  erdos_renyi
merged graphs length:  205
----------------------------------------------start evaluation---------------------------------------------------------
graph index:  200
graph: 200, nodes: 100, edges: 514
method is : adaptive_greedy
accumulated reward of episode 0 is: 30.109
invited:  [32, 33, 98, 3, 11, 38]
present:  [32, 33, 98, 3, 38]
accumulated reward of episode 1 is: 13.751
invited:  [32, 33, 9, 44, 49, 54]
present:  [33]
accumulated reward of episode 2 is: 27.213
invited:  [32, 33, 68, 54, 12, 78]
present:  [32, 33, 68, 12]
accumulated reward of episode 3 is: 19.217
invited:  [33, 27, 32, 98, 41, 9]
present:  [33, 9]
accumulated reward of episode 4 is: 26.561
invited:  [33, 98, 9, 5, 99, 94]
present:  [98, 9, 5, 94]
accumulated reward of episode 5 is: 18.856
invited:  [33, 44, 89, 5, 12, 61]
present:  [89, 5]
accumulated reward of episode 6 is: 31.221
invited:  [33, 9, 12, 5, 44, 53]
present:  [9, 12, 5, 44, 53]
accumulated reward of episode 7 is: 31.161
invited:  [33, 27, 17, 44, 9, 68]
present:  [33, 27, 44, 9, 68]
accumulated reward of episode 8 is: 30.744
invited:  [32, 33, 89, 41, 12, 5]
present:  [32, 89, 41, 12, 5]
accumulated reward of episode 9 is: 27.669
invited:  [33, 98, 59, 27, 9, 68]
present:  [33, 27, 9, 68]
graph index:  201
graph: 201, nodes: 100, edges: 514
method is : adaptive_greedy
accumulated reward of episode 0 is: 23.867
invited:  [32, 33, 89, 98, 9, 99]
present:  [89, 98, 9]
accumulated reward of episode 1 is: 23.733
invited:  [33, 49, 98, 2, 24, 59]
present:  [33, 49, 2]
accumulated reward of episode 2 is: 31.004
invited:  [32, 33, 24, 12, 3, 61]
present:  [32, 24, 12, 3, 61]
accumulated reward of episode 3 is: 28.168
invited:  [32, 33, 24, 80, 20, 52]
present:  [32, 33, 24, 20]
accumulated reward of episode 4 is: 20.237
invited:  [33, 98, 9, 5, 59, 35]
present:  [33, 98]
accumulated reward of episode 5 is: 24.185
invited:  [33, 41, 89, 5, 9, 12]
present:  [5, 9, 12]
accumulated reward of episode 6 is: 33.622
invited:  [33, 54, 32, 6, 85, 78]
present:  [33, 54, 32, 6, 85, 78]
accumulated reward of episode 7 is: 30.182
invited:  [33, 98, 32, 2, 49, 68]
present:  [33, 98, 32, 49, 68]
accumulated reward of episode 8 is: 30.648
invited:  [33, 49, 17, 75, 20, 79]
present:  [33, 49, 75, 20, 79]
accumulated reward of episode 9 is: 30.517
invited:  [33, 63, 17, 5, 32, 75]
present:  [33, 63, 5, 32, 75]
graph index:  202
graph: 202, nodes: 100, edges: 481
method is : adaptive_greedy
accumulated reward of episode 0 is: 23.773
invited:  [32, 33, 41, 75, 13, 63]
present:  [32, 33, 75]
accumulated reward of episode 1 is: 31.246
invited:  [32, 33, 41, 20, 54, 30]
present:  [32, 33, 20, 54, 30]
accumulated reward of episode 2 is: 30.288
invited:  [33, 41, 59, 84, 58, 75]
present:  [33, 41, 59, 84, 75]
accumulated reward of episode 3 is: 22.635
invited:  [32, 33, 12, 5, 98, 36]
present:  [32, 98, 36]
accumulated reward of episode 4 is: 22.265
invited:  [33, 98, 75, 5, 32, 2]
present:  [75, 32, 2]
accumulated reward of episode 5 is: 18.525
invited:  [33, 9, 32, 89, 41, 11]
present:  [32, 11]
accumulated reward of episode 6 is: 27.532
invited:  [33, 9, 98, 2, 35, 52]
present:  [33, 98, 35, 52]
accumulated reward of episode 7 is: 23.597
invited:  [33, 98, 89, 5, 72, 59]
present:  [89, 5, 59]
accumulated reward of episode 8 is: 27.191
invited:  [32, 33, 12, 5, 89, 94]
present:  [32, 12, 5, 94]
accumulated reward of episode 9 is: 23.441
invited:  [32, 33, 59, 5, 89, 41]
present:  [33, 59, 89]
graph index:  203
graph: 203, nodes: 100, edges: 479
method is : adaptive_greedy
accumulated reward of episode 0 is: 18.992
invited:  [33, 98, 89, 5, 59, 12]
present:  [89, 12]
accumulated reward of episode 1 is: 30.313
invited:  [33, 98, 32, 9, 68, 79]
present:  [33, 98, 32, 9, 79]
accumulated reward of episode 2 is: 23.451
invited:  [33, 49, 98, 54, 32, 41]
present:  [33, 98, 54]
accumulated reward of episode 3 is: 17.522
invited:  [33, 59, 89, 12, 49, 5]
present:  [89, 49]
accumulated reward of episode 4 is: 27.29
invited:  [33, 98, 32, 99, 5, 61]
present:  [98, 32, 5, 61]
accumulated reward of episode 5 is: 23.961
invited:  [33, 20, 49, 98, 17, 59]
present:  [33, 49, 59]
accumulated reward of episode 6 is: 22.948
invited:  [33, 98, 27, 5, 9, 11]
present:  [27, 9, 11]
accumulated reward of episode 7 is: 19.049
invited:  [33, 5, 32, 89, 98, 75]
present:  [5, 98]
accumulated reward of episode 8 is: 24.19
invited:  [32, 33, 3, 63, 98, 68]
present:  [32, 33, 3]
accumulated reward of episode 9 is: 30.195
invited:  [33, 98, 9, 5, 99, 20]
present:  [33, 98, 9, 99, 20]
graph index:  204
graph: 204, nodes: 100, edges: 511
method is : adaptive_greedy
accumulated reward of episode 0 is: 27.938
invited:  [32, 33, 2, 98, 75, 76]
present:  [32, 33, 2, 98]
accumulated reward of episode 1 is: 24.397
invited:  [33, 41, 49, 98, 32, 89]
present:  [33, 32, 89]
accumulated reward of episode 2 is: 33.476
invited:  [33, 98, 9, 68, 32, 6]
present:  [33, 98, 9, 68, 32, 6]
accumulated reward of episode 3 is: 27.825
invited:  [32, 33, 49, 5, 24, 12]
present:  [33, 49, 5, 12]
accumulated reward of episode 4 is: 27.785
invited:  [33, 59, 27, 5, 89, 12]
present:  [27, 5, 89, 12]
accumulated reward of episode 5 is: 23.872
invited:  [33, 98, 9, 30, 16, 59]
present:  [33, 98, 30]
accumulated reward of episode 6 is: 33.838
invited:  [33, 49, 98, 20, 2, 75]
present:  [33, 49, 98, 20, 2, 75]
accumulated reward of episode 7 is: 17.22
invited:  [33, 41, 74, 11, 27, 59]
present:  [74, 11]
accumulated reward of episode 8 is: 27.951
invited:  [33, 49, 11, 12, 9, 3]
present:  [49, 11, 12, 9]
accumulated reward of episode 9 is: 25.048
invited:  [33, 20, 49, 54, 98, 79]
present:  [33, 49, 79]
average cummulative reward is:  25.808380000000003
----------------------------------------------end evaluation---------------------------------------------------------
 
[DEBUG 02:35:24] Experiments Stopping Heartbeat
