cascade model is:  DIC
device is:  cpu
---------------------------------------------------------------
train episode:  0
eps in this episode is:  0.3
eps_wstart in this episode is:  0.295
action in this episode is:  [[92, 160, 182], [200, 166, 61], [62, 83, 59], [196, 143, 197]]
present:  [92, 182, 166, 62, 83, 196, 143]
episode total reward is:  7.786
---------------------------------------------------------------
train episode:  1
eps in this episode is:  0.295
eps_wstart in this episode is:  0.29
action in this episode is:  [[182, 92, 181], [10, 76, 171], [200, 166, 82], [62, 83, 59]]
present:  [182, 181, 76, 171, 166]
episode total reward is:  11.202
---------------------------------------------------------------
train episode:  2
eps in this episode is:  0.29
eps_wstart in this episode is:  0.285
action in this episode is:  [[92, 125, 30], [200, 182, 166], [62, 83, 59], [61, 196, 197]]
present:  [92, 200, 83, 59, 61, 196, 197]
episode total reward is:  8.932
secondary loss is:  0.26695767045021057
---------------------------------------------------------------
train episode:  3
eps in this episode is:  0.285
eps_wstart in this episode is:  0.27999999999999997
action in this episode is:  [[62, 83, 59], [92, 200, 138], [182, 61, 166], [93, 50, 24]]
present:  [59, 200, 138, 61, 166, 50, 24]
episode total reward is:  11.392
secondary loss is:  0.6509113907814026
---------------------------------------------------------------
train episode:  4
eps in this episode is:  0.27999999999999997
eps_wstart in this episode is:  0.27499999999999997
action in this episode is:  [[92, 200, 182], [62, 83, 59], [166, 61, 196], [93, 50, 24]]
present:  [92, 200, 62, 166, 61, 93, 24]
episode total reward is:  6.476
secondary loss is:  0.31622812151908875
---------------------------------------------------------------
train episode:  5
eps in this episode is:  0.27499999999999997
eps_wstart in this episode is:  0.26999999999999996
action in this episode is:  [[62, 83, 59], [56, 92, 200], [93, 50, 24], [182, 166, 61]]
present:  [83, 59, 200, 93, 50, 24, 182, 166, 61]
episode total reward is:  14.793
secondary loss is:  0.26475995779037476
---------------------------------------------------------------
train episode:  6
eps in this episode is:  0.27
eps_wstart in this episode is:  0.26499999999999996
action in this episode is:  [[92, 200, 119], [182, 166, 61], [36, 196, 197], [62, 83, 59]]
present:  [92, 200, 166, 196, 83, 59]
episode total reward is:  4.332
secondary loss is:  4.947585105895996
---------------------------------------------------------------
train episode:  7
eps in this episode is:  0.265
eps_wstart in this episode is:  0.25999999999999995
action in this episode is:  [[92, 200, 50], [62, 83, 59], [182, 69, 166], [61, 185, 196]]
present:  [50, 62, 59, 166, 61]
episode total reward is:  15.399
secondary loss is:  0.13474448025226593
---------------------------------------------------------------
train episode:  8
eps in this episode is:  0.26
eps_wstart in this episode is:  0.25499999999999995
action in this episode is:  [[62, 83, 59], [56, 92, 200], [93, 50, 24], [182, 166, 61]]
present:  [62, 59, 92, 93, 24, 182, 166]
episode total reward is:  16.472
secondary loss is:  0.6637656092643738
---------------------------------------------------------------
train episode:  9
eps in this episode is:  0.255
eps_wstart in this episode is:  0.24999999999999994
action in this episode is:  [[92, 200, 182], [61, 166, 196], [197, 108, 64], [147, 150, 105]]
present:  [200, 61, 196, 197, 64, 150]
episode total reward is:  7.442
secondary loss is:  2.618381977081299
---------------------------------------------------------------
train episode:  10
eps in this episode is:  0.25
eps_wstart in this episode is:  0.24499999999999994
action in this episode is:  [[62, 83, 59], [93, 50, 24], [92, 182, 200], [61, 166, 196]]
present:  [83, 59, 93, 50, 24, 92, 200, 196]
episode total reward is:  13.791
secondary loss is:  2.6328959465026855
---------------------------------------------------------------
train episode:  11
eps in this episode is:  0.245
eps_wstart in this episode is:  0.23999999999999994
action in this episode is:  [[62, 83, 59], [92, 200, 182], [112, 166, 61], [196, 172, 197]]
present:  [59, 92, 112, 61, 196]
episode total reward is:  5.068
secondary loss is:  1.6510560512542725
---------------------------------------------------------------
train episode:  12
eps in this episode is:  0.24
eps_wstart in this episode is:  0.23499999999999993
action in this episode is:  [[92, 200, 182], [107, 166, 61], [196, 197, 108], [147, 105, 190]]
present:  [92, 200, 107, 166, 61, 108, 147, 105]
episode total reward is:  3.008
secondary loss is:  2.8521695137023926
---------------------------------------------------------------
train episode:  13
eps in this episode is:  0.235
eps_wstart in this episode is:  0.22999999999999993
action in this episode is:  [[95, 92, 200], [62, 83, 59], [182, 90, 166], [61, 196, 197]]
present:  [92, 200, 83, 182, 166, 61, 197]
episode total reward is:  6.944
secondary loss is:  2.921872615814209
---------------------------------------------------------------
train episode:  14
eps in this episode is:  0.22999999999999998
eps_wstart in this episode is:  0.22499999999999992
action in this episode is:  [[62, 83, 59], [93, 50, 24], [92, 44, 200], [18, 182, 166]]
present:  [62, 50, 24, 92, 44, 18, 182]
episode total reward is:  39.278
secondary loss is:  2.8756682872772217
---------------------------------------------------------------
train episode:  15
eps in this episode is:  0.22499999999999998
eps_wstart in this episode is:  0.21999999999999992
action in this episode is:  [[92, 200, 182], [166, 61, 196], [62, 83, 59], [197, 97, 108]]
present:  [200, 166, 61, 59, 197]
episode total reward is:  10.634
secondary loss is:  26.568674087524414
---------------------------------------------------------------
train episode:  16
eps in this episode is:  0.21999999999999997
eps_wstart in this episode is:  0.2149999999999999
action in this episode is:  [[92, 200, 182], [61, 166, 196], [132, 190, 197], [192, 87, 162]]
present:  [182, 166, 197, 162]
episode total reward is:  5.601
secondary loss is:  25.373355865478516
---------------------------------------------------------------
train episode:  17
eps in this episode is:  0.21499999999999997
eps_wstart in this episode is:  0.2099999999999999
action in this episode is:  [[62, 83, 59], [93, 50, 24], [92, 200, 103], [182, 166, 61]]
present:  [83, 59, 50, 24, 92, 103, 182]
episode total reward is:  3.04
secondary loss is:  2.3839852809906006
---------------------------------------------------------------
train episode:  18
eps in this episode is:  0.21
eps_wstart in this episode is:  0.2049999999999999
action in this episode is:  [[62, 83, 59], [92, 185, 200], [182, 0, 176], [166, 61, 196]]
present:  [59, 200, 196]
episode total reward is:  8.321
secondary loss is:  4.21028995513916
---------------------------------------------------------------
train episode:  19
eps in this episode is:  0.205
eps_wstart in this episode is:  0.1999999999999999
action in this episode is:  [[92, 200, 182], [166, 61, 196], [62, 83, 59], [6, 30, 197]]
present:  [92, 166, 196, 62, 83, 59, 6, 30]
episode total reward is:  10.726
secondary loss is:  1.801552414894104
---------------------------------------------------------------
train episode:  20
eps in this episode is:  0.19999999999999998
eps_wstart in this episode is:  0.1949999999999999
action in this episode is:  [[62, 83, 59], [93, 50, 24], [92, 200, 182], [166, 98, 61]]
present:  [62, 83, 59, 50, 24, 166]
episode total reward is:  7.685
secondary loss is:  19.71736717224121
---------------------------------------------------------------
train episode:  21
eps in this episode is:  0.195
eps_wstart in this episode is:  0.1899999999999999
action in this episode is:  [[62, 83, 59], [92, 20, 200], [93, 50, 24], [182, 166, 61]]
present:  [62, 83, 59, 20, 200, 93, 24, 61]
episode total reward is:  21.0
secondary loss is:  6.515333652496338
---------------------------------------------------------------
train episode:  22
eps in this episode is:  0.19
eps_wstart in this episode is:  0.1849999999999999
action in this episode is:  [[92, 200, 182], [73, 166, 35], [61, 196, 197], [108, 13, 147]]
present:  [182, 73, 166, 35, 196, 197]
episode total reward is:  4.018
secondary loss is:  7.259695848915726e-05
---------------------------------------------------------------
train episode:  23
eps in this episode is:  0.185
eps_wstart in this episode is:  0.17999999999999988
action in this episode is:  [[92, 200, 182], [166, 61, 196], [197, 110, 11], [108, 147, 190]]
present:  [182, 166, 196, 110, 147, 190]
episode total reward is:  7.145
secondary loss is:  16.51099967956543
---------------------------------------------------------------
train episode:  24
eps in this episode is:  0.18
eps_wstart in this episode is:  0.17499999999999988
action in this episode is:  [[92, 200, 182], [62, 83, 59], [169, 166, 61], [196, 197, 150]]
present:  [92, 182, 62, 83, 166, 61, 196, 197]
episode total reward is:  14.48
secondary loss is:  10.70941162109375
---------------------------------------------------------------
train episode:  25
eps in this episode is:  0.175
eps_wstart in this episode is:  0.16999999999999987
action in this episode is:  [[92, 177, 200], [182, 124, 166], [62, 83, 59], [170, 61, 196]]
present:  [92, 177, 182, 124, 166, 62, 59, 170, 61]
episode total reward is:  31.717
secondary loss is:  0.07256980240345001
---------------------------------------------------------------
train episode:  26
eps in this episode is:  0.16999999999999998
eps_wstart in this episode is:  0.16499999999999987
action in this episode is:  [[48, 92, 200], [62, 83, 59], [182, 94, 147], [166, 61, 82]]
present:  [48, 200, 83, 59, 182, 147, 166, 82]
episode total reward is:  11.787
secondary loss is:  7.533130701631308e-05
---------------------------------------------------------------
train episode:  27
eps in this episode is:  0.16499999999999998
eps_wstart in this episode is:  0.15999999999999986
action in this episode is:  [[92, 200, 182], [152, 61, 166], [120, 196, 197], [108, 147, 121]]
present:  [120, 196, 108]
episode total reward is:  5.561
secondary loss is:  2.2123496532440186
---------------------------------------------------------------
train episode:  28
eps in this episode is:  0.15999999999999998
eps_wstart in this episode is:  0.15499999999999986
action in this episode is:  [[62, 83, 59], [93, 50, 24], [92, 200, 182], [166, 61, 196]]
present:  [50, 200, 182, 166, 196]
episode total reward is:  21.016
secondary loss is:  0.00011101612471975386
---------------------------------------------------------------
train episode:  29
eps in this episode is:  0.155
eps_wstart in this episode is:  0.14999999999999986
action in this episode is:  [[62, 83, 59], [92, 182, 200], [85, 61, 166], [196, 197, 108]]
present:  [62, 83, 59, 182, 85, 61, 166, 108]
episode total reward is:  5.116
secondary loss is:  0.5514640212059021
---------------------------------------------------------------
train episode:  30
eps in this episode is:  0.15
eps_wstart in this episode is:  0.14499999999999985
action in this episode is:  [[92, 182, 200], [61, 47, 166], [196, 197, 108], [147, 105, 183]]
present:  [200, 61, 196, 108, 105, 183]
episode total reward is:  5.835
secondary loss is:  0.6618155241012573
---------------------------------------------------------------
train episode:  31
eps in this episode is:  0.145
eps_wstart in this episode is:  0.13999999999999985
action in this episode is:  [[92, 182, 200], [94, 61, 166], [196, 197, 108], [62, 83, 59]]
present:  [92, 200, 166, 83]
episode total reward is:  3.049
secondary loss is:  1.809342622756958
---------------------------------------------------------------
train episode:  32
eps in this episode is:  0.13999999999999999
eps_wstart in this episode is:  0.13499999999999984
action in this episode is:  [[62, 83, 59], [92, 182, 124], [200, 63, 61], [93, 50, 24]]
present:  [62, 83, 59, 92, 182, 124, 93, 50]
episode total reward is:  6.369
secondary loss is:  3.141624927520752
---------------------------------------------------------------
train episode:  33
eps in this episode is:  0.13499999999999998
eps_wstart in this episode is:  0.12999999999999984
action in this episode is:  [[92, 57, 182], [200, 97, 61], [166, 196, 197], [108, 147, 105]]
present:  [57, 166, 108]
episode total reward is:  6.528
secondary loss is:  0.48907896876335144
---------------------------------------------------------------
train episode:  34
eps in this episode is:  0.12999999999999998
eps_wstart in this episode is:  0.12499999999999983
action in this episode is:  [[62, 83, 59], [92, 200, 182], [93, 50, 24], [95, 82, 9]]
present:  [62, 83, 59, 92, 182, 93, 50, 24, 82, 9]
episode total reward is:  23.317
secondary loss is:  63.155113220214844
---------------------------------------------------------------
train episode:  35
eps in this episode is:  0.12499999999999997
eps_wstart in this episode is:  0.11999999999999983
action in this episode is:  [[92, 153, 182], [200, 61, 166], [196, 197, 108], [147, 105, 190]]
present:  [92, 153, 61, 166, 196, 197, 147, 105, 190]
episode total reward is:  5.026
secondary loss is:  3.4474480152130127
---------------------------------------------------------------
train episode:  36
eps in this episode is:  0.12
eps_wstart in this episode is:  0.11499999999999982
action in this episode is:  [[92, 200, 182], [61, 166, 44], [196, 197, 108], [147, 105, 190]]
present:  [200, 182, 196, 147, 190]
episode total reward is:  5.16
secondary loss is:  0.1776675432920456
---------------------------------------------------------------
train episode:  37
eps in this episode is:  0.11499999999999999
eps_wstart in this episode is:  0.10999999999999982
action in this episode is:  [[92, 200, 182], [166, 61, 196], [197, 108, 147], [105, 190, 192]]
present:  [92, 200, 105, 190, 192]
episode total reward is:  7.196
secondary loss is:  45.363651275634766
---------------------------------------------------------------
train episode:  38
eps in this episode is:  0.10999999999999999
eps_wstart in this episode is:  0.10499999999999982
action in this episode is:  [[92, 200, 182], [166, 61, 196], [197, 108, 62], [147, 105, 192]]
present:  [92, 196, 197, 62, 105]
episode total reward is:  7.376
secondary loss is:  4.090379238128662
---------------------------------------------------------------
train episode:  39
eps in this episode is:  0.10499999999999998
eps_wstart in this episode is:  0.09999999999999981
action in this episode is:  [[92, 200, 182], [166, 61, 196], [62, 83, 59], [52, 197, 108]]
present:  [92, 200, 182, 61, 196, 62, 52, 197, 108]
episode total reward is:  6.209
secondary loss is:  10.124332427978516
---------------------------------------------------------------
train episode:  40
eps in this episode is:  0.1
eps_wstart in this episode is:  0.0949999999999998
action in this episode is:  [[92, 200, 182], [166, 61, 196], [197, 108, 147], [190, 105, 192]]
present:  [200, 166, 108, 105]
episode total reward is:  6.024
secondary loss is:  10.38041877746582
---------------------------------------------------------------
train episode:  41
eps in this episode is:  0.1
eps_wstart in this episode is:  0.0899999999999998
action in this episode is:  [[92, 101, 200], [182, 166, 12], [150, 61, 196], [197, 108, 74]]
present:  [101, 182, 166, 197, 108]
episode total reward is:  5.338
secondary loss is:  2.120269536972046
---------------------------------------------------------------
train episode:  42
eps in this episode is:  0.1
eps_wstart in this episode is:  0.0849999999999998
action in this episode is:  [[62, 83, 59], [92, 200, 182], [166, 61, 196], [93, 50, 24]]
present:  [62, 83, 92, 200, 166, 61, 24]
episode total reward is:  5.539
secondary loss is:  14.792428016662598
---------------------------------------------------------------
train episode:  43
eps in this episode is:  0.1
eps_wstart in this episode is:  0.0799999999999998
action in this episode is:  [[92, 29, 200], [182, 166, 117], [61, 196, 197], [108, 147, 190]]
present:  [200, 61, 196, 197, 108, 147, 190]
episode total reward is:  6.017
secondary loss is:  19.933734893798828
---------------------------------------------------------------
train episode:  44
eps in this episode is:  0.1
eps_wstart in this episode is:  0.07499999999999979
action in this episode is:  [[92, 200, 182], [166, 61, 196], [197, 108, 147], [190, 105, 192]]
present:  [92, 166, 61, 196, 197, 108, 147, 105]
episode total reward is:  12.793
secondary loss is:  22.29216194152832
---------------------------------------------------------------
train episode:  45
eps in this episode is:  0.1
eps_wstart in this episode is:  0.06999999999999978
action in this episode is:  [[92, 200, 182], [166, 61, 196], [197, 108, 147], [190, 105, 192]]
present:  [92, 200, 166, 196, 108, 147, 190, 105, 192]
episode total reward is:  4.282
secondary loss is:  4.20130729675293
---------------------------------------------------------------
train episode:  46
eps in this episode is:  0.1
eps_wstart in this episode is:  0.06499999999999978
action in this episode is:  [[92, 200, 182], [166, 61, 196], [197, 108, 147], [105, 190, 192]]
present:  [182, 61, 105, 192]
episode total reward is:  6.011
secondary loss is:  1.0592765808105469
---------------------------------------------------------------
train episode:  47
eps in this episode is:  0.1
eps_wstart in this episode is:  0.05999999999999978
action in this episode is:  [[92, 200, 182], [166, 181, 61], [3, 196, 197], [108, 147, 105]]
present:  [92, 166, 61, 197, 108, 105]
episode total reward is:  3.144
secondary loss is:  28.408329010009766
---------------------------------------------------------------
train episode:  48
eps in this episode is:  0.1
eps_wstart in this episode is:  0.054999999999999785
action in this episode is:  [[92, 200, 182], [166, 61, 196], [197, 108, 147], [105, 190, 192]]
present:  [92, 182, 166, 197, 147, 105, 190]
episode total reward is:  6.012
secondary loss is:  0.3316752016544342
---------------------------------------------------------------
train episode:  49
eps in this episode is:  0.1
eps_wstart in this episode is:  0.04999999999999979
action in this episode is:  [[139, 92, 189], [200, 182, 61], [166, 171, 196], [197, 108, 147]]
present:  [139, 189, 171, 196, 108]
episode total reward is:  8.251
secondary loss is:  1.2450892925262451
---------------------------------------------------------------
train episode:  50
eps in this episode is:  0.1
eps_wstart in this episode is:  0.04499999999999979
action in this episode is:  [[129, 92, 182], [200, 61, 166], [94, 196, 197], [108, 147, 31]]
present:  [129, 92, 182, 200, 61, 166, 94, 196, 31]
episode total reward is:  13.894
secondary loss is:  0.19461402297019958
---------------------------------------------------------------
train episode:  51
eps in this episode is:  0.1
eps_wstart in this episode is:  0.03999999999999979
action in this episode is:  [[92, 182, 200], [61, 166, 196], [197, 108, 147], [105, 190, 192]]
present:  [92, 166, 196, 108, 147, 192]
episode total reward is:  8.381
secondary loss is:  0.23841561377048492
---------------------------------------------------------------
train episode:  52
eps in this episode is:  0.1
eps_wstart in this episode is:  0.034999999999999795
action in this episode is:  [[92, 182, 200], [61, 166, 196], [197, 108, 147], [127, 105, 190]]
present:  [182, 200, 61, 166, 197, 147, 127, 105]
episode total reward is:  8.055
secondary loss is:  6.82328462600708
---------------------------------------------------------------
train episode:  53
eps in this episode is:  0.1
eps_wstart in this episode is:  0.029999999999999794
action in this episode is:  [[92, 182, 200], [61, 166, 196], [197, 144, 108], [79, 147, 105]]
present:  [200, 166, 196, 197, 144, 108]
episode total reward is:  6.243
secondary loss is:  0.061610572040081024
---------------------------------------------------------------
train episode:  54
eps in this episode is:  0.1
eps_wstart in this episode is:  0.024999999999999793
action in this episode is:  [[92, 182, 200], [62, 83, 59], [61, 166, 195], [144, 196, 197]]
present:  [92, 182, 200, 62, 59, 61, 166, 144, 196]
episode total reward is:  8.467
secondary loss is:  0.34623879194259644
---------------------------------------------------------------
train episode:  55
eps in this episode is:  0.1
eps_wstart in this episode is:  0.019999999999999792
action in this episode is:  [[92, 182, 200], [61, 166, 196], [197, 108, 147], [105, 190, 192]]
present:  [92, 61, 166, 108, 190]
episode total reward is:  4.014
secondary loss is:  2.0062968730926514
---------------------------------------------------------------
train episode:  56
eps in this episode is:  0.1
eps_wstart in this episode is:  0.014999999999999791
action in this episode is:  [[92, 182, 128], [200, 61, 166], [78, 196, 197], [108, 147, 105]]
present:  [92, 128, 200, 78, 197, 108, 105]
episode total reward is:  5.022
secondary loss is:  0.8761307001113892
---------------------------------------------------------------
train episode:  57
eps in this episode is:  0.1
eps_wstart in this episode is:  0.00999999999999979
action in this episode is:  [[92, 182, 200], [61, 166, 138], [196, 197, 108], [147, 105, 190]]
present:  [92, 200, 166, 138, 197, 105, 190]
episode total reward is:  9.491
secondary loss is:  5.150630386197008e-05
---------------------------------------------------------------
train episode:  58
eps in this episode is:  0.1
eps_wstart in this episode is:  0.00499999999999979
action in this episode is:  [[92, 54, 182], [200, 61, 166], [196, 197, 108], [147, 105, 190]]
present:  [200, 190]
episode total reward is:  7.253
secondary loss is:  0.4619514048099518
---------------------------------------------------------------
train episode:  59
eps in this episode is:  0.1
eps_wstart in this episode is:  0
action in this episode is:  [[92, 121, 182], [200, 61, 166], [196, 110, 197], [108, 147, 105]]
present:  [166, 110, 108, 105]
episode total reward is:  4.005
secondary loss is:  5.619968578685075e-05
---------------------------------------------------------------
train episode:  60
eps in this episode is:  0.1
eps_wstart in this episode is:  0
action in this episode is:  [[92, 182, 98], [200, 61, 166], [196, 197, 108], [147, 105, 49]]
present:  [92, 200, 61, 196, 108, 147]
episode total reward is:  8.15
secondary loss is:  0.31857097148895264
---------------------------------------------------------------
train episode:  61
eps in this episode is:  0.1
eps_wstart in this episode is:  0
action in this episode is:  [[92, 182, 200], [61, 166, 196], [197, 108, 147], [105, 190, 201]]
present:  [61, 197, 105, 190]
episode total reward is:  8.472
secondary loss is:  3.360919952392578
---------------------------------------------------------------
train episode:  62
eps in this episode is:  0.1
eps_wstart in this episode is:  0
action in this episode is:  [[92, 182, 200], [61, 166, 196], [197, 108, 147], [105, 190, 192]]
present:  [200, 166, 197, 147, 192]
episode total reward is:  11.574
secondary loss is:  0.381435751914978
---------------------------------------------------------------
train episode:  63
eps in this episode is:  0.1
eps_wstart in this episode is:  0
action in this episode is:  [[92, 182, 200], [61, 166, 196], [197, 108, 147], [105, 190, 192]]
present:  [92, 200, 166, 196, 147, 105, 190, 192]
episode total reward is:  10.865
secondary loss is:  0.15443822741508484
---------------------------------------------------------------
train episode:  64
eps in this episode is:  0.1
eps_wstart in this episode is:  0
action in this episode is:  [[92, 182, 200], [0, 61, 166], [86, 196, 197], [108, 147, 105]]
present:  [92, 182, 200, 0, 61, 166, 86, 105]
episode total reward is:  4.121
secondary loss is:  1.613812804222107
---------------------------------------------------------------
train episode:  65
eps in this episode is:  0.1
eps_wstart in this episode is:  0
action in this episode is:  [[92, 182, 183], [200, 61, 166], [196, 197, 108], [147, 105, 190]]
present:  [92, 61, 196, 197, 105]
episode total reward is:  5.315
secondary loss is:  0.8669410347938538
---------------------------------------------------------------
train episode:  66
eps in this episode is:  0.1
eps_wstart in this episode is:  0
action in this episode is:  [[92, 90, 200], [182, 61, 166], [196, 197, 108], [173, 147, 52]]
present:  [90, 200, 182, 61, 197, 108]
episode total reward is:  5.552
secondary loss is:  0.020858295261859894
---------------------------------------------------------------
train episode:  67
eps in this episode is:  0.1
eps_wstart in this episode is:  0
action in this episode is:  [[92, 200, 182], [166, 61, 196], [197, 108, 147], [105, 190, 192]]
present:  [92, 182, 166, 197, 147, 105, 192]
episode total reward is:  6.895
secondary loss is:  0.9140554666519165
---------------------------------------------------------------
train episode:  68
eps in this episode is:  0.1
eps_wstart in this episode is:  0
action in this episode is:  [[163, 92, 200], [182, 166, 61], [196, 39, 197], [108, 147, 105]]
present:  [92, 182, 39, 197, 108, 147, 105]
episode total reward is:  5.148
secondary loss is:  1.0403228998184204
---------------------------------------------------------------
train episode:  69
eps in this episode is:  0.1
eps_wstart in this episode is:  0
action in this episode is:  [[92, 200, 182], [166, 61, 196], [197, 108, 147], [40, 105, 190]]
present:  [200, 166, 61, 108, 105, 190]
episode total reward is:  7.163
secondary loss is:  0.22127428650856018
---------------------------------------------------------------
train episode:  70
eps in this episode is:  0.1
eps_wstart in this episode is:  0
action in this episode is:  [[92, 200, 182], [166, 61, 196], [197, 108, 112], [19, 147, 105]]
present:  [92, 200, 166, 61, 108, 105]
episode total reward is:  7.148
secondary loss is:  28.2752628326416
---------------------------------------------------------------
train episode:  71
eps in this episode is:  0.1
eps_wstart in this episode is:  0
action in this episode is:  [[92, 200, 182], [166, 61, 196], [197, 108, 147], [105, 190, 192]]
present:  [92, 200, 61, 196, 108, 190, 192]
episode total reward is:  5.016
secondary loss is:  15.684009552001953
---------------------------------------------------------------
train episode:  72
eps in this episode is:  0.1
eps_wstart in this episode is:  0
action in this episode is:  [[92, 200, 182], [166, 61, 196], [197, 108, 147], [105, 190, 79]]
present:  [197, 105, 190]
episode total reward is:  7.008
secondary loss is:  4.141796112060547
---------------------------------------------------------------
train episode:  73
eps in this episode is:  0.1
eps_wstart in this episode is:  0
action in this episode is:  [[92, 200, 9], [182, 166, 61], [196, 197, 108], [147, 105, 190]]
present:  [92, 200, 9, 182, 61, 108, 147, 105]
episode total reward is:  10.189
secondary loss is:  3.0886263847351074
---------------------------------------------------------------
train episode:  74
eps in this episode is:  0.1
eps_wstart in this episode is:  0
action in this episode is:  [[92, 200, 182], [166, 61, 196], [197, 108, 147], [105, 119, 190]]
present:  [92, 200, 182, 196, 108, 147, 105, 119]
episode total reward is:  7.318
secondary loss is:  2.374892234802246
---------------------------------------------------------------
train episode:  75
eps in this episode is:  0.1
eps_wstart in this episode is:  0
action in this episode is:  [[92, 200, 182], [115, 166, 61], [2, 196, 197], [108, 147, 62]]
present:  [200, 115, 61, 197, 108, 147, 62]
episode total reward is:  9.197
secondary loss is:  3.532182216644287
---------------------------------------------------------------
train episode:  76
eps in this episode is:  0.1
eps_wstart in this episode is:  0
action in this episode is:  [[92, 200, 182], [166, 61, 196], [197, 155, 108], [147, 105, 17]]
present:  [92, 200, 166, 61, 196, 197, 155, 105, 17]
episode total reward is:  6.223
secondary loss is:  1.865046501159668
---------------------------------------------------------------
train episode:  77
eps in this episode is:  0.1
eps_wstart in this episode is:  0
action in this episode is:  [[92, 76, 200], [7, 182, 166], [61, 196, 197], [108, 147, 105]]
present:  [76, 7, 182, 61, 196, 197]
episode total reward is:  7.027
secondary loss is:  0.7203315496444702
---------------------------------------------------------------
train episode:  78
eps in this episode is:  0.1
eps_wstart in this episode is:  0
action in this episode is:  [[92, 200, 182], [166, 61, 196], [197, 108, 147], [105, 190, 192]]
present:  [166, 197, 190]
episode total reward is:  7.135
secondary loss is:  4.299792999518104e-05
---------------------------------------------------------------
train episode:  79
eps in this episode is:  0.1
eps_wstart in this episode is:  0
action in this episode is:  [[92, 200, 182], [61, 166, 196], [197, 108, 147], [105, 190, 192]]
present:  [92, 182, 61, 166, 147, 105, 192]
episode total reward is:  4.003
secondary loss is:  2.2995762825012207
---------------------------------------------------------------
train episode:  80
eps in this episode is:  0.1
eps_wstart in this episode is:  0
action in this episode is:  [[92, 200, 182], [61, 166, 196], [197, 108, 147], [105, 190, 87]]
present:  [200, 61, 147, 105, 190]
episode total reward is:  9.031
secondary loss is:  4.64252480014693e-05
---------------------------------------------------------------
train episode:  81
eps in this episode is:  0.1
eps_wstart in this episode is:  0
action in this episode is:  [[190, 92, 182], [200, 61, 166], [126, 196, 197], [118, 108, 147]]
present:  [190, 200, 61, 166, 196, 147]
episode total reward is:  10.239
secondary loss is:  1.7043532133102417
---------------------------------------------------------------
train episode:  82
eps in this episode is:  0.1
eps_wstart in this episode is:  0
action in this episode is:  [[92, 182, 200], [47, 61, 166], [196, 32, 197], [108, 147, 105]]
present:  [92, 182, 200, 47, 61, 166, 197]
episode total reward is:  9.218
secondary loss is:  0.07291252166032791
---------------------------------------------------------------
train episode:  83
eps in this episode is:  0.1
eps_wstart in this episode is:  0
action in this episode is:  [[92, 182, 200], [61, 166, 196], [94, 197, 53], [108, 147, 172]]
present:  [182, 200, 61, 196, 94, 53, 108, 172]
episode total reward is:  5.225
secondary loss is:  20.007766723632812
---------------------------------------------------------------
train episode:  84
eps in this episode is:  0.1
eps_wstart in this episode is:  0
action in this episode is:  [[92, 182, 200], [61, 166, 196], [197, 108, 147], [105, 190, 192]]
present:  [182, 166, 197, 105]
episode total reward is:  11.383
secondary loss is:  0.027580002322793007
---------------------------------------------------------------
train episode:  85
eps in this episode is:  0.1
eps_wstart in this episode is:  0
action in this episode is:  [[92, 182, 200], [61, 166, 146], [196, 197, 108], [147, 149, 105]]
present:  [182, 200, 61, 108]
episode total reward is:  7.456
secondary loss is:  0.9032784700393677
---------------------------------------------------------------
train episode:  86
eps in this episode is:  0.1
eps_wstart in this episode is:  0
action in this episode is:  [[92, 182, 200], [57, 61, 166], [196, 197, 108], [147, 105, 190]]
present:  [92, 182, 61, 166, 147, 105, 190]
episode total reward is:  6.211
secondary loss is:  0.008210665546357632
---------------------------------------------------------------
train episode:  87
eps in this episode is:  0.1
eps_wstart in this episode is:  0
action in this episode is:  [[92, 182, 200], [61, 166, 184], [196, 197, 94], [108, 147, 105]]
present:  [92, 61, 184, 94, 105]
episode total reward is:  6.726
secondary loss is:  0.09530496597290039
---------------------------------------------------------------
train episode:  88
eps in this episode is:  0.1
eps_wstart in this episode is:  0
action in this episode is:  [[92, 182, 200], [61, 166, 196], [197, 108, 147], [105, 190, 192]]
present:  [182, 200, 196, 108, 190]
episode total reward is:  11.771
secondary loss is:  0.3281361162662506
---------------------------------------------------------------
train episode:  89
eps in this episode is:  0.1
eps_wstart in this episode is:  0
action in this episode is:  [[92, 182, 200], [61, 166, 196], [197, 108, 147], [115, 105, 190]]
present:  [92, 182, 197, 115, 190]
episode total reward is:  6.32
secondary loss is:  0.41273802518844604
---------------------------------------------------------------
train episode:  90
eps in this episode is:  0.1
eps_wstart in this episode is:  0
action in this episode is:  [[92, 182, 200], [61, 166, 196], [197, 108, 147], [172, 105, 104]]
present:  [92, 182, 166, 196, 197, 108, 147, 104]
episode total reward is:  6.22
secondary loss is:  0.01819213107228279
---------------------------------------------------------------
train episode:  91
eps in this episode is:  0.1
eps_wstart in this episode is:  0
action in this episode is:  [[92, 98, 182], [200, 61, 166], [38, 196, 197], [108, 147, 105]]
present:  [92, 182, 200, 196, 108, 147, 105]
episode total reward is:  4.02
secondary loss is:  0.2744632661342621
---------------------------------------------------------------
train episode:  92
eps in this episode is:  0.1
eps_wstart in this episode is:  0
action in this episode is:  [[92, 182, 200], [61, 166, 196], [197, 108, 147], [105, 190, 192]]
present:  [92, 182, 108, 105, 192]
episode total reward is:  5.03
secondary loss is:  0.0156860388815403
---------------------------------------------------------------
train episode:  93
eps in this episode is:  0.1
eps_wstart in this episode is:  0
action in this episode is:  [[92, 182, 200], [61, 166, 196], [197, 108, 147], [105, 190, 192]]
present:  [92, 200, 61, 166, 196, 147, 105, 192]
episode total reward is:  4.007
secondary loss is:  0.5078668594360352
---------------------------------------------------------------
train episode:  94
eps in this episode is:  0.1
eps_wstart in this episode is:  0
action in this episode is:  [[20, 92, 182], [200, 61, 166], [196, 197, 108], [147, 105, 190]]
present:  [20, 61, 196, 197, 147, 105, 190]
episode total reward is:  5.159
secondary loss is:  0.1254938542842865
---------------------------------------------------------------
train episode:  95
eps in this episode is:  0.1
eps_wstart in this episode is:  0
action in this episode is:  [[92, 182, 200], [61, 166, 196], [197, 9, 108], [147, 105, 190]]
present:  [61, 166, 197, 9, 108, 147]
episode total reward is:  10.416
secondary loss is:  0.7168220281600952
---------------------------------------------------------------
train episode:  96
eps in this episode is:  0.1
eps_wstart in this episode is:  0
action in this episode is:  [[92, 182, 200], [61, 166, 196], [197, 130, 108], [96, 147, 105]]
present:  [200, 166, 196, 197, 130, 147]
episode total reward is:  7.138
secondary loss is:  0.35596004128456116
---------------------------------------------------------------
train episode:  97
eps in this episode is:  0.1
eps_wstart in this episode is:  0
action in this episode is:  [[92, 182, 200], [61, 166, 190], [196, 197, 108], [147, 105, 192]]
present:  [92, 200, 166, 190, 197, 105, 192]
episode total reward is:  9.369
secondary loss is:  0.02480720914900303
---------------------------------------------------------------
train episode:  98
eps in this episode is:  0.1
eps_wstart in this episode is:  0
action in this episode is:  [[92, 182, 200], [61, 166, 196], [197, 108, 184], [147, 105, 190]]
present:  [92, 182, 200, 197, 108, 184, 105, 190]
episode total reward is:  6.016
secondary loss is:  0.05323933809995651
---------------------------------------------------------------
train episode:  99
runtime is:  1394.1702301502228
eps in this episode is:  0.1
eps_wstart in this episode is:  0
action in this episode is:  [[92, 119, 182], [200, 61, 166], [196, 197, 108], [147, 150, 105]]
present:  [119, 200, 197, 108, 147, 150, 105]
episode total reward is:  4.121
secondary loss is:  0.1560787707567215




testing
---------------------------------------------------------------
test episode:  0
action in this episode is:  [[92, 182, 200], [61, 166, 196], [197, 108, 147], [105, 190, 192]]
episode total reward is:  5.122
---------------------------------------------------------------
test episode:  1
action in this episode is:  [[92, 182, 200], [61, 166, 196], [197, 108, 147], [105, 190, 192]]
episode total reward is:  3.002
---------------------------------------------------------------
test episode:  2
action in this episode is:  [[92, 182, 200], [61, 166, 196], [197, 108, 147], [105, 190, 192]]
episode total reward is:  7.034
---------------------------------------------------------------
test episode:  3
action in this episode is:  [[92, 182, 200], [61, 166, 196], [197, 108, 147], [105, 190, 192]]
episode total reward is:  3.004
---------------------------------------------------------------
test episode:  4
action in this episode is:  [[92, 182, 200], [61, 166, 196], [197, 108, 147], [105, 190, 192]]
episode total reward is:  4.008
---------------------------------------------------------------
test episode:  5
action in this episode is:  [[92, 182, 200], [61, 166, 196], [197, 108, 147], [105, 190, 192]]
episode total reward is:  7.416
---------------------------------------------------------------
test episode:  6
action in this episode is:  [[92, 182, 200], [61, 166, 196], [197, 108, 147], [105, 190, 192]]
episode total reward is:  6.131
---------------------------------------------------------------
test episode:  7
action in this episode is:  [[92, 182, 200], [61, 166, 196], [197, 108, 147], [105, 190, 192]]
episode total reward is:  6.035
---------------------------------------------------------------
test episode:  8
action in this episode is:  [[92, 182, 200], [61, 166, 196], [197, 108, 147], [105, 190, 192]]
episode total reward is:  8.245
---------------------------------------------------------------
test episode:  9
action in this episode is:  [[92, 182, 200], [61, 166, 196], [197, 108, 147], [105, 190, 192]]
episode total reward is:  6.358
average reward: 5.635499999999999
reward std: 1.7214863490600207
