chosen graph:  India
cascade model is:  DIC
device is:  cuda
---------------------------------------------------------------
train episode:  0
eps in this episode is:  0.3
eps_wstart in this episode is:  0.295
action in this episode is:  [[62, 83, 59], [92, 200, 166], [93, 50, 24], [95, 82, 9]]
episode total reward is:  16.214
---------------------------------------------------------------
train episode:  1
eps in this episode is:  0.295
eps_wstart in this episode is:  0.29
action in this episode is:  [[92, 116, 200], [166, 182, 163], [196, 61, 197], [62, 83, 59]]
episode total reward is:  12.541
---------------------------------------------------------------
train episode:  2
eps in this episode is:  0.29
eps_wstart in this episode is:  0.285
action in this episode is:  [[92, 192, 200], [62, 83, 59], [93, 50, 24], [166, 182, 196]]
episode total reward is:  14.821
---------------------------------------------------------------
train episode:  3
eps in this episode is:  0.285
eps_wstart in this episode is:  0.27999999999999997
action in this episode is:  [[62, 83, 59], [93, 50, 24], [107, 160, 89], [92, 17, 200]]
episode total reward is:  14.983
---------------------------------------------------------------
train episode:  4
eps in this episode is:  0.27999999999999997
eps_wstart in this episode is:  0.27499999999999997
action in this episode is:  [[92, 200, 166], [182, 191, 154], [196, 197, 61], [62, 83, 59]]
episode total reward is:  12.46
---------------------------------------------------------------
train episode:  5
eps in this episode is:  0.27499999999999997
eps_wstart in this episode is:  0.26999999999999996
action in this episode is:  [[183, 92, 200], [166, 155, 182], [138, 196, 197], [62, 83, 59]]
episode total reward is:  12.771
---------------------------------------------------------------
train episode:  6
eps in this episode is:  0.27
eps_wstart in this episode is:  0.26499999999999996
action in this episode is:  [[92, 200, 166], [62, 83, 59], [182, 196, 197], [61, 26, 147]]
episode total reward is:  12.577
---------------------------------------------------------------
train episode:  7
eps in this episode is:  0.265
eps_wstart in this episode is:  0.25999999999999995
action in this episode is:  [[92, 200, 184], [166, 9, 182], [187, 196, 61], [197, 108, 147]]
episode total reward is:  12.199
---------------------------------------------------------------
train episode:  8
eps in this episode is:  0.26
eps_wstart in this episode is:  0.25499999999999995
action in this episode is:  [[92, 200, 166], [182, 196, 73], [197, 61, 108], [52, 147, 134]]
episode total reward is:  12.25
---------------------------------------------------------------
train episode:  9
eps in this episode is:  0.255
eps_wstart in this episode is:  0.24999999999999994
action in this episode is:  [[122, 92, 72], [200, 166, 182], [196, 140, 132], [198, 197, 164]]
episode total reward is:  12.061
---------------------------------------------------------------
train episode:  10
eps in this episode is:  0.25
eps_wstart in this episode is:  0.24499999999999994
action in this episode is:  [[92, 200, 166], [182, 167, 196], [87, 197, 164], [62, 83, 59]]
episode total reward is:  12.831
secondary loss is:  60.12936782836914
---------------------------------------------------------------
train episode:  11
eps in this episode is:  0.245
eps_wstart in this episode is:  0.23999999999999994
action in this episode is:  [[196, 92, 200], [166, 23, 182], [197, 61, 108], [147, 190, 18]]
episode total reward is:  12.07
secondary loss is:  42.474205017089844
---------------------------------------------------------------
train episode:  12
eps in this episode is:  0.24
eps_wstart in this episode is:  0.23499999999999993
action in this episode is:  [[110, 92, 200], [166, 182, 196], [62, 83, 59], [93, 50, 24]]
episode total reward is:  14.828
secondary loss is:  10.798486709594727
---------------------------------------------------------------
train episode:  13
eps in this episode is:  0.235
eps_wstart in this episode is:  0.22999999999999993
action in this episode is:  [[92, 200, 166], [182, 196, 150], [197, 61, 135], [62, 83, 59]]
episode total reward is:  12.617
secondary loss is:  7.184864521026611
---------------------------------------------------------------
train episode:  14
eps in this episode is:  0.22999999999999998
eps_wstart in this episode is:  0.22499999999999992
action in this episode is:  [[92, 200, 166], [182, 196, 197], [61, 147, 108], [190, 25, 172]]
episode total reward is:  12.055
secondary loss is:  4.496747970581055
---------------------------------------------------------------
train episode:  15
eps in this episode is:  0.22499999999999998
eps_wstart in this episode is:  0.21999999999999992
action in this episode is:  [[92, 119, 200], [62, 83, 59], [166, 174, 64], [182, 196, 197]]
episode total reward is:  12.861
secondary loss is:  1.19407320022583
---------------------------------------------------------------
train episode:  16
eps in this episode is:  0.21999999999999997
eps_wstart in this episode is:  0.2149999999999999
action in this episode is:  [[62, 83, 59], [92, 200, 166], [182, 196, 124], [197, 61, 147]]
episode total reward is:  12.604
secondary loss is:  0.09778030216693878
---------------------------------------------------------------
train episode:  17
eps in this episode is:  0.21499999999999997
eps_wstart in this episode is:  0.2099999999999999
action in this episode is:  [[92, 200, 172], [35, 166, 182], [198, 196, 129], [181, 197, 116]]
episode total reward is:  12.344
secondary loss is:  0.5155094861984253
---------------------------------------------------------------
train episode:  18
eps in this episode is:  0.21
eps_wstart in this episode is:  0.2049999999999999
action in this episode is:  [[62, 83, 59], [92, 143, 12], [120, 200, 166], [24, 182, 196]]
episode total reward is:  13.835
secondary loss is:  1.5704548358917236
---------------------------------------------------------------
train episode:  19
eps in this episode is:  0.205
eps_wstart in this episode is:  0.1999999999999999
action in this episode is:  [[62, 83, 59], [92, 200, 166], [182, 3, 196], [197, 61, 147]]
episode total reward is:  12.953
secondary loss is:  5.183979034423828
---------------------------------------------------------------
train episode:  20
eps in this episode is:  0.19999999999999998
eps_wstart in this episode is:  0.1949999999999999
action in this episode is:  [[92, 200, 166], [182, 196, 197], [86, 61, 147], [43, 108, 190]]
episode total reward is:  12.044
secondary loss is:  3.113429546356201
---------------------------------------------------------------
train episode:  21
eps in this episode is:  0.195
eps_wstart in this episode is:  0.1899999999999999
action in this episode is:  [[21, 92, 200], [166, 182, 196], [62, 83, 59], [58, 197, 61]]
episode total reward is:  12.409
secondary loss is:  2.4062886238098145
---------------------------------------------------------------
train episode:  22
eps in this episode is:  0.19
eps_wstart in this episode is:  0.1849999999999999
action in this episode is:  [[92, 200, 166], [182, 196, 177], [197, 30, 61], [147, 108, 190]]
episode total reward is:  12.196
secondary loss is:  5.749045372009277
---------------------------------------------------------------
train episode:  23
eps in this episode is:  0.185
eps_wstart in this episode is:  0.17999999999999988
action in this episode is:  [[62, 83, 59], [93, 50, 24], [92, 200, 166], [182, 110, 196]]
episode total reward is:  14.848
secondary loss is:  9.39222526550293
---------------------------------------------------------------
train episode:  24
eps in this episode is:  0.18
eps_wstart in this episode is:  0.17499999999999988
action in this episode is:  [[134, 92, 200], [166, 119, 182], [151, 2, 196], [197, 61, 147]]
episode total reward is:  12.094
secondary loss is:  6.5479044914245605
---------------------------------------------------------------
train episode:  25
eps in this episode is:  0.175
eps_wstart in this episode is:  0.16999999999999987
action in this episode is:  [[62, 83, 59], [93, 50, 24], [95, 82, 9], [178, 6, 91]]
episode total reward is:  17.285
secondary loss is:  2.7106070518493652
---------------------------------------------------------------
train episode:  26
eps in this episode is:  0.16999999999999998
eps_wstart in this episode is:  0.16499999999999987
action in this episode is:  [[92, 200, 166], [182, 196, 197], [62, 83, 59], [61, 64, 147]]
episode total reward is:  12.459
secondary loss is:  5.454936981201172
---------------------------------------------------------------
train episode:  27
eps in this episode is:  0.16499999999999998
eps_wstart in this episode is:  0.15999999999999986
action in this episode is:  [[92, 200, 198], [166, 96, 182], [196, 178, 197], [37, 22, 61]]
episode total reward is:  12.222
secondary loss is:  2.695683479309082
---------------------------------------------------------------
train episode:  28
eps in this episode is:  0.15999999999999998
eps_wstart in this episode is:  0.15499999999999986
action in this episode is:  [[92, 200, 166], [41, 182, 196], [197, 61, 99], [62, 83, 59]]
episode total reward is:  12.652
secondary loss is:  2.5000112056732178
---------------------------------------------------------------
train episode:  29
eps in this episode is:  0.155
eps_wstart in this episode is:  0.14999999999999986
action in this episode is:  [[143, 92, 200], [166, 182, 196], [197, 61, 147], [108, 190, 154]]
episode total reward is:  12.082
secondary loss is:  0.7504494190216064
---------------------------------------------------------------
train episode:  30
eps in this episode is:  0.15
eps_wstart in this episode is:  0.14499999999999985
action in this episode is:  [[92, 200, 166], [182, 196, 197], [61, 147, 108], [190, 154, 33]]
episode total reward is:  12.048
secondary loss is:  0.42970702052116394
---------------------------------------------------------------
train episode:  31
eps in this episode is:  0.145
eps_wstart in this episode is:  0.13999999999999985
action in this episode is:  [[92, 200, 166], [182, 196, 197], [61, 147, 75], [108, 190, 100]]
episode total reward is:  12.327
secondary loss is:  0.03922607749700546
---------------------------------------------------------------
train episode:  32
eps in this episode is:  0.13999999999999999
eps_wstart in this episode is:  0.13499999999999984
action in this episode is:  [[92, 200, 166], [182, 196, 197], [61, 147, 108], [190, 154, 33]]
episode total reward is:  12.032
secondary loss is:  0.3663368225097656
---------------------------------------------------------------
train episode:  33
eps in this episode is:  0.13499999999999998
eps_wstart in this episode is:  0.12999999999999984
action in this episode is:  [[62, 83, 59], [92, 200, 163], [166, 182, 196], [197, 61, 76]]
episode total reward is:  12.603
secondary loss is:  0.7246584296226501
---------------------------------------------------------------
train episode:  34
eps in this episode is:  0.12999999999999998
eps_wstart in this episode is:  0.12499999999999983
action in this episode is:  [[92, 200, 126], [166, 182, 196], [197, 170, 61], [147, 108, 190]]
episode total reward is:  12.164
secondary loss is:  1.4888020753860474
---------------------------------------------------------------
train episode:  35
eps in this episode is:  0.12499999999999997
eps_wstart in this episode is:  0.11999999999999983
action in this episode is:  [[92, 200, 166], [182, 196, 197], [61, 147, 108], [190, 154, 33]]
episode total reward is:  12.037
secondary loss is:  2.055797576904297
---------------------------------------------------------------
train episode:  36
eps in this episode is:  0.12
eps_wstart in this episode is:  0.11499999999999982
action in this episode is:  [[92, 200, 166], [182, 196, 151], [197, 61, 147], [185, 108, 190]]
episode total reward is:  12.179
secondary loss is:  1.5003670454025269
---------------------------------------------------------------
train episode:  37
eps in this episode is:  0.11499999999999999
eps_wstart in this episode is:  0.10999999999999982
action in this episode is:  [[92, 200, 147], [166, 182, 196], [197, 61, 108], [190, 154, 33]]
episode total reward is:  12.05
secondary loss is:  1.2277514934539795
---------------------------------------------------------------
train episode:  38
eps in this episode is:  0.10999999999999999
eps_wstart in this episode is:  0.10499999999999982
action in this episode is:  [[92, 200, 166], [182, 196, 27], [62, 83, 59], [197, 61, 147]]
episode total reward is:  12.405
secondary loss is:  1.120203971862793
---------------------------------------------------------------
train episode:  39
eps in this episode is:  0.10499999999999998
eps_wstart in this episode is:  0.09999999999999981
action in this episode is:  [[92, 200, 166], [59, 182, 196], [197, 61, 147], [108, 190, 154]]
episode total reward is:  12.141
secondary loss is:  1.4835773706436157
---------------------------------------------------------------
train episode:  40
eps in this episode is:  0.1
eps_wstart in this episode is:  0.0949999999999998
action in this episode is:  [[92, 200, 166], [182, 88, 196], [197, 61, 147], [108, 190, 154]]
episode total reward is:  12.04
secondary loss is:  1.0287184715270996
---------------------------------------------------------------
train episode:  41
eps in this episode is:  0.1
eps_wstart in this episode is:  0.0899999999999998
action in this episode is:  [[92, 200, 166], [182, 196, 197], [61, 147, 108], [190, 154, 33]]
episode total reward is:  12.037
secondary loss is:  0.37333983182907104
---------------------------------------------------------------
train episode:  42
eps in this episode is:  0.1
eps_wstart in this episode is:  0.0849999999999998
action in this episode is:  [[6, 92, 200], [166, 182, 196], [197, 61, 147], [108, 158, 190]]
episode total reward is:  12.085
secondary loss is:  0.3999747037887573
---------------------------------------------------------------
train episode:  43
eps in this episode is:  0.1
eps_wstart in this episode is:  0.0799999999999998
action in this episode is:  [[92, 200, 166], [182, 196, 197], [61, 147, 108], [190, 154, 33]]
episode total reward is:  12.041
secondary loss is:  0.4127417206764221
---------------------------------------------------------------
train episode:  44
eps in this episode is:  0.1
eps_wstart in this episode is:  0.07499999999999979
action in this episode is:  [[62, 83, 59], [93, 50, 24], [92, 174, 200], [166, 182, 196]]
episode total reward is:  15.664
secondary loss is:  0.11421279609203339
---------------------------------------------------------------
train episode:  45
eps in this episode is:  0.1
eps_wstart in this episode is:  0.06999999999999978
action in this episode is:  [[92, 200, 166], [182, 196, 197], [62, 83, 59], [61, 147, 108]]
episode total reward is:  12.483
secondary loss is:  0.11255432665348053
---------------------------------------------------------------
train episode:  46
eps in this episode is:  0.1
eps_wstart in this episode is:  0.06499999999999978
action in this episode is:  [[92, 200, 166], [182, 196, 197], [61, 147, 108], [190, 154, 33]]
episode total reward is:  12.032
secondary loss is:  0.3827206790447235
---------------------------------------------------------------
train episode:  47
eps in this episode is:  0.1
eps_wstart in this episode is:  0.05999999999999978
action in this episode is:  [[92, 200, 166], [182, 196, 197], [61, 147, 108], [190, 154, 33]]
episode total reward is:  12.033
secondary loss is:  0.12993699312210083
---------------------------------------------------------------
train episode:  48
eps in this episode is:  0.1
eps_wstart in this episode is:  0.054999999999999785
action in this episode is:  [[172, 92, 200], [166, 107, 182], [196, 191, 197], [61, 108, 147]]
episode total reward is:  12.074
secondary loss is:  0.14369060099124908
---------------------------------------------------------------
train episode:  49
eps in this episode is:  0.1
eps_wstart in this episode is:  0.04999999999999979
action in this episode is:  [[92, 200, 193], [166, 182, 196], [197, 201, 61], [147, 108, 190]]
episode total reward is:  12.035
secondary loss is:  0.6111181974411011
---------------------------------------------------------------
train episode:  50
eps in this episode is:  0.1
eps_wstart in this episode is:  0.04499999999999979
action in this episode is:  [[92, 14, 200], [166, 182, 196], [197, 61, 147], [108, 190, 154]]
episode total reward is:  12.051
secondary loss is:  0.4288174510002136
---------------------------------------------------------------
train episode:  51
eps in this episode is:  0.1
eps_wstart in this episode is:  0.03999999999999979
action in this episode is:  [[92, 200, 166], [182, 196, 197], [61, 143, 93], [147, 108, 190]]
episode total reward is:  12.385
secondary loss is:  0.22466178238391876
---------------------------------------------------------------
train episode:  52
eps in this episode is:  0.1
eps_wstart in this episode is:  0.034999999999999795
action in this episode is:  [[92, 200, 166], [182, 130, 196], [197, 61, 147], [108, 22, 190]]
episode total reward is:  12.071
secondary loss is:  0.5663586258888245
---------------------------------------------------------------
train episode:  53
eps in this episode is:  0.1
eps_wstart in this episode is:  0.029999999999999794
action in this episode is:  [[92, 200, 166], [182, 196, 197], [61, 147, 108], [190, 154, 33]]
episode total reward is:  12.038
secondary loss is:  0.2793365716934204
---------------------------------------------------------------
train episode:  54
eps in this episode is:  0.1
eps_wstart in this episode is:  0.024999999999999793
action in this episode is:  [[92, 131, 200], [166, 182, 196], [197, 61, 147], [108, 190, 154]]
episode total reward is:  12.042
secondary loss is:  0.0845007672905922
---------------------------------------------------------------
train episode:  55
eps in this episode is:  0.1
eps_wstart in this episode is:  0.019999999999999792
action in this episode is:  [[92, 200, 166], [182, 196, 197], [19, 61, 147], [136, 108, 190]]
episode total reward is:  12.062
secondary loss is:  0.05134761333465576
---------------------------------------------------------------
train episode:  56
eps in this episode is:  0.1
eps_wstart in this episode is:  0.014999999999999791
action in this episode is:  [[92, 200, 166], [182, 196, 197], [61, 147, 108], [190, 154, 33]]
episode total reward is:  12.046
secondary loss is:  0.09377188980579376
---------------------------------------------------------------
train episode:  57
eps in this episode is:  0.1
eps_wstart in this episode is:  0.00999999999999979
action in this episode is:  [[92, 200, 166], [182, 196, 197], [61, 147, 108], [190, 171, 154]]
episode total reward is:  12.045
secondary loss is:  0.34699612855911255
---------------------------------------------------------------
train episode:  58
eps in this episode is:  0.1
eps_wstart in this episode is:  0.00499999999999979
action in this episode is:  [[92, 200, 166], [182, 196, 197], [61, 147, 22], [108, 190, 154]]
episode total reward is:  12.089
secondary loss is:  0.008749381639063358
---------------------------------------------------------------
train episode:  59
eps in this episode is:  0.1
eps_wstart in this episode is:  0
action in this episode is:  [[92, 200, 166], [182, 196, 197], [61, 147, 158], [108, 190, 154]]
episode total reward is:  12.064
secondary loss is:  0.14694051444530487
---------------------------------------------------------------
train episode:  60
eps in this episode is:  0.1
eps_wstart in this episode is:  0
action in this episode is:  [[92, 200, 87], [166, 182, 196], [197, 61, 147], [108, 190, 154]]
episode total reward is:  12.174
secondary loss is:  0.21009737253189087
---------------------------------------------------------------
train episode:  61
eps in this episode is:  0.1
eps_wstart in this episode is:  0
action in this episode is:  [[92, 200, 166], [182, 196, 197], [61, 165, 147], [108, 190, 154]]
episode total reward is:  12.177
secondary loss is:  0.08567242324352264
---------------------------------------------------------------
train episode:  62
eps in this episode is:  0.1
eps_wstart in this episode is:  0
action in this episode is:  [[92, 200, 166], [182, 196, 197], [61, 3, 147], [108, 132, 129]]
episode total reward is:  12.356
secondary loss is:  0.24118874967098236
---------------------------------------------------------------
train episode:  63
eps in this episode is:  0.1
eps_wstart in this episode is:  0
action in this episode is:  [[92, 200, 166], [182, 196, 197], [61, 147, 108], [121, 190, 154]]
episode total reward is:  12.148
secondary loss is:  0.1688590943813324
---------------------------------------------------------------
train episode:  64
eps in this episode is:  0.1
eps_wstart in this episode is:  0
action in this episode is:  [[181, 92, 200], [166, 182, 196], [197, 61, 147], [108, 190, 111]]
episode total reward is:  12.059
secondary loss is:  0.1810675859451294
---------------------------------------------------------------
train episode:  65
eps in this episode is:  0.1
eps_wstart in this episode is:  0
action in this episode is:  [[92, 158, 200], [166, 182, 196], [197, 61, 147], [108, 188, 190]]
episode total reward is:  12.2
secondary loss is:  0.11718183755874634
---------------------------------------------------------------
train episode:  66
eps in this episode is:  0.1
eps_wstart in this episode is:  0
action in this episode is:  [[92, 200, 166], [182, 196, 197], [61, 185, 147], [108, 158, 190]]
episode total reward is:  12.175
secondary loss is:  0.1830991804599762
---------------------------------------------------------------
train episode:  67
eps in this episode is:  0.1
eps_wstart in this episode is:  0
action in this episode is:  [[92, 200, 166], [182, 196, 131], [197, 61, 147], [108, 190, 154]]
episode total reward is:  12.056
secondary loss is:  0.12711013853549957
---------------------------------------------------------------
train episode:  68
eps in this episode is:  0.1
eps_wstart in this episode is:  0
action in this episode is:  [[92, 195, 200], [166, 182, 196], [197, 72, 61], [147, 108, 190]]
episode total reward is:  12.054
secondary loss is:  0.06934022903442383
---------------------------------------------------------------
train episode:  69
eps in this episode is:  0.1
eps_wstart in this episode is:  0
action in this episode is:  [[92, 200, 166], [182, 196, 197], [61, 147, 108], [190, 154, 33]]
episode total reward is:  12.036
secondary loss is:  0.15526503324508667
---------------------------------------------------------------
train episode:  70
eps in this episode is:  0.1
eps_wstart in this episode is:  0
action in this episode is:  [[92, 200, 166], [182, 196, 197], [61, 147, 108], [190, 154, 33]]
episode total reward is:  12.033
secondary loss is:  0.08953538537025452
---------------------------------------------------------------
train episode:  71
eps in this episode is:  0.1
eps_wstart in this episode is:  0
action in this episode is:  [[92, 200, 166], [182, 196, 197], [61, 147, 108], [88, 190, 154]]
episode total reward is:  12.042
secondary loss is:  0.02529488131403923
---------------------------------------------------------------
train episode:  72
eps in this episode is:  0.1
eps_wstart in this episode is:  0
action in this episode is:  [[92, 200, 83], [166, 182, 196], [197, 61, 147], [108, 190, 154]]
episode total reward is:  12.224
secondary loss is:  0.05203619599342346
---------------------------------------------------------------
train episode:  73
eps in this episode is:  0.1
eps_wstart in this episode is:  0
action in this episode is:  [[92, 200, 32], [166, 198, 182], [196, 194, 197], [61, 147, 108]]
episode total reward is:  12.208
secondary loss is:  0.014805818907916546
---------------------------------------------------------------
train episode:  74
eps in this episode is:  0.1
eps_wstart in this episode is:  0
action in this episode is:  [[92, 200, 166], [182, 196, 2], [197, 61, 147], [108, 190, 154]]
episode total reward is:  12.037
secondary loss is:  0.30370819568634033
---------------------------------------------------------------
train episode:  75
eps in this episode is:  0.1
eps_wstart in this episode is:  0
action in this episode is:  [[92, 200, 166], [182, 196, 197], [61, 147, 108], [39, 190, 154]]
episode total reward is:  12.176
secondary loss is:  0.11659937351942062
---------------------------------------------------------------
train episode:  76
eps in this episode is:  0.1
eps_wstart in this episode is:  0
action in this episode is:  [[92, 200, 128], [166, 182, 196], [197, 61, 147], [108, 190, 154]]
episode total reward is:  12.046
secondary loss is:  0.20760691165924072
---------------------------------------------------------------
train episode:  77
eps in this episode is:  0.1
eps_wstart in this episode is:  0
action in this episode is:  [[116, 92, 200], [166, 182, 58], [196, 197, 61], [147, 108, 190]]
episode total reward is:  12.049
secondary loss is:  0.003313456429168582
---------------------------------------------------------------
train episode:  78
eps in this episode is:  0.1
eps_wstart in this episode is:  0
action in this episode is:  [[92, 200, 166], [182, 75, 196], [197, 61, 147], [108, 190, 154]]
episode total reward is:  12.306
secondary loss is:  0.0023931171745061874
---------------------------------------------------------------
train episode:  79
eps in this episode is:  0.1
eps_wstart in this episode is:  0
action in this episode is:  [[92, 125, 200], [166, 182, 196], [197, 61, 147], [108, 190, 154]]
episode total reward is:  12.036
secondary loss is:  0.12247016280889511
---------------------------------------------------------------
train episode:  80
eps in this episode is:  0.1
eps_wstart in this episode is:  0
action in this episode is:  [[92, 200, 166], [182, 196, 197], [61, 72, 147], [108, 118, 190]]
episode total reward is:  12.045
secondary loss is:  0.5806881189346313
---------------------------------------------------------------
train episode:  81
eps in this episode is:  0.1
eps_wstart in this episode is:  0
action in this episode is:  [[92, 200, 166], [182, 196, 197], [61, 147, 108], [190, 154, 33]]
episode total reward is:  12.04
secondary loss is:  0.012740704230964184
---------------------------------------------------------------
train episode:  82
eps in this episode is:  0.1
eps_wstart in this episode is:  0
action in this episode is:  [[92, 200, 166], [182, 41, 196], [197, 20, 61], [147, 108, 190]]
episode total reward is:  12.067
secondary loss is:  0.017696525901556015
---------------------------------------------------------------
train episode:  83
eps in this episode is:  0.1
eps_wstart in this episode is:  0
action in this episode is:  [[92, 191, 200], [166, 182, 196], [197, 61, 147], [108, 190, 154]]
episode total reward is:  12.065
secondary loss is:  0.13296109437942505
---------------------------------------------------------------
train episode:  84
eps in this episode is:  0.1
eps_wstart in this episode is:  0
action in this episode is:  [[92, 200, 166], [150, 182, 196], [197, 61, 147], [108, 190, 154]]
episode total reward is:  12.039
secondary loss is:  0.03244446963071823
---------------------------------------------------------------
train episode:  85
eps in this episode is:  0.1
eps_wstart in this episode is:  0
action in this episode is:  [[92, 200, 151], [166, 182, 196], [197, 61, 147], [108, 190, 154]]
episode total reward is:  12.053
secondary loss is:  0.06424351036548615
---------------------------------------------------------------
train episode:  86
eps in this episode is:  0.1
eps_wstart in this episode is:  0
action in this episode is:  [[92, 200, 38], [166, 182, 196], [197, 61, 147], [108, 190, 154]]
episode total reward is:  12.048
secondary loss is:  0.05435612425208092
---------------------------------------------------------------
train episode:  87
eps in this episode is:  0.1
eps_wstart in this episode is:  0
action in this episode is:  [[92, 110, 200], [166, 182, 111], [196, 197, 61], [147, 108, 190]]
episode total reward is:  12.098
secondary loss is:  0.18941102921962738
---------------------------------------------------------------
train episode:  88
eps in this episode is:  0.1
eps_wstart in this episode is:  0
action in this episode is:  [[92, 200, 166], [182, 196, 197], [61, 181, 147], [108, 190, 154]]
episode total reward is:  12.056
secondary loss is:  0.019234852865338326
---------------------------------------------------------------
train episode:  89
eps in this episode is:  0.1
eps_wstart in this episode is:  0
action in this episode is:  [[92, 200, 166], [182, 196, 197], [61, 147, 108], [190, 154, 33]]
episode total reward is:  12.047
secondary loss is:  0.12839552760124207
---------------------------------------------------------------
train episode:  90
eps in this episode is:  0.1
eps_wstart in this episode is:  0
action in this episode is:  [[92, 200, 166], [182, 196, 197], [61, 163, 147], [108, 190, 116]]
episode total reward is:  12.057
secondary loss is:  0.005610996391624212
---------------------------------------------------------------
train episode:  91
eps in this episode is:  0.1
eps_wstart in this episode is:  0
action in this episode is:  [[92, 200, 166], [182, 196, 197], [61, 147, 108], [190, 154, 33]]
episode total reward is:  12.043
secondary loss is:  0.200364887714386
---------------------------------------------------------------
train episode:  92
eps in this episode is:  0.1
eps_wstart in this episode is:  0
action in this episode is:  [[92, 0, 200], [191, 166, 182], [196, 197, 61], [147, 108, 190]]
episode total reward is:  12.062
secondary loss is:  0.061985503882169724
---------------------------------------------------------------
train episode:  93
eps in this episode is:  0.1
eps_wstart in this episode is:  0
action in this episode is:  [[92, 200, 166], [182, 90, 172], [196, 197, 61], [147, 108, 190]]
episode total reward is:  12.195
secondary loss is:  0.0686398521065712
---------------------------------------------------------------
train episode:  94
eps in this episode is:  0.1
eps_wstart in this episode is:  0
action in this episode is:  [[92, 200, 166], [182, 196, 197], [60, 61, 147], [108, 190, 74]]
episode total reward is:  12.058
secondary loss is:  0.060415010899305344
---------------------------------------------------------------
train episode:  95
eps in this episode is:  0.1
eps_wstart in this episode is:  0
action in this episode is:  [[92, 200, 166], [182, 196, 197], [61, 147, 108], [190, 154, 33]]
episode total reward is:  12.034
secondary loss is:  0.0018379238899797201
---------------------------------------------------------------
train episode:  96
eps in this episode is:  0.1
eps_wstart in this episode is:  0
action in this episode is:  [[92, 200, 166], [182, 196, 197], [61, 147, 108], [190, 154, 146]]
episode total reward is:  12.048
secondary loss is:  0.10301631689071655
---------------------------------------------------------------
train episode:  97
eps in this episode is:  0.1
eps_wstart in this episode is:  0
action in this episode is:  [[92, 95, 200], [166, 182, 196], [126, 197, 61], [147, 108, 190]]
episode total reward is:  12.22
secondary loss is:  0.16599681973457336
---------------------------------------------------------------
train episode:  98
eps in this episode is:  0.1
eps_wstart in this episode is:  0
action in this episode is:  [[92, 200, 166], [182, 147, 196], [197, 61, 119], [118, 108, 190]]
episode total reward is:  12.078
secondary loss is:  0.15442587435245514
---------------------------------------------------------------
train episode:  99
runtime is:  5204.984206676483
eps in this episode is:  0.1
eps_wstart in this episode is:  0
action in this episode is:  [[92, 200, 166], [182, 196, 197], [61, 147, 108], [190, 86, 154]]
episode total reward is:  12.051
secondary loss is:  0.00848371721804142




testing
---------------------------------------------------------------
test episode:  0
action in this episode is:  [[92, 200, 166], [182, 196, 197], [61, 147, 108], [190, 154, 33]]
episode total reward is:  12.029
---------------------------------------------------------------
test episode:  1
action in this episode is:  [[92, 200, 166], [182, 196, 197], [61, 147, 108], [190, 154, 33]]
episode total reward is:  12.04
---------------------------------------------------------------
test episode:  2
action in this episode is:  [[92, 200, 166], [182, 196, 197], [61, 147, 108], [190, 154, 33]]
episode total reward is:  12.037
---------------------------------------------------------------
test episode:  3
action in this episode is:  [[92, 200, 166], [182, 196, 197], [61, 147, 108], [190, 154, 33]]
episode total reward is:  12.039
---------------------------------------------------------------
test episode:  4
action in this episode is:  [[92, 200, 166], [182, 196, 197], [61, 147, 108], [190, 154, 33]]
episode total reward is:  12.038
---------------------------------------------------------------
test episode:  5
action in this episode is:  [[92, 200, 166], [182, 196, 197], [61, 147, 108], [190, 154, 33]]
episode total reward is:  12.04
---------------------------------------------------------------
test episode:  6
action in this episode is:  [[92, 200, 166], [182, 196, 197], [61, 147, 108], [190, 154, 33]]
episode total reward is:  12.034
---------------------------------------------------------------
test episode:  7
action in this episode is:  [[92, 200, 166], [182, 196, 197], [61, 147, 108], [190, 154, 33]]
episode total reward is:  12.037
---------------------------------------------------------------
test episode:  8
action in this episode is:  [[92, 200, 166], [182, 196, 197], [61, 147, 108], [190, 154, 33]]
episode total reward is:  12.031
---------------------------------------------------------------
test episode:  9
action in this episode is:  [[92, 200, 166], [182, 196, 197], [61, 147, 108], [190, 154, 33]]
episode total reward is:  12.05
---------------------------------------------------------------
test episode:  10
action in this episode is:  [[92, 200, 166], [182, 196, 197], [61, 147, 108], [190, 154, 33]]
episode total reward is:  12.043
---------------------------------------------------------------
test episode:  11
action in this episode is:  [[92, 200, 166], [182, 196, 197], [61, 147, 108], [190, 154, 33]]
episode total reward is:  12.029
---------------------------------------------------------------
test episode:  12
action in this episode is:  [[92, 200, 166], [182, 196, 197], [61, 147, 108], [190, 154, 33]]
episode total reward is:  12.057
---------------------------------------------------------------
test episode:  13
action in this episode is:  [[92, 200, 166], [182, 196, 197], [61, 147, 108], [190, 154, 33]]
episode total reward is:  12.048
---------------------------------------------------------------
test episode:  14
action in this episode is:  [[92, 200, 166], [182, 196, 197], [61, 147, 108], [190, 154, 33]]
episode total reward is:  12.051
---------------------------------------------------------------
test episode:  15
action in this episode is:  [[92, 200, 166], [182, 196, 197], [61, 147, 108], [190, 154, 33]]
episode total reward is:  12.036
---------------------------------------------------------------
test episode:  16
action in this episode is:  [[92, 200, 166], [182, 196, 197], [61, 147, 108], [190, 154, 33]]
episode total reward is:  12.034
---------------------------------------------------------------
test episode:  17
action in this episode is:  [[92, 200, 166], [182, 196, 197], [61, 147, 108], [190, 154, 33]]
episode total reward is:  12.051
---------------------------------------------------------------
test episode:  18
action in this episode is:  [[92, 200, 166], [182, 196, 197], [61, 147, 108], [190, 154, 33]]
episode total reward is:  12.049
---------------------------------------------------------------
test episode:  19
action in this episode is:  [[92, 200, 166], [182, 196, 197], [61, 147, 108], [190, 154, 33]]
episode total reward is:  12.042
---------------------------------------------------------------
test episode:  20
action in this episode is:  [[92, 200, 166], [182, 196, 197], [61, 147, 108], [190, 154, 33]]
episode total reward is:  12.043
---------------------------------------------------------------
test episode:  21
action in this episode is:  [[92, 200, 166], [182, 196, 197], [61, 147, 108], [190, 154, 33]]
episode total reward is:  12.043
---------------------------------------------------------------
test episode:  22
action in this episode is:  [[92, 200, 166], [182, 196, 197], [61, 147, 108], [190, 154, 33]]
episode total reward is:  12.031
---------------------------------------------------------------
test episode:  23
action in this episode is:  [[92, 200, 166], [182, 196, 197], [61, 147, 108], [190, 154, 33]]
episode total reward is:  12.035
---------------------------------------------------------------
test episode:  24
action in this episode is:  [[92, 200, 166], [182, 196, 197], [61, 147, 108], [190, 154, 33]]
episode total reward is:  12.037
---------------------------------------------------------------
test episode:  25
action in this episode is:  [[92, 200, 166], [182, 196, 197], [61, 147, 108], [190, 154, 33]]
episode total reward is:  12.039
---------------------------------------------------------------
test episode:  26
action in this episode is:  [[92, 200, 166], [182, 196, 197], [61, 147, 108], [190, 154, 33]]
episode total reward is:  12.036
---------------------------------------------------------------
test episode:  27
action in this episode is:  [[92, 200, 166], [182, 196, 197], [61, 147, 108], [190, 154, 33]]
episode total reward is:  12.038
---------------------------------------------------------------
test episode:  28
action in this episode is:  [[92, 200, 166], [182, 196, 197], [61, 147, 108], [190, 154, 33]]
episode total reward is:  12.039
---------------------------------------------------------------
test episode:  29
action in this episode is:  [[92, 200, 166], [182, 196, 197], [61, 147, 108], [190, 154, 33]]
episode total reward is:  12.035
---------------------------------------------------------------
test episode:  30
action in this episode is:  [[92, 200, 166], [182, 196, 197], [61, 147, 108], [190, 154, 33]]
episode total reward is:  12.028
---------------------------------------------------------------
test episode:  31
action in this episode is:  [[92, 200, 166], [182, 196, 197], [61, 147, 108], [190, 154, 33]]
episode total reward is:  12.044
---------------------------------------------------------------
test episode:  32
action in this episode is:  [[92, 200, 166], [182, 196, 197], [61, 147, 108], [190, 154, 33]]
episode total reward is:  12.033
---------------------------------------------------------------
test episode:  33
action in this episode is:  [[92, 200, 166], [182, 196, 197], [61, 147, 108], [190, 154, 33]]
episode total reward is:  12.035
---------------------------------------------------------------
test episode:  34
action in this episode is:  [[92, 200, 166], [182, 196, 197], [61, 147, 108], [190, 154, 33]]
episode total reward is:  12.031
---------------------------------------------------------------
test episode:  35
action in this episode is:  [[92, 200, 166], [182, 196, 197], [61, 147, 108], [190, 154, 33]]
episode total reward is:  12.049
---------------------------------------------------------------
test episode:  36
action in this episode is:  [[92, 200, 166], [182, 196, 197], [61, 147, 108], [190, 154, 33]]
episode total reward is:  12.04
---------------------------------------------------------------
test episode:  37
action in this episode is:  [[92, 200, 166], [182, 196, 197], [61, 147, 108], [190, 154, 33]]
episode total reward is:  12.04
---------------------------------------------------------------
test episode:  38
action in this episode is:  [[92, 200, 166], [182, 196, 197], [61, 147, 108], [190, 154, 33]]
episode total reward is:  12.046
---------------------------------------------------------------
test episode:  39
action in this episode is:  [[92, 200, 166], [182, 196, 197], [61, 147, 108], [190, 154, 33]]
episode total reward is:  12.051
---------------------------------------------------------------
test episode:  40
action in this episode is:  [[92, 200, 166], [182, 196, 197], [61, 147, 108], [190, 154, 33]]
episode total reward is:  12.049
---------------------------------------------------------------
test episode:  41
action in this episode is:  [[92, 200, 166], [182, 196, 197], [61, 147, 108], [190, 154, 33]]
episode total reward is:  12.035
---------------------------------------------------------------
test episode:  42
action in this episode is:  [[92, 200, 166], [182, 196, 197], [61, 147, 108], [190, 154, 33]]
episode total reward is:  12.046
---------------------------------------------------------------
test episode:  43
action in this episode is:  [[92, 200, 166], [182, 196, 197], [61, 147, 108], [190, 154, 33]]
episode total reward is:  12.041
---------------------------------------------------------------
test episode:  44
action in this episode is:  [[92, 200, 166], [182, 196, 197], [61, 147, 108], [190, 154, 33]]
episode total reward is:  12.043
---------------------------------------------------------------
test episode:  45
action in this episode is:  [[92, 200, 166], [182, 196, 197], [61, 147, 108], [190, 154, 33]]
episode total reward is:  12.042
---------------------------------------------------------------
test episode:  46
action in this episode is:  [[92, 200, 166], [182, 196, 197], [61, 147, 108], [190, 154, 33]]
episode total reward is:  12.04
---------------------------------------------------------------
test episode:  47
action in this episode is:  [[92, 200, 166], [182, 196, 197], [61, 147, 108], [190, 154, 33]]
episode total reward is:  12.043
---------------------------------------------------------------
test episode:  48
action in this episode is:  [[92, 200, 166], [182, 196, 197], [61, 147, 108], [190, 154, 33]]
episode total reward is:  12.045
---------------------------------------------------------------
test episode:  49
action in this episode is:  [[92, 200, 166], [182, 196, 197], [61, 147, 108], [190, 154, 33]]
episode total reward is:  12.037
average reward: 12.040179999999998
reward std: 0.006562590951750551
