chosen graph:  India
cascade model is:  DIC
device is:  cuda
---------------------------------------------------------------
train episode:  0
eps in this episode is:  0.3
eps_wstart in this episode is:  0
action in this episode is:  [[92, 134, 61], [182, 105, 166], [106, 200, 69], [196, 190, 197]]
episode total reward is:  2.007
---------------------------------------------------------------
train episode:  1
eps in this episode is:  0.295
eps_wstart in this episode is:  0
action in this episode is:  [[200, 104, 86], [16, 92, 61], [37, 187, 182], [184, 105, 166]]
episode total reward is:  4.086
---------------------------------------------------------------
train episode:  2
eps in this episode is:  0.29
eps_wstart in this episode is:  0
action in this episode is:  [[92, 61, 183], [87, 182, 105], [166, 196, 200], [197, 54, 108]]
episode total reward is:  7.931
---------------------------------------------------------------
train episode:  3
eps in this episode is:  0.285
eps_wstart in this episode is:  0
action in this episode is:  [[92, 61, 182], [105, 166, 196], [197, 125, 178], [200, 54, 108]]
episode total reward is:  4.095
---------------------------------------------------------------
train episode:  4
eps in this episode is:  0.27999999999999997
eps_wstart in this episode is:  0
action in this episode is:  [[92, 61, 182], [105, 166, 196], [200, 53, 197], [54, 149, 98]]
episode total reward is:  12.258
---------------------------------------------------------------
train episode:  5
eps in this episode is:  0.27499999999999997
eps_wstart in this episode is:  0
action in this episode is:  [[92, 61, 182], [105, 157, 166], [200, 196, 197], [54, 19, 108]]
episode total reward is:  6.315
---------------------------------------------------------------
train episode:  6
eps in this episode is:  0.27
eps_wstart in this episode is:  0
action in this episode is:  [[92, 61, 182], [130, 99, 105], [166, 196, 185], [200, 197, 54]]
episode total reward is:  7.047
---------------------------------------------------------------
train episode:  7
eps in this episode is:  0.265
eps_wstart in this episode is:  0
action in this episode is:  [[8, 92, 54], [61, 182, 105], [186, 166, 197], [196, 131, 169]]
episode total reward is:  16.13
---------------------------------------------------------------
train episode:  8
eps in this episode is:  0.26
eps_wstart in this episode is:  0
action in this episode is:  [[92, 41, 71], [61, 182, 105], [166, 172, 196], [197, 200, 54]]
episode total reward is:  7.256
---------------------------------------------------------------
train episode:  9
eps in this episode is:  0.255
eps_wstart in this episode is:  0
action in this episode is:  [[92, 61, 182], [105, 140, 166], [196, 200, 156], [197, 152, 4]]
episode total reward is:  3.003
---------------------------------------------------------------
train episode:  10
eps in this episode is:  0.25
eps_wstart in this episode is:  0
action in this episode is:  [[108, 92, 61], [182, 105, 166], [196, 200, 197], [187, 54, 58]]
episode total reward is:  6.208
secondary loss is:  593.5475463867188
---------------------------------------------------------------
train episode:  11
eps in this episode is:  0.245
eps_wstart in this episode is:  0
action in this episode is:  [[92, 61, 182], [105, 166, 196], [200, 108, 197], [54, 73, 58]]
episode total reward is:  2.005
secondary loss is:  268.01202392578125
---------------------------------------------------------------
train episode:  12
eps in this episode is:  0.24
eps_wstart in this episode is:  0
action in this episode is:  [[92, 61, 87], [137, 182, 105], [166, 200, 83], [196, 197, 85]]
episode total reward is:  8.197
secondary loss is:  460.82012939453125
---------------------------------------------------------------
train episode:  13
eps in this episode is:  0.235
eps_wstart in this episode is:  0
action in this episode is:  [[64, 92, 61], [182, 105, 166], [196, 58, 69], [200, 197, 170]]
episode total reward is:  7.132
secondary loss is:  325.1913146972656
---------------------------------------------------------------
train episode:  14
eps in this episode is:  0.22999999999999998
eps_wstart in this episode is:  0
action in this episode is:  [[80, 40, 92], [140, 61, 98], [182, 105, 166], [196, 197, 200]]
episode total reward is:  6.113
secondary loss is:  329.930419921875
---------------------------------------------------------------
train episode:  15
eps in this episode is:  0.22499999999999998
eps_wstart in this episode is:  0
action in this episode is:  [[92, 61, 182], [105, 60, 166], [196, 66, 200], [197, 54, 108]]
episode total reward is:  10.715
secondary loss is:  363.47027587890625
---------------------------------------------------------------
train episode:  16
eps in this episode is:  0.21999999999999997
eps_wstart in this episode is:  0
action in this episode is:  [[92, 61, 182], [105, 166, 196], [200, 197, 54], [160, 108, 177]]
episode total reward is:  6.879
secondary loss is:  279.31939697265625
---------------------------------------------------------------
train episode:  17
eps in this episode is:  0.21499999999999997
eps_wstart in this episode is:  0
action in this episode is:  [[92, 13, 179], [61, 182, 105], [166, 196, 73], [197, 200, 153]]
episode total reward is:  7.434
secondary loss is:  172.01844787597656
---------------------------------------------------------------
train episode:  18
eps in this episode is:  0.21
eps_wstart in this episode is:  0
action in this episode is:  [[92, 61, 182], [105, 166, 171], [196, 115, 197], [157, 54, 200]]
episode total reward is:  5.165
secondary loss is:  182.7241668701172
---------------------------------------------------------------
train episode:  19
eps in this episode is:  0.205
eps_wstart in this episode is:  0
action in this episode is:  [[92, 61, 39], [182, 105, 166], [196, 200, 54], [197, 108, 58]]
episode total reward is:  3.005
secondary loss is:  129.86090087890625
---------------------------------------------------------------
train episode:  20
eps in this episode is:  0.19999999999999998
eps_wstart in this episode is:  0
action in this episode is:  [[90, 92, 61], [78, 182, 105], [166, 196, 54], [197, 200, 108]]
episode total reward is:  5.308
secondary loss is:  101.55220794677734
---------------------------------------------------------------
train episode:  21
eps in this episode is:  0.195
eps_wstart in this episode is:  0
action in this episode is:  [[92, 125, 61], [129, 182, 196], [105, 143, 126], [166, 54, 146]]
episode total reward is:  4.079
secondary loss is:  34.93706130981445
---------------------------------------------------------------
train episode:  22
eps in this episode is:  0.19
eps_wstart in this episode is:  0
action in this episode is:  [[161, 198, 92], [61, 182, 105], [166, 54, 196], [135, 197, 123]]
episode total reward is:  5.259
secondary loss is:  102.33426666259766
---------------------------------------------------------------
train episode:  23
eps in this episode is:  0.185
eps_wstart in this episode is:  0
action in this episode is:  [[61, 92, 182], [39, 105, 166], [54, 196, 67], [190, 197, 200]]
episode total reward is:  6.346
secondary loss is:  44.145233154296875
---------------------------------------------------------------
train episode:  24
eps in this episode is:  0.18
eps_wstart in this episode is:  0
action in this episode is:  [[61, 92, 27], [182, 105, 166], [54, 196, 197], [200, 108, 177]]
episode total reward is:  4.008
secondary loss is:  33.449031829833984
---------------------------------------------------------------
train episode:  25
eps in this episode is:  0.175
eps_wstart in this episode is:  0
action in this episode is:  [[38, 61, 92], [182, 105, 54], [64, 166, 112], [196, 197, 154]]
episode total reward is:  5.024
secondary loss is:  26.6002140045166
---------------------------------------------------------------
train episode:  26
eps in this episode is:  0.16999999999999998
eps_wstart in this episode is:  0
action in this episode is:  [[100, 61, 92], [182, 86, 105], [54, 166, 41], [196, 197, 200]]
episode total reward is:  5.016
secondary loss is:  24.88770866394043
---------------------------------------------------------------
train episode:  27
eps in this episode is:  0.16499999999999998
eps_wstart in this episode is:  0
action in this episode is:  [[61, 92, 182], [105, 54, 166], [196, 197, 200], [177, 108, 58]]
episode total reward is:  4.003
secondary loss is:  19.96453094482422
---------------------------------------------------------------
train episode:  28
eps in this episode is:  0.15999999999999998
eps_wstart in this episode is:  0
action in this episode is:  [[61, 92, 182], [105, 54, 184], [166, 196, 197], [55, 90, 3]]
episode total reward is:  11.338
secondary loss is:  5.587573051452637
---------------------------------------------------------------
train episode:  29
eps in this episode is:  0.155
eps_wstart in this episode is:  0
action in this episode is:  [[61, 92, 182], [105, 54, 166], [196, 197, 200], [177, 108, 58]]
episode total reward is:  3.011
secondary loss is:  3.3216142654418945
---------------------------------------------------------------
train episode:  30
eps in this episode is:  0.15
eps_wstart in this episode is:  0
action in this episode is:  [[133, 61, 92], [182, 105, 54], [166, 66, 196], [197, 177, 200]]
episode total reward is:  23.738
secondary loss is:  2.5642099380493164
---------------------------------------------------------------
train episode:  31
eps in this episode is:  0.145
eps_wstart in this episode is:  0
action in this episode is:  [[61, 92, 182], [105, 54, 167], [166, 196, 151], [197, 177, 200]]
episode total reward is:  10.642
secondary loss is:  0.8276838660240173
---------------------------------------------------------------
train episode:  32
eps in this episode is:  0.13999999999999999
eps_wstart in this episode is:  0
action in this episode is:  [[61, 92, 99], [182, 105, 54], [166, 196, 197], [177, 200, 108]]
episode total reward is:  5.119
secondary loss is:  3.182847261428833
---------------------------------------------------------------
train episode:  33
eps in this episode is:  0.13499999999999998
eps_wstart in this episode is:  0
action in this episode is:  [[61, 92, 182], [105, 54, 166], [196, 197, 115], [177, 200, 10]]
episode total reward is:  8.85
secondary loss is:  1.6587893962860107
---------------------------------------------------------------
train episode:  34
eps in this episode is:  0.12999999999999998
eps_wstart in this episode is:  0
action in this episode is:  [[168, 61, 182], [75, 139, 92], [105, 199, 131], [54, 166, 196]]
episode total reward is:  7.962
secondary loss is:  4.957423686981201
---------------------------------------------------------------
train episode:  35
eps in this episode is:  0.12499999999999997
eps_wstart in this episode is:  0
action in this episode is:  [[18, 61, 182], [92, 105, 54], [166, 196, 177], [197, 47, 200]]
episode total reward is:  6.129
secondary loss is:  3.2512078285217285
---------------------------------------------------------------
train episode:  36
eps in this episode is:  0.12
eps_wstart in this episode is:  0
action in this episode is:  [[61, 182, 92], [105, 54, 166], [196, 177, 197], [200, 73, 108]]
episode total reward is:  5.222
secondary loss is:  6.757758140563965
---------------------------------------------------------------
train episode:  37
eps in this episode is:  0.11499999999999999
eps_wstart in this episode is:  0
action in this episode is:  [[61, 182, 92], [105, 54, 166], [196, 24, 177], [197, 73, 39]]
episode total reward is:  4.718
secondary loss is:  11.935020446777344
---------------------------------------------------------------
train episode:  38
eps in this episode is:  0.10999999999999999
eps_wstart in this episode is:  0
action in this episode is:  [[61, 182, 92], [129, 154, 196], [105, 54, 177], [166, 197, 39]]
episode total reward is:  4.512
secondary loss is:  11.366827011108398
---------------------------------------------------------------
train episode:  39
eps in this episode is:  0.10499999999999998
eps_wstart in this episode is:  0
action in this episode is:  [[61, 182, 75], [92, 115, 195], [105, 54, 166], [177, 156, 196]]
episode total reward is:  8.4
secondary loss is:  15.922748565673828
---------------------------------------------------------------
train episode:  40
eps in this episode is:  0.1
eps_wstart in this episode is:  0
action in this episode is:  [[61, 182, 31], [92, 105, 54], [177, 166, 196], [197, 73, 200]]
episode total reward is:  13.493
secondary loss is:  15.85822582244873
---------------------------------------------------------------
train episode:  41
eps in this episode is:  0.1
eps_wstart in this episode is:  0
action in this episode is:  [[61, 182, 92], [105, 54, 177], [89, 166, 196], [197, 73, 200]]
episode total reward is:  9.435
secondary loss is:  15.01683235168457
---------------------------------------------------------------
train episode:  42
eps in this episode is:  0.1
eps_wstart in this episode is:  0
action in this episode is:  [[61, 182, 92], [105, 54, 177], [199, 190, 166], [196, 197, 73]]
episode total reward is:  10.034
secondary loss is:  7.576633930206299
---------------------------------------------------------------
train episode:  43
eps in this episode is:  0.1
eps_wstart in this episode is:  0
action in this episode is:  [[61, 182, 92], [105, 54, 177], [166, 196, 197], [50, 108, 73]]
episode total reward is:  6.146
secondary loss is:  20.70766258239746
---------------------------------------------------------------
train episode:  44
eps in this episode is:  0.1
eps_wstart in this episode is:  0
action in this episode is:  [[61, 182, 92], [105, 54, 139], [177, 166, 196], [27, 197, 73]]
episode total reward is:  10.027
secondary loss is:  8.671697616577148
---------------------------------------------------------------
train episode:  45
eps in this episode is:  0.1
eps_wstart in this episode is:  0
action in this episode is:  [[61, 109, 182], [92, 105, 54], [145, 177, 168], [166, 196, 197]]
episode total reward is:  5.218
secondary loss is:  17.73025894165039
---------------------------------------------------------------
train episode:  46
eps in this episode is:  0.1
eps_wstart in this episode is:  0
action in this episode is:  [[61, 182, 92], [105, 54, 12], [196, 197, 177], [166, 73, 200]]
episode total reward is:  4.102
secondary loss is:  9.791643142700195
---------------------------------------------------------------
train episode:  47
eps in this episode is:  0.1
eps_wstart in this episode is:  0
action in this episode is:  [[61, 62, 182], [92, 105, 54], [166, 196, 197], [177, 73, 200]]
episode total reward is:  10.544
secondary loss is:  19.304271697998047
---------------------------------------------------------------
train episode:  48
eps in this episode is:  0.1
eps_wstart in this episode is:  0
action in this episode is:  [[61, 182, 92], [105, 54, 177], [166, 196, 197], [73, 5, 200]]
episode total reward is:  5.187
secondary loss is:  17.0336971282959
---------------------------------------------------------------
train episode:  49
eps in this episode is:  0.1
eps_wstart in this episode is:  0
action in this episode is:  [[61, 182, 92], [105, 54, 177], [166, 196, 136], [197, 73, 200]]
episode total reward is:  7.184
secondary loss is:  11.922468185424805
---------------------------------------------------------------
train episode:  50
eps in this episode is:  0.1
eps_wstart in this episode is:  0
action in this episode is:  [[61, 182, 92], [105, 54, 177], [166, 196, 145], [197, 73, 200]]
episode total reward is:  6.539
secondary loss is:  7.049313068389893
---------------------------------------------------------------
train episode:  51
eps in this episode is:  0.1
eps_wstart in this episode is:  0
action in this episode is:  [[61, 182, 92], [196, 105, 54], [177, 166, 197], [73, 142, 200]]
episode total reward is:  5.007
secondary loss is:  4.305268287658691
---------------------------------------------------------------
train episode:  52
eps in this episode is:  0.1
eps_wstart in this episode is:  0
action in this episode is:  [[61, 182, 92], [105, 54, 177], [166, 196, 197], [73, 200, 108]]
episode total reward is:  5.217
secondary loss is:  3.9599671363830566
---------------------------------------------------------------
train episode:  53
eps in this episode is:  0.1
eps_wstart in this episode is:  0
action in this episode is:  [[61, 182, 92], [105, 54, 177], [166, 196, 197], [73, 200, 108]]
episode total reward is:  5.409
secondary loss is:  2.714803457260132
---------------------------------------------------------------
train episode:  54
eps in this episode is:  0.1
eps_wstart in this episode is:  0
action in this episode is:  [[61, 182, 92], [105, 54, 177], [166, 196, 197], [73, 200, 108]]
episode total reward is:  5.532
secondary loss is:  1.9555494785308838
---------------------------------------------------------------
train episode:  55
eps in this episode is:  0.1
eps_wstart in this episode is:  0
action in this episode is:  [[45, 61, 182], [92, 105, 54], [177, 88, 166], [196, 197, 73]]
episode total reward is:  14.805
secondary loss is:  0.6739325523376465
---------------------------------------------------------------
train episode:  56
eps in this episode is:  0.1
eps_wstart in this episode is:  0
action in this episode is:  [[61, 182, 92], [105, 54, 166], [196, 177, 197], [73, 200, 108]]
episode total reward is:  6.657
secondary loss is:  1.0738390684127808
---------------------------------------------------------------
train episode:  57
eps in this episode is:  0.1
eps_wstart in this episode is:  0
action in this episode is:  [[61, 182, 92], [141, 105, 54], [166, 196, 123], [177, 197, 73]]
episode total reward is:  5.239
secondary loss is:  1.713786005973816
---------------------------------------------------------------
train episode:  58
eps in this episode is:  0.1
eps_wstart in this episode is:  0
action in this episode is:  [[61, 182, 92], [105, 200, 54], [166, 196, 177], [197, 73, 108]]
episode total reward is:  7.166
secondary loss is:  2.5675556659698486
---------------------------------------------------------------
train episode:  59
eps in this episode is:  0.1
eps_wstart in this episode is:  0
action in this episode is:  [[61, 182, 92], [105, 54, 166], [196, 177, 197], [200, 73, 108]]
episode total reward is:  7.419
secondary loss is:  0.3736755847930908
---------------------------------------------------------------
train episode:  60
eps in this episode is:  0.1
eps_wstart in this episode is:  0
action in this episode is:  [[61, 182, 92], [105, 54, 166], [26, 58, 196], [177, 197, 200]]
episode total reward is:  5.059
secondary loss is:  0.7097811698913574
---------------------------------------------------------------
train episode:  61
eps in this episode is:  0.1
eps_wstart in this episode is:  0
action in this episode is:  [[61, 92, 182], [148, 105, 54], [166, 196, 177], [197, 200, 99]]
episode total reward is:  9.614
secondary loss is:  1.3161184787750244
---------------------------------------------------------------
train episode:  62
eps in this episode is:  0.1
eps_wstart in this episode is:  0
action in this episode is:  [[68, 61, 178], [92, 182, 105], [54, 166, 196], [177, 197, 200]]
episode total reward is:  8.698
secondary loss is:  1.0284502506256104
---------------------------------------------------------------
train episode:  63
eps in this episode is:  0.1
eps_wstart in this episode is:  0
action in this episode is:  [[61, 92, 182], [105, 30, 33], [51, 54, 166], [196, 177, 143]]
episode total reward is:  6.076
secondary loss is:  1.5877270698547363
---------------------------------------------------------------
train episode:  64
eps in this episode is:  0.1
eps_wstart in this episode is:  0
action in this episode is:  [[61, 92, 182], [105, 54, 166], [196, 177, 197], [200, 73, 108]]
episode total reward is:  6.205
secondary loss is:  0.27869969606399536
---------------------------------------------------------------
train episode:  65
eps in this episode is:  0.1
eps_wstart in this episode is:  0
action in this episode is:  [[61, 182, 92], [105, 2, 54], [166, 0, 196], [177, 197, 200]]
episode total reward is:  6.027
secondary loss is:  1.6893497705459595
---------------------------------------------------------------
train episode:  66
eps in this episode is:  0.1
eps_wstart in this episode is:  0
action in this episode is:  [[61, 182, 92], [105, 54, 166], [196, 177, 201], [197, 200, 73]]
episode total reward is:  8.27
secondary loss is:  1.7707178592681885
---------------------------------------------------------------
train episode:  67
eps in this episode is:  0.1
eps_wstart in this episode is:  0
action in this episode is:  [[73, 61, 182], [92, 105, 54], [166, 196, 177], [197, 200, 108]]
episode total reward is:  8.443
secondary loss is:  3.1132707595825195
---------------------------------------------------------------
train episode:  68
eps in this episode is:  0.1
eps_wstart in this episode is:  0
action in this episode is:  [[61, 182, 92], [105, 54, 166], [196, 177, 197], [200, 73, 108]]
episode total reward is:  6.833
secondary loss is:  4.051440238952637
---------------------------------------------------------------
train episode:  69
eps in this episode is:  0.1
eps_wstart in this episode is:  0
action in this episode is:  [[61, 182, 92], [105, 54, 166], [196, 177, 197], [200, 73, 48]]
episode total reward is:  3.249
secondary loss is:  1.9897055625915527
---------------------------------------------------------------
train episode:  70
eps in this episode is:  0.1
eps_wstart in this episode is:  0
action in this episode is:  [[61, 92, 182], [105, 54, 166], [196, 177, 197], [200, 198, 73]]
episode total reward is:  10.736
secondary loss is:  1.9245805740356445
---------------------------------------------------------------
train episode:  71
eps in this episode is:  0.1
eps_wstart in this episode is:  0
action in this episode is:  [[61, 182, 92], [105, 54, 166], [196, 146, 177], [197, 200, 73]]
episode total reward is:  7.159
secondary loss is:  1.8726493120193481
---------------------------------------------------------------
train episode:  72
eps in this episode is:  0.1
eps_wstart in this episode is:  0
action in this episode is:  [[61, 182, 92], [105, 54, 166], [196, 177, 197], [200, 73, 108]]
episode total reward is:  5.016
secondary loss is:  1.3989264965057373
---------------------------------------------------------------
train episode:  73
eps in this episode is:  0.1
eps_wstart in this episode is:  0
action in this episode is:  [[61, 182, 139], [92, 105, 54], [166, 196, 177], [197, 200, 73]]
episode total reward is:  8.179
secondary loss is:  3.166165828704834
---------------------------------------------------------------
train episode:  74
eps in this episode is:  0.1
eps_wstart in this episode is:  0
action in this episode is:  [[61, 92, 134], [182, 105, 8], [54, 197, 177], [166, 196, 200]]
episode total reward is:  4.026
secondary loss is:  1.7657848596572876
---------------------------------------------------------------
train episode:  75
eps in this episode is:  0.1
eps_wstart in this episode is:  0
action in this episode is:  [[61, 182, 92], [105, 54, 166], [196, 177, 197], [73, 200, 108]]
episode total reward is:  6.4
secondary loss is:  1.3787527084350586
---------------------------------------------------------------
train episode:  76
eps in this episode is:  0.1
eps_wstart in this episode is:  0
action in this episode is:  [[61, 182, 92], [105, 54, 166], [177, 196, 197], [73, 200, 108]]
episode total reward is:  4.101
secondary loss is:  0.8072336912155151
---------------------------------------------------------------
train episode:  77
eps in this episode is:  0.1
eps_wstart in this episode is:  0
action in this episode is:  [[61, 182, 92], [105, 54, 166], [177, 196, 197], [142, 178, 73]]
episode total reward is:  6.157
secondary loss is:  1.1937541961669922
---------------------------------------------------------------
train episode:  78
eps in this episode is:  0.1
eps_wstart in this episode is:  0
action in this episode is:  [[61, 182, 92], [105, 54, 166], [177, 196, 197], [73, 200, 108]]
episode total reward is:  12.288
secondary loss is:  2.7034335136413574
---------------------------------------------------------------
train episode:  79
eps in this episode is:  0.1
eps_wstart in this episode is:  0
action in this episode is:  [[61, 182, 92], [105, 54, 166], [177, 196, 197], [73, 200, 108]]
episode total reward is:  4.153
secondary loss is:  0.4262455701828003
---------------------------------------------------------------
train episode:  80
eps in this episode is:  0.1
eps_wstart in this episode is:  0
action in this episode is:  [[61, 182, 161], [92, 105, 54], [166, 177, 196], [197, 73, 147]]
episode total reward is:  13.82
secondary loss is:  0.566703200340271
---------------------------------------------------------------
train episode:  81
eps in this episode is:  0.1
eps_wstart in this episode is:  0
action in this episode is:  [[61, 182, 92], [105, 54, 177], [166, 196, 197], [73, 200, 108]]
episode total reward is:  13.248
secondary loss is:  4.822723388671875
---------------------------------------------------------------
train episode:  82
eps in this episode is:  0.1
eps_wstart in this episode is:  0
action in this episode is:  [[61, 182, 92], [105, 54, 177], [166, 196, 197], [73, 140, 200]]
episode total reward is:  9.505
secondary loss is:  0.41407567262649536
---------------------------------------------------------------
train episode:  83
eps in this episode is:  0.1
eps_wstart in this episode is:  0
action in this episode is:  [[61, 182, 92], [105, 54, 177], [166, 196, 197], [73, 200, 108]]
episode total reward is:  12.065
secondary loss is:  0.39505112171173096
---------------------------------------------------------------
train episode:  84
eps in this episode is:  0.1
eps_wstart in this episode is:  0
action in this episode is:  [[61, 182, 92], [1, 105, 54], [177, 166, 196], [197, 73, 200]]
episode total reward is:  3.185
secondary loss is:  0.41559168696403503
---------------------------------------------------------------
train episode:  85
eps in this episode is:  0.1
eps_wstart in this episode is:  0
action in this episode is:  [[61, 182, 92], [105, 54, 177], [166, 196, 197], [73, 200, 108]]
episode total reward is:  9.038
secondary loss is:  1.5949174165725708
---------------------------------------------------------------
train episode:  86
eps in this episode is:  0.1
eps_wstart in this episode is:  0
action in this episode is:  [[61, 182, 92], [105, 54, 177], [166, 33, 196], [197, 73, 200]]
episode total reward is:  9.323
secondary loss is:  1.6749932765960693
---------------------------------------------------------------
train episode:  87
eps in this episode is:  0.1
eps_wstart in this episode is:  0
action in this episode is:  [[61, 48, 182], [92, 101, 105], [54, 100, 126], [177, 166, 196]]
episode total reward is:  2.009
secondary loss is:  0.7039896249771118
---------------------------------------------------------------
train episode:  88
eps in this episode is:  0.1
eps_wstart in this episode is:  0
action in this episode is:  [[61, 182, 92], [105, 54, 177], [166, 83, 43], [196, 197, 73]]
episode total reward is:  5.208
secondary loss is:  0.8138988018035889
---------------------------------------------------------------
train episode:  89
eps in this episode is:  0.1
eps_wstart in this episode is:  0
action in this episode is:  [[61, 182, 92], [105, 54, 38], [177, 166, 196], [197, 73, 200]]
episode total reward is:  9.415
secondary loss is:  1.6972259283065796
---------------------------------------------------------------
train episode:  90
eps in this episode is:  0.1
eps_wstart in this episode is:  0
action in this episode is:  [[61, 182, 92], [177, 105, 54], [166, 196, 197], [73, 200, 108]]
episode total reward is:  15.793
secondary loss is:  2.8840160369873047
---------------------------------------------------------------
train episode:  91
eps in this episode is:  0.1
eps_wstart in this episode is:  0
action in this episode is:  [[61, 182, 92], [106, 105, 54], [177, 166, 196], [197, 73, 200]]
episode total reward is:  9.897
secondary loss is:  0.8506218194961548
---------------------------------------------------------------
train episode:  92
eps in this episode is:  0.1
eps_wstart in this episode is:  0
action in this episode is:  [[61, 182, 92], [54, 105, 177], [117, 166, 196], [197, 73, 200]]
episode total reward is:  7.557
secondary loss is:  1.3655723333358765
---------------------------------------------------------------
train episode:  93
eps in this episode is:  0.1
eps_wstart in this episode is:  0
action in this episode is:  [[61, 182, 92], [105, 54, 177], [163, 166, 196], [197, 73, 198]]
episode total reward is:  5.229
secondary loss is:  2.1541409492492676
---------------------------------------------------------------
train episode:  94
eps in this episode is:  0.1
eps_wstart in this episode is:  0
action in this episode is:  [[61, 182, 92], [105, 54, 177], [166, 196, 197], [73, 200, 108]]
episode total reward is:  6.45
secondary loss is:  0.26455777883529663
---------------------------------------------------------------
train episode:  95
eps in this episode is:  0.1
eps_wstart in this episode is:  0
action in this episode is:  [[61, 182, 140], [92, 25, 105], [54, 177, 166], [196, 197, 73]]
episode total reward is:  7.432
secondary loss is:  0.4029141366481781
---------------------------------------------------------------
train episode:  96
eps in this episode is:  0.1
eps_wstart in this episode is:  0
action in this episode is:  [[61, 182, 92], [105, 142, 54], [177, 166, 196], [197, 73, 200]]
episode total reward is:  12.19
secondary loss is:  0.13897556066513062
---------------------------------------------------------------
train episode:  97
eps in this episode is:  0.1
eps_wstart in this episode is:  0
action in this episode is:  [[61, 182, 92], [105, 54, 177], [166, 196, 197], [73, 200, 108]]
episode total reward is:  12.0
secondary loss is:  1.0782835483551025
---------------------------------------------------------------
train episode:  98
eps in this episode is:  0.1
eps_wstart in this episode is:  0
action in this episode is:  [[61, 182, 92], [105, 54, 177], [166, 196, 197], [73, 200, 108]]
episode total reward is:  12.73
secondary loss is:  0.6387462019920349
---------------------------------------------------------------
train episode:  99
runtime is:  5345.933080434799
eps in this episode is:  0.1
eps_wstart in this episode is:  0
action in this episode is:  [[61, 182, 92], [105, 181, 54], [177, 166, 196], [197, 73, 200]]
episode total reward is:  8.41
secondary loss is:  1.1990156173706055




testing
---------------------------------------------------------------
test episode:  0
action in this episode is:  [[61, 182, 92], [105, 54, 177], [166, 196, 197], [73, 200, 108]]
episode total reward is:  5.28
---------------------------------------------------------------
test episode:  1
action in this episode is:  [[61, 182, 92], [105, 54, 177], [166, 196, 197], [73, 200, 108]]
episode total reward is:  7.886
---------------------------------------------------------------
test episode:  2
action in this episode is:  [[61, 182, 92], [105, 54, 177], [166, 196, 197], [73, 200, 108]]
episode total reward is:  7.143
---------------------------------------------------------------
test episode:  3
action in this episode is:  [[61, 182, 92], [105, 54, 177], [166, 196, 197], [73, 200, 108]]
episode total reward is:  15.152
---------------------------------------------------------------
test episode:  4
action in this episode is:  [[61, 182, 92], [105, 54, 177], [166, 196, 197], [73, 200, 108]]
episode total reward is:  4.43
---------------------------------------------------------------
test episode:  5
action in this episode is:  [[61, 182, 92], [105, 54, 177], [166, 196, 197], [73, 200, 108]]
episode total reward is:  10.957
---------------------------------------------------------------
test episode:  6
action in this episode is:  [[61, 182, 92], [105, 54, 177], [166, 196, 197], [73, 200, 108]]
episode total reward is:  7.13
---------------------------------------------------------------
test episode:  7
action in this episode is:  [[61, 182, 92], [105, 54, 177], [166, 196, 197], [73, 200, 108]]
episode total reward is:  4.271
---------------------------------------------------------------
test episode:  8
action in this episode is:  [[61, 182, 92], [105, 54, 177], [196, 166, 197], [73, 200, 108]]
episode total reward is:  7.001
---------------------------------------------------------------
test episode:  9
action in this episode is:  [[61, 182, 92], [105, 54, 177], [166, 196, 197], [73, 200, 108]]
episode total reward is:  5.884
---------------------------------------------------------------
test episode:  10
action in this episode is:  [[61, 182, 92], [105, 54, 177], [166, 196, 197], [73, 200, 108]]
episode total reward is:  5.018
---------------------------------------------------------------
test episode:  11
action in this episode is:  [[61, 182, 92], [105, 54, 177], [166, 196, 197], [73, 200, 108]]
episode total reward is:  5.324
---------------------------------------------------------------
test episode:  12
action in this episode is:  [[61, 182, 92], [105, 54, 177], [166, 196, 197], [73, 200, 108]]
episode total reward is:  5.123
---------------------------------------------------------------
test episode:  13
action in this episode is:  [[61, 182, 92], [105, 54, 177], [166, 196, 197], [73, 200, 108]]
episode total reward is:  4.322
---------------------------------------------------------------
test episode:  14
action in this episode is:  [[61, 182, 92], [105, 54, 177], [166, 196, 197], [73, 200, 108]]
episode total reward is:  7.772
---------------------------------------------------------------
test episode:  15
action in this episode is:  [[61, 182, 92], [105, 54, 177], [166, 196, 197], [73, 200, 108]]
episode total reward is:  5.858
---------------------------------------------------------------
test episode:  16
action in this episode is:  [[61, 182, 92], [105, 54, 177], [166, 196, 197], [73, 200, 108]]
episode total reward is:  5.432
---------------------------------------------------------------
test episode:  17
action in this episode is:  [[61, 182, 92], [105, 54, 177], [166, 196, 197], [73, 200, 108]]
episode total reward is:  8.563
---------------------------------------------------------------
test episode:  18
action in this episode is:  [[61, 182, 92], [105, 54, 177], [166, 196, 197], [73, 200, 108]]
episode total reward is:  3.114
---------------------------------------------------------------
test episode:  19
action in this episode is:  [[61, 182, 92], [105, 54, 177], [166, 196, 197], [73, 200, 108]]
episode total reward is:  9.602
---------------------------------------------------------------
test episode:  20
action in this episode is:  [[61, 182, 92], [105, 54, 177], [166, 196, 197], [73, 200, 108]]
episode total reward is:  6.251
---------------------------------------------------------------
test episode:  21
action in this episode is:  [[61, 182, 92], [105, 54, 177], [166, 196, 197], [73, 200, 108]]
episode total reward is:  16.198
---------------------------------------------------------------
test episode:  22
action in this episode is:  [[61, 182, 92], [105, 54, 177], [166, 196, 197], [73, 200, 108]]
episode total reward is:  7.733
---------------------------------------------------------------
test episode:  23
action in this episode is:  [[61, 182, 92], [105, 54, 177], [166, 196, 197], [73, 200, 108]]
episode total reward is:  6.13
---------------------------------------------------------------
test episode:  24
action in this episode is:  [[61, 182, 92], [105, 54, 177], [166, 196, 197], [73, 200, 108]]
episode total reward is:  6.577
---------------------------------------------------------------
test episode:  25
action in this episode is:  [[61, 182, 92], [105, 54, 177], [166, 196, 197], [73, 200, 108]]
episode total reward is:  7.788
---------------------------------------------------------------
test episode:  26
action in this episode is:  [[61, 182, 92], [105, 54, 177], [166, 196, 197], [73, 200, 108]]
episode total reward is:  8.343
---------------------------------------------------------------
test episode:  27
action in this episode is:  [[61, 182, 92], [105, 54, 177], [166, 196, 197], [73, 200, 108]]
episode total reward is:  9.887
---------------------------------------------------------------
test episode:  28
action in this episode is:  [[61, 182, 92], [105, 54, 177], [166, 196, 197], [73, 200, 108]]
episode total reward is:  7.924
---------------------------------------------------------------
test episode:  29
action in this episode is:  [[61, 182, 92], [105, 54, 177], [166, 196, 197], [73, 200, 108]]
episode total reward is:  6.281
---------------------------------------------------------------
test episode:  30
action in this episode is:  [[61, 182, 92], [105, 54, 177], [166, 196, 197], [73, 200, 108]]
episode total reward is:  9.51
---------------------------------------------------------------
test episode:  31
action in this episode is:  [[61, 182, 92], [105, 54, 177], [166, 196, 197], [73, 200, 108]]
episode total reward is:  5.02
---------------------------------------------------------------
test episode:  32
action in this episode is:  [[61, 182, 92], [105, 54, 177], [166, 196, 197], [73, 200, 108]]
episode total reward is:  5.125
---------------------------------------------------------------
test episode:  33
action in this episode is:  [[61, 182, 92], [105, 54, 177], [166, 196, 197], [73, 200, 108]]
episode total reward is:  7.957
---------------------------------------------------------------
test episode:  34
action in this episode is:  [[61, 182, 92], [105, 54, 177], [166, 196, 197], [73, 200, 108]]
episode total reward is:  3.008
---------------------------------------------------------------
test episode:  35
action in this episode is:  [[61, 182, 92], [105, 54, 177], [166, 196, 197], [73, 200, 108]]
episode total reward is:  0.0
---------------------------------------------------------------
test episode:  36
action in this episode is:  [[61, 182, 92], [105, 54, 177], [166, 196, 197], [73, 200, 108]]
episode total reward is:  6.505
---------------------------------------------------------------
test episode:  37
action in this episode is:  [[61, 182, 92], [105, 54, 177], [166, 196, 197], [73, 200, 108]]
episode total reward is:  5.988
---------------------------------------------------------------
test episode:  38
action in this episode is:  [[61, 182, 92], [105, 54, 177], [166, 196, 197], [73, 200, 108]]
episode total reward is:  12.886
---------------------------------------------------------------
test episode:  39
action in this episode is:  [[61, 182, 92], [105, 54, 177], [166, 196, 197], [73, 200, 108]]
episode total reward is:  4.984
---------------------------------------------------------------
test episode:  40
action in this episode is:  [[61, 182, 92], [105, 54, 177], [166, 196, 197], [73, 200, 108]]
episode total reward is:  4.351
---------------------------------------------------------------
test episode:  41
action in this episode is:  [[61, 182, 92], [105, 54, 177], [166, 196, 197], [73, 200, 108]]
episode total reward is:  6.285
---------------------------------------------------------------
test episode:  42
action in this episode is:  [[61, 182, 92], [105, 54, 177], [166, 196, 197], [73, 200, 108]]
episode total reward is:  12.214
---------------------------------------------------------------
test episode:  43
action in this episode is:  [[61, 182, 92], [105, 54, 177], [166, 196, 197], [73, 200, 108]]
episode total reward is:  3.011
---------------------------------------------------------------
test episode:  44
action in this episode is:  [[61, 182, 92], [105, 54, 177], [166, 196, 197], [73, 200, 108]]
episode total reward is:  9.934
---------------------------------------------------------------
test episode:  45
action in this episode is:  [[61, 182, 92], [105, 54, 177], [166, 196, 197], [73, 200, 108]]
episode total reward is:  4.335
---------------------------------------------------------------
test episode:  46
action in this episode is:  [[61, 182, 92], [105, 54, 177], [166, 196, 197], [73, 200, 108]]
episode total reward is:  10.192
---------------------------------------------------------------
test episode:  47
action in this episode is:  [[61, 182, 92], [105, 54, 177], [166, 196, 197], [73, 200, 108]]
episode total reward is:  5.062
---------------------------------------------------------------
test episode:  48
action in this episode is:  [[61, 182, 92], [105, 54, 177], [166, 196, 197], [73, 200, 108]]
episode total reward is:  5.016
---------------------------------------------------------------
test episode:  49
action in this episode is:  [[61, 182, 92], [105, 54, 177], [166, 196, 197], [73, 200, 108]]
episode total reward is:  5.165
average reward: 6.898440000000001
reward std: 3.0089866145265587
