chosen graph:  India
cascade model is:  DIC
device is:  cuda
---------------------------------------------------------------
train episode:  0
eps in this episode is:  0.3
eps_wstart in this episode is:  0.295
action in this episode is:  [[83, 62, 59], [93, 50, 24], [82, 2, 110], [95, 9, 178]]
episode total reward is:  19.66
---------------------------------------------------------------
train episode:  1
eps in this episode is:  0.295
eps_wstart in this episode is:  0.29
action in this episode is:  [[83, 62, 59], [187, 179, 93], [82, 2, 57], [18, 7, 50]]
episode total reward is:  22.707
---------------------------------------------------------------
train episode:  2
eps in this episode is:  0.29
eps_wstart in this episode is:  0.285
action in this episode is:  [[83, 172, 21], [62, 59, 93], [82, 27, 52], [2, 50, 24]]
episode total reward is:  8.912
---------------------------------------------------------------
train episode:  3
eps in this episode is:  0.285
eps_wstart in this episode is:  0.27999999999999997
action in this episode is:  [[139, 83, 152], [126, 62, 178], [59, 93, 50], [24, 95, 82]]
episode total reward is:  27.033
---------------------------------------------------------------
train episode:  4
eps in this episode is:  0.27999999999999997
eps_wstart in this episode is:  0.27499999999999997
action in this episode is:  [[62, 83, 59], [93, 82, 154], [2, 50, 186], [24, 110, 159]]
episode total reward is:  9.938
---------------------------------------------------------------
train episode:  5
eps in this episode is:  0.27499999999999997
eps_wstart in this episode is:  0.26999999999999996
action in this episode is:  [[84, 83, 62], [59, 93, 82], [101, 2, 50], [149, 24, 120]]
episode total reward is:  6.321
---------------------------------------------------------------
train episode:  6
eps in this episode is:  0.27
eps_wstart in this episode is:  0.26499999999999996
action in this episode is:  [[83, 62, 59], [93, 82, 2], [50, 24, 110], [95, 9, 178]]
episode total reward is:  34.399
---------------------------------------------------------------
train episode:  7
eps in this episode is:  0.265
eps_wstart in this episode is:  0.25999999999999995
action in this episode is:  [[62, 83, 59], [93, 50, 24], [95, 82, 9], [2, 190, 110]]
episode total reward is:  18.068
---------------------------------------------------------------
train episode:  8
eps in this episode is:  0.26
eps_wstart in this episode is:  0.25499999999999995
action in this episode is:  [[83, 183, 62], [48, 59, 108], [93, 82, 166], [50, 24, 95]]
episode total reward is:  15.317
---------------------------------------------------------------
train episode:  9
eps in this episode is:  0.255
eps_wstart in this episode is:  0.24999999999999994
action in this episode is:  [[83, 62, 59], [93, 50, 24], [82, 2, 110], [178, 9, 156]]
episode total reward is:  3.565
---------------------------------------------------------------
train episode:  10
eps in this episode is:  0.25
eps_wstart in this episode is:  0.24499999999999994
action in this episode is:  [[83, 62, 59], [93, 82, 2], [50, 24, 95], [70, 110, 178]]
episode total reward is:  40.983
secondary loss is:  721.328125
---------------------------------------------------------------
train episode:  11
eps in this episode is:  0.245
eps_wstart in this episode is:  0.23999999999999994
action in this episode is:  [[83, 62, 59], [93, 50, 24], [82, 2, 110], [95, 9, 178]]
episode total reward is:  42.312
secondary loss is:  771.9720458984375
---------------------------------------------------------------
train episode:  12
eps in this episode is:  0.24
eps_wstart in this episode is:  0.23499999999999993
action in this episode is:  [[186, 125, 83], [62, 59, 93], [82, 191, 2], [137, 50, 24]]
episode total reward is:  11.94
secondary loss is:  380.54742431640625
---------------------------------------------------------------
train episode:  13
eps in this episode is:  0.235
eps_wstart in this episode is:  0.22999999999999993
action in this episode is:  [[83, 62, 59], [93, 50, 24], [82, 90, 2], [95, 9, 178]]
episode total reward is:  26.144
secondary loss is:  389.3458557128906
---------------------------------------------------------------
train episode:  14
eps in this episode is:  0.22999999999999998
eps_wstart in this episode is:  0.22499999999999992
action in this episode is:  [[83, 62, 151], [59, 93, 82], [2, 50, 24], [95, 9, 178]]
episode total reward is:  23.397
secondary loss is:  334.2696838378906
---------------------------------------------------------------
train episode:  15
eps in this episode is:  0.22499999999999998
eps_wstart in this episode is:  0.21999999999999992
action in this episode is:  [[62, 83, 59], [93, 82, 2], [50, 40, 24], [12, 110, 178]]
episode total reward is:  11.095
secondary loss is:  357.37982177734375
---------------------------------------------------------------
train episode:  16
eps in this episode is:  0.21999999999999997
eps_wstart in this episode is:  0.2149999999999999
action in this episode is:  [[83, 62, 59], [93, 82, 9], [50, 24, 95], [178, 6, 91]]
episode total reward is:  44.253
secondary loss is:  112.55010986328125
---------------------------------------------------------------
train episode:  17
eps in this episode is:  0.21499999999999997
eps_wstart in this episode is:  0.2099999999999999
action in this episode is:  [[83, 62, 59], [93, 50, 24], [95, 82, 9], [2, 108, 161]]
episode total reward is:  20.407
secondary loss is:  300.689697265625
---------------------------------------------------------------
train episode:  18
eps in this episode is:  0.21
eps_wstart in this episode is:  0.2049999999999999
action in this episode is:  [[83, 62, 59], [93, 50, 24], [95, 82, 9], [2, 124, 110]]
episode total reward is:  37.616
secondary loss is:  128.68283081054688
---------------------------------------------------------------
train episode:  19
eps in this episode is:  0.205
eps_wstart in this episode is:  0.1999999999999999
action in this episode is:  [[83, 62, 59], [90, 70, 93], [82, 2, 50], [159, 24, 51]]
episode total reward is:  42.87
secondary loss is:  232.57403564453125
---------------------------------------------------------------
train episode:  20
eps in this episode is:  0.19999999999999998
eps_wstart in this episode is:  0.1949999999999999
action in this episode is:  [[83, 62, 59], [93, 82, 2], [50, 24, 110], [95, 9, 178]]
episode total reward is:  40.993
secondary loss is:  113.27581024169922
---------------------------------------------------------------
train episode:  21
eps in this episode is:  0.195
eps_wstart in this episode is:  0.1899999999999999
action in this episode is:  [[176, 83, 62], [59, 93, 82], [50, 24, 95], [9, 2, 110]]
episode total reward is:  23.611
secondary loss is:  165.18446350097656
---------------------------------------------------------------
train episode:  22
eps in this episode is:  0.19
eps_wstart in this episode is:  0.1849999999999999
action in this episode is:  [[83, 151, 62], [84, 59, 93], [82, 2, 50], [24, 95, 9]]
episode total reward is:  42.19
secondary loss is:  155.44906616210938
---------------------------------------------------------------
train episode:  23
eps in this episode is:  0.185
eps_wstart in this episode is:  0.17999999999999988
action in this episode is:  [[83, 62, 59], [93, 50, 24], [82, 170, 2], [110, 178, 9]]
episode total reward is:  11.483
secondary loss is:  200.5546875
---------------------------------------------------------------
train episode:  24
eps in this episode is:  0.18
eps_wstart in this episode is:  0.17499999999999988
action in this episode is:  [[83, 62, 59], [93, 82, 2], [50, 24, 95], [9, 178, 6]]
episode total reward is:  43.367
secondary loss is:  82.5459976196289
---------------------------------------------------------------
train episode:  25
eps in this episode is:  0.175
eps_wstart in this episode is:  0.16999999999999987
action in this episode is:  [[83, 62, 59], [93, 82, 2], [50, 97, 24], [110, 44, 178]]
episode total reward is:  46.217
secondary loss is:  150.12692260742188
---------------------------------------------------------------
train episode:  26
eps in this episode is:  0.16999999999999998
eps_wstart in this episode is:  0.16499999999999987
action in this episode is:  [[83, 90, 62], [59, 93, 82], [50, 157, 2], [24, 110, 178]]
episode total reward is:  44.677
secondary loss is:  178.54954528808594
---------------------------------------------------------------
train episode:  27
eps in this episode is:  0.16499999999999998
eps_wstart in this episode is:  0.15999999999999986
action in this episode is:  [[83, 62, 69], [59, 93, 23], [82, 50, 26], [24, 95, 9]]
episode total reward is:  29.772
secondary loss is:  47.04167175292969
---------------------------------------------------------------
train episode:  28
eps in this episode is:  0.15999999999999998
eps_wstart in this episode is:  0.15499999999999986
action in this episode is:  [[83, 62, 105], [59, 93, 50], [29, 82, 2], [24, 66, 1]]
episode total reward is:  10.007
secondary loss is:  26.9849796295166
---------------------------------------------------------------
train episode:  29
eps in this episode is:  0.155
eps_wstart in this episode is:  0.14999999999999986
action in this episode is:  [[114, 147, 83], [122, 62, 59], [93, 82, 50], [24, 95, 9]]
episode total reward is:  28.359
secondary loss is:  31.22125244140625
---------------------------------------------------------------
train episode:  30
eps in this episode is:  0.15
eps_wstart in this episode is:  0.14499999999999985
action in this episode is:  [[52, 83, 62], [176, 59, 93], [50, 24, 95], [82, 9, 178]]
episode total reward is:  6.566
secondary loss is:  36.104331970214844
---------------------------------------------------------------
train episode:  31
eps in this episode is:  0.145
eps_wstart in this episode is:  0.13999999999999985
action in this episode is:  [[83, 62, 59], [93, 82, 50], [2, 24, 110], [178, 9, 13]]
episode total reward is:  38.771
secondary loss is:  14.848653793334961
---------------------------------------------------------------
train episode:  32
eps in this episode is:  0.13999999999999999
eps_wstart in this episode is:  0.13499999999999984
action in this episode is:  [[83, 62, 59], [93, 50, 24], [82, 2, 110], [5, 178, 169]]
episode total reward is:  32.571
secondary loss is:  21.568431854248047
---------------------------------------------------------------
train episode:  33
eps in this episode is:  0.13499999999999998
eps_wstart in this episode is:  0.12999999999999984
action in this episode is:  [[83, 59, 62], [93, 82, 50], [2, 195, 170], [24, 110, 178]]
episode total reward is:  20.358
secondary loss is:  16.776294708251953
---------------------------------------------------------------
train episode:  34
eps in this episode is:  0.12999999999999998
eps_wstart in this episode is:  0.12499999999999983
action in this episode is:  [[83, 59, 62], [93, 50, 24], [13, 131, 82], [109, 2, 110]]
episode total reward is:  34.625
secondary loss is:  7.600872039794922
---------------------------------------------------------------
train episode:  35
eps in this episode is:  0.12499999999999997
eps_wstart in this episode is:  0.11999999999999983
action in this episode is:  [[83, 59, 62], [93, 50, 24], [82, 2, 110], [178, 20, 9]]
episode total reward is:  12.59
secondary loss is:  6.876197814941406
---------------------------------------------------------------
train episode:  36
eps in this episode is:  0.12
eps_wstart in this episode is:  0.11499999999999982
action in this episode is:  [[83, 17, 59], [62, 93, 82], [50, 2, 24], [95, 9, 178]]
episode total reward is:  22.012
secondary loss is:  24.378469467163086
---------------------------------------------------------------
train episode:  37
eps in this episode is:  0.11499999999999999
eps_wstart in this episode is:  0.10999999999999982
action in this episode is:  [[83, 59, 62], [93, 82, 50], [2, 24, 110], [178, 9, 13]]
episode total reward is:  40.16
secondary loss is:  14.715374946594238
---------------------------------------------------------------
train episode:  38
eps in this episode is:  0.10999999999999999
eps_wstart in this episode is:  0.10499999999999982
action in this episode is:  [[83, 59, 62], [93, 82, 50], [2, 24, 110], [178, 9, 13]]
episode total reward is:  47.068
secondary loss is:  9.698163032531738
---------------------------------------------------------------
train episode:  39
eps in this episode is:  0.10499999999999998
eps_wstart in this episode is:  0.09999999999999981
action in this episode is:  [[115, 83, 59], [62, 93, 82], [50, 2, 24], [110, 178, 9]]
episode total reward is:  16.928
secondary loss is:  25.61233901977539
---------------------------------------------------------------
train episode:  40
eps in this episode is:  0.1
eps_wstart in this episode is:  0.0949999999999998
action in this episode is:  [[83, 59, 62], [93, 82, 50], [2, 24, 110], [178, 9, 13]]
episode total reward is:  20.89
secondary loss is:  28.09960174560547
---------------------------------------------------------------
train episode:  41
eps in this episode is:  0.1
eps_wstart in this episode is:  0.0899999999999998
action in this episode is:  [[130, 83, 59], [62, 93, 82], [50, 2, 24], [110, 178, 31]]
episode total reward is:  22.286
secondary loss is:  49.41590118408203
---------------------------------------------------------------
train episode:  42
eps in this episode is:  0.1
eps_wstart in this episode is:  0.0849999999999998
action in this episode is:  [[83, 59, 62], [93, 82, 50], [2, 17, 24], [110, 178, 9]]
episode total reward is:  39.783
secondary loss is:  19.41312599182129
---------------------------------------------------------------
train episode:  43
eps in this episode is:  0.1
eps_wstart in this episode is:  0.0799999999999998
action in this episode is:  [[83, 59, 62], [93, 73, 82], [50, 2, 24], [110, 178, 74]]
episode total reward is:  20.649
secondary loss is:  26.463144302368164
---------------------------------------------------------------
train episode:  44
eps in this episode is:  0.1
eps_wstart in this episode is:  0.07499999999999979
action in this episode is:  [[83, 59, 62], [46, 93, 82], [50, 2, 24], [110, 178, 9]]
episode total reward is:  30.139
secondary loss is:  13.223075866699219
---------------------------------------------------------------
train episode:  45
eps in this episode is:  0.1
eps_wstart in this episode is:  0.06999999999999978
action in this episode is:  [[83, 59, 62], [93, 66, 82], [50, 2, 24], [110, 178, 9]]
episode total reward is:  3.432
secondary loss is:  21.35529327392578
---------------------------------------------------------------
train episode:  46
eps in this episode is:  0.1
eps_wstart in this episode is:  0.06499999999999978
action in this episode is:  [[83, 59, 62], [93, 82, 50], [2, 24, 110], [178, 9, 13]]
episode total reward is:  26.315
secondary loss is:  5.84546422958374
---------------------------------------------------------------
train episode:  47
eps in this episode is:  0.1
eps_wstart in this episode is:  0.05999999999999978
action in this episode is:  [[83, 59, 62], [93, 82, 50], [2, 24, 110], [178, 9, 13]]
episode total reward is:  36.922
secondary loss is:  36.55760955810547
---------------------------------------------------------------
train episode:  48
eps in this episode is:  0.1
eps_wstart in this episode is:  0.054999999999999785
action in this episode is:  [[83, 59, 62], [93, 82, 50], [2, 24, 110], [178, 105, 9]]
episode total reward is:  23.974
secondary loss is:  14.343168258666992
---------------------------------------------------------------
train episode:  49
eps in this episode is:  0.1
eps_wstart in this episode is:  0.04999999999999979
action in this episode is:  [[83, 59, 62], [93, 82, 50], [2, 36, 24], [110, 178, 9]]
episode total reward is:  3.141
secondary loss is:  45.27071762084961
---------------------------------------------------------------
train episode:  50
eps in this episode is:  0.1
eps_wstart in this episode is:  0.04499999999999979
action in this episode is:  [[83, 59, 62], [93, 82, 50], [58, 2, 24], [110, 178, 9]]
episode total reward is:  11.2
secondary loss is:  46.91362762451172
---------------------------------------------------------------
train episode:  51
eps in this episode is:  0.1
eps_wstart in this episode is:  0.03999999999999979
action in this episode is:  [[83, 59, 62], [93, 82, 50], [2, 24, 110], [178, 9, 13]]
episode total reward is:  36.322
secondary loss is:  43.76861572265625
---------------------------------------------------------------
train episode:  52
eps in this episode is:  0.1
eps_wstart in this episode is:  0.034999999999999795
action in this episode is:  [[83, 110, 59], [62, 93, 82], [50, 0, 2], [24, 178, 9]]
episode total reward is:  15.857
secondary loss is:  12.640923500061035
---------------------------------------------------------------
train episode:  53
eps in this episode is:  0.1
eps_wstart in this episode is:  0.029999999999999794
action in this episode is:  [[83, 59, 62], [93, 82, 50], [43, 13, 2], [24, 110, 178]]
episode total reward is:  46.915
secondary loss is:  22.5491943359375
---------------------------------------------------------------
train episode:  54
eps in this episode is:  0.1
eps_wstart in this episode is:  0.024999999999999793
action in this episode is:  [[36, 83, 59], [62, 75, 93], [82, 50, 2], [24, 110, 178]]
episode total reward is:  26.083
secondary loss is:  22.053260803222656
---------------------------------------------------------------
train episode:  55
eps in this episode is:  0.1
eps_wstart in this episode is:  0.019999999999999792
action in this episode is:  [[83, 59, 62], [93, 82, 50], [2, 24, 110], [178, 9, 13]]
episode total reward is:  47.638
secondary loss is:  13.434601783752441
---------------------------------------------------------------
train episode:  56
eps in this episode is:  0.1
eps_wstart in this episode is:  0.014999999999999791
action in this episode is:  [[83, 59, 62], [93, 82, 50], [2, 24, 110], [178, 9, 13]]
episode total reward is:  18.671
secondary loss is:  11.554121017456055
---------------------------------------------------------------
train episode:  57
eps in this episode is:  0.1
eps_wstart in this episode is:  0.00999999999999979
action in this episode is:  [[83, 59, 62], [93, 82, 50], [2, 24, 110], [178, 9, 13]]
episode total reward is:  6.022
secondary loss is:  11.837621688842773
---------------------------------------------------------------
train episode:  58
eps in this episode is:  0.1
eps_wstart in this episode is:  0.00499999999999979
action in this episode is:  [[83, 59, 62], [93, 82, 50], [66, 2, 24], [110, 178, 9]]
episode total reward is:  14.143
secondary loss is:  14.544076919555664
---------------------------------------------------------------
train episode:  59
eps in this episode is:  0.1
eps_wstart in this episode is:  0
action in this episode is:  [[83, 59, 89], [62, 93, 82], [50, 2, 24], [110, 178, 9]]
episode total reward is:  15.081
secondary loss is:  22.98810577392578
---------------------------------------------------------------
train episode:  60
eps in this episode is:  0.1
eps_wstart in this episode is:  0
action in this episode is:  [[83, 59, 62], [93, 82, 50], [2, 24, 110], [178, 9, 13]]
episode total reward is:  31.206
secondary loss is:  11.692755699157715
---------------------------------------------------------------
train episode:  61
eps in this episode is:  0.1
eps_wstart in this episode is:  0
action in this episode is:  [[83, 59, 62], [93, 82, 50], [2, 24, 110], [178, 108, 173]]
episode total reward is:  8.028
secondary loss is:  17.577077865600586
---------------------------------------------------------------
train episode:  62
eps in this episode is:  0.1
eps_wstart in this episode is:  0
action in this episode is:  [[83, 59, 62], [93, 82, 50], [2, 24, 110], [178, 9, 13]]
episode total reward is:  48.669
secondary loss is:  8.866734504699707
---------------------------------------------------------------
train episode:  63
eps in this episode is:  0.1
eps_wstart in this episode is:  0
action in this episode is:  [[181, 83, 59], [62, 93, 82], [50, 2, 24], [110, 178, 9]]
episode total reward is:  32.514
secondary loss is:  13.022590637207031
---------------------------------------------------------------
train episode:  64
eps in this episode is:  0.1
eps_wstart in this episode is:  0
action in this episode is:  [[83, 59, 22], [62, 93, 82], [50, 2, 24], [110, 178, 9]]
episode total reward is:  18.634
secondary loss is:  25.003137588500977
---------------------------------------------------------------
train episode:  65
eps in this episode is:  0.1
eps_wstart in this episode is:  0
action in this episode is:  [[83, 59, 62], [93, 82, 50], [2, 24, 110], [178, 9, 13]]
episode total reward is:  31.88
secondary loss is:  18.261165618896484
---------------------------------------------------------------
train episode:  66
eps in this episode is:  0.1
eps_wstart in this episode is:  0
action in this episode is:  [[83, 59, 62], [93, 82, 50], [178, 2, 24], [110, 9, 13]]
episode total reward is:  6.642
secondary loss is:  1.3523914813995361
---------------------------------------------------------------
train episode:  67
eps in this episode is:  0.1
eps_wstart in this episode is:  0
action in this episode is:  [[83, 59, 62], [93, 82, 50], [2, 24, 110], [178, 9, 13]]
episode total reward is:  38.951
secondary loss is:  7.508037567138672
---------------------------------------------------------------
train episode:  68
eps in this episode is:  0.1
eps_wstart in this episode is:  0
action in this episode is:  [[83, 59, 62], [112, 93, 82], [50, 2, 24], [110, 178, 196]]
episode total reward is:  42.891
secondary loss is:  19.472454071044922
---------------------------------------------------------------
train episode:  69
eps in this episode is:  0.1
eps_wstart in this episode is:  0
action in this episode is:  [[83, 59, 62], [93, 82, 50], [2, 24, 110], [178, 9, 13]]
episode total reward is:  9.738
secondary loss is:  21.0758113861084
---------------------------------------------------------------
train episode:  70
eps in this episode is:  0.1
eps_wstart in this episode is:  0
action in this episode is:  [[83, 59, 62], [93, 82, 50], [80, 2, 24], [110, 178, 9]]
episode total reward is:  42.94
secondary loss is:  34.01581954956055
---------------------------------------------------------------
train episode:  71
eps in this episode is:  0.1
eps_wstart in this episode is:  0
action in this episode is:  [[83, 59, 62], [133, 93, 82], [50, 46, 2], [24, 110, 178]]
episode total reward is:  5.038
secondary loss is:  21.26555824279785
---------------------------------------------------------------
train episode:  72
eps in this episode is:  0.1
eps_wstart in this episode is:  0
action in this episode is:  [[83, 59, 62], [93, 82, 155], [50, 2, 24], [110, 178, 9]]
episode total reward is:  37.486
secondary loss is:  22.0340576171875
---------------------------------------------------------------
train episode:  73
eps in this episode is:  0.1
eps_wstart in this episode is:  0
action in this episode is:  [[83, 59, 62], [93, 82, 50], [2, 24, 110], [178, 9, 13]]
episode total reward is:  51.815
secondary loss is:  15.259544372558594
---------------------------------------------------------------
train episode:  74
eps in this episode is:  0.1
eps_wstart in this episode is:  0
action in this episode is:  [[83, 59, 62], [93, 82, 50], [2, 24, 110], [178, 136, 9]]
episode total reward is:  2.139
secondary loss is:  16.52817726135254
---------------------------------------------------------------
train episode:  75
eps in this episode is:  0.1
eps_wstart in this episode is:  0
action in this episode is:  [[83, 59, 62], [93, 82, 178], [50, 2, 24], [110, 9, 13]]
episode total reward is:  15.339
secondary loss is:  9.928686141967773
---------------------------------------------------------------
train episode:  76
eps in this episode is:  0.1
eps_wstart in this episode is:  0
action in this episode is:  [[83, 59, 62], [93, 82, 50], [2, 24, 190], [110, 178, 9]]
episode total reward is:  23.946
secondary loss is:  9.16567611694336
---------------------------------------------------------------
train episode:  77
eps in this episode is:  0.1
eps_wstart in this episode is:  0
action in this episode is:  [[94, 83, 59], [62, 93, 82], [50, 2, 24], [110, 178, 55]]
episode total reward is:  29.029
secondary loss is:  11.223280906677246
---------------------------------------------------------------
train episode:  78
eps in this episode is:  0.1
eps_wstart in this episode is:  0
action in this episode is:  [[83, 59, 62], [93, 82, 50], [2, 24, 110], [178, 9, 13]]
episode total reward is:  8.346
secondary loss is:  11.323060989379883
---------------------------------------------------------------
train episode:  79
eps in this episode is:  0.1
eps_wstart in this episode is:  0
action in this episode is:  [[83, 59, 62], [93, 82, 50], [2, 24, 110], [178, 9, 13]]
episode total reward is:  38.136
secondary loss is:  13.294013023376465
---------------------------------------------------------------
train episode:  80
eps in this episode is:  0.1
eps_wstart in this episode is:  0
action in this episode is:  [[5, 83, 59], [62, 93, 82], [50, 2, 24], [110, 178, 9]]
episode total reward is:  45.819
secondary loss is:  13.277515411376953
---------------------------------------------------------------
train episode:  81
eps in this episode is:  0.1
eps_wstart in this episode is:  0
action in this episode is:  [[83, 59, 62], [63, 93, 82], [50, 2, 24], [110, 30, 187]]
episode total reward is:  11.779
secondary loss is:  10.077201843261719
---------------------------------------------------------------
train episode:  82
eps in this episode is:  0.1
eps_wstart in this episode is:  0
action in this episode is:  [[83, 59, 62], [93, 82, 50], [2, 90, 24], [110, 178, 9]]
episode total reward is:  22.419
secondary loss is:  10.62700366973877
---------------------------------------------------------------
train episode:  83
eps in this episode is:  0.1
eps_wstart in this episode is:  0
action in this episode is:  [[83, 59, 62], [93, 82, 50], [2, 24, 110], [178, 43, 197]]
episode total reward is:  35.083
secondary loss is:  14.624654769897461
---------------------------------------------------------------
train episode:  84
eps in this episode is:  0.1
eps_wstart in this episode is:  0
action in this episode is:  [[83, 97, 59], [62, 93, 82], [13, 50, 2], [24, 110, 178]]
episode total reward is:  24.985
secondary loss is:  12.980918884277344
---------------------------------------------------------------
train episode:  85
eps in this episode is:  0.1
eps_wstart in this episode is:  0
action in this episode is:  [[83, 59, 62], [93, 82, 50], [2, 63, 24], [110, 178, 9]]
episode total reward is:  4.569
secondary loss is:  10.965898513793945
---------------------------------------------------------------
train episode:  86
eps in this episode is:  0.1
eps_wstart in this episode is:  0
action in this episode is:  [[163, 83, 59], [62, 93, 82], [50, 2, 24], [110, 178, 9]]
episode total reward is:  33.883
secondary loss is:  21.47921371459961
---------------------------------------------------------------
train episode:  87
eps in this episode is:  0.1
eps_wstart in this episode is:  0
action in this episode is:  [[83, 59, 62], [93, 82, 31], [50, 2, 24], [110, 178, 9]]
episode total reward is:  41.697
secondary loss is:  12.897733688354492
---------------------------------------------------------------
train episode:  88
eps in this episode is:  0.1
eps_wstart in this episode is:  0
action in this episode is:  [[83, 59, 163], [62, 93, 82], [50, 2, 121], [24, 110, 178]]
episode total reward is:  6.811
secondary loss is:  10.855792999267578
---------------------------------------------------------------
train episode:  89
eps in this episode is:  0.1
eps_wstart in this episode is:  0
action in this episode is:  [[135, 83, 11], [59, 62, 93], [82, 50, 2], [24, 110, 178]]
episode total reward is:  22.829
secondary loss is:  16.66995620727539
---------------------------------------------------------------
train episode:  90
eps in this episode is:  0.1
eps_wstart in this episode is:  0
action in this episode is:  [[83, 145, 59], [62, 93, 82], [50, 2, 24], [110, 178, 9]]
episode total reward is:  2.042
secondary loss is:  21.175708770751953
---------------------------------------------------------------
train episode:  91
eps in this episode is:  0.1
eps_wstart in this episode is:  0
action in this episode is:  [[83, 59, 62], [85, 93, 82], [50, 2, 24], [110, 178, 9]]
episode total reward is:  35.428
secondary loss is:  23.279634475708008
---------------------------------------------------------------
train episode:  92
eps in this episode is:  0.1
eps_wstart in this episode is:  0
action in this episode is:  [[83, 59, 62], [93, 82, 50], [2, 24, 110], [16, 178, 9]]
episode total reward is:  6.457
secondary loss is:  9.320099830627441
---------------------------------------------------------------
train episode:  93
eps in this episode is:  0.1
eps_wstart in this episode is:  0
action in this episode is:  [[91, 83, 59], [62, 93, 120], [82, 50, 2], [49, 24, 110]]
episode total reward is:  18.926
secondary loss is:  22.069705963134766
---------------------------------------------------------------
train episode:  94
eps in this episode is:  0.1
eps_wstart in this episode is:  0
action in this episode is:  [[83, 59, 30], [62, 64, 93], [82, 50, 2], [24, 110, 178]]
episode total reward is:  23.019
secondary loss is:  8.560796737670898
---------------------------------------------------------------
train episode:  95
eps in this episode is:  0.1
eps_wstart in this episode is:  0
action in this episode is:  [[124, 83, 59], [62, 93, 191], [82, 163, 100], [50, 2, 24]]
episode total reward is:  34.032
secondary loss is:  9.113564491271973
---------------------------------------------------------------
train episode:  96
eps in this episode is:  0.1
eps_wstart in this episode is:  0
action in this episode is:  [[83, 201, 59], [62, 93, 82], [66, 50, 2], [40, 24, 110]]
episode total reward is:  28.101
secondary loss is:  16.734111785888672
---------------------------------------------------------------
train episode:  97
eps in this episode is:  0.1
eps_wstart in this episode is:  0
action in this episode is:  [[73, 83, 59], [152, 62, 93], [82, 50, 2], [24, 110, 178]]
episode total reward is:  12.942
secondary loss is:  12.271757125854492
---------------------------------------------------------------
train episode:  98
eps in this episode is:  0.1
eps_wstart in this episode is:  0
action in this episode is:  [[83, 59, 43], [62, 124, 93], [82, 50, 164], [2, 24, 110]]
episode total reward is:  33.371
secondary loss is:  24.96394920349121
---------------------------------------------------------------
train episode:  99
runtime is:  5263.01727104187
eps in this episode is:  0.1
eps_wstart in this episode is:  0
action in this episode is:  [[83, 59, 62], [93, 82, 50], [2, 24, 110], [178, 9, 13]]
episode total reward is:  11.121
secondary loss is:  9.464300155639648




testing
---------------------------------------------------------------
test episode:  0
action in this episode is:  [[83, 59, 62], [93, 82, 50], [2, 24, 110], [178, 9, 13]]
episode total reward is:  41.588
---------------------------------------------------------------
test episode:  1
action in this episode is:  [[83, 59, 62], [93, 82, 50], [2, 24, 110], [178, 9, 13]]
episode total reward is:  31.46
---------------------------------------------------------------
test episode:  2
action in this episode is:  [[83, 59, 62], [93, 82, 50], [2, 24, 110], [178, 9, 13]]
episode total reward is:  20.444
---------------------------------------------------------------
test episode:  3
action in this episode is:  [[83, 59, 62], [93, 82, 50], [2, 24, 110], [178, 9, 13]]
episode total reward is:  13.154
---------------------------------------------------------------
test episode:  4
action in this episode is:  [[83, 59, 62], [93, 82, 50], [2, 24, 110], [178, 9, 13]]
episode total reward is:  31.834
---------------------------------------------------------------
test episode:  5
action in this episode is:  [[83, 59, 62], [93, 82, 50], [2, 24, 110], [178, 9, 13]]
episode total reward is:  14.908
---------------------------------------------------------------
test episode:  6
action in this episode is:  [[83, 59, 62], [93, 82, 50], [2, 24, 110], [178, 9, 13]]
episode total reward is:  27.541
---------------------------------------------------------------
test episode:  7
action in this episode is:  [[83, 59, 62], [93, 82, 50], [2, 24, 110], [178, 9, 13]]
episode total reward is:  38.442
---------------------------------------------------------------
test episode:  8
action in this episode is:  [[83, 59, 62], [93, 82, 50], [2, 24, 110], [178, 9, 13]]
episode total reward is:  41.514
---------------------------------------------------------------
test episode:  9
action in this episode is:  [[83, 59, 62], [93, 82, 50], [2, 24, 110], [178, 9, 13]]
episode total reward is:  41.253
---------------------------------------------------------------
test episode:  10
action in this episode is:  [[83, 59, 62], [93, 82, 50], [2, 24, 110], [178, 9, 13]]
episode total reward is:  12.724
---------------------------------------------------------------
test episode:  11
action in this episode is:  [[83, 59, 62], [93, 82, 50], [2, 24, 110], [178, 9, 13]]
episode total reward is:  13.983
---------------------------------------------------------------
test episode:  12
action in this episode is:  [[83, 59, 62], [93, 82, 50], [2, 24, 110], [178, 9, 13]]
episode total reward is:  31.383
---------------------------------------------------------------
test episode:  13
action in this episode is:  [[83, 59, 62], [93, 82, 50], [2, 24, 110], [178, 9, 13]]
episode total reward is:  5.876
---------------------------------------------------------------
test episode:  14
action in this episode is:  [[83, 59, 62], [93, 82, 50], [2, 24, 110], [178, 9, 13]]
episode total reward is:  18.997
---------------------------------------------------------------
test episode:  15
action in this episode is:  [[83, 59, 62], [93, 82, 50], [2, 24, 110], [178, 9, 13]]
episode total reward is:  30.08
---------------------------------------------------------------
test episode:  16
action in this episode is:  [[83, 59, 62], [93, 82, 50], [2, 24, 110], [178, 9, 13]]
episode total reward is:  34.743
---------------------------------------------------------------
test episode:  17
action in this episode is:  [[83, 59, 62], [93, 82, 50], [2, 24, 110], [178, 9, 13]]
episode total reward is:  24.05
---------------------------------------------------------------
test episode:  18
action in this episode is:  [[83, 59, 62], [93, 82, 50], [2, 24, 110], [178, 9, 13]]
episode total reward is:  50.411
---------------------------------------------------------------
test episode:  19
action in this episode is:  [[83, 59, 62], [93, 82, 50], [2, 24, 110], [178, 9, 13]]
episode total reward is:  8.515
---------------------------------------------------------------
test episode:  20
action in this episode is:  [[83, 59, 62], [93, 82, 50], [2, 24, 110], [178, 9, 13]]
episode total reward is:  26.496
---------------------------------------------------------------
test episode:  21
action in this episode is:  [[83, 59, 62], [93, 82, 50], [2, 24, 110], [178, 9, 13]]
episode total reward is:  11.529
---------------------------------------------------------------
test episode:  22
action in this episode is:  [[83, 59, 62], [93, 82, 50], [2, 24, 110], [178, 9, 13]]
episode total reward is:  5.959
---------------------------------------------------------------
test episode:  23
action in this episode is:  [[83, 59, 62], [93, 82, 50], [2, 24, 110], [178, 9, 13]]
episode total reward is:  28.692
---------------------------------------------------------------
test episode:  24
action in this episode is:  [[83, 59, 62], [93, 82, 50], [2, 24, 110], [178, 9, 13]]
episode total reward is:  30.21
---------------------------------------------------------------
test episode:  25
action in this episode is:  [[83, 59, 62], [93, 82, 50], [2, 24, 110], [178, 9, 13]]
episode total reward is:  28.65
---------------------------------------------------------------
test episode:  26
action in this episode is:  [[83, 59, 62], [93, 82, 50], [2, 24, 110], [178, 9, 13]]
episode total reward is:  41.729
---------------------------------------------------------------
test episode:  27
action in this episode is:  [[83, 59, 62], [93, 82, 50], [2, 24, 110], [178, 9, 13]]
episode total reward is:  6.326
---------------------------------------------------------------
test episode:  28
action in this episode is:  [[83, 59, 62], [93, 82, 50], [2, 24, 110], [178, 9, 13]]
episode total reward is:  32.685
---------------------------------------------------------------
test episode:  29
action in this episode is:  [[83, 59, 62], [93, 82, 50], [2, 24, 110], [178, 9, 13]]
episode total reward is:  7.46
---------------------------------------------------------------
test episode:  30
action in this episode is:  [[83, 59, 62], [93, 82, 50], [2, 24, 110], [178, 9, 13]]
episode total reward is:  3.862
---------------------------------------------------------------
test episode:  31
action in this episode is:  [[83, 59, 62], [93, 82, 50], [2, 24, 110], [178, 9, 13]]
episode total reward is:  38.933
---------------------------------------------------------------
test episode:  32
action in this episode is:  [[83, 59, 62], [93, 82, 50], [2, 24, 110], [178, 9, 13]]
episode total reward is:  43.448
---------------------------------------------------------------
test episode:  33
action in this episode is:  [[83, 59, 62], [93, 82, 50], [2, 24, 110], [178, 9, 13]]
episode total reward is:  53.13
---------------------------------------------------------------
test episode:  34
action in this episode is:  [[83, 59, 62], [93, 82, 50], [2, 24, 110], [178, 9, 13]]
episode total reward is:  9.361
---------------------------------------------------------------
test episode:  35
action in this episode is:  [[83, 59, 62], [93, 82, 50], [2, 24, 110], [178, 9, 13]]
episode total reward is:  46.719
---------------------------------------------------------------
test episode:  36
action in this episode is:  [[83, 59, 62], [93, 82, 50], [2, 24, 110], [178, 9, 13]]
episode total reward is:  6.523
---------------------------------------------------------------
test episode:  37
action in this episode is:  [[83, 59, 62], [93, 82, 50], [2, 24, 110], [178, 9, 13]]
episode total reward is:  9.602
---------------------------------------------------------------
test episode:  38
action in this episode is:  [[83, 59, 62], [93, 82, 50], [2, 24, 110], [178, 9, 13]]
episode total reward is:  20.675
---------------------------------------------------------------
test episode:  39
action in this episode is:  [[83, 59, 62], [93, 82, 50], [2, 24, 110], [178, 9, 13]]
episode total reward is:  41.854
---------------------------------------------------------------
test episode:  40
action in this episode is:  [[83, 59, 62], [93, 82, 50], [2, 24, 110], [178, 9, 13]]
episode total reward is:  26.482
---------------------------------------------------------------
test episode:  41
action in this episode is:  [[83, 59, 62], [93, 82, 50], [2, 24, 110], [178, 9, 13]]
episode total reward is:  40.112
---------------------------------------------------------------
test episode:  42
action in this episode is:  [[83, 59, 62], [93, 82, 50], [2, 24, 110], [178, 9, 13]]
episode total reward is:  40.136
---------------------------------------------------------------
test episode:  43
action in this episode is:  [[83, 59, 62], [93, 82, 50], [2, 24, 110], [178, 9, 13]]
episode total reward is:  55.18
---------------------------------------------------------------
test episode:  44
action in this episode is:  [[83, 59, 62], [93, 82, 50], [2, 24, 110], [178, 9, 13]]
episode total reward is:  54.19
---------------------------------------------------------------
test episode:  45
action in this episode is:  [[83, 59, 62], [93, 82, 50], [2, 24, 110], [178, 9, 13]]
episode total reward is:  19.975
---------------------------------------------------------------
test episode:  46
action in this episode is:  [[83, 59, 62], [93, 82, 50], [2, 24, 110], [178, 9, 13]]
episode total reward is:  42.59
---------------------------------------------------------------
test episode:  47
action in this episode is:  [[83, 59, 62], [93, 82, 50], [2, 24, 110], [178, 9, 13]]
episode total reward is:  20.0
---------------------------------------------------------------
test episode:  48
action in this episode is:  [[83, 59, 62], [93, 82, 50], [2, 24, 110], [178, 9, 13]]
episode total reward is:  5.766
---------------------------------------------------------------
test episode:  49
action in this episode is:  [[83, 59, 62], [93, 82, 50], [2, 24, 110], [178, 9, 13]]
episode total reward is:  3.789
average reward: 26.69926
reward std: 15.051713906143714
