chosen graph:  India
cascade model is:  DIC
device is:  cuda
---------------------------------------------------------------
train episode:  0
eps in this episode is:  0.3
eps_wstart in this episode is:  0.295
action in this episode is:  [[62, 93, 83], [59, 50, 24], [82, 196, 11], [35, 108, 2]]
episode total reward is:  53.948
---------------------------------------------------------------
train episode:  1
eps in this episode is:  0.295
eps_wstart in this episode is:  0.29
action in this episode is:  [[62, 83, 59], [93, 82, 2], [156, 187, 50], [63, 4, 10]]
episode total reward is:  55.863
---------------------------------------------------------------
train episode:  2
eps in this episode is:  0.29
eps_wstart in this episode is:  0.285
action in this episode is:  [[150, 62, 15], [93, 55, 83], [82, 59, 2], [156, 163, 71]]
episode total reward is:  50.882
---------------------------------------------------------------
train episode:  3
eps in this episode is:  0.285
eps_wstart in this episode is:  0.27999999999999997
action in this episode is:  [[62, 83, 59], [93, 39, 82], [2, 156, 50], [38, 63, 60]]
episode total reward is:  59.27
---------------------------------------------------------------
train episode:  4
eps in this episode is:  0.27999999999999997
eps_wstart in this episode is:  0.27499999999999997
action in this episode is:  [[62, 83, 59], [93, 82, 2], [50, 24, 95], [9, 178, 6]]
episode total reward is:  58.367
---------------------------------------------------------------
train episode:  5
eps in this episode is:  0.27499999999999997
eps_wstart in this episode is:  0.26999999999999996
action in this episode is:  [[67, 62, 201], [93, 83, 82], [59, 2, 196], [50, 24, 95]]
episode total reward is:  53.563
---------------------------------------------------------------
train episode:  6
eps in this episode is:  0.27
eps_wstart in this episode is:  0.26499999999999996
action in this episode is:  [[62, 91, 93], [83, 82, 140], [119, 127, 59], [50, 24, 95]]
episode total reward is:  51.157
---------------------------------------------------------------
train episode:  7
eps in this episode is:  0.265
eps_wstart in this episode is:  0.25999999999999995
action in this episode is:  [[62, 93, 83], [82, 45, 59], [2, 124, 156], [161, 50, 63]]
episode total reward is:  55.407
---------------------------------------------------------------
train episode:  8
eps in this episode is:  0.26
eps_wstart in this episode is:  0.25499999999999995
action in this episode is:  [[62, 146, 93], [83, 82, 199], [59, 2, 156], [50, 63, 60]]
episode total reward is:  59.902
---------------------------------------------------------------
train episode:  9
eps in this episode is:  0.255
eps_wstart in this episode is:  0.24999999999999994
action in this episode is:  [[62, 93, 181], [83, 82, 59], [2, 156, 50], [63, 60, 12]]
episode total reward is:  61.836
---------------------------------------------------------------
train episode:  10
eps in this episode is:  0.25
eps_wstart in this episode is:  0.24499999999999994
action in this episode is:  [[62, 168, 93], [83, 82, 59], [2, 156, 70], [50, 63, 60]]
episode total reward is:  57.335
secondary loss is:  14.40787410736084
---------------------------------------------------------------
train episode:  11
eps in this episode is:  0.245
eps_wstart in this episode is:  0.23999999999999994
action in this episode is:  [[62, 93, 83], [50, 82, 59], [27, 2, 156], [24, 95, 9]]
episode total reward is:  57.863
secondary loss is:  3.662990093231201
---------------------------------------------------------------
train episode:  12
eps in this episode is:  0.24
eps_wstart in this episode is:  0.23499999999999993
action in this episode is:  [[62, 93, 149], [83, 59, 50], [181, 82, 2], [24, 95, 9]]
episode total reward is:  56.451
secondary loss is:  4.063239097595215
---------------------------------------------------------------
train episode:  13
eps in this episode is:  0.235
eps_wstart in this episode is:  0.22999999999999993
action in this episode is:  [[62, 93, 51], [83, 82, 59], [2, 185, 156], [50, 63, 107]]
episode total reward is:  52.959
secondary loss is:  1.2632964849472046
---------------------------------------------------------------
train episode:  14
eps in this episode is:  0.22999999999999998
eps_wstart in this episode is:  0.22499999999999992
action in this episode is:  [[62, 93, 182], [83, 59, 50], [66, 82, 158], [24, 95, 9]]
episode total reward is:  53.486
secondary loss is:  1.1418814659118652
---------------------------------------------------------------
train episode:  15
eps in this episode is:  0.22499999999999998
eps_wstart in this episode is:  0.21999999999999992
action in this episode is:  [[62, 93, 83], [111, 82, 59], [2, 156, 50], [63, 60, 193]]
episode total reward is:  58.244
secondary loss is:  4.507440567016602
---------------------------------------------------------------
train episode:  16
eps in this episode is:  0.21999999999999997
eps_wstart in this episode is:  0.2149999999999999
action in this episode is:  [[62, 93, 83], [82, 59, 2], [74, 156, 50], [63, 12, 60]]
episode total reward is:  60.222
secondary loss is:  2.9052555561065674
---------------------------------------------------------------
train episode:  17
eps in this episode is:  0.21499999999999997
eps_wstart in this episode is:  0.2099999999999999
action in this episode is:  [[160, 62, 93], [83, 59, 50], [82, 2, 156], [24, 95, 9]]
episode total reward is:  57.422
secondary loss is:  5.509697914123535
---------------------------------------------------------------
train episode:  18
eps in this episode is:  0.21
eps_wstart in this episode is:  0.2049999999999999
action in this episode is:  [[62, 83, 59], [93, 50, 24], [100, 82, 2], [95, 9, 178]]
episode total reward is:  56.904
secondary loss is:  2.038778066635132
---------------------------------------------------------------
train episode:  19
eps in this episode is:  0.205
eps_wstart in this episode is:  0.1999999999999999
action in this episode is:  [[140, 62, 93], [83, 82, 59], [2, 26, 156], [50, 24, 95]]
episode total reward is:  53.8
secondary loss is:  1.2741761207580566
---------------------------------------------------------------
train episode:  20
eps in this episode is:  0.19999999999999998
eps_wstart in this episode is:  0.1949999999999999
action in this episode is:  [[132, 7, 62], [87, 93, 83], [59, 50, 24], [82, 2, 156]]
episode total reward is:  54.263
secondary loss is:  0.40507763624191284
---------------------------------------------------------------
train episode:  21
eps in this episode is:  0.195
eps_wstart in this episode is:  0.1899999999999999
action in this episode is:  [[62, 93, 83], [82, 59, 2], [156, 50, 63], [60, 12, 141]]
episode total reward is:  60.72
secondary loss is:  0.7627376317977905
---------------------------------------------------------------
train episode:  22
eps in this episode is:  0.19
eps_wstart in this episode is:  0.1849999999999999
action in this episode is:  [[62, 93, 83], [169, 82, 59], [191, 2, 156], [50, 63, 200]]
episode total reward is:  53.297
secondary loss is:  0.7565375566482544
---------------------------------------------------------------
train episode:  23
eps in this episode is:  0.185
eps_wstart in this episode is:  0.17999999999999988
action in this episode is:  [[62, 38, 134], [93, 83, 82], [59, 2, 156], [50, 63, 193]]
episode total reward is:  56.204
secondary loss is:  0.995373547077179
---------------------------------------------------------------
train episode:  24
eps in this episode is:  0.18
eps_wstart in this episode is:  0.17499999999999988
action in this episode is:  [[62, 83, 59], [93, 82, 2], [50, 24, 95], [156, 63, 60]]
episode total reward is:  57.895
secondary loss is:  0.9624374508857727
---------------------------------------------------------------
train episode:  25
eps in this episode is:  0.175
eps_wstart in this episode is:  0.16999999999999987
action in this episode is:  [[62, 61, 93], [83, 59, 50], [24, 95, 82], [2, 156, 43]]
episode total reward is:  51.542
secondary loss is:  1.4001553058624268
---------------------------------------------------------------
train episode:  26
eps in this episode is:  0.16999999999999998
eps_wstart in this episode is:  0.16499999999999987
action in this episode is:  [[144, 62, 93], [83, 59, 82], [2, 188, 156], [50, 63, 60]]
episode total reward is:  56.709
secondary loss is:  1.0705777406692505
---------------------------------------------------------------
train episode:  27
eps in this episode is:  0.16499999999999998
eps_wstart in this episode is:  0.15999999999999986
action in this episode is:  [[62, 93, 83], [9, 82, 59], [2, 156, 50], [63, 60, 12]]
episode total reward is:  61.874
secondary loss is:  3.0675086975097656
---------------------------------------------------------------
train episode:  28
eps in this episode is:  0.15999999999999998
eps_wstart in this episode is:  0.15499999999999986
action in this episode is:  [[62, 93, 83], [82, 98, 59], [2, 156, 50], [63, 60, 12]]
episode total reward is:  59.779
secondary loss is:  0.8528163433074951
---------------------------------------------------------------
train episode:  29
eps in this episode is:  0.155
eps_wstart in this episode is:  0.14999999999999986
action in this episode is:  [[90, 128, 62], [93, 83, 185], [82, 107, 59], [50, 24, 95]]
episode total reward is:  52.015
secondary loss is:  1.090930700302124
---------------------------------------------------------------
train episode:  30
eps in this episode is:  0.15
eps_wstart in this episode is:  0.14499999999999985
action in this episode is:  [[62, 93, 83], [82, 59, 2], [156, 50, 33], [24, 95, 9]]
episode total reward is:  55.107
secondary loss is:  0.4015558660030365
---------------------------------------------------------------
train episode:  31
eps in this episode is:  0.145
eps_wstart in this episode is:  0.13999999999999985
action in this episode is:  [[62, 93, 83], [82, 59, 2], [50, 24, 95], [9, 178, 6]]
episode total reward is:  58.565
secondary loss is:  0.6543111801147461
---------------------------------------------------------------
train episode:  32
eps in this episode is:  0.13999999999999999
eps_wstart in this episode is:  0.13499999999999984
action in this episode is:  [[76, 62, 93], [183, 83, 82], [59, 2, 156], [50, 63, 60]]
episode total reward is:  56.768
secondary loss is:  0.35680899024009705
---------------------------------------------------------------
train episode:  33
eps in this episode is:  0.13499999999999998
eps_wstart in this episode is:  0.12999999999999984
action in this episode is:  [[62, 93, 83], [82, 59, 2], [177, 156, 50], [63, 60, 12]]
episode total reward is:  59.766
secondary loss is:  0.7718836069107056
---------------------------------------------------------------
train episode:  34
eps in this episode is:  0.12999999999999998
eps_wstart in this episode is:  0.12499999999999983
action in this episode is:  [[62, 93, 83], [82, 59, 2], [50, 24, 95], [105, 156, 63]]
episode total reward is:  51.537
secondary loss is:  1.5069327354431152
---------------------------------------------------------------
train episode:  35
eps in this episode is:  0.12499999999999997
eps_wstart in this episode is:  0.11999999999999983
action in this episode is:  [[62, 93, 83], [82, 59, 2], [156, 153, 50], [24, 95, 9]]
episode total reward is:  55.574
secondary loss is:  1.0388777256011963
---------------------------------------------------------------
train episode:  36
eps in this episode is:  0.12
eps_wstart in this episode is:  0.11499999999999982
action in this episode is:  [[81, 102, 62], [93, 83, 82], [59, 2, 156], [50, 63, 60]]
episode total reward is:  57.375
secondary loss is:  0.9833616018295288
---------------------------------------------------------------
train episode:  37
eps in this episode is:  0.11499999999999999
eps_wstart in this episode is:  0.10999999999999982
action in this episode is:  [[62, 93, 166], [83, 82, 59], [2, 156, 50], [63, 60, 12]]
episode total reward is:  59.936
secondary loss is:  0.7131128311157227
---------------------------------------------------------------
train episode:  38
eps in this episode is:  0.10999999999999999
eps_wstart in this episode is:  0.10499999999999982
action in this episode is:  [[62, 93, 83], [82, 59, 2], [134, 156, 100], [50, 63, 60]]
episode total reward is:  59.001
secondary loss is:  0.7606525421142578
---------------------------------------------------------------
train episode:  39
eps in this episode is:  0.10499999999999998
eps_wstart in this episode is:  0.09999999999999981
action in this episode is:  [[58, 62, 93], [83, 82, 59], [2, 156, 50], [63, 60, 12]]
episode total reward is:  59.904
secondary loss is:  0.5635546445846558
---------------------------------------------------------------
train episode:  40
eps in this episode is:  0.1
eps_wstart in this episode is:  0.0949999999999998
action in this episode is:  [[62, 10, 93], [191, 83, 82], [59, 2, 156], [60, 50, 63]]
episode total reward is:  58.087
secondary loss is:  0.8526140451431274
---------------------------------------------------------------
train episode:  41
eps in this episode is:  0.1
eps_wstart in this episode is:  0.0899999999999998
action in this episode is:  [[62, 93, 83], [82, 59, 2], [156, 50, 63], [60, 12, 141]]
episode total reward is:  60.534
secondary loss is:  1.0230653285980225
---------------------------------------------------------------
train episode:  42
eps in this episode is:  0.1
eps_wstart in this episode is:  0.0849999999999998
action in this episode is:  [[62, 93, 83], [82, 59, 2], [156, 164, 50], [63, 60, 12]]
episode total reward is:  61.949
secondary loss is:  0.9871634244918823
---------------------------------------------------------------
train episode:  43
eps in this episode is:  0.1
eps_wstart in this episode is:  0.0799999999999998
action in this episode is:  [[62, 93, 83], [82, 31, 59], [2, 74, 156], [50, 63, 60]]
episode total reward is:  58.991
secondary loss is:  0.4196603000164032
---------------------------------------------------------------
train episode:  44
eps in this episode is:  0.1
eps_wstart in this episode is:  0.07499999999999979
action in this episode is:  [[198, 62, 93], [83, 158, 82], [59, 2, 156], [50, 63, 60]]
episode total reward is:  59.876
secondary loss is:  0.9648246765136719
---------------------------------------------------------------
train episode:  45
eps in this episode is:  0.1
eps_wstart in this episode is:  0.06999999999999978
action in this episode is:  [[121, 62, 93], [83, 82, 59], [2, 123, 156], [50, 63, 60]]
episode total reward is:  60.702
secondary loss is:  0.3624468147754669
---------------------------------------------------------------
train episode:  46
eps in this episode is:  0.1
eps_wstart in this episode is:  0.06499999999999978
action in this episode is:  [[62, 93, 83], [59, 50, 24], [82, 2, 156], [165, 63, 60]]
episode total reward is:  57.617
secondary loss is:  0.9870330691337585
---------------------------------------------------------------
train episode:  47
eps in this episode is:  0.1
eps_wstart in this episode is:  0.05999999999999978
action in this episode is:  [[62, 93, 83], [82, 59, 147], [2, 156, 50], [63, 60, 12]]
episode total reward is:  61.563
secondary loss is:  0.38960057497024536
---------------------------------------------------------------
train episode:  48
eps in this episode is:  0.1
eps_wstart in this episode is:  0.054999999999999785
action in this episode is:  [[62, 93, 0], [83, 59, 50], [82, 2, 156], [63, 60, 12]]
episode total reward is:  58.833
secondary loss is:  0.24429205060005188
---------------------------------------------------------------
train episode:  49
eps in this episode is:  0.1
eps_wstart in this episode is:  0.04999999999999979
action in this episode is:  [[62, 93, 83], [82, 59, 2], [156, 50, 63], [60, 12, 141]]
episode total reward is:  59.706
secondary loss is:  1.4428414106369019
---------------------------------------------------------------
train episode:  50
eps in this episode is:  0.1
eps_wstart in this episode is:  0.04499999999999979
action in this episode is:  [[62, 93, 83], [82, 59, 2], [192, 156, 50], [63, 60, 198]]
episode total reward is:  58.717
secondary loss is:  0.8083394765853882
---------------------------------------------------------------
train episode:  51
eps in this episode is:  0.1
eps_wstart in this episode is:  0.03999999999999979
action in this episode is:  [[62, 93, 83], [82, 59, 2], [156, 50, 63], [60, 103, 12]]
episode total reward is:  61.619
secondary loss is:  0.02386387251317501
---------------------------------------------------------------
train episode:  52
eps in this episode is:  0.1
eps_wstart in this episode is:  0.034999999999999795
action in this episode is:  [[62, 93, 83], [82, 59, 2], [156, 137, 50], [63, 60, 12]]
episode total reward is:  60.59
secondary loss is:  0.5458585023880005
---------------------------------------------------------------
train episode:  53
eps in this episode is:  0.1
eps_wstart in this episode is:  0.029999999999999794
action in this episode is:  [[62, 60, 93], [83, 82, 59], [2, 106, 156], [50, 63, 12]]
episode total reward is:  60.561
secondary loss is:  0.398664265871048
---------------------------------------------------------------
train episode:  54
eps in this episode is:  0.1
eps_wstart in this episode is:  0.024999999999999793
action in this episode is:  [[62, 93, 83], [59, 50, 24], [82, 2, 139], [156, 63, 60]]
episode total reward is:  60.001
secondary loss is:  0.4967491924762726
---------------------------------------------------------------
train episode:  55
eps in this episode is:  0.1
eps_wstart in this episode is:  0.019999999999999792
action in this episode is:  [[62, 93, 83], [82, 59, 31], [2, 156, 50], [63, 60, 12]]
episode total reward is:  60.149
secondary loss is:  0.7111685276031494
---------------------------------------------------------------
train episode:  56
eps in this episode is:  0.1
eps_wstart in this episode is:  0.014999999999999791
action in this episode is:  [[62, 93, 83], [82, 59, 19], [2, 156, 50], [63, 60, 12]]
episode total reward is:  61.776
secondary loss is:  0.18061065673828125
---------------------------------------------------------------
train episode:  57
eps in this episode is:  0.1
eps_wstart in this episode is:  0.00999999999999979
action in this episode is:  [[62, 93, 83], [82, 59, 2], [156, 50, 63], [151, 60, 12]]
episode total reward is:  59.389
secondary loss is:  1.2464534044265747
---------------------------------------------------------------
train episode:  58
eps in this episode is:  0.1
eps_wstart in this episode is:  0.00499999999999979
action in this episode is:  [[62, 93, 83], [82, 7, 59], [2, 156, 50], [63, 60, 12]]
episode total reward is:  61.836
secondary loss is:  0.4708626866340637
---------------------------------------------------------------
train episode:  59
eps in this episode is:  0.1
eps_wstart in this episode is:  0
action in this episode is:  [[62, 93, 83], [82, 59, 2], [156, 50, 63], [60, 12, 141]]
episode total reward is:  60.787
secondary loss is:  0.8754355907440186
---------------------------------------------------------------
train episode:  60
eps in this episode is:  0.1
eps_wstart in this episode is:  0
action in this episode is:  [[62, 93, 83], [82, 59, 2], [156, 50, 63], [60, 12, 141]]
episode total reward is:  61.285
secondary loss is:  0.8536320924758911
---------------------------------------------------------------
train episode:  61
eps in this episode is:  0.1
eps_wstart in this episode is:  0
action in this episode is:  [[62, 93, 86], [83, 82, 59], [2, 156, 50], [63, 60, 12]]
episode total reward is:  60.38
secondary loss is:  0.8159030079841614
---------------------------------------------------------------
train episode:  62
eps in this episode is:  0.1
eps_wstart in this episode is:  0
action in this episode is:  [[62, 93, 178], [83, 82, 59], [2, 156, 50], [63, 60, 12]]
episode total reward is:  60.935
secondary loss is:  0.7442969083786011
---------------------------------------------------------------
train episode:  63
eps in this episode is:  0.1
eps_wstart in this episode is:  0
action in this episode is:  [[62, 93, 83], [82, 61, 59], [2, 156, 50], [63, 60, 12]]
episode total reward is:  56.912
secondary loss is:  1.8539913892745972
---------------------------------------------------------------
train episode:  64
eps in this episode is:  0.1
eps_wstart in this episode is:  0
action in this episode is:  [[62, 93, 83], [82, 59, 2], [156, 50, 63], [60, 12, 143]]
episode total reward is:  60.859
secondary loss is:  0.8492550849914551
---------------------------------------------------------------
train episode:  65
eps in this episode is:  0.1
eps_wstart in this episode is:  0
action in this episode is:  [[62, 93, 89], [83, 82, 59], [2, 156, 50], [63, 110, 60]]
episode total reward is:  62.087
secondary loss is:  0.7294368743896484
---------------------------------------------------------------
train episode:  66
eps in this episode is:  0.1
eps_wstart in this episode is:  0
action in this episode is:  [[125, 62, 93], [83, 82, 59], [2, 156, 50], [63, 60, 12]]
episode total reward is:  59.517
secondary loss is:  1.2381051778793335
---------------------------------------------------------------
train episode:  67
eps in this episode is:  0.1
eps_wstart in this episode is:  0
action in this episode is:  [[62, 93, 44], [146, 81, 83], [82, 100, 59], [2, 156, 186]]
episode total reward is:  51.16
secondary loss is:  1.0509967803955078
---------------------------------------------------------------
train episode:  68
eps in this episode is:  0.1
eps_wstart in this episode is:  0
action in this episode is:  [[62, 93, 83], [82, 59, 2], [156, 50, 63], [60, 12, 141]]
episode total reward is:  60.74
secondary loss is:  0.4048922061920166
---------------------------------------------------------------
train episode:  69
eps in this episode is:  0.1
eps_wstart in this episode is:  0
action in this episode is:  [[151, 62, 93], [83, 160, 82], [59, 2, 156], [50, 63, 60]]
episode total reward is:  60.245
secondary loss is:  0.7841227650642395
---------------------------------------------------------------
train episode:  70
eps in this episode is:  0.1
eps_wstart in this episode is:  0
action in this episode is:  [[62, 93, 83], [82, 59, 2], [156, 50, 63], [60, 70, 12]]
episode total reward is:  58.628
secondary loss is:  1.1018500328063965
---------------------------------------------------------------
train episode:  71
eps in this episode is:  0.1
eps_wstart in this episode is:  0
action in this episode is:  [[62, 93, 83], [82, 59, 2], [156, 50, 63], [60, 12, 141]]
episode total reward is:  59.971
secondary loss is:  0.6656989455223083
---------------------------------------------------------------
train episode:  72
eps in this episode is:  0.1
eps_wstart in this episode is:  0
action in this episode is:  [[62, 93, 83], [82, 116, 59], [2, 156, 50], [63, 60, 12]]
episode total reward is:  60.566
secondary loss is:  0.5313951969146729
---------------------------------------------------------------
train episode:  73
eps in this episode is:  0.1
eps_wstart in this episode is:  0
action in this episode is:  [[62, 93, 83], [77, 82, 59], [2, 156, 50], [63, 60, 12]]
episode total reward is:  59.314
secondary loss is:  0.66961669921875
---------------------------------------------------------------
train episode:  74
eps in this episode is:  0.1
eps_wstart in this episode is:  0
action in this episode is:  [[62, 93, 83], [82, 59, 2], [156, 50, 63], [60, 12, 141]]
episode total reward is:  60.677
secondary loss is:  0.8056284785270691
---------------------------------------------------------------
train episode:  75
eps in this episode is:  0.1
eps_wstart in this episode is:  0
action in this episode is:  [[62, 93, 83], [82, 59, 50], [2, 156, 63], [60, 12, 141]]
episode total reward is:  60.033
secondary loss is:  2.3011183738708496
---------------------------------------------------------------
train episode:  76
eps in this episode is:  0.1
eps_wstart in this episode is:  0
action in this episode is:  [[62, 93, 46], [83, 82, 59], [2, 43, 156], [50, 63, 60]]
episode total reward is:  57.951
secondary loss is:  2.173330307006836
---------------------------------------------------------------
train episode:  77
eps in this episode is:  0.1
eps_wstart in this episode is:  0
action in this episode is:  [[62, 93, 83], [82, 59, 2], [156, 50, 63], [60, 81, 12]]
episode total reward is:  60.379
secondary loss is:  1.031118631362915
---------------------------------------------------------------
train episode:  78
eps in this episode is:  0.1
eps_wstart in this episode is:  0
action in this episode is:  [[62, 93, 83], [82, 59, 2], [156, 50, 63], [60, 12, 141]]
episode total reward is:  58.989
secondary loss is:  0.5972719788551331
---------------------------------------------------------------
train episode:  79
eps in this episode is:  0.1
eps_wstart in this episode is:  0
action in this episode is:  [[62, 93, 83], [82, 59, 2], [156, 50, 63], [60, 12, 150]]
episode total reward is:  60.456
secondary loss is:  0.2975722551345825
---------------------------------------------------------------
train episode:  80
eps in this episode is:  0.1
eps_wstart in this episode is:  0
action in this episode is:  [[62, 93, 108], [155, 83, 82], [59, 2, 156], [50, 63, 60]]
episode total reward is:  58.134
secondary loss is:  2.159505605697632
---------------------------------------------------------------
train episode:  81
eps in this episode is:  0.1
eps_wstart in this episode is:  0
action in this episode is:  [[62, 93, 83], [82, 59, 2], [156, 50, 63], [60, 12, 141]]
episode total reward is:  60.585
secondary loss is:  0.44958922266960144
---------------------------------------------------------------
train episode:  82
eps in this episode is:  0.1
eps_wstart in this episode is:  0
action in this episode is:  [[62, 93, 83], [82, 59, 2], [156, 50, 63], [60, 12, 141]]
episode total reward is:  61.15
secondary loss is:  0.5045500993728638
---------------------------------------------------------------
train episode:  83
eps in this episode is:  0.1
eps_wstart in this episode is:  0
action in this episode is:  [[62, 93, 83], [82, 59, 2], [156, 50, 63], [60, 106, 12]]
episode total reward is:  61.31
secondary loss is:  0.6962295174598694
---------------------------------------------------------------
train episode:  84
eps in this episode is:  0.1
eps_wstart in this episode is:  0
action in this episode is:  [[62, 93, 83], [82, 59, 2], [156, 50, 63], [60, 12, 141]]
episode total reward is:  60.75
secondary loss is:  0.3832896947860718
---------------------------------------------------------------
train episode:  85
eps in this episode is:  0.1
eps_wstart in this episode is:  0
action in this episode is:  [[62, 93, 83], [160, 82, 59], [2, 156, 50], [63, 60, 12]]
episode total reward is:  62.411
secondary loss is:  0.19154909253120422
---------------------------------------------------------------
train episode:  86
eps in this episode is:  0.1
eps_wstart in this episode is:  0
action in this episode is:  [[62, 93, 83], [82, 131, 59], [2, 156, 121], [50, 63, 60]]
episode total reward is:  60.701
secondary loss is:  0.9970735311508179
---------------------------------------------------------------
train episode:  87
eps in this episode is:  0.1
eps_wstart in this episode is:  0
action in this episode is:  [[11, 62, 93], [83, 82, 59], [2, 156, 50], [63, 60, 12]]
episode total reward is:  61.356
secondary loss is:  0.6474783420562744
---------------------------------------------------------------
train episode:  88
eps in this episode is:  0.1
eps_wstart in this episode is:  0
action in this episode is:  [[62, 93, 83], [82, 59, 3], [2, 156, 50], [7, 63, 60]]
episode total reward is:  61.668
secondary loss is:  0.7800816893577576
---------------------------------------------------------------
train episode:  89
eps in this episode is:  0.1
eps_wstart in this episode is:  0
action in this episode is:  [[62, 93, 83], [82, 59, 154], [2, 156, 50], [63, 60, 12]]
episode total reward is:  58.844
secondary loss is:  1.4334630966186523
---------------------------------------------------------------
train episode:  90
eps in this episode is:  0.1
eps_wstart in this episode is:  0
action in this episode is:  [[62, 93, 83], [82, 59, 2], [156, 50, 63], [60, 12, 184]]
episode total reward is:  59.139
secondary loss is:  0.5192643404006958
---------------------------------------------------------------
train episode:  91
eps in this episode is:  0.1
eps_wstart in this episode is:  0
action in this episode is:  [[62, 93, 83], [197, 82, 59], [2, 156, 50], [63, 60, 12]]
episode total reward is:  60.298
secondary loss is:  0.5116376876831055
---------------------------------------------------------------
train episode:  92
eps in this episode is:  0.1
eps_wstart in this episode is:  0
action in this episode is:  [[62, 93, 83], [31, 82, 59], [2, 156, 50], [38, 63, 60]]
episode total reward is:  58.54
secondary loss is:  0.6826979517936707
---------------------------------------------------------------
train episode:  93
eps in this episode is:  0.1
eps_wstart in this episode is:  0
action in this episode is:  [[62, 93, 83], [82, 59, 2], [156, 50, 63], [60, 12, 141]]
episode total reward is:  61.207
secondary loss is:  0.39232969284057617
---------------------------------------------------------------
train episode:  94
eps in this episode is:  0.1
eps_wstart in this episode is:  0
action in this episode is:  [[62, 93, 83], [82, 59, 2], [156, 50, 63], [60, 12, 162]]
episode total reward is:  60.862
secondary loss is:  0.7953721284866333
---------------------------------------------------------------
train episode:  95
eps in this episode is:  0.1
eps_wstart in this episode is:  0
action in this episode is:  [[62, 93, 83], [82, 59, 2], [84, 156, 50], [63, 60, 12]]
episode total reward is:  60.472
secondary loss is:  0.26252368092536926
---------------------------------------------------------------
train episode:  96
eps in this episode is:  0.1
eps_wstart in this episode is:  0
action in this episode is:  [[62, 93, 83], [137, 82, 59], [2, 156, 50], [63, 23, 60]]
episode total reward is:  60.167
secondary loss is:  1.6472346782684326
---------------------------------------------------------------
train episode:  97
eps in this episode is:  0.1
eps_wstart in this episode is:  0
action in this episode is:  [[158, 62, 93], [83, 82, 59], [2, 156, 50], [63, 60, 12]]
episode total reward is:  62.552
secondary loss is:  1.4900262355804443
---------------------------------------------------------------
train episode:  98
eps in this episode is:  0.1
eps_wstart in this episode is:  0
action in this episode is:  [[62, 93, 183], [83, 82, 59], [2, 112, 156], [50, 63, 60]]
episode total reward is:  57.475
secondary loss is:  0.3517841100692749
---------------------------------------------------------------
train episode:  99
eps in this episode is:  0.1
eps_wstart in this episode is:  0
action in this episode is:  [[62, 93, 83], [82, 59, 2], [156, 50, 63], [60, 12, 141]]
episode total reward is:  60.363
secondary loss is:  0.4791717231273651
runtime for training process is:  2089.2068989276886




testing
---------------------------------------------------------------
test episode:  0
action in this episode is:  [[62, 93, 83], [82, 59, 2], [156, 50, 63], [60, 12, 141]]
episode total reward is:  60.3
---------------------------------------------------------------
test episode:  1
action in this episode is:  [[62, 93, 83], [82, 59, 2], [156, 50, 63], [60, 12, 141]]
episode total reward is:  60.611
---------------------------------------------------------------
test episode:  2
action in this episode is:  [[62, 93, 83], [82, 59, 2], [156, 50, 63], [60, 12, 141]]
episode total reward is:  61.002
---------------------------------------------------------------
test episode:  3
action in this episode is:  [[62, 93, 83], [82, 59, 2], [156, 50, 63], [60, 12, 141]]
episode total reward is:  60.26
---------------------------------------------------------------
test episode:  4
action in this episode is:  [[62, 93, 83], [82, 59, 2], [156, 50, 63], [60, 12, 141]]
episode total reward is:  60.65
---------------------------------------------------------------
test episode:  5
action in this episode is:  [[62, 93, 83], [82, 59, 2], [156, 50, 63], [60, 12, 141]]
episode total reward is:  59.967
---------------------------------------------------------------
test episode:  6
action in this episode is:  [[62, 93, 83], [82, 59, 2], [156, 50, 63], [60, 12, 141]]
episode total reward is:  61.012
---------------------------------------------------------------
test episode:  7
action in this episode is:  [[62, 93, 83], [82, 59, 2], [156, 50, 63], [60, 12, 141]]
episode total reward is:  60.444
---------------------------------------------------------------
test episode:  8
action in this episode is:  [[62, 93, 83], [82, 59, 2], [156, 50, 63], [60, 12, 141]]
episode total reward is:  60.629
---------------------------------------------------------------
test episode:  9
action in this episode is:  [[62, 93, 83], [82, 59, 2], [156, 50, 63], [60, 12, 141]]
episode total reward is:  60.576
---------------------------------------------------------------
test episode:  10
action in this episode is:  [[62, 93, 83], [82, 59, 2], [156, 50, 63], [60, 12, 141]]
episode total reward is:  60.736
---------------------------------------------------------------
test episode:  11
action in this episode is:  [[62, 93, 83], [82, 59, 2], [156, 50, 63], [60, 12, 141]]
episode total reward is:  60.435
---------------------------------------------------------------
test episode:  12
action in this episode is:  [[62, 93, 83], [82, 59, 2], [156, 50, 63], [60, 12, 141]]
episode total reward is:  60.39
---------------------------------------------------------------
test episode:  13
action in this episode is:  [[62, 93, 83], [82, 59, 2], [156, 50, 63], [60, 12, 141]]
episode total reward is:  60.367
---------------------------------------------------------------
test episode:  14
action in this episode is:  [[62, 93, 83], [82, 59, 2], [156, 50, 63], [60, 12, 141]]
episode total reward is:  60.73
---------------------------------------------------------------
test episode:  15
action in this episode is:  [[62, 93, 83], [82, 59, 2], [156, 50, 63], [60, 12, 141]]
episode total reward is:  61.198
---------------------------------------------------------------
test episode:  16
action in this episode is:  [[62, 93, 83], [82, 59, 2], [156, 50, 63], [60, 12, 141]]
episode total reward is:  59.746
---------------------------------------------------------------
test episode:  17
action in this episode is:  [[62, 93, 83], [82, 59, 2], [156, 50, 63], [60, 12, 141]]
episode total reward is:  61.371
---------------------------------------------------------------
test episode:  18
action in this episode is:  [[62, 93, 83], [82, 59, 2], [156, 50, 63], [60, 12, 141]]
episode total reward is:  60.536
---------------------------------------------------------------
test episode:  19
action in this episode is:  [[62, 93, 83], [82, 59, 2], [156, 50, 63], [60, 12, 141]]
episode total reward is:  60.726
---------------------------------------------------------------
test episode:  20
action in this episode is:  [[62, 93, 83], [82, 59, 2], [156, 50, 63], [60, 12, 141]]
episode total reward is:  61.315
---------------------------------------------------------------
test episode:  21
action in this episode is:  [[62, 93, 83], [82, 59, 2], [156, 50, 63], [60, 12, 141]]
episode total reward is:  60.361
---------------------------------------------------------------
test episode:  22
action in this episode is:  [[62, 93, 83], [82, 59, 2], [156, 50, 63], [60, 12, 141]]
episode total reward is:  60.585
---------------------------------------------------------------
test episode:  23
action in this episode is:  [[62, 93, 83], [82, 59, 2], [156, 50, 63], [60, 12, 141]]
episode total reward is:  60.828
---------------------------------------------------------------
test episode:  24
action in this episode is:  [[62, 93, 83], [82, 59, 2], [156, 50, 63], [60, 12, 141]]
episode total reward is:  60.909
---------------------------------------------------------------
test episode:  25
action in this episode is:  [[62, 93, 83], [82, 59, 2], [156, 50, 63], [60, 12, 141]]
episode total reward is:  59.856
---------------------------------------------------------------
test episode:  26
action in this episode is:  [[62, 93, 83], [82, 59, 2], [156, 50, 63], [60, 12, 141]]
episode total reward is:  61.373
---------------------------------------------------------------
test episode:  27
action in this episode is:  [[62, 93, 83], [82, 59, 2], [156, 50, 63], [60, 12, 141]]
episode total reward is:  59.967
---------------------------------------------------------------
test episode:  28
action in this episode is:  [[62, 93, 83], [82, 59, 2], [156, 50, 63], [60, 12, 141]]
episode total reward is:  61.725
---------------------------------------------------------------
test episode:  29
action in this episode is:  [[62, 93, 83], [82, 59, 2], [156, 50, 63], [60, 12, 141]]
episode total reward is:  60.9
---------------------------------------------------------------
test episode:  30
action in this episode is:  [[62, 93, 83], [82, 59, 2], [156, 50, 63], [60, 12, 141]]
episode total reward is:  61.886
---------------------------------------------------------------
test episode:  31
action in this episode is:  [[62, 93, 83], [82, 59, 2], [156, 50, 63], [60, 12, 141]]
episode total reward is:  60.326
---------------------------------------------------------------
test episode:  32
action in this episode is:  [[62, 93, 83], [82, 59, 2], [156, 50, 63], [60, 12, 141]]
episode total reward is:  61.881
---------------------------------------------------------------
test episode:  33
action in this episode is:  [[62, 93, 83], [82, 59, 2], [156, 50, 63], [60, 12, 141]]
episode total reward is:  60.552
---------------------------------------------------------------
test episode:  34
action in this episode is:  [[62, 93, 83], [82, 59, 2], [156, 50, 63], [60, 12, 141]]
episode total reward is:  60.733
---------------------------------------------------------------
test episode:  35
action in this episode is:  [[62, 93, 83], [82, 59, 2], [156, 50, 63], [60, 12, 141]]
episode total reward is:  60.391
---------------------------------------------------------------
test episode:  36
action in this episode is:  [[62, 93, 83], [82, 59, 2], [156, 50, 63], [60, 12, 141]]
episode total reward is:  60.658
---------------------------------------------------------------
test episode:  37
action in this episode is:  [[62, 93, 83], [82, 59, 2], [156, 50, 63], [60, 12, 141]]
episode total reward is:  60.771
---------------------------------------------------------------
test episode:  38
action in this episode is:  [[62, 93, 83], [82, 59, 2], [156, 50, 63], [60, 12, 141]]
episode total reward is:  61.36
---------------------------------------------------------------
test episode:  39
action in this episode is:  [[62, 93, 83], [82, 59, 2], [156, 50, 63], [60, 12, 141]]
episode total reward is:  60.424
---------------------------------------------------------------
test episode:  40
action in this episode is:  [[62, 93, 83], [82, 59, 2], [156, 50, 63], [60, 12, 141]]
episode total reward is:  60.874
---------------------------------------------------------------
test episode:  41
action in this episode is:  [[62, 93, 83], [82, 59, 2], [156, 50, 63], [60, 12, 141]]
episode total reward is:  61.29
---------------------------------------------------------------
test episode:  42
action in this episode is:  [[62, 93, 83], [82, 59, 2], [156, 50, 63], [60, 12, 141]]
episode total reward is:  60.363
---------------------------------------------------------------
test episode:  43
action in this episode is:  [[62, 93, 83], [82, 59, 2], [156, 50, 63], [60, 12, 141]]
episode total reward is:  60.874
---------------------------------------------------------------
test episode:  44
action in this episode is:  [[62, 93, 83], [82, 59, 2], [156, 50, 63], [60, 12, 141]]
episode total reward is:  61.152
---------------------------------------------------------------
test episode:  45
action in this episode is:  [[62, 93, 83], [82, 59, 2], [156, 50, 63], [60, 12, 141]]
episode total reward is:  60.548
---------------------------------------------------------------
test episode:  46
action in this episode is:  [[62, 93, 83], [82, 59, 2], [156, 50, 63], [60, 12, 141]]
episode total reward is:  60.746
---------------------------------------------------------------
test episode:  47
action in this episode is:  [[62, 93, 83], [82, 59, 2], [156, 50, 63], [60, 12, 141]]
episode total reward is:  60.255
---------------------------------------------------------------
test episode:  48
action in this episode is:  [[62, 93, 83], [82, 59, 2], [156, 50, 63], [60, 12, 141]]
episode total reward is:  60.239
---------------------------------------------------------------
test episode:  49
action in this episode is:  [[62, 93, 83], [82, 59, 2], [156, 50, 63], [60, 12, 141]]
episode total reward is:  60.504
average reward: 60.70664
reward std: 0.47386832601472767
