chosen graph:  India
cascade model is:  DIC
device is:  cuda
---------------------------------------------------------------
train episode:  0
eps in this episode is:  0.3
eps_wstart in this episode is:  0.295
action in this episode is:  [[62, 83, 59], [93, 50, 24], [82, 2, 156], [71, 60, 12]]
episode total reward is:  22.93
---------------------------------------------------------------
train episode:  1
eps in this episode is:  0.295
eps_wstart in this episode is:  0.29
action in this episode is:  [[62, 83, 59], [76, 93, 82], [2, 156, 50], [40, 60, 12]]
episode total reward is:  22.081
---------------------------------------------------------------
train episode:  2
eps in this episode is:  0.29
eps_wstart in this episode is:  0.285
action in this episode is:  [[62, 83, 93], [59, 82, 2], [25, 47, 156], [50, 195, 29]]
episode total reward is:  7.181
---------------------------------------------------------------
train episode:  3
eps in this episode is:  0.285
eps_wstart in this episode is:  0.27999999999999997
action in this episode is:  [[25, 62, 83], [34, 93, 59], [187, 82, 2], [156, 50, 137]]
episode total reward is:  29.656
---------------------------------------------------------------
train episode:  4
eps in this episode is:  0.27999999999999997
eps_wstart in this episode is:  0.27499999999999997
action in this episode is:  [[46, 62, 83], [142, 93, 59], [111, 82, 2], [156, 50, 60]]
episode total reward is:  5.104
---------------------------------------------------------------
train episode:  5
eps in this episode is:  0.27499999999999997
eps_wstart in this episode is:  0.26999999999999996
action in this episode is:  [[62, 83, 59], [93, 82, 2], [50, 24, 95], [13, 129, 156]]
episode total reward is:  40.92
---------------------------------------------------------------
train episode:  6
eps in this episode is:  0.27
eps_wstart in this episode is:  0.26499999999999996
action in this episode is:  [[177, 97, 131], [62, 83, 181], [93, 59, 82], [33, 2, 156]]
episode total reward is:  2.726
---------------------------------------------------------------
train episode:  7
eps in this episode is:  0.265
eps_wstart in this episode is:  0.25999999999999995
action in this episode is:  [[62, 83, 93], [67, 59, 82], [50, 24, 95], [131, 156, 2]]
episode total reward is:  20.028
---------------------------------------------------------------
train episode:  8
eps in this episode is:  0.26
eps_wstart in this episode is:  0.25499999999999995
action in this episode is:  [[62, 83, 93], [121, 95, 59], [82, 2, 156], [50, 24, 9]]
episode total reward is:  4.108
---------------------------------------------------------------
train episode:  9
eps in this episode is:  0.255
eps_wstart in this episode is:  0.24999999999999994
action in this episode is:  [[62, 83, 179], [93, 59, 82], [50, 24, 95], [2, 156, 60]]
episode total reward is:  13.151
---------------------------------------------------------------
train episode:  10
eps in this episode is:  0.25
eps_wstart in this episode is:  0.24499999999999994
action in this episode is:  [[62, 83, 133], [93, 59, 128], [154, 82, 2], [156, 50, 60]]
episode total reward is:  6.492
secondary loss is:  891.63916015625
---------------------------------------------------------------
train episode:  11
eps in this episode is:  0.245
eps_wstart in this episode is:  0.23999999999999994
action in this episode is:  [[62, 83, 59], [93, 50, 24], [94, 82, 0], [2, 156, 113]]
episode total reward is:  42.177
secondary loss is:  687.7671508789062
---------------------------------------------------------------
train episode:  12
eps in this episode is:  0.24
eps_wstart in this episode is:  0.23499999999999993
action in this episode is:  [[62, 83, 59], [93, 82, 23], [2, 156, 50], [24, 95, 9]]
episode total reward is:  32.522
secondary loss is:  438.284912109375
---------------------------------------------------------------
train episode:  13
eps in this episode is:  0.235
eps_wstart in this episode is:  0.22999999999999993
action in this episode is:  [[62, 83, 59], [93, 82, 2], [50, 24, 95], [156, 60, 125]]
episode total reward is:  43.754
secondary loss is:  540.17822265625
---------------------------------------------------------------
train episode:  14
eps in this episode is:  0.22999999999999998
eps_wstart in this episode is:  0.22499999999999992
action in this episode is:  [[38, 164, 62], [83, 136, 93], [123, 152, 59], [82, 2, 156]]
episode total reward is:  28.718
secondary loss is:  845.4840087890625
---------------------------------------------------------------
train episode:  15
eps in this episode is:  0.22499999999999998
eps_wstart in this episode is:  0.21999999999999992
action in this episode is:  [[62, 83, 69], [59, 93, 50], [24, 95, 82], [9, 178, 6]]
episode total reward is:  19.36
secondary loss is:  495.607177734375
---------------------------------------------------------------
train episode:  16
eps in this episode is:  0.21999999999999997
eps_wstart in this episode is:  0.2149999999999999
action in this episode is:  [[62, 83, 93], [3, 59, 82], [2, 156, 50], [60, 12, 63]]
episode total reward is:  2.166
secondary loss is:  564.0067138671875
---------------------------------------------------------------
train episode:  17
eps in this episode is:  0.21499999999999997
eps_wstart in this episode is:  0.2099999999999999
action in this episode is:  [[62, 27, 83], [93, 59, 82], [144, 2, 25], [50, 24, 95]]
episode total reward is:  39.267
secondary loss is:  372.57818603515625
---------------------------------------------------------------
train episode:  18
eps in this episode is:  0.21
eps_wstart in this episode is:  0.2049999999999999
action in this episode is:  [[62, 83, 93], [58, 59, 82], [2, 156, 50], [60, 12, 63]]
episode total reward is:  21.276
secondary loss is:  251.433837890625
---------------------------------------------------------------
train episode:  19
eps in this episode is:  0.205
eps_wstart in this episode is:  0.1999999999999999
action in this episode is:  [[62, 83, 21], [93, 59, 113], [82, 2, 156], [50, 24, 95]]
episode total reward is:  39.245
secondary loss is:  493.6798095703125
---------------------------------------------------------------
train episode:  20
eps in this episode is:  0.19999999999999998
eps_wstart in this episode is:  0.1949999999999999
action in this episode is:  [[46, 62, 83], [93, 59, 82], [50, 24, 95], [2, 156, 60]]
episode total reward is:  36.778
secondary loss is:  89.76966857910156
---------------------------------------------------------------
train episode:  21
eps in this episode is:  0.195
eps_wstart in this episode is:  0.1899999999999999
action in this episode is:  [[62, 83, 93], [59, 82, 2], [191, 187, 156], [50, 60, 12]]
episode total reward is:  23.007
secondary loss is:  295.3670654296875
---------------------------------------------------------------
train episode:  22
eps in this episode is:  0.19
eps_wstart in this episode is:  0.1849999999999999
action in this episode is:  [[7, 87, 62], [83, 59, 93], [50, 24, 95], [82, 2, 156]]
episode total reward is:  42.457
secondary loss is:  215.12704467773438
---------------------------------------------------------------
train episode:  23
eps in this episode is:  0.185
eps_wstart in this episode is:  0.17999999999999988
action in this episode is:  [[62, 83, 93], [59, 96, 82], [2, 76, 156], [50, 60, 12]]
episode total reward is:  16.314
secondary loss is:  90.17188262939453
---------------------------------------------------------------
train episode:  24
eps in this episode is:  0.18
eps_wstart in this episode is:  0.17499999999999988
action in this episode is:  [[62, 83, 59], [136, 93, 82], [2, 156, 50], [60, 12, 63]]
episode total reward is:  38.823
secondary loss is:  108.81206512451172
---------------------------------------------------------------
train episode:  25
eps in this episode is:  0.175
eps_wstart in this episode is:  0.16999999999999987
action in this episode is:  [[62, 83, 52], [93, 39, 59], [82, 2, 156], [50, 145, 60]]
episode total reward is:  8.563
secondary loss is:  136.1631622314453
---------------------------------------------------------------
train episode:  26
eps in this episode is:  0.16999999999999998
eps_wstart in this episode is:  0.16499999999999987
action in this episode is:  [[62, 149, 83], [93, 59, 82], [50, 24, 95], [2, 8, 156]]
episode total reward is:  42.607
secondary loss is:  206.105712890625
---------------------------------------------------------------
train episode:  27
eps in this episode is:  0.16499999999999998
eps_wstart in this episode is:  0.15999999999999986
action in this episode is:  [[62, 83, 41], [93, 59, 82], [2, 156, 50], [60, 12, 63]]
episode total reward is:  40.285
secondary loss is:  108.97145080566406
---------------------------------------------------------------
train episode:  28
eps in this episode is:  0.15999999999999998
eps_wstart in this episode is:  0.15499999999999986
action in this episode is:  [[62, 83, 59], [93, 50, 24], [82, 2, 156], [60, 12, 63]]
episode total reward is:  41.24
secondary loss is:  116.04268646240234
---------------------------------------------------------------
train episode:  29
eps in this episode is:  0.155
eps_wstart in this episode is:  0.14999999999999986
action in this episode is:  [[62, 83, 93], [59, 82, 191], [2, 156, 50], [60, 12, 58]]
episode total reward is:  23.736
secondary loss is:  64.15267944335938
---------------------------------------------------------------
train episode:  30
eps in this episode is:  0.15
eps_wstart in this episode is:  0.14499999999999985
action in this episode is:  [[62, 83, 93], [59, 52, 82], [2, 156, 50], [60, 12, 63]]
episode total reward is:  20.21
secondary loss is:  48.64173126220703
---------------------------------------------------------------
train episode:  31
eps in this episode is:  0.145
eps_wstart in this episode is:  0.13999999999999985
action in this episode is:  [[62, 83, 93], [59, 82, 2], [156, 50, 60], [138, 12, 63]]
episode total reward is:  14.235
secondary loss is:  90.8150405883789
---------------------------------------------------------------
train episode:  32
eps in this episode is:  0.13999999999999999
eps_wstart in this episode is:  0.13499999999999984
action in this episode is:  [[62, 83, 93], [59, 82, 30], [50, 24, 95], [2, 156, 60]]
episode total reward is:  21.098
secondary loss is:  43.16663360595703
---------------------------------------------------------------
train episode:  33
eps in this episode is:  0.13499999999999998
eps_wstart in this episode is:  0.12999999999999984
action in this episode is:  [[62, 83, 93], [59, 82, 2], [50, 24, 95], [156, 60, 12]]
episode total reward is:  48.849
secondary loss is:  24.527772903442383
---------------------------------------------------------------
train episode:  34
eps in this episode is:  0.12999999999999998
eps_wstart in this episode is:  0.12499999999999983
action in this episode is:  [[62, 83, 93], [59, 82, 2], [156, 50, 60], [159, 12, 63]]
episode total reward is:  15.321
secondary loss is:  26.55313491821289
---------------------------------------------------------------
train episode:  35
eps in this episode is:  0.12499999999999997
eps_wstart in this episode is:  0.11999999999999983
action in this episode is:  [[62, 83, 59], [93, 82, 2], [156, 50, 60], [12, 146, 63]]
episode total reward is:  12.341
secondary loss is:  17.727462768554688
---------------------------------------------------------------
train episode:  36
eps in this episode is:  0.12
eps_wstart in this episode is:  0.11499999999999982
action in this episode is:  [[62, 83, 90], [93, 59, 82], [18, 2, 156], [50, 60, 104]]
episode total reward is:  36.47
secondary loss is:  18.351770401000977
---------------------------------------------------------------
train episode:  37
eps in this episode is:  0.11499999999999999
eps_wstart in this episode is:  0.10999999999999982
action in this episode is:  [[62, 83, 93], [109, 190, 59], [82, 2, 156], [50, 60, 12]]
episode total reward is:  7.261
secondary loss is:  16.825788497924805
---------------------------------------------------------------
train episode:  38
eps in this episode is:  0.10999999999999999
eps_wstart in this episode is:  0.10499999999999982
action in this episode is:  [[62, 83, 93], [59, 50, 24], [82, 2, 156], [60, 146, 12]]
episode total reward is:  13.101
secondary loss is:  7.953773498535156
---------------------------------------------------------------
train episode:  39
eps in this episode is:  0.10499999999999998
eps_wstart in this episode is:  0.09999999999999981
action in this episode is:  [[62, 83, 93], [59, 82, 2], [156, 50, 60], [175, 12, 63]]
episode total reward is:  11.641
secondary loss is:  8.257255554199219
---------------------------------------------------------------
train episode:  40
eps in this episode is:  0.1
eps_wstart in this episode is:  0.0949999999999998
action in this episode is:  [[62, 83, 93], [59, 82, 2], [50, 156, 60], [12, 63, 24]]
episode total reward is:  2.036
secondary loss is:  21.675527572631836
---------------------------------------------------------------
train episode:  41
eps in this episode is:  0.1
eps_wstart in this episode is:  0.0899999999999998
action in this episode is:  [[62, 83, 93], [59, 61, 82], [2, 156, 50], [60, 12, 63]]
episode total reward is:  13.567
secondary loss is:  34.06098175048828
---------------------------------------------------------------
train episode:  42
eps in this episode is:  0.1
eps_wstart in this episode is:  0.0849999999999998
action in this episode is:  [[62, 83, 93], [59, 82, 75], [22, 2, 156], [50, 60, 12]]
episode total reward is:  45.977
secondary loss is:  10.821427345275879
---------------------------------------------------------------
train episode:  43
eps in this episode is:  0.1
eps_wstart in this episode is:  0.0799999999999998
action in this episode is:  [[62, 83, 197], [93, 59, 132], [82, 2, 50], [156, 60, 12]]
episode total reward is:  13.465
secondary loss is:  28.347206115722656
---------------------------------------------------------------
train episode:  44
eps in this episode is:  0.1
eps_wstart in this episode is:  0.07499999999999979
action in this episode is:  [[18, 62, 83], [93, 59, 82], [2, 156, 50], [60, 12, 63]]
episode total reward is:  19.434
secondary loss is:  19.004419326782227
---------------------------------------------------------------
train episode:  45
eps in this episode is:  0.1
eps_wstart in this episode is:  0.06999999999999978
action in this episode is:  [[62, 83, 93], [59, 82, 2], [50, 156, 60], [12, 63, 24]]
episode total reward is:  28.206
secondary loss is:  46.91710662841797
---------------------------------------------------------------
train episode:  46
eps in this episode is:  0.1
eps_wstart in this episode is:  0.06499999999999978
action in this episode is:  [[62, 83, 93], [59, 82, 2], [156, 50, 60], [12, 63, 24]]
episode total reward is:  10.892
secondary loss is:  23.435195922851562
---------------------------------------------------------------
train episode:  47
eps in this episode is:  0.1
eps_wstart in this episode is:  0.05999999999999978
action in this episode is:  [[62, 83, 153], [179, 105, 93], [59, 82, 2], [156, 50, 60]]
episode total reward is:  34.737
secondary loss is:  49.76502990722656
---------------------------------------------------------------
train episode:  48
eps in this episode is:  0.1
eps_wstart in this episode is:  0.054999999999999785
action in this episode is:  [[62, 83, 59], [93, 82, 2], [156, 50, 60], [12, 63, 24]]
episode total reward is:  20.401
secondary loss is:  33.555389404296875
---------------------------------------------------------------
train episode:  49
eps in this episode is:  0.1
eps_wstart in this episode is:  0.04999999999999979
action in this episode is:  [[62, 83, 93], [171, 59, 82], [2, 156, 50], [60, 12, 63]]
episode total reward is:  42.078
secondary loss is:  50.495155334472656
---------------------------------------------------------------
train episode:  50
eps in this episode is:  0.1
eps_wstart in this episode is:  0.04499999999999979
action in this episode is:  [[49, 62, 83], [93, 15, 22], [59, 82, 2], [12, 156, 50]]
episode total reward is:  9.995
secondary loss is:  46.12013244628906
---------------------------------------------------------------
train episode:  51
eps in this episode is:  0.1
eps_wstart in this episode is:  0.03999999999999979
action in this episode is:  [[62, 83, 93], [59, 82, 2], [156, 50, 60], [12, 63, 24]]
episode total reward is:  27.556
secondary loss is:  29.21255874633789
---------------------------------------------------------------
train episode:  52
eps in this episode is:  0.1
eps_wstart in this episode is:  0.034999999999999795
action in this episode is:  [[62, 53, 83], [93, 59, 82], [2, 156, 50], [60, 42, 12]]
episode total reward is:  30.223
secondary loss is:  13.989704132080078
---------------------------------------------------------------
train episode:  53
eps in this episode is:  0.1
eps_wstart in this episode is:  0.029999999999999794
action in this episode is:  [[62, 83, 93], [59, 82, 171], [2, 156, 50], [60, 12, 63]]
episode total reward is:  29.594
secondary loss is:  19.183645248413086
---------------------------------------------------------------
train episode:  54
eps in this episode is:  0.1
eps_wstart in this episode is:  0.024999999999999793
action in this episode is:  [[62, 83, 93], [59, 82, 2], [156, 50, 60], [12, 63, 24]]
episode total reward is:  30.465
secondary loss is:  35.41954803466797
---------------------------------------------------------------
train episode:  55
eps in this episode is:  0.1
eps_wstart in this episode is:  0.019999999999999792
action in this episode is:  [[62, 83, 93], [59, 82, 2], [50, 156, 60], [12, 63, 24]]
episode total reward is:  15.915
secondary loss is:  10.006037712097168
---------------------------------------------------------------
train episode:  56
eps in this episode is:  0.1
eps_wstart in this episode is:  0.014999999999999791
action in this episode is:  [[62, 65, 83], [93, 59, 109], [82, 2, 156], [50, 60, 12]]
episode total reward is:  23.182
secondary loss is:  16.909034729003906
---------------------------------------------------------------
train episode:  57
eps in this episode is:  0.1
eps_wstart in this episode is:  0.00999999999999979
action in this episode is:  [[62, 83, 93], [59, 82, 2], [148, 50, 156], [60, 12, 63]]
episode total reward is:  6.766
secondary loss is:  22.947612762451172
---------------------------------------------------------------
train episode:  58
eps in this episode is:  0.1
eps_wstart in this episode is:  0.00499999999999979
action in this episode is:  [[62, 83, 93], [194, 59, 82], [2, 156, 186], [50, 60, 12]]
episode total reward is:  34.822
secondary loss is:  13.130845069885254
---------------------------------------------------------------
train episode:  59
eps in this episode is:  0.1
eps_wstart in this episode is:  0
action in this episode is:  [[62, 188, 83], [93, 59, 82], [116, 2, 156], [50, 60, 12]]
episode total reward is:  21.263
secondary loss is:  20.513721466064453
---------------------------------------------------------------
train episode:  60
eps in this episode is:  0.1
eps_wstart in this episode is:  0
action in this episode is:  [[62, 83, 93], [59, 160, 82], [2, 156, 153], [50, 60, 12]]
episode total reward is:  46.121
secondary loss is:  17.852432250976562
---------------------------------------------------------------
train episode:  61
eps in this episode is:  0.1
eps_wstart in this episode is:  0
action in this episode is:  [[62, 83, 93], [59, 82, 2], [156, 7, 50], [60, 12, 63]]
episode total reward is:  23.056
secondary loss is:  28.137556076049805
---------------------------------------------------------------
train episode:  62
eps in this episode is:  0.1
eps_wstart in this episode is:  0
action in this episode is:  [[62, 83, 93], [59, 82, 2], [156, 50, 60], [12, 63, 24]]
episode total reward is:  29.745
secondary loss is:  18.366294860839844
---------------------------------------------------------------
train episode:  63
eps in this episode is:  0.1
eps_wstart in this episode is:  0
action in this episode is:  [[62, 83, 93], [50, 59, 82], [2, 156, 60], [12, 63, 24]]
episode total reward is:  4.285
secondary loss is:  20.939632415771484
---------------------------------------------------------------
train episode:  64
eps in this episode is:  0.1
eps_wstart in this episode is:  0
action in this episode is:  [[62, 83, 93], [163, 31, 59], [87, 82, 2], [156, 94, 50]]
episode total reward is:  42.48
secondary loss is:  27.479530334472656
---------------------------------------------------------------
train episode:  65
eps in this episode is:  0.1
eps_wstart in this episode is:  0
action in this episode is:  [[191, 35, 62], [83, 93, 59], [82, 2, 156], [50, 60, 12]]
episode total reward is:  35.959
secondary loss is:  6.094545364379883
---------------------------------------------------------------
train episode:  66
eps in this episode is:  0.1
eps_wstart in this episode is:  0
action in this episode is:  [[62, 83, 93], [59, 82, 2], [50, 156, 60], [12, 63, 182]]
episode total reward is:  10.845
secondary loss is:  16.380027770996094
---------------------------------------------------------------
train episode:  67
eps in this episode is:  0.1
eps_wstart in this episode is:  0
action in this episode is:  [[62, 83, 93], [59, 82, 2], [156, 50, 60], [12, 63, 199]]
episode total reward is:  26.047
secondary loss is:  8.87105655670166
---------------------------------------------------------------
train episode:  68
eps in this episode is:  0.1
eps_wstart in this episode is:  0
action in this episode is:  [[190, 62, 83], [93, 59, 82], [2, 156, 50], [60, 12, 63]]
episode total reward is:  15.441
secondary loss is:  4.0422468185424805
---------------------------------------------------------------
train episode:  69
eps in this episode is:  0.1
eps_wstart in this episode is:  0
action in this episode is:  [[62, 83, 93], [59, 82, 2], [156, 50, 60], [12, 63, 24]]
episode total reward is:  35.704
secondary loss is:  11.7250394821167
---------------------------------------------------------------
train episode:  70
eps in this episode is:  0.1
eps_wstart in this episode is:  0
action in this episode is:  [[62, 83, 93], [59, 82, 2], [50, 156, 14], [60, 12, 63]]
episode total reward is:  12.659
secondary loss is:  7.756822109222412
---------------------------------------------------------------
train episode:  71
eps in this episode is:  0.1
eps_wstart in this episode is:  0
action in this episode is:  [[62, 83, 93], [59, 82, 2], [156, 50, 60], [12, 63, 24]]
episode total reward is:  41.553
secondary loss is:  22.97624969482422
---------------------------------------------------------------
train episode:  72
eps in this episode is:  0.1
eps_wstart in this episode is:  0
action in this episode is:  [[36, 62, 83], [93, 59, 82], [2, 156, 50], [60, 12, 63]]
episode total reward is:  22.176
secondary loss is:  11.125737190246582
---------------------------------------------------------------
train episode:  73
eps in this episode is:  0.1
eps_wstart in this episode is:  0
action in this episode is:  [[62, 83, 93], [151, 59, 82], [2, 156, 50], [70, 60, 12]]
episode total reward is:  41.044
secondary loss is:  14.026679992675781
---------------------------------------------------------------
train episode:  74
eps in this episode is:  0.1
eps_wstart in this episode is:  0
action in this episode is:  [[62, 83, 93], [59, 82, 2], [156, 50, 60], [127, 12, 63]]
episode total reward is:  39.924
secondary loss is:  6.409456253051758
---------------------------------------------------------------
train episode:  75
eps in this episode is:  0.1
eps_wstart in this episode is:  0
action in this episode is:  [[62, 83, 93], [59, 82, 2], [156, 50, 171], [60, 12, 63]]
episode total reward is:  46.124
secondary loss is:  20.718135833740234
---------------------------------------------------------------
train episode:  76
eps in this episode is:  0.1
eps_wstart in this episode is:  0
action in this episode is:  [[62, 83, 93], [59, 82, 2], [156, 50, 60], [12, 63, 24]]
episode total reward is:  21.732
secondary loss is:  21.56489372253418
---------------------------------------------------------------
train episode:  77
eps in this episode is:  0.1
eps_wstart in this episode is:  0
action in this episode is:  [[62, 83, 93], [59, 82, 2], [156, 50, 60], [12, 63, 24]]
episode total reward is:  18.451
secondary loss is:  10.93306827545166
---------------------------------------------------------------
train episode:  78
eps in this episode is:  0.1
eps_wstart in this episode is:  0
action in this episode is:  [[62, 83, 93], [59, 82, 2], [156, 50, 60], [12, 63, 24]]
episode total reward is:  32.909
secondary loss is:  17.31585693359375
---------------------------------------------------------------
train episode:  79
eps in this episode is:  0.1
eps_wstart in this episode is:  0
action in this episode is:  [[62, 83, 93], [59, 82, 2], [156, 50, 60], [12, 63, 24]]
episode total reward is:  38.621
secondary loss is:  27.405433654785156
---------------------------------------------------------------
train episode:  80
eps in this episode is:  0.1
eps_wstart in this episode is:  0
action in this episode is:  [[62, 83, 93], [59, 82, 36], [2, 156, 50], [60, 12, 63]]
episode total reward is:  9.42
secondary loss is:  10.66362476348877
---------------------------------------------------------------
train episode:  81
eps in this episode is:  0.1
eps_wstart in this episode is:  0
action in this episode is:  [[62, 83, 93], [59, 82, 2], [156, 50, 60], [12, 63, 116]]
episode total reward is:  19.663
secondary loss is:  10.116446495056152
---------------------------------------------------------------
train episode:  82
eps in this episode is:  0.1
eps_wstart in this episode is:  0
action in this episode is:  [[62, 83, 93], [59, 82, 2], [156, 50, 60], [43, 12, 63]]
episode total reward is:  32.827
secondary loss is:  15.157083511352539
---------------------------------------------------------------
train episode:  83
eps in this episode is:  0.1
eps_wstart in this episode is:  0
action in this episode is:  [[62, 83, 93], [59, 82, 2], [156, 50, 60], [12, 63, 24]]
episode total reward is:  49.818
secondary loss is:  9.23239803314209
---------------------------------------------------------------
train episode:  84
eps in this episode is:  0.1
eps_wstart in this episode is:  0
action in this episode is:  [[62, 83, 93], [59, 82, 2], [156, 50, 60], [12, 63, 24]]
episode total reward is:  11.532
secondary loss is:  16.728984832763672
---------------------------------------------------------------
train episode:  85
eps in this episode is:  0.1
eps_wstart in this episode is:  0
action in this episode is:  [[62, 83, 93], [59, 82, 2], [156, 50, 60], [12, 63, 24]]
episode total reward is:  41.483
secondary loss is:  10.822691917419434
---------------------------------------------------------------
train episode:  86
eps in this episode is:  0.1
eps_wstart in this episode is:  0
action in this episode is:  [[62, 83, 93], [59, 82, 2], [156, 50, 60], [12, 63, 24]]
episode total reward is:  17.225
secondary loss is:  21.47882843017578
---------------------------------------------------------------
train episode:  87
eps in this episode is:  0.1
eps_wstart in this episode is:  0
action in this episode is:  [[62, 83, 93], [59, 82, 2], [156, 50, 60], [9, 12, 63]]
episode total reward is:  27.838
secondary loss is:  22.68442153930664
---------------------------------------------------------------
train episode:  88
eps in this episode is:  0.1
eps_wstart in this episode is:  0
action in this episode is:  [[62, 83, 93], [59, 82, 2], [50, 156, 60], [12, 63, 24]]
episode total reward is:  25.293
secondary loss is:  19.767993927001953
---------------------------------------------------------------
train episode:  89
eps in this episode is:  0.1
eps_wstart in this episode is:  0
action in this episode is:  [[62, 83, 93], [59, 77, 82], [2, 156, 50], [85, 60, 12]]
episode total reward is:  25.794
secondary loss is:  14.619264602661133
---------------------------------------------------------------
train episode:  90
eps in this episode is:  0.1
eps_wstart in this episode is:  0
action in this episode is:  [[62, 102, 83], [93, 59, 82], [2, 156, 50], [30, 60, 12]]
episode total reward is:  23.659
secondary loss is:  19.123659133911133
---------------------------------------------------------------
train episode:  91
eps in this episode is:  0.1
eps_wstart in this episode is:  0
action in this episode is:  [[62, 114, 83], [93, 59, 82], [2, 156, 50], [60, 12, 63]]
episode total reward is:  11.687
secondary loss is:  12.298006057739258
---------------------------------------------------------------
train episode:  92
eps in this episode is:  0.1
eps_wstart in this episode is:  0
action in this episode is:  [[62, 83, 93], [59, 82, 2], [156, 50, 60], [12, 63, 24]]
episode total reward is:  33.737
secondary loss is:  14.981623649597168
---------------------------------------------------------------
train episode:  93
eps in this episode is:  0.1
eps_wstart in this episode is:  0
action in this episode is:  [[62, 83, 93], [59, 82, 2], [156, 50, 60], [12, 63, 186]]
episode total reward is:  49.889
secondary loss is:  14.949527740478516
---------------------------------------------------------------
train episode:  94
eps in this episode is:  0.1
eps_wstart in this episode is:  0
action in this episode is:  [[62, 83, 93], [59, 82, 2], [156, 50, 60], [12, 63, 24]]
episode total reward is:  33.162
secondary loss is:  18.63362693786621
---------------------------------------------------------------
train episode:  95
eps in this episode is:  0.1
eps_wstart in this episode is:  0
action in this episode is:  [[62, 89, 83], [93, 59, 82], [2, 156, 50], [60, 12, 63]]
episode total reward is:  36.163
secondary loss is:  25.43464469909668
---------------------------------------------------------------
train episode:  96
eps in this episode is:  0.1
eps_wstart in this episode is:  0
action in this episode is:  [[62, 83, 187], [9, 93, 195], [59, 82, 19], [2, 156, 50]]
episode total reward is:  19.947
secondary loss is:  16.50327491760254
---------------------------------------------------------------
train episode:  97
eps in this episode is:  0.1
eps_wstart in this episode is:  0
action in this episode is:  [[62, 83, 93], [59, 82, 2], [156, 50, 60], [12, 164, 63]]
episode total reward is:  26.693
secondary loss is:  16.40213966369629
---------------------------------------------------------------
train episode:  98
eps in this episode is:  0.1
eps_wstart in this episode is:  0
action in this episode is:  [[62, 83, 93], [59, 82, 2], [156, 50, 60], [12, 63, 24]]
episode total reward is:  25.301
secondary loss is:  9.348125457763672
---------------------------------------------------------------
train episode:  99
eps in this episode is:  0.1
eps_wstart in this episode is:  0
action in this episode is:  [[62, 83, 93], [59, 82, 2], [156, 50, 32], [60, 12, 63]]
episode total reward is:  17.573
secondary loss is:  19.90441131591797
runtime for training process is:  2000.138836145401




testing
---------------------------------------------------------------
test episode:  0
action in this episode is:  [[62, 83, 93], [59, 82, 2], [156, 50, 60], [12, 63, 24]]
episode total reward is:  28.055
---------------------------------------------------------------
test episode:  1
action in this episode is:  [[62, 83, 93], [59, 82, 2], [156, 50, 60], [12, 63, 24]]
episode total reward is:  11.983
---------------------------------------------------------------
test episode:  2
action in this episode is:  [[62, 83, 93], [59, 82, 2], [156, 50, 60], [12, 63, 24]]
episode total reward is:  21.676
---------------------------------------------------------------
test episode:  3
action in this episode is:  [[62, 83, 93], [59, 82, 2], [156, 50, 60], [12, 63, 24]]
episode total reward is:  19.506
---------------------------------------------------------------
test episode:  4
action in this episode is:  [[62, 83, 93], [59, 82, 2], [156, 50, 60], [12, 63, 24]]
episode total reward is:  37.279
---------------------------------------------------------------
test episode:  5
action in this episode is:  [[62, 83, 93], [59, 82, 2], [156, 50, 60], [12, 63, 24]]
episode total reward is:  48.457
---------------------------------------------------------------
test episode:  6
action in this episode is:  [[62, 83, 93], [59, 82, 2], [156, 50, 60], [12, 63, 24]]
episode total reward is:  14.678
---------------------------------------------------------------
test episode:  7
action in this episode is:  [[62, 83, 93], [59, 82, 2], [156, 50, 60], [12, 63, 24]]
episode total reward is:  7.699
---------------------------------------------------------------
test episode:  8
action in this episode is:  [[62, 83, 93], [59, 82, 2], [156, 50, 60], [12, 63, 24]]
episode total reward is:  46.108
---------------------------------------------------------------
test episode:  9
action in this episode is:  [[62, 83, 93], [59, 82, 2], [156, 50, 60], [12, 63, 24]]
episode total reward is:  41.702
---------------------------------------------------------------
test episode:  10
action in this episode is:  [[62, 83, 93], [59, 82, 2], [156, 50, 60], [12, 63, 24]]
episode total reward is:  50.323
---------------------------------------------------------------
test episode:  11
action in this episode is:  [[62, 83, 93], [59, 82, 2], [156, 50, 60], [12, 63, 24]]
episode total reward is:  16.705
---------------------------------------------------------------
test episode:  12
action in this episode is:  [[62, 83, 93], [59, 82, 2], [156, 50, 60], [12, 63, 24]]
episode total reward is:  43.443
---------------------------------------------------------------
test episode:  13
action in this episode is:  [[62, 83, 93], [59, 82, 2], [156, 50, 60], [12, 63, 24]]
episode total reward is:  25.849
---------------------------------------------------------------
test episode:  14
action in this episode is:  [[62, 83, 93], [59, 82, 2], [156, 50, 60], [12, 63, 110]]
episode total reward is:  18.304
---------------------------------------------------------------
test episode:  15
action in this episode is:  [[62, 83, 93], [59, 82, 2], [156, 50, 60], [12, 63, 24]]
episode total reward is:  21.525
---------------------------------------------------------------
test episode:  16
action in this episode is:  [[62, 83, 93], [59, 82, 2], [156, 50, 60], [12, 63, 24]]
episode total reward is:  41.938
---------------------------------------------------------------
test episode:  17
action in this episode is:  [[62, 83, 93], [59, 82, 2], [156, 50, 60], [12, 63, 24]]
episode total reward is:  32.399
---------------------------------------------------------------
test episode:  18
action in this episode is:  [[62, 83, 93], [59, 82, 2], [156, 50, 60], [12, 63, 24]]
episode total reward is:  50.076
---------------------------------------------------------------
test episode:  19
action in this episode is:  [[62, 83, 93], [59, 82, 2], [156, 50, 60], [12, 63, 24]]
episode total reward is:  17.226
---------------------------------------------------------------
test episode:  20
action in this episode is:  [[62, 83, 93], [59, 82, 2], [156, 50, 60], [12, 63, 24]]
episode total reward is:  38.925
---------------------------------------------------------------
test episode:  21
action in this episode is:  [[62, 83, 93], [59, 82, 2], [156, 50, 60], [12, 63, 24]]
episode total reward is:  11.407
---------------------------------------------------------------
test episode:  22
action in this episode is:  [[62, 83, 93], [59, 82, 2], [156, 50, 60], [12, 63, 24]]
episode total reward is:  7.76
---------------------------------------------------------------
test episode:  23
action in this episode is:  [[62, 83, 93], [59, 82, 2], [50, 156, 60], [12, 63, 24]]
episode total reward is:  9.528
---------------------------------------------------------------
test episode:  24
action in this episode is:  [[62, 83, 93], [59, 82, 2], [156, 50, 60], [12, 63, 24]]
episode total reward is:  8.501
---------------------------------------------------------------
test episode:  25
action in this episode is:  [[62, 83, 93], [59, 82, 2], [156, 50, 60], [12, 63, 24]]
episode total reward is:  44.961
---------------------------------------------------------------
test episode:  26
action in this episode is:  [[62, 83, 93], [59, 82, 2], [50, 156, 60], [12, 63, 24]]
episode total reward is:  5.89
---------------------------------------------------------------
test episode:  27
action in this episode is:  [[62, 83, 93], [59, 82, 2], [156, 50, 60], [12, 63, 24]]
episode total reward is:  16.799
---------------------------------------------------------------
test episode:  28
action in this episode is:  [[62, 83, 93], [59, 82, 2], [156, 50, 60], [12, 63, 24]]
episode total reward is:  39.251
---------------------------------------------------------------
test episode:  29
action in this episode is:  [[62, 83, 93], [59, 82, 2], [156, 50, 60], [12, 63, 24]]
episode total reward is:  43.191
---------------------------------------------------------------
test episode:  30
action in this episode is:  [[62, 83, 93], [59, 82, 2], [50, 156, 60], [12, 63, 24]]
episode total reward is:  11.55
---------------------------------------------------------------
test episode:  31
action in this episode is:  [[62, 83, 93], [59, 82, 2], [50, 156, 60], [12, 63, 24]]
episode total reward is:  15.604
---------------------------------------------------------------
test episode:  32
action in this episode is:  [[62, 83, 93], [59, 82, 2], [156, 50, 60], [12, 63, 24]]
episode total reward is:  22.024
---------------------------------------------------------------
test episode:  33
action in this episode is:  [[62, 83, 93], [59, 82, 2], [156, 50, 60], [12, 63, 24]]
episode total reward is:  6.511
---------------------------------------------------------------
test episode:  34
action in this episode is:  [[62, 83, 93], [59, 82, 2], [156, 50, 60], [12, 63, 24]]
episode total reward is:  21.796
---------------------------------------------------------------
test episode:  35
action in this episode is:  [[62, 83, 93], [59, 82, 2], [156, 50, 60], [12, 63, 24]]
episode total reward is:  20.89
---------------------------------------------------------------
test episode:  36
action in this episode is:  [[62, 83, 93], [59, 82, 2], [156, 50, 60], [12, 63, 24]]
episode total reward is:  32.074
---------------------------------------------------------------
test episode:  37
action in this episode is:  [[62, 83, 93], [59, 82, 2], [156, 50, 60], [12, 63, 24]]
episode total reward is:  15.391
---------------------------------------------------------------
test episode:  38
action in this episode is:  [[62, 83, 93], [59, 82, 2], [156, 50, 60], [12, 63, 24]]
episode total reward is:  10.269
---------------------------------------------------------------
test episode:  39
action in this episode is:  [[62, 83, 93], [59, 82, 2], [156, 50, 60], [12, 63, 24]]
episode total reward is:  43.061
---------------------------------------------------------------
test episode:  40
action in this episode is:  [[62, 83, 93], [59, 82, 2], [156, 50, 60], [12, 63, 24]]
episode total reward is:  46.163
---------------------------------------------------------------
test episode:  41
action in this episode is:  [[62, 83, 93], [59, 82, 2], [156, 50, 60], [12, 63, 24]]
episode total reward is:  12.981
---------------------------------------------------------------
test episode:  42
action in this episode is:  [[62, 83, 93], [59, 82, 2], [156, 50, 60], [12, 63, 24]]
episode total reward is:  11.415
---------------------------------------------------------------
test episode:  43
action in this episode is:  [[62, 83, 93], [59, 82, 2], [156, 50, 60], [12, 63, 24]]
episode total reward is:  3.712
---------------------------------------------------------------
test episode:  44
action in this episode is:  [[62, 83, 93], [59, 82, 2], [156, 50, 60], [12, 63, 24]]
episode total reward is:  41.441
---------------------------------------------------------------
test episode:  45
action in this episode is:  [[62, 83, 93], [59, 82, 2], [156, 50, 60], [12, 63, 24]]
episode total reward is:  0.0
---------------------------------------------------------------
test episode:  46
action in this episode is:  [[62, 83, 93], [59, 82, 2], [156, 50, 60], [12, 63, 24]]
episode total reward is:  29.875
---------------------------------------------------------------
test episode:  47
action in this episode is:  [[62, 83, 93], [59, 82, 2], [156, 50, 60], [12, 63, 24]]
episode total reward is:  19.487
---------------------------------------------------------------
test episode:  48
action in this episode is:  [[62, 83, 93], [59, 82, 2], [50, 156, 60], [12, 63, 24]]
episode total reward is:  35.301
---------------------------------------------------------------
test episode:  49
action in this episode is:  [[62, 83, 93], [59, 82, 2], [156, 50, 60], [12, 63, 24]]
episode total reward is:  1.01
average reward: 24.43398
reward std: 14.778532122629771
