chosen graph:  India
cascade model is:  DIC
device is:  cuda
---------------------------------------------------------------
train episode:  0
eps in this episode is:  0.3
eps_wstart in this episode is:  0.1
using warm-start actions
choosing random
using warm-start actions
choosing ada_greedy
using warm-start actions
choosing max degree
using warm-start actions
choosing random
action in this episode is:  [[96, 184, 35], [169, 59, 62], [83, 93, 50], [191, 132, 44]]
present:  [35, 50, 59, 62, 83, 169, 184]
episode total reward is:  43.771
---------------------------------------------------------------
train episode:  1
eps in this episode is:  0.295
eps_wstart in this episode is:  0.1
using warm-start actions
choosing ada_greedy
using warm-start actions
choosing ada_greedy
using warm-start actions
choosing max degree
using warm-start actions
choosing random
action in this episode is:  [[169, 50, 93], [59, 62, 95], [83, 24, 82], [186, 132, 5]]
present:  [24, 50, 59, 82, 83, 93, 95, 169]
episode total reward is:  50.47
---------------------------------------------------------------
train episode:  2
eps in this episode is:  0.29
eps_wstart in this episode is:  0.1
using warm-start actions
choosing ada_greedy
using warm-start actions
choosing random
using warm-start actions
choosing max degree
using warm-start actions
choosing max degree
action in this episode is:  [[9, 83, 62], [85, 3, 128], [59, 93, 50], [24, 95, 82]]
present:  [3, 9, 59, 62, 85, 93, 128]
episode total reward is:  44.982
---------------------------------------------------------------
train episode:  3
eps in this episode is:  0.285
eps_wstart in this episode is:  0.1
using warm-start actions
choosing ada_greedy
using warm-start actions
choosing max degree
using warm-start actions
choosing random
using warm-start actions
choosing ada_greedy
action in this episode is:  [[175, 173, 95], [62, 83, 59], [183, 168, 160], [24, 170, 174]]
present:  [59, 62, 83, 95, 160, 175, 183]
episode total reward is:  40.287
---------------------------------------------------------------
train episode:  4
eps in this episode is:  0.27999999999999997
eps_wstart in this episode is:  0.1
using warm-start actions
choosing ada_greedy
using warm-start actions
choosing max degree
using warm-start actions
choosing random
using warm-start actions
choosing max degree
action in this episode is:  [[24, 174, 62], [83, 59, 93], [140, 18, 16], [50, 95, 82]]
present:  [16, 18, 24, 59, 93, 140, 174]
episode total reward is:  42.475
---------------------------------------------------------------
train episode:  5
eps in this episode is:  0.27499999999999997
eps_wstart in this episode is:  0.1
using warm-start actions
choosing max degree
using warm-start actions
choosing ada_greedy
using warm-start actions
choosing ada_greedy
using warm-start actions
choosing random
action in this episode is:  [[62, 83, 59], [169, 186, 50], [129, 90, 94], [195, 172, 179]]
present:  [50, 62, 83, 90, 94, 129, 169, 186]
episode total reward is:  45.854
---------------------------------------------------------------
train episode:  6
eps in this episode is:  0.27
eps_wstart in this episode is:  0.1
using warm-start actions
choosing ada_greedy
using warm-start actions
choosing random
using warm-start actions
choosing max degree
using warm-start actions
choosing ada_greedy
action in this episode is:  [[50, 83, 62], [65, 173, 190], [59, 93, 24], [170, 26, 52]]
present:  [50, 59, 65, 93, 173, 190]
episode total reward is:  34.63
---------------------------------------------------------------
train episode:  7
eps in this episode is:  0.265
eps_wstart in this episode is:  0.1
using warm-start actions
choosing max degree
using warm-start actions
choosing random
using warm-start actions
choosing random
using warm-start actions
choosing ada_greedy
action in this episode is:  [[62, 83, 59], [76, 139, 143], [96, 91, 179], [6, 174, 167]]
present:  [62, 76, 83, 96, 139, 143]
episode total reward is:  34.274
---------------------------------------------------------------
train episode:  8
eps in this episode is:  0.26
eps_wstart in this episode is:  0.1
using warm-start actions
choosing ada_greedy
using warm-start actions
choosing ada_greedy
using warm-start actions
choosing max degree
using warm-start actions
choosing random
action in this episode is:  [[11, 174, 95], [50, 165, 62], [83, 59, 93], [176, 73, 155]]
present:  [11, 59, 83, 93, 95, 165, 174]
episode total reward is:  46.611
---------------------------------------------------------------
train episode:  9
eps in this episode is:  0.255
eps_wstart in this episode is:  0.1
using warm-start actions
choosing ada_greedy
using warm-start actions
choosing ada_greedy
using warm-start actions
choosing ada_greedy
using warm-start actions
choosing random
action in this episode is:  [[170, 83, 62], [59, 173, 95], [24, 26, 94], [85, 106, 15]]
present:  [24, 26, 59, 62, 83, 95, 170]
episode total reward is:  50.175
---------------------------------------------------------------
train episode:  10
eps in this episode is:  0.25
eps_wstart in this episode is:  0.1
using warm-start actions
choosing random
using warm-start actions
choosing ada_greedy
using warm-start actions
choosing random
using warm-start actions
choosing random
action in this episode is:  [[20, 158, 55], [95, 62, 31], [35, 170, 14], [140, 58, 112]]
present:  [14, 20, 31, 35, 55, 62, 95, 158, 170]
episode total reward is:  49.494
secondary loss is:  403.00677490234375
---------------------------------------------------------------
train episode:  11
eps in this episode is:  0.245
eps_wstart in this episode is:  0.1
action in this episode is:  [[83, 62, 59], [93, 82, 17], [2, 50, 24], [110, 178, 9]]
present:  [2, 17, 24, 50, 62, 82, 93]
episode total reward is:  57.638
secondary loss is:  148.150634765625
---------------------------------------------------------------
train episode:  12
eps in this episode is:  0.24
eps_wstart in this episode is:  0.1
action in this episode is:  [[2, 83, 62], [59, 93, 82], [50, 24, 110], [178, 9, 156]]
present:  [24, 59, 62, 82, 83]
episode total reward is:  45.509
secondary loss is:  296.2587890625
---------------------------------------------------------------
train episode:  13
eps in this episode is:  0.235
eps_wstart in this episode is:  0.1
choosing max degree
action in this episode is:  [[124, 83, 62], [156, 59, 93], [82, 2, 50], [24, 95, 9]]
present:  [2, 50, 62, 83]
episode total reward is:  39.051
secondary loss is:  245.7074432373047
---------------------------------------------------------------
train episode:  14
eps in this episode is:  0.22999999999999998
eps_wstart in this episode is:  0.1
action in this episode is:  [[115, 83, 62], [59, 93, 82], [157, 2, 50], [24, 63, 110]]
present:  [50, 59, 83, 93, 115, 157]
episode total reward is:  26.339
secondary loss is:  118.90939331054688
---------------------------------------------------------------
train episode:  15
eps in this episode is:  0.22499999999999998
eps_wstart in this episode is:  0.1
action in this episode is:  [[83, 62, 59], [93, 168, 82], [2, 50, 154], [24, 137, 105]]
present:  [2, 50, 59, 62, 82, 83, 154, 168]
episode total reward is:  46.854
secondary loss is:  79.95939636230469
---------------------------------------------------------------
train episode:  16
eps in this episode is:  0.21999999999999997
eps_wstart in this episode is:  0.1
choosing ada_greedy
action in this episode is:  [[62, 83, 59], [50, 6, 95], [93, 82, 2], [24, 110, 178]]
present:  [2, 6, 50, 62, 83, 93]
episode total reward is:  37.794
secondary loss is:  91.47411346435547
---------------------------------------------------------------
train episode:  17
eps in this episode is:  0.21499999999999997
eps_wstart in this episode is:  0.1
choosing ada_greedy
action in this episode is:  [[9, 50, 83], [62, 59, 93], [28, 82, 2], [24, 120, 110]]
present:  [9, 50, 59, 62, 82]
episode total reward is:  41.367
secondary loss is:  77.19429016113281
---------------------------------------------------------------
train episode:  18
eps in this episode is:  0.21
eps_wstart in this episode is:  0.1
choosing ada_greedy
action in this episode is:  [[62, 83, 59], [6, 95, 143], [93, 82, 2], [23, 117, 136]]
present:  [2, 6, 59, 62, 82, 93, 95, 143]
episode total reward is:  52.173
secondary loss is:  52.312339782714844
---------------------------------------------------------------
train episode:  19
eps in this episode is:  0.205
eps_wstart in this episode is:  0.1
action in this episode is:  [[145, 62, 83], [27, 110, 59], [93, 164, 82], [2, 50, 24]]
present:  [27, 59, 62, 82, 83, 110, 145, 164]
episode total reward is:  47.717
secondary loss is:  37.10731887817383
---------------------------------------------------------------
train episode:  20
eps in this episode is:  0.19999999999999998
eps_wstart in this episode is:  0.1
action in this episode is:  [[62, 83, 97], [44, 59, 93], [82, 2, 50], [24, 105, 27]]
present:  [2, 44, 62, 82, 83, 97]
episode total reward is:  36.593
secondary loss is:  23.696653366088867
---------------------------------------------------------------
train episode:  21
eps in this episode is:  0.195
eps_wstart in this episode is:  0.1
action in this episode is:  [[139, 62, 83], [192, 59, 61], [93, 82, 168], [180, 2, 144]]
present:  [59, 61, 82, 83, 93, 139, 192]
episode total reward is:  28.596
secondary loss is:  5.930099964141846
---------------------------------------------------------------
train episode:  22
eps in this episode is:  0.19
eps_wstart in this episode is:  0.1
action in this episode is:  [[62, 96, 83], [59, 93, 191], [82, 2, 50], [24, 156, 121]]
present:  [2, 50, 59, 62, 82, 83, 93, 96, 191]
episode total reward is:  56.359
secondary loss is:  15.099453926086426
---------------------------------------------------------------
train episode:  23
eps in this episode is:  0.185
eps_wstart in this episode is:  0.1
action in this episode is:  [[62, 83, 87], [59, 93, 82], [2, 50, 24], [156, 110, 64]]
present:  [2, 24, 59, 62, 82, 83, 87]
episode total reward is:  46.681
secondary loss is:  7.527116775512695
---------------------------------------------------------------
train episode:  24
eps in this episode is:  0.18
eps_wstart in this episode is:  0.1
action in this episode is:  [[62, 83, 59], [93, 82, 2], [50, 24, 156], [110, 178, 60]]
present:  [24, 50, 59, 62, 156]
episode total reward is:  47.697
secondary loss is:  8.009925842285156
---------------------------------------------------------------
train episode:  25
eps in this episode is:  0.175
eps_wstart in this episode is:  0.1
action in this episode is:  [[62, 83, 184], [78, 59, 93], [82, 2, 50], [120, 24, 156]]
present:  [2, 50, 59, 62, 78, 82, 83, 93, 184]
episode total reward is:  52.962
secondary loss is:  3.3101396560668945
---------------------------------------------------------------
train episode:  26
eps in this episode is:  0.16999999999999998
eps_wstart in this episode is:  0.1
choosing ada_greedy
action in this episode is:  [[80, 62, 83], [170, 9, 50], [59, 93, 82], [2, 156, 24]]
present:  [9, 50, 59, 62, 82, 83, 170]
episode total reward is:  49.459
secondary loss is:  2.619446277618408
---------------------------------------------------------------
train episode:  27
eps in this episode is:  0.16499999999999998
eps_wstart in this episode is:  0.1
choosing max degree
action in this episode is:  [[62, 83, 59], [182, 93, 82], [2, 121, 50], [24, 95, 9]]
present:  [2, 50, 59, 82, 83, 93, 182]
episode total reward is:  52.614
secondary loss is:  3.7058982849121094
---------------------------------------------------------------
train episode:  28
eps in this episode is:  0.15999999999999998
eps_wstart in this episode is:  0.1
choosing random
action in this episode is:  [[100, 181, 175], [152, 62, 83], [59, 93, 82], [2, 50, 24]]
present:  [59, 62, 82, 93, 100, 175, 181]
episode total reward is:  47.785
secondary loss is:  8.548955917358398
---------------------------------------------------------------
train episode:  29
eps in this episode is:  0.155
eps_wstart in this episode is:  0.1
action in this episode is:  [[62, 83, 184], [59, 93, 82], [2, 50, 24], [196, 156, 88]]
present:  [59, 62, 82, 83, 184]
episode total reward is:  24.083
secondary loss is:  13.041035652160645
---------------------------------------------------------------
train episode:  30
eps in this episode is:  0.15
eps_wstart in this episode is:  0.1
action in this episode is:  [[62, 7, 83], [59, 93, 82], [2, 132, 50], [24, 156, 178]]
present:  [2, 7, 50, 82, 83, 132]
episode total reward is:  42.945
secondary loss is:  16.31048011779785
---------------------------------------------------------------
train episode:  31
eps in this episode is:  0.145
eps_wstart in this episode is:  0.1
action in this episode is:  [[62, 83, 116], [59, 93, 82], [2, 50, 24], [156, 60, 178]]
present:  [2, 24, 59, 62, 83, 93, 116]
episode total reward is:  46.968
secondary loss is:  5.359412670135498
---------------------------------------------------------------
train episode:  32
eps in this episode is:  0.13999999999999999
eps_wstart in this episode is:  0.1
choosing ada_greedy
action in this episode is:  [[191, 62, 20], [83, 59, 93], [170, 50, 95], [82, 2, 156]]
present:  [20, 50, 59, 62, 83, 93, 95, 170, 191]
episode total reward is:  49.564
secondary loss is:  15.288858413696289
---------------------------------------------------------------
train episode:  33
eps in this episode is:  0.13499999999999998
eps_wstart in this episode is:  0.1
action in this episode is:  [[62, 83, 59], [25, 93, 82], [104, 2, 157], [50, 24, 156]]
present:  [2, 25, 59, 62, 83, 93, 104, 157]
episode total reward is:  51.337
secondary loss is:  8.084177017211914
---------------------------------------------------------------
train episode:  34
eps in this episode is:  0.12999999999999998
eps_wstart in this episode is:  0.1
choosing random
action in this episode is:  [[191, 189, 82], [183, 62, 83], [59, 93, 2], [50, 20, 92]]
present:  [2, 59, 62, 82, 83, 93, 183, 189, 191]
episode total reward is:  47.76
secondary loss is:  10.848224639892578
---------------------------------------------------------------
train episode:  35
eps in this episode is:  0.12499999999999997
eps_wstart in this episode is:  0.1
choosing ada_greedy
action in this episode is:  [[165, 62, 173], [83, 59, 129], [103, 93, 82], [2, 50, 156]]
present:  [59, 62, 82, 83, 103, 129, 165, 173]
episode total reward is:  50.418
secondary loss is:  18.371225357055664
---------------------------------------------------------------
train episode:  36
eps in this episode is:  0.12
eps_wstart in this episode is:  0.1
action in this episode is:  [[62, 83, 59], [138, 93, 82], [182, 2, 8], [94, 152, 50]]
present:  [2, 8, 59, 62, 82, 83, 93, 138]
episode total reward is:  42.481
secondary loss is:  22.23589324951172
---------------------------------------------------------------
train episode:  37
eps in this episode is:  0.11499999999999999
eps_wstart in this episode is:  0.1
action in this episode is:  [[62, 83, 59], [93, 82, 2], [50, 24, 156], [110, 60, 35]]
present:  [2, 24, 50, 59, 62, 93, 156]
episode total reward is:  51.522
secondary loss is:  5.369110584259033
---------------------------------------------------------------
train episode:  38
eps in this episode is:  0.10999999999999999
eps_wstart in this episode is:  0.1
action in this episode is:  [[62, 83, 59], [93, 82, 2], [50, 24, 156], [110, 113, 60]]
present:  [2, 24, 50, 62, 82]
episode total reward is:  35.828
secondary loss is:  12.117907524108887
---------------------------------------------------------------
train episode:  39
eps in this episode is:  0.10499999999999998
eps_wstart in this episode is:  0.1
choosing ada_greedy
action in this episode is:  [[123, 62, 83], [59, 182, 93], [16, 173, 110], [82, 2, 50]]
present:  [16, 59, 62, 83, 110, 123, 182]
episode total reward is:  35.079
secondary loss is:  20.44928741455078
---------------------------------------------------------------
train episode:  40
eps in this episode is:  0.1
eps_wstart in this episode is:  0.1
choosing ada_greedy
action in this episode is:  [[62, 83, 59], [107, 93, 82], [9, 50, 6], [2, 69, 156]]
present:  [6, 9, 50, 62, 83, 107]
episode total reward is:  29.056
secondary loss is:  4.645036220550537
---------------------------------------------------------------
train episode:  41
eps in this episode is:  0.1
eps_wstart in this episode is:  0.1
action in this episode is:  [[62, 83, 59], [50, 93, 82], [2, 156, 24], [110, 89, 60]]
present:  [2, 24, 50, 59, 62, 82, 93, 156]
episode total reward is:  54.704
secondary loss is:  11.48412036895752
---------------------------------------------------------------
train episode:  42
eps in this episode is:  0.1
eps_wstart in this episode is:  0.1
action in this episode is:  [[62, 83, 174], [59, 93, 82], [2, 74, 50], [156, 24, 110]]
present:  [2, 50, 62, 74, 83, 93, 174]
episode total reward is:  43.924
secondary loss is:  18.681182861328125
---------------------------------------------------------------
train episode:  43
eps in this episode is:  0.1
eps_wstart in this episode is:  0.1
choosing random
choosing random
action in this episode is:  [[180, 116, 136], [62, 83, 95], [32, 0, 191], [59, 93, 82]]
present:  [0, 32, 62, 116, 136, 180, 191]
episode total reward is:  23.663
secondary loss is:  11.715012550354004
---------------------------------------------------------------
train episode:  44
eps in this episode is:  0.1
eps_wstart in this episode is:  0.1
action in this episode is:  [[62, 83, 59], [93, 82, 2], [50, 24, 156], [161, 178, 57]]
present:  [2, 24, 82, 83, 93, 156]
episode total reward is:  39.243
secondary loss is:  2.280532121658325
---------------------------------------------------------------
train episode:  45
eps in this episode is:  0.1
eps_wstart in this episode is:  0.1
choosing random
action in this episode is:  [[62, 83, 59], [201, 142, 174], [93, 82, 2], [50, 24, 156]]
present:  [2, 62, 82, 93, 142, 174, 201]
episode total reward is:  46.126
secondary loss is:  3.9377975463867188
---------------------------------------------------------------
train episode:  46
eps in this episode is:  0.1
eps_wstart in this episode is:  0.1
action in this episode is:  [[62, 83, 59], [93, 82, 151], [49, 36, 72], [2, 50, 24]]
present:  [49, 59, 62, 72, 83, 93, 151]
episode total reward is:  38.282
secondary loss is:  7.869475841522217
---------------------------------------------------------------
train episode:  47
eps in this episode is:  0.1
eps_wstart in this episode is:  0.1
choosing random
action in this episode is:  [[62, 83, 59], [149, 93, 82], [155, 44, 124], [2, 50, 24]]
present:  [44, 59, 62, 82, 83, 93, 124, 149, 155]
episode total reward is:  49.781
secondary loss is:  8.322761535644531
---------------------------------------------------------------
train episode:  48
eps in this episode is:  0.1
eps_wstart in this episode is:  0.1
action in this episode is:  [[62, 83, 28], [59, 197, 93], [82, 2, 50], [24, 156, 178]]
present:  [2, 28, 50, 59, 62, 82, 83, 93, 197]
episode total reward is:  50.178
secondary loss is:  8.461055755615234
---------------------------------------------------------------
train episode:  49
eps in this episode is:  0.1
eps_wstart in this episode is:  0.1
action in this episode is:  [[62, 83, 59], [93, 82, 2], [50, 24, 156], [178, 110, 60]]
present:  [2, 24, 59, 62, 82, 83, 156]
episode total reward is:  48.95
secondary loss is:  2.3441104888916016
---------------------------------------------------------------
train episode:  50
eps in this episode is:  0.1
eps_wstart in this episode is:  0.1
action in this episode is:  [[62, 83, 59], [93, 82, 2], [160, 178, 50], [24, 156, 60]]
present:  [2, 59, 82, 83, 93, 160]
episode total reward is:  24.366
secondary loss is:  7.773926734924316
---------------------------------------------------------------
train episode:  51
eps in this episode is:  0.1
eps_wstart in this episode is:  0.1
choosing max degree
action in this episode is:  [[62, 167, 83], [59, 93, 50], [82, 137, 2], [24, 156, 110]]
present:  [2, 50, 59, 82, 93, 137, 167]
episode total reward is:  45.929
secondary loss is:  4.2930192947387695
---------------------------------------------------------------
train episode:  52
eps in this episode is:  0.1
eps_wstart in this episode is:  0.1
action in this episode is:  [[62, 83, 59], [151, 93, 82], [2, 50, 24], [156, 70, 110]]
present:  [24, 50, 59, 62, 83, 93, 151]
episode total reward is:  44.44
secondary loss is:  6.343760967254639
---------------------------------------------------------------
train episode:  53
eps in this episode is:  0.1
eps_wstart in this episode is:  0.1
choosing ada_greedy
action in this episode is:  [[62, 83, 59], [93, 82, 2], [50, 24, 156], [124, 12, 174]]
present:  [2, 24, 59, 62, 82, 83, 93, 156]
episode total reward is:  53.334
secondary loss is:  6.854557037353516
---------------------------------------------------------------
train episode:  54
eps in this episode is:  0.1
eps_wstart in this episode is:  0.1
choosing random
action in this episode is:  [[62, 83, 59], [93, 82, 2], [97, 172, 112], [50, 24, 164]]
present:  [2, 59, 82, 83, 93, 97, 172]
episode total reward is:  42.607
secondary loss is:  5.755639553070068
---------------------------------------------------------------
train episode:  55
eps in this episode is:  0.1
eps_wstart in this episode is:  0.1
choosing ada_greedy
choosing ada_greedy
action in this episode is:  [[169, 83, 95], [62, 150, 59], [93, 82, 2], [50, 173, 6]]
present:  [2, 59, 62, 82, 83, 93, 95, 150, 169]
episode total reward is:  51.37
secondary loss is:  6.052457809448242
---------------------------------------------------------------
train episode:  56
eps in this episode is:  0.1
eps_wstart in this episode is:  0.1
choosing max degree
action in this episode is:  [[62, 83, 59], [93, 50, 24], [82, 2, 156], [110, 178, 60]]
present:  [2, 24, 50, 59, 82, 93, 156]
episode total reward is:  35.765
secondary loss is:  1.3672457933425903
---------------------------------------------------------------
train episode:  57
eps in this episode is:  0.1
eps_wstart in this episode is:  0.1
action in this episode is:  [[62, 195, 83], [59, 93, 82], [2, 50, 24], [156, 110, 178]]
present:  [2, 24, 50, 59, 62, 82, 83, 93, 195]
episode total reward is:  56.276
secondary loss is:  4.529297828674316
---------------------------------------------------------------
train episode:  58
eps in this episode is:  0.1
eps_wstart in this episode is:  0.1
choosing random
action in this episode is:  [[62, 83, 59], [103, 170, 169], [93, 82, 2], [50, 24, 156]]
present:  [2, 62, 82, 83, 93, 103, 169, 170]
episode total reward is:  47.143
secondary loss is:  5.55940055847168
---------------------------------------------------------------
train episode:  59
eps in this episode is:  0.1
eps_wstart in this episode is:  0.1
choosing ada_greedy
action in this episode is:  [[62, 59, 94], [83, 93, 82], [2, 50, 57], [24, 156, 178]]
present:  [2, 50, 59, 82, 83, 93]
episode total reward is:  42.106
secondary loss is:  6.922512054443359
---------------------------------------------------------------
train episode:  60
eps in this episode is:  0.1
eps_wstart in this episode is:  0.1
action in this episode is:  [[62, 83, 59], [93, 82, 175], [2, 50, 24], [178, 110, 156]]
present:  [2, 24, 50, 59, 82, 83, 175]
episode total reward is:  49.019
secondary loss is:  8.606307983398438
---------------------------------------------------------------
train episode:  61
eps in this episode is:  0.1
eps_wstart in this episode is:  0.1
action in this episode is:  [[62, 83, 59], [93, 82, 2], [96, 50, 24], [156, 178, 110]]
present:  [2, 24, 50, 59, 62, 82, 93, 96]
episode total reward is:  54.111
secondary loss is:  10.901129722595215
---------------------------------------------------------------
train episode:  62
eps in this episode is:  0.1
eps_wstart in this episode is:  0.1
action in this episode is:  [[62, 83, 59], [93, 82, 2], [63, 50, 24], [156, 110, 60]]
present:  [2, 24, 59, 62, 63, 83]
episode total reward is:  31.412
secondary loss is:  5.1057000160217285
---------------------------------------------------------------
train episode:  63
eps in this episode is:  0.1
eps_wstart in this episode is:  0.1
choosing random
action in this episode is:  [[62, 83, 59], [187, 105, 153], [93, 82, 2], [50, 24, 156]]
present:  [2, 83, 93, 105, 153]
episode total reward is:  11.826
secondary loss is:  4.931405544281006
---------------------------------------------------------------
train episode:  64
eps in this episode is:  0.1
eps_wstart in this episode is:  0.1
action in this episode is:  [[62, 73, 83], [59, 93, 172], [82, 2, 50], [24, 156, 110]]
present:  [2, 50, 59, 62, 73, 82]
episode total reward is:  46.785
secondary loss is:  12.186866760253906
---------------------------------------------------------------
train episode:  65
eps in this episode is:  0.1
eps_wstart in this episode is:  0.1
choosing max degree
action in this episode is:  [[149, 62, 114], [83, 59, 93], [50, 24, 95], [82, 2, 110]]
present:  [24, 50, 59, 62, 93, 95, 149]
episode total reward is:  46.466
secondary loss is:  5.145264148712158
---------------------------------------------------------------
train episode:  66
eps in this episode is:  0.1
eps_wstart in this episode is:  0.1
action in this episode is:  [[62, 83, 59], [93, 82, 2], [50, 24, 156], [178, 110, 60]]
present:  [2, 24, 50, 59, 82, 83, 93, 156]
episode total reward is:  54.157
secondary loss is:  3.4099626541137695
---------------------------------------------------------------
train episode:  67
eps in this episode is:  0.1
eps_wstart in this episode is:  0.1
choosing random
action in this episode is:  [[62, 51, 83], [59, 93, 82], [2, 38, 50], [175, 119, 173]]
present:  [2, 38, 50, 51, 62, 82, 83, 93]
episode total reward is:  47.083
secondary loss is:  4.296574592590332
---------------------------------------------------------------
train episode:  68
eps in this episode is:  0.1
eps_wstart in this episode is:  0.1
choosing ada_greedy
action in this episode is:  [[62, 83, 59], [17, 50, 95], [93, 167, 82], [2, 24, 156]]
present:  [17, 59, 62, 82, 83, 95, 167]
episode total reward is:  47.12
secondary loss is:  4.498640060424805
---------------------------------------------------------------
train episode:  69
eps in this episode is:  0.1
eps_wstart in this episode is:  0.1
choosing ada_greedy
action in this episode is:  [[62, 83, 59], [93, 82, 2], [50, 24, 156], [19, 13, 95]]
present:  [2, 24, 50, 59, 62, 82, 83, 93]
episode total reward is:  54.502
secondary loss is:  15.17074203491211
---------------------------------------------------------------
train episode:  70
eps in this episode is:  0.1
eps_wstart in this episode is:  0.1
choosing random
action in this episode is:  [[106, 62, 4], [66, 97, 18], [83, 59, 93], [82, 2, 50]]
present:  [4, 59, 62, 66, 83, 93, 97, 106]
episode total reward is:  49.527
secondary loss is:  11.35554313659668
---------------------------------------------------------------
train episode:  71
eps in this episode is:  0.1
eps_wstart in this episode is:  0.1
choosing ada_greedy
action in this episode is:  [[62, 83, 59], [93, 82, 2], [160, 50, 24], [9, 169, 31]]
present:  [24, 50, 59, 62, 82, 83, 93, 160]
episode total reward is:  50.84
secondary loss is:  0.06471732258796692
---------------------------------------------------------------
train episode:  72
eps in this episode is:  0.1
eps_wstart in this episode is:  0.1
choosing random
action in this episode is:  [[62, 83, 59], [93, 82, 2], [154, 134, 54], [50, 24, 156]]
present:  [54, 59, 83, 93, 154]
episode total reward is:  38.621
secondary loss is:  1.0151605606079102
---------------------------------------------------------------
train episode:  73
eps in this episode is:  0.1
eps_wstart in this episode is:  0.1
action in this episode is:  [[62, 83, 59], [93, 22, 82], [2, 50, 24], [156, 110, 178]]
present:  [2, 22, 24, 50, 59, 62, 82, 83, 93]
episode total reward is:  55.651
secondary loss is:  14.114471435546875
---------------------------------------------------------------
train episode:  74
eps in this episode is:  0.1
eps_wstart in this episode is:  0.1
action in this episode is:  [[62, 83, 59], [93, 82, 163], [2, 50, 24], [156, 178, 110]]
present:  [2, 24, 50, 59, 82, 83, 93, 163]
episode total reward is:  54.61
secondary loss is:  3.932955026626587
---------------------------------------------------------------
train episode:  75
eps in this episode is:  0.1
eps_wstart in this episode is:  0.1
action in this episode is:  [[62, 83, 59], [93, 82, 2], [50, 24, 156], [178, 60, 110]]
present:  [59, 83, 93, 156]
episode total reward is:  19.986
secondary loss is:  5.819670677185059
---------------------------------------------------------------
train episode:  76
eps in this episode is:  0.1
eps_wstart in this episode is:  0.1
action in this episode is:  [[150, 62, 83], [59, 93, 82], [2, 50, 24], [156, 178, 110]]
present:  [2, 24, 50, 62, 82, 83, 150]
episode total reward is:  47.42
secondary loss is:  10.199856758117676
---------------------------------------------------------------
train episode:  77
eps in this episode is:  0.1
eps_wstart in this episode is:  0.1
choosing ada_greedy
action in this episode is:  [[62, 83, 59], [170, 9, 50], [93, 82, 2], [24, 156, 110]]
present:  [2, 62, 82, 83, 93, 170]
episode total reward is:  37.908
secondary loss is:  7.2101054191589355
---------------------------------------------------------------
train episode:  78
eps in this episode is:  0.1
eps_wstart in this episode is:  0.1
action in this episode is:  [[62, 83, 124], [59, 93, 82], [135, 2, 50], [24, 156, 110]]
present:  [2, 50, 59, 62, 83, 124, 135]
episode total reward is:  51.7
secondary loss is:  12.628219604492188
---------------------------------------------------------------
train episode:  79
eps in this episode is:  0.1
eps_wstart in this episode is:  0.1
choosing ada_greedy
action in this episode is:  [[62, 83, 59], [167, 50, 95], [93, 82, 2], [24, 156, 110]]
present:  [50, 59, 62, 82, 83, 95, 167]
episode total reward is:  39.224
secondary loss is:  14.717987060546875
---------------------------------------------------------------
train episode:  80
eps in this episode is:  0.1
eps_wstart in this episode is:  0.1
choosing max degree
action in this episode is:  [[62, 83, 59], [93, 82, 2], [50, 24, 95], [156, 110, 60]]
present:  [24, 50, 59, 62, 82, 93, 95]
episode total reward is:  49.868
secondary loss is:  14.386482238769531
---------------------------------------------------------------
train episode:  81
eps in this episode is:  0.1
eps_wstart in this episode is:  0.1
action in this episode is:  [[62, 160, 83], [59, 93, 82], [2, 50, 187], [24, 156, 30]]
present:  [2, 50, 59, 62, 83, 93]
episode total reward is:  39.566
secondary loss is:  5.2220540046691895
---------------------------------------------------------------
train episode:  82
eps in this episode is:  0.1
eps_wstart in this episode is:  0.1
action in this episode is:  [[62, 83, 59], [93, 82, 2], [50, 24, 156], [110, 178, 60]]
present:  [2, 24, 50, 59, 62, 82, 83, 93]
episode total reward is:  53.269
secondary loss is:  2.498234272003174
---------------------------------------------------------------
train episode:  83
eps in this episode is:  0.1
eps_wstart in this episode is:  0.1
choosing ada_greedy
choosing ada_greedy
action in this episode is:  [[175, 62, 95], [83, 59, 49], [93, 82, 2], [169, 173, 9]]
present:  [2, 49, 59, 62, 82, 83, 93, 95, 175]
episode total reward is:  52.716
secondary loss is:  4.894270896911621
---------------------------------------------------------------
train episode:  84
eps in this episode is:  0.1
eps_wstart in this episode is:  0.1
action in this episode is:  [[62, 83, 137], [59, 123, 93], [82, 2, 50], [24, 156, 110]]
present:  [50, 62, 82, 83, 93, 123, 137]
episode total reward is:  46.628
secondary loss is:  16.588592529296875
---------------------------------------------------------------
train episode:  85
eps in this episode is:  0.1
eps_wstart in this episode is:  0.1
action in this episode is:  [[62, 83, 59], [93, 82, 2], [50, 24, 87], [110, 156, 178]]
present:  [2, 24, 50, 62, 82, 83, 93]
episode total reward is:  48.091
secondary loss is:  16.40920639038086
---------------------------------------------------------------
train episode:  86
eps in this episode is:  0.1
eps_wstart in this episode is:  0.1
action in this episode is:  [[62, 83, 59], [93, 82, 2], [78, 50, 24], [156, 110, 60]]
present:  [24, 50, 59, 62, 78, 82, 83, 93]
episode total reward is:  55.422
secondary loss is:  4.197349548339844
---------------------------------------------------------------
train episode:  87
eps in this episode is:  0.1
eps_wstart in this episode is:  0.1
action in this episode is:  [[62, 83, 59], [93, 82, 2], [50, 24, 156], [110, 178, 60]]
present:  [2, 24, 50, 59, 62, 83, 93, 156]
episode total reward is:  51.177
secondary loss is:  4.40059232711792
---------------------------------------------------------------
train episode:  88
eps in this episode is:  0.1
eps_wstart in this episode is:  0.1
choosing ada_greedy
action in this episode is:  [[62, 83, 59], [93, 48, 152], [82, 2, 50], [75, 13, 95]]
present:  [48, 50, 59, 62, 83, 152]
episode total reward is:  35.77
secondary loss is:  9.057777404785156
---------------------------------------------------------------
train episode:  89
eps in this episode is:  0.1
eps_wstart in this episode is:  0.1
choosing random
action in this episode is:  [[92, 8, 30], [62, 83, 59], [93, 82, 2], [50, 24, 156]]
present:  [2, 8, 62, 83, 92, 93]
episode total reward is:  30.548
secondary loss is:  1.4179913997650146
---------------------------------------------------------------
train episode:  90
eps in this episode is:  0.1
eps_wstart in this episode is:  0.1
choosing ada_greedy
action in this episode is:  [[62, 83, 59], [93, 88, 82], [50, 75, 95], [2, 72, 24]]
present:  [50, 59, 62, 75, 82, 83, 88, 95]
episode total reward is:  43.232
secondary loss is:  8.048160552978516
---------------------------------------------------------------
train episode:  91
eps in this episode is:  0.1
eps_wstart in this episode is:  0.1
action in this episode is:  [[62, 83, 59], [93, 82, 36], [2, 50, 24], [156, 178, 110]]
present:  [2, 24, 36, 50, 82, 83, 93]
episode total reward is:  47.075
secondary loss is:  3.175417423248291
---------------------------------------------------------------
train episode:  92
eps in this episode is:  0.1
eps_wstart in this episode is:  0.1
action in this episode is:  [[63, 62, 83], [59, 93, 82], [2, 50, 24], [156, 166, 110]]
present:  [2, 24, 50, 59, 63, 83, 93]
episode total reward is:  46.061
secondary loss is:  10.38927936553955
---------------------------------------------------------------
train episode:  93
eps in this episode is:  0.1
eps_wstart in this episode is:  0.1
choosing ada_greedy
choosing ada_greedy
action in this episode is:  [[59, 93, 62], [26, 173, 31], [83, 82, 2], [17, 50, 24]]
present:  [26, 31, 59, 83, 93, 173]
episode total reward is:  40.656
secondary loss is:  4.369847297668457
---------------------------------------------------------------
train episode:  94
eps in this episode is:  0.1
eps_wstart in this episode is:  0.1
choosing max degree
action in this episode is:  [[77, 62, 46], [83, 59, 93], [50, 24, 95], [82, 2, 156]]
present:  [24, 50, 59, 62, 83, 95]
episode total reward is:  39.772
secondary loss is:  3.011874198913574
---------------------------------------------------------------
train episode:  95
eps in this episode is:  0.1
eps_wstart in this episode is:  0.1
choosing ada_greedy
action in this episode is:  [[62, 83, 59], [93, 82, 2], [169, 129, 173], [50, 24, 156]]
present:  [2, 59, 83, 93, 129, 169, 173]
episode total reward is:  46.077
secondary loss is:  7.477737903594971
---------------------------------------------------------------
train episode:  96
eps in this episode is:  0.1
eps_wstart in this episode is:  0.1
choosing random
action in this episode is:  [[62, 83, 59], [93, 82, 2], [199, 140, 95], [50, 24, 156]]
present:  [2, 59, 62, 82, 83, 93, 95, 140, 199]
episode total reward is:  53.956
secondary loss is:  4.981522560119629
---------------------------------------------------------------
train episode:  97
eps in this episode is:  0.1
eps_wstart in this episode is:  0.1
choosing max degree
action in this episode is:  [[62, 83, 59], [93, 82, 2], [50, 24, 95], [156, 110, 178]]
present:  [2, 50, 62, 82, 83, 95]
episode total reward is:  49.74
secondary loss is:  5.162920951843262
---------------------------------------------------------------
train episode:  98
eps in this episode is:  0.1
eps_wstart in this episode is:  0.1
action in this episode is:  [[62, 83, 59], [93, 82, 2], [50, 24, 156], [110, 178, 60]]
present:  [2, 24, 50, 62, 82, 83, 93, 156]
episode total reward is:  52.813
secondary loss is:  8.369890213012695
---------------------------------------------------------------
train episode:  99
eps in this episode is:  0.1
eps_wstart in this episode is:  0.1
action in this episode is:  [[62, 83, 59], [77, 93, 82], [2, 17, 158], [50, 24, 156]]
present:  [59, 62, 77, 82, 93, 158]
episode total reward is:  20.83
secondary loss is:  6.593285083770752
runtime for training process is:  2057.9042251110077




testing
---------------------------------------------------------------
test episode:  0
action in this episode is:  [[62, 83, 59], [93, 82, 2], [50, 24, 156], [110, 178, 60]]
episode total reward is:  50.954
---------------------------------------------------------------
test episode:  1
action in this episode is:  [[62, 83, 59], [93, 82, 2], [50, 24, 156], [110, 178, 60]]
episode total reward is:  50.015
---------------------------------------------------------------
test episode:  2
action in this episode is:  [[62, 83, 59], [93, 82, 2], [50, 24, 156], [110, 178, 60]]
episode total reward is:  53.891
---------------------------------------------------------------
test episode:  3
action in this episode is:  [[62, 83, 59], [93, 82, 2], [50, 24, 156], [110, 178, 60]]
episode total reward is:  54.748
---------------------------------------------------------------
test episode:  4
action in this episode is:  [[62, 83, 59], [93, 82, 2], [50, 24, 156], [178, 110, 60]]
episode total reward is:  54.118
---------------------------------------------------------------
test episode:  5
action in this episode is:  [[62, 83, 59], [93, 82, 2], [50, 24, 156], [178, 110, 60]]
episode total reward is:  55.645
---------------------------------------------------------------
test episode:  6
action in this episode is:  [[62, 83, 59], [93, 82, 2], [50, 24, 156], [110, 178, 60]]
episode total reward is:  55.251
---------------------------------------------------------------
test episode:  7
action in this episode is:  [[62, 83, 59], [93, 82, 2], [50, 24, 156], [110, 178, 60]]
episode total reward is:  59.705
---------------------------------------------------------------
test episode:  8
action in this episode is:  [[62, 83, 59], [93, 82, 2], [50, 24, 156], [178, 110, 60]]
episode total reward is:  57.507
---------------------------------------------------------------
test episode:  9
action in this episode is:  [[62, 83, 59], [93, 82, 2], [50, 24, 156], [178, 110, 60]]
episode total reward is:  51.832
---------------------------------------------------------------
test episode:  10
action in this episode is:  [[62, 83, 59], [93, 82, 2], [50, 24, 156], [110, 178, 60]]
episode total reward is:  56.815
---------------------------------------------------------------
test episode:  11
action in this episode is:  [[62, 83, 59], [93, 82, 2], [50, 24, 156], [110, 178, 60]]
episode total reward is:  47.996
---------------------------------------------------------------
test episode:  12
action in this episode is:  [[62, 83, 59], [93, 82, 2], [50, 24, 156], [178, 110, 60]]
episode total reward is:  45.054
---------------------------------------------------------------
test episode:  13
action in this episode is:  [[62, 83, 59], [93, 82, 2], [50, 24, 156], [178, 110, 60]]
episode total reward is:  54.545
---------------------------------------------------------------
test episode:  14
action in this episode is:  [[62, 83, 59], [93, 82, 2], [50, 24, 156], [110, 178, 60]]
episode total reward is:  54.696
---------------------------------------------------------------
test episode:  15
action in this episode is:  [[62, 83, 59], [93, 82, 2], [50, 24, 156], [110, 178, 60]]
episode total reward is:  60.601
---------------------------------------------------------------
test episode:  16
action in this episode is:  [[62, 83, 59], [93, 82, 2], [50, 24, 156], [178, 110, 60]]
episode total reward is:  59.135
---------------------------------------------------------------
test episode:  17
action in this episode is:  [[62, 83, 59], [93, 82, 2], [50, 24, 156], [110, 178, 60]]
episode total reward is:  56.332
---------------------------------------------------------------
test episode:  18
action in this episode is:  [[62, 83, 59], [93, 82, 2], [50, 24, 156], [110, 178, 60]]
episode total reward is:  55.627
---------------------------------------------------------------
test episode:  19
action in this episode is:  [[62, 83, 59], [93, 82, 2], [50, 24, 156], [178, 110, 60]]
episode total reward is:  58.377
---------------------------------------------------------------
test episode:  20
action in this episode is:  [[62, 83, 59], [93, 82, 2], [50, 24, 156], [178, 110, 60]]
episode total reward is:  54.265
---------------------------------------------------------------
test episode:  21
action in this episode is:  [[62, 83, 59], [93, 82, 2], [50, 24, 156], [110, 178, 60]]
episode total reward is:  58.618
---------------------------------------------------------------
test episode:  22
action in this episode is:  [[62, 83, 59], [93, 82, 2], [50, 24, 156], [178, 110, 60]]
episode total reward is:  48.439
---------------------------------------------------------------
test episode:  23
action in this episode is:  [[62, 83, 59], [93, 82, 2], [50, 24, 156], [178, 110, 60]]
episode total reward is:  30.797
---------------------------------------------------------------
test episode:  24
action in this episode is:  [[62, 83, 59], [93, 82, 2], [50, 24, 156], [110, 178, 60]]
episode total reward is:  43.464
---------------------------------------------------------------
test episode:  25
action in this episode is:  [[62, 83, 59], [93, 82, 2], [50, 24, 156], [110, 178, 60]]
episode total reward is:  49.31
---------------------------------------------------------------
test episode:  26
action in this episode is:  [[62, 83, 59], [93, 82, 2], [50, 24, 156], [110, 178, 60]]
episode total reward is:  58.994
---------------------------------------------------------------
test episode:  27
action in this episode is:  [[62, 83, 59], [93, 82, 2], [50, 24, 156], [178, 110, 60]]
episode total reward is:  48.49
---------------------------------------------------------------
test episode:  28
action in this episode is:  [[62, 83, 59], [93, 82, 2], [50, 24, 156], [110, 178, 60]]
episode total reward is:  45.566
---------------------------------------------------------------
test episode:  29
action in this episode is:  [[62, 83, 59], [93, 82, 2], [50, 24, 156], [110, 178, 60]]
episode total reward is:  55.697
---------------------------------------------------------------
test episode:  30
action in this episode is:  [[62, 83, 59], [93, 82, 2], [50, 24, 156], [178, 110, 60]]
episode total reward is:  35.674
---------------------------------------------------------------
test episode:  31
action in this episode is:  [[62, 83, 59], [93, 82, 2], [50, 24, 156], [110, 178, 60]]
episode total reward is:  53.097
---------------------------------------------------------------
test episode:  32
action in this episode is:  [[62, 83, 59], [93, 82, 2], [50, 24, 156], [110, 178, 60]]
episode total reward is:  59.368
---------------------------------------------------------------
test episode:  33
action in this episode is:  [[62, 83, 59], [93, 82, 2], [50, 24, 156], [110, 178, 60]]
episode total reward is:  56.457
---------------------------------------------------------------
test episode:  34
action in this episode is:  [[62, 83, 59], [93, 82, 2], [50, 24, 156], [110, 178, 60]]
episode total reward is:  47.092
---------------------------------------------------------------
test episode:  35
action in this episode is:  [[62, 83, 59], [93, 82, 2], [50, 24, 156], [110, 178, 60]]
episode total reward is:  27.935
---------------------------------------------------------------
test episode:  36
action in this episode is:  [[62, 83, 59], [93, 82, 2], [50, 24, 156], [110, 178, 60]]
episode total reward is:  47.172
---------------------------------------------------------------
test episode:  37
action in this episode is:  [[62, 83, 59], [93, 82, 2], [50, 24, 156], [110, 178, 60]]
episode total reward is:  58.578
---------------------------------------------------------------
test episode:  38
action in this episode is:  [[62, 83, 59], [93, 82, 2], [50, 24, 156], [110, 178, 60]]
episode total reward is:  45.151
---------------------------------------------------------------
test episode:  39
action in this episode is:  [[62, 83, 59], [93, 82, 2], [50, 24, 156], [178, 110, 60]]
episode total reward is:  54.446
---------------------------------------------------------------
test episode:  40
action in this episode is:  [[62, 83, 59], [93, 82, 2], [50, 24, 156], [110, 178, 60]]
episode total reward is:  38.233
---------------------------------------------------------------
test episode:  41
action in this episode is:  [[62, 83, 59], [93, 82, 2], [50, 24, 156], [110, 178, 60]]
episode total reward is:  53.386
---------------------------------------------------------------
test episode:  42
action in this episode is:  [[62, 83, 59], [93, 82, 2], [50, 24, 156], [178, 110, 60]]
episode total reward is:  50.955
---------------------------------------------------------------
test episode:  43
action in this episode is:  [[62, 83, 59], [93, 82, 2], [50, 24, 156], [110, 178, 60]]
episode total reward is:  55.404
---------------------------------------------------------------
test episode:  44
action in this episode is:  [[62, 83, 59], [93, 82, 2], [50, 24, 156], [110, 178, 60]]
episode total reward is:  57.105
---------------------------------------------------------------
test episode:  45
action in this episode is:  [[62, 83, 59], [93, 82, 2], [50, 24, 156], [178, 110, 60]]
episode total reward is:  26.32
---------------------------------------------------------------
test episode:  46
action in this episode is:  [[62, 83, 59], [93, 82, 2], [50, 24, 156], [110, 178, 60]]
episode total reward is:  52.495
---------------------------------------------------------------
test episode:  47
action in this episode is:  [[62, 83, 59], [93, 82, 2], [50, 24, 156], [110, 178, 60]]
episode total reward is:  56.967
---------------------------------------------------------------
test episode:  48
action in this episode is:  [[62, 83, 59], [93, 82, 2], [50, 24, 156], [110, 178, 60]]
episode total reward is:  51.821
---------------------------------------------------------------
test episode:  49
action in this episode is:  [[62, 83, 59], [93, 82, 2], [50, 24, 156], [110, 178, 60]]
episode total reward is:  48.212
average reward: 51.24704
reward std: 7.881197751509602
