chosen graph:  India
cascade model is:  DIC
device is:  cuda
---------------------------------------------------------------
train episode:  0
eps in this episode is:  0.3
eps_wstart in this episode is:  0.1
using warm-start actions
choosing random
using warm-start actions
choosing random
using warm-start actions
choosing max degree
using warm-start actions
choosing random
action in this episode is:  [[155, 169, 199], [92, 53, 4], [62, 83, 59], [9, 51, 37]]
present:  [4, 59, 62, 83, 92, 169, 199]
episode total reward is:  28.008
---------------------------------------------------------------
train episode:  1
eps in this episode is:  0.295
eps_wstart in this episode is:  0.1
using warm-start actions
choosing ada_greedy
using warm-start actions
choosing random
using warm-start actions
choosing random
using warm-start actions
choosing ada_greedy
action in this episode is:  [[129, 59, 62], [78, 144, 78], [72, 108, 195], [83, 165, 173]]
present:  [72, 78, 129, 144, 195]
episode total reward is:  11.639
---------------------------------------------------------------
train episode:  2
eps in this episode is:  0.29
eps_wstart in this episode is:  0.1
using warm-start actions
choosing random
using warm-start actions
choosing ada_greedy
using warm-start actions
choosing ada_greedy
using warm-start actions
choosing ada_greedy
action in this episode is:  [[173, 136, 77], [59, 6, 95], [50, 133, 62], [8, 83, 165]]
present:  [6, 50, 59, 77, 133, 136]
episode total reward is:  45.314
---------------------------------------------------------------
train episode:  3
eps in this episode is:  0.285
eps_wstart in this episode is:  0.1
using warm-start actions
choosing random
using warm-start actions
choosing ada_greedy
using warm-start actions
choosing max degree
using warm-start actions
choosing ada_greedy
action in this episode is:  [[162, 168, 67], [50, 173, 95], [62, 83, 59], [165, 13, 31]]
present:  [62, 83, 95, 162, 173]
episode total reward is:  34.598
---------------------------------------------------------------
train episode:  4
eps in this episode is:  0.27999999999999997
eps_wstart in this episode is:  0.1
using warm-start actions
choosing ada_greedy
using warm-start actions
choosing random
using warm-start actions
choosing max degree
using warm-start actions
choosing random
action in this episode is:  [[173, 174, 95], [112, 195, 71], [62, 83, 59], [155, 117, 99]]
present:  [62, 71, 83, 95, 112, 174]
episode total reward is:  34.357
---------------------------------------------------------------
train episode:  5
eps in this episode is:  0.27499999999999997
eps_wstart in this episode is:  0.1
using warm-start actions
choosing ada_greedy
using warm-start actions
choosing ada_greedy
using warm-start actions
choosing ada_greedy
using warm-start actions
choosing ada_greedy
action in this episode is:  [[9, 173, 62], [129, 165, 95], [83, 59, 94], [184, 50, 31]]
present:  [59, 83, 95, 129, 165]
episode total reward is:  31.52
---------------------------------------------------------------
train episode:  6
eps in this episode is:  0.27
eps_wstart in this episode is:  0.1
using warm-start actions
choosing ada_greedy
using warm-start actions
choosing max degree
using warm-start actions
choosing max degree
using warm-start actions
choosing random
action in this episode is:  [[24, 170, 62], [83, 59, 93], [50, 95, 82], [188, 120, 169]]
present:  [50, 62, 82, 83, 93, 95, 170]
episode total reward is:  39.816
---------------------------------------------------------------
train episode:  7
eps in this episode is:  0.265
eps_wstart in this episode is:  0.1
using warm-start actions
choosing random
using warm-start actions
choosing max degree
using warm-start actions
choosing max degree
using warm-start actions
choosing ada_greedy
action in this episode is:  [[128, 81, 66], [62, 83, 59], [93, 50, 24], [9, 165, 31]]
present:  [50, 66, 81, 83, 128]
episode total reward is:  13.642
---------------------------------------------------------------
train episode:  8
eps in this episode is:  0.26
eps_wstart in this episode is:  0.1
using warm-start actions
choosing random
using warm-start actions
choosing max degree
using warm-start actions
choosing ada_greedy
using warm-start actions
choosing random
action in this episode is:  [[84, 169, 186], [62, 83, 59], [9, 174, 167], [195, 160, 180]]
present:  [9, 59, 62, 84, 167, 186]
episode total reward is:  43.277
---------------------------------------------------------------
train episode:  9
eps in this episode is:  0.255
eps_wstart in this episode is:  0.1
using warm-start actions
choosing random
using warm-start actions
choosing ada_greedy
using warm-start actions
choosing ada_greedy
using warm-start actions
choosing ada_greedy
action in this episode is:  [[127, 86, 13], [24, 169, 173], [9, 83, 174], [50, 93, 62]]
present:  [9, 83, 127, 169]
episode total reward is:  19.28
---------------------------------------------------------------
train episode:  10
eps in this episode is:  0.25
eps_wstart in this episode is:  0.1
using warm-start actions
choosing max degree
using warm-start actions
choosing ada_greedy
using warm-start actions
choosing ada_greedy
using warm-start actions
choosing random
action in this episode is:  [[62, 83, 59], [194, 148, 50], [170, 95, 167], [140, 102, 45]]
present:  [59, 83, 167, 170, 194]
episode total reward is:  36.215
secondary loss is:  121.96703338623047
---------------------------------------------------------------
train episode:  11
eps in this episode is:  0.245
eps_wstart in this episode is:  0.1
action in this episode is:  [[183, 62, 201], [83, 191, 59], [93, 82, 2], [50, 24, 156]]
present:  [2, 59, 62, 82, 83, 93, 183, 191, 201]
episode total reward is:  47.122
secondary loss is:  290.63885498046875
---------------------------------------------------------------
train episode:  12
eps in this episode is:  0.24
eps_wstart in this episode is:  0.1
action in this episode is:  [[62, 83, 59], [93, 98, 82], [2, 50, 97], [24, 156, 110]]
present:  [50, 59, 62, 97]
episode total reward is:  13.107
secondary loss is:  116.25239562988281
---------------------------------------------------------------
train episode:  13
eps in this episode is:  0.235
eps_wstart in this episode is:  0.1
choosing random
action in this episode is:  [[62, 148, 83], [117, 59, 142], [194, 194, 98], [93, 82, 2]]
present:  [62, 83, 98, 194]
episode total reward is:  17.12
secondary loss is:  159.41888427734375
---------------------------------------------------------------
train episode:  14
eps in this episode is:  0.22999999999999998
eps_wstart in this episode is:  0.1
choosing ada_greedy
action in this episode is:  [[46, 62, 83], [59, 93, 82], [2, 50, 24], [53, 173, 95]]
present:  [2, 24, 46, 59, 62, 82, 93]
episode total reward is:  41.493
secondary loss is:  160.7062530517578
---------------------------------------------------------------
train episode:  15
eps in this episode is:  0.22499999999999998
eps_wstart in this episode is:  0.1
choosing ada_greedy
action in this episode is:  [[62, 83, 59], [31, 93, 82], [169, 50, 175], [2, 24, 110]]
present:  [50, 59, 83, 93, 169, 175]
episode total reward is:  41.546
secondary loss is:  150.14068603515625
---------------------------------------------------------------
train episode:  16
eps in this episode is:  0.21999999999999997
eps_wstart in this episode is:  0.1
choosing ada_greedy
action in this episode is:  [[62, 83, 59], [24, 16, 174], [93, 82, 40], [2, 50, 156]]
present:  [16, 40, 59, 62, 82, 83, 174]
episode total reward is:  28.035
secondary loss is:  35.68413543701172
---------------------------------------------------------------
train episode:  17
eps in this episode is:  0.21499999999999997
eps_wstart in this episode is:  0.1
action in this episode is:  [[62, 83, 59], [93, 82, 2], [50, 24, 156], [110, 178, 134]]
present:  [2, 24, 50, 59, 62, 83, 156]
episode total reward is:  52.196
secondary loss is:  104.01300811767578
---------------------------------------------------------------
train episode:  18
eps in this episode is:  0.21
eps_wstart in this episode is:  0.1
choosing random
action in this episode is:  [[62, 83, 59], [176, 93, 82], [2, 50, 24], [138, 21, 164]]
present:  [50, 59, 83, 93, 176]
episode total reward is:  28.431
secondary loss is:  49.30534744262695
---------------------------------------------------------------
train episode:  19
eps in this episode is:  0.205
eps_wstart in this episode is:  0.1
choosing random
action in this episode is:  [[62, 83, 59], [52, 156, 158], [93, 122, 82], [2, 50, 24]]
present:  [62, 83, 93, 156]
episode total reward is:  32.193
secondary loss is:  80.54267883300781
---------------------------------------------------------------
train episode:  20
eps in this episode is:  0.19999999999999998
eps_wstart in this episode is:  0.1
choosing max degree
action in this episode is:  [[62, 83, 59], [93, 82, 2], [50, 24, 156], [95, 9, 178]]
present:  [24, 59, 62, 82, 83]
episode total reward is:  40.534
secondary loss is:  24.912364959716797
---------------------------------------------------------------
train episode:  21
eps in this episode is:  0.195
eps_wstart in this episode is:  0.1
action in this episode is:  [[62, 83, 59], [93, 82, 73], [2, 126, 50], [24, 156, 110]]
present:  [50, 59]
episode total reward is:  10.581
secondary loss is:  22.630352020263672
---------------------------------------------------------------
train episode:  22
eps in this episode is:  0.19
eps_wstart in this episode is:  0.1
action in this episode is:  [[62, 109, 83], [59, 93, 50], [82, 2, 24], [156, 110, 178]]
present:  [2, 50, 59, 82, 93, 109]
episode total reward is:  23.889
secondary loss is:  12.25938892364502
---------------------------------------------------------------
train episode:  23
eps in this episode is:  0.185
eps_wstart in this episode is:  0.1
action in this episode is:  [[62, 83, 59], [93, 82, 2], [50, 63, 24], [156, 110, 178]]
present:  [2, 24, 50, 59, 63, 93]
episode total reward is:  34.586
secondary loss is:  8.02935791015625
---------------------------------------------------------------
train episode:  24
eps in this episode is:  0.18
eps_wstart in this episode is:  0.1
action in this episode is:  [[62, 83, 59], [93, 200, 82], [2, 50, 24], [110, 156, 178]]
present:  [2, 24, 50, 82, 83, 93]
episode total reward is:  49.207
secondary loss is:  2.414146661758423
---------------------------------------------------------------
train episode:  25
eps in this episode is:  0.175
eps_wstart in this episode is:  0.1
action in this episode is:  [[62, 83, 59], [93, 82, 2], [77, 50, 24], [156, 110, 178]]
present:  [24, 50, 59, 62, 77, 82, 83, 93]
episode total reward is:  53.55
secondary loss is:  21.10424041748047
---------------------------------------------------------------
train episode:  26
eps in this episode is:  0.16999999999999998
eps_wstart in this episode is:  0.1
action in this episode is:  [[121, 62, 83], [59, 93, 82], [2, 50, 24], [156, 110, 178]]
present:  [2, 24, 50, 62, 82, 83, 121]
episode total reward is:  43.474
secondary loss is:  18.37403106689453
---------------------------------------------------------------
train episode:  27
eps in this episode is:  0.16499999999999998
eps_wstart in this episode is:  0.1
action in this episode is:  [[62, 83, 59], [93, 82, 2], [50, 24, 156], [110, 178, 60]]
present:  [2, 83, 93, 156]
episode total reward is:  18.413
secondary loss is:  13.033143043518066
---------------------------------------------------------------
train episode:  28
eps in this episode is:  0.15999999999999998
eps_wstart in this episode is:  0.1
action in this episode is:  [[123, 62, 83], [10, 59, 93], [82, 2, 50], [19, 24, 156]]
present:  [10, 50, 59, 82, 83, 93, 123]
episode total reward is:  39.97
secondary loss is:  41.244197845458984
---------------------------------------------------------------
train episode:  29
eps in this episode is:  0.155
eps_wstart in this episode is:  0.1
action in this episode is:  [[78, 62, 83], [59, 93, 82], [2, 105, 50], [36, 24, 110]]
present:  [2, 83]
episode total reward is:  4.611
secondary loss is:  24.327861785888672
---------------------------------------------------------------
train episode:  30
eps in this episode is:  0.15
eps_wstart in this episode is:  0.1
action in this episode is:  [[62, 83, 59], [93, 82, 133], [2, 50, 24], [156, 110, 178]]
present:  [50, 59, 62, 83]
episode total reward is:  23.186
secondary loss is:  25.62116241455078
---------------------------------------------------------------
train episode:  31
eps in this episode is:  0.145
eps_wstart in this episode is:  0.1
action in this episode is:  [[155, 62, 83], [59, 93, 82], [2, 50, 24], [156, 110, 178]]
present:  [24, 50, 62, 82, 83, 155]
episode total reward is:  45.554
secondary loss is:  52.328102111816406
---------------------------------------------------------------
train episode:  32
eps in this episode is:  0.13999999999999999
eps_wstart in this episode is:  0.1
action in this episode is:  [[62, 83, 59], [93, 82, 2], [50, 24, 110], [156, 178, 60]]
present:  [2, 24, 50, 110]
episode total reward is:  21.378
secondary loss is:  10.29057502746582
---------------------------------------------------------------
train episode:  33
eps in this episode is:  0.13499999999999998
eps_wstart in this episode is:  0.1
action in this episode is:  [[62, 83, 59], [73, 93, 82], [2, 50, 77], [24, 110, 156]]
present:  [2, 62, 73, 77, 82, 93]
episode total reward is:  28.911
secondary loss is:  25.23056411743164
---------------------------------------------------------------
train episode:  34
eps in this episode is:  0.12999999999999998
eps_wstart in this episode is:  0.1
action in this episode is:  [[62, 83, 196], [59, 93, 82], [2, 50, 24], [156, 110, 178]]
present:  [50, 59, 82, 196]
episode total reward is:  17.268
secondary loss is:  50.12554931640625
---------------------------------------------------------------
train episode:  35
eps in this episode is:  0.12499999999999997
eps_wstart in this episode is:  0.1
choosing max degree
action in this episode is:  [[62, 83, 59], [93, 50, 24], [42, 79, 74], [82, 2, 110]]
present:  [24, 50, 59, 74, 83, 93]
episode total reward is:  38.049
secondary loss is:  20.1702880859375
---------------------------------------------------------------
train episode:  36
eps in this episode is:  0.12
eps_wstart in this episode is:  0.1
action in this episode is:  [[96, 62, 83], [59, 89, 93], [198, 82, 2], [50, 24, 110]]
present:  [2, 59, 82, 89]
episode total reward is:  15.497
secondary loss is:  38.74479293823242
---------------------------------------------------------------
train episode:  37
eps in this episode is:  0.11499999999999999
eps_wstart in this episode is:  0.1
action in this episode is:  [[62, 36, 83], [59, 93, 82], [149, 2, 50], [24, 156, 110]]
present:  [2, 36, 50, 59, 62, 82, 83, 93]
episode total reward is:  48.821
secondary loss is:  38.93585968017578
---------------------------------------------------------------
train episode:  38
eps in this episode is:  0.10999999999999999
eps_wstart in this episode is:  0.1
action in this episode is:  [[62, 83, 59], [93, 82, 2], [50, 24, 110], [156, 178, 60]]
present:  [24, 50, 59, 93, 110]
episode total reward is:  41.475
secondary loss is:  26.16457748413086
---------------------------------------------------------------
train episode:  39
eps in this episode is:  0.10499999999999998
eps_wstart in this episode is:  0.1
action in this episode is:  [[62, 83, 59], [93, 82, 2], [50, 24, 110], [156, 178, 60]]
present:  [2, 50, 59, 83, 110]
episode total reward is:  19.744
secondary loss is:  8.582529067993164
---------------------------------------------------------------
train episode:  40
eps in this episode is:  0.1
eps_wstart in this episode is:  0.1
action in this episode is:  [[62, 83, 59], [93, 82, 2], [50, 23, 86], [24, 110, 156]]
present:  [23, 82]
episode total reward is:  6.674
secondary loss is:  25.972803115844727
---------------------------------------------------------------
train episode:  41
eps in this episode is:  0.1
eps_wstart in this episode is:  0.1
action in this episode is:  [[35, 62, 83], [59, 93, 82], [2, 50, 24], [156, 110, 178]]
present:  [35, 50, 59, 82, 93]
episode total reward is:  36.283
secondary loss is:  17.859142303466797
---------------------------------------------------------------
train episode:  42
eps in this episode is:  0.1
eps_wstart in this episode is:  0.1
choosing ada_greedy
action in this episode is:  [[31, 62, 83], [167, 174, 95], [59, 93, 82], [2, 50, 24]]
present:  [31, 59, 82, 83, 167]
episode total reward is:  38.99
secondary loss is:  23.724491119384766
---------------------------------------------------------------
train episode:  43
eps in this episode is:  0.1
eps_wstart in this episode is:  0.1
action in this episode is:  [[62, 83, 59], [93, 82, 2], [50, 150, 24], [156, 110, 178]]
present:  [2, 24, 59, 62, 82, 150]
episode total reward is:  41.135
secondary loss is:  16.21839714050293
---------------------------------------------------------------
train episode:  44
eps in this episode is:  0.1
eps_wstart in this episode is:  0.1
choosing ada_greedy
action in this episode is:  [[40, 62, 83], [59, 93, 82], [2, 50, 24], [169, 26, 174]]
present:  [2, 24, 40, 50, 62, 82, 83]
episode total reward is:  41.931
secondary loss is:  8.732152938842773
---------------------------------------------------------------
train episode:  45
eps in this episode is:  0.1
eps_wstart in this episode is:  0.1
action in this episode is:  [[62, 83, 59], [93, 82, 2], [50, 24, 110], [156, 178, 154]]
present:  [2, 59, 82, 110]
episode total reward is:  8.809
secondary loss is:  12.654991149902344
---------------------------------------------------------------
train episode:  46
eps in this episode is:  0.1
eps_wstart in this episode is:  0.1
action in this episode is:  [[62, 83, 59], [93, 103, 82], [2, 50, 24], [110, 156, 178]]
present:  [2, 24, 59, 82, 103]
episode total reward is:  25.753
secondary loss is:  13.89394760131836
---------------------------------------------------------------
train episode:  47
eps in this episode is:  0.1
eps_wstart in this episode is:  0.1
choosing ada_greedy
choosing random
action in this episode is:  [[62, 83, 59], [24, 18, 93], [82, 2, 50], [175, 122, 32]]
present:  [2, 18, 24]
episode total reward is:  4.346
secondary loss is:  18.17732810974121
---------------------------------------------------------------
train episode:  48
eps in this episode is:  0.1
eps_wstart in this episode is:  0.1
action in this episode is:  [[62, 83, 59], [93, 82, 2], [50, 24, 110], [156, 178, 60]]
present:  [2, 24, 50, 59, 82, 83, 93, 110]
episode total reward is:  52.1
secondary loss is:  14.899016380310059
---------------------------------------------------------------
train episode:  49
eps in this episode is:  0.1
eps_wstart in this episode is:  0.1
action in this episode is:  [[62, 162, 83], [59, 93, 82], [2, 50, 24], [97, 110, 156]]
present:  [2, 50, 62, 82, 83, 93]
episode total reward is:  45.361
secondary loss is:  13.837671279907227
---------------------------------------------------------------
train episode:  50
eps in this episode is:  0.1
eps_wstart in this episode is:  0.1
action in this episode is:  [[125, 62, 83], [59, 93, 82], [2, 50, 24], [110, 156, 178]]
present:  [24, 50, 59, 62, 82, 93, 125]
episode total reward is:  47.429
secondary loss is:  16.337692260742188
---------------------------------------------------------------
train episode:  51
eps in this episode is:  0.1
eps_wstart in this episode is:  0.1
choosing ada_greedy
action in this episode is:  [[170, 59, 95], [62, 128, 83], [93, 82, 2], [50, 24, 110]]
present:  [2, 83, 95, 170]
episode total reward is:  24.97
secondary loss is:  17.0046329498291
---------------------------------------------------------------
train episode:  52
eps in this episode is:  0.1
eps_wstart in this episode is:  0.1
action in this episode is:  [[62, 83, 59], [93, 82, 2], [50, 24, 110], [156, 178, 60]]
present:  [24, 50, 59, 62]
episode total reward is:  37.476
secondary loss is:  17.089874267578125
---------------------------------------------------------------
train episode:  53
eps in this episode is:  0.1
eps_wstart in this episode is:  0.1
action in this episode is:  [[62, 83, 59], [55, 93, 82], [2, 50, 24], [156, 110, 178]]
present:  [2, 50, 59, 62, 83]
episode total reward is:  26.072
secondary loss is:  26.18553924560547
---------------------------------------------------------------
train episode:  54
eps in this episode is:  0.1
eps_wstart in this episode is:  0.1
action in this episode is:  [[62, 83, 59], [93, 154, 82], [2, 50, 24], [110, 156, 178]]
present:  [2, 24, 83]
episode total reward is:  16.407
secondary loss is:  13.957330703735352
---------------------------------------------------------------
train episode:  55
eps in this episode is:  0.1
eps_wstart in this episode is:  0.1
choosing ada_greedy
action in this episode is:  [[62, 83, 59], [93, 51, 82], [2, 50, 135], [6, 174, 95]]
present:  [2, 51, 62, 82, 83]
episode total reward is:  32.857
secondary loss is:  23.247024536132812
---------------------------------------------------------------
train episode:  56
eps in this episode is:  0.1
eps_wstart in this episode is:  0.1
action in this episode is:  [[62, 83, 59], [93, 82, 39], [2, 50, 24], [110, 156, 1]]
present:  [50, 62, 83, 93]
episode total reward is:  36.368
secondary loss is:  17.46225357055664
---------------------------------------------------------------
train episode:  57
eps in this episode is:  0.1
eps_wstart in this episode is:  0.1
action in this episode is:  [[62, 83, 59], [93, 110, 82], [2, 18, 50], [149, 24, 156]]
present:  [2, 18, 50, 82, 93]
episode total reward is:  20.909
secondary loss is:  22.798559188842773
---------------------------------------------------------------
train episode:  58
eps in this episode is:  0.1
eps_wstart in this episode is:  0.1
action in this episode is:  [[62, 83, 59], [93, 82, 2], [27, 50, 24], [110, 168, 156]]
present:  [2, 24, 27, 59, 62, 82]
episode total reward is:  41.032
secondary loss is:  14.497377395629883
---------------------------------------------------------------
train episode:  59
eps in this episode is:  0.1
eps_wstart in this episode is:  0.1
choosing max degree
choosing ada_greedy
action in this episode is:  [[62, 83, 59], [178, 93, 53], [82, 2, 50], [24, 110, 156]]
present:  [2, 50, 82, 93, 178]
episode total reward is:  40.55
secondary loss is:  13.551919937133789
---------------------------------------------------------------
train episode:  60
eps in this episode is:  0.1
eps_wstart in this episode is:  0.1
choosing ada_greedy
action in this episode is:  [[62, 83, 39], [59, 93, 82], [169, 50, 6], [192, 2, 24]]
present:  [59, 62, 82, 83, 93]
episode total reward is:  42.415
secondary loss is:  20.153446197509766
---------------------------------------------------------------
train episode:  61
eps in this episode is:  0.1
eps_wstart in this episode is:  0.1
action in this episode is:  [[62, 83, 59], [93, 82, 2], [50, 24, 110], [156, 178, 60]]
present:  [2, 24, 59, 83]
episode total reward is:  18.148
secondary loss is:  4.171426773071289
---------------------------------------------------------------
train episode:  62
eps in this episode is:  0.1
eps_wstart in this episode is:  0.1
action in this episode is:  [[62, 83, 59], [93, 72, 82], [2, 50, 24], [156, 110, 178]]
present:  [2, 59, 72, 82, 83, 93]
episode total reward is:  25.345
secondary loss is:  12.555411338806152
---------------------------------------------------------------
train episode:  63
eps in this episode is:  0.1
eps_wstart in this episode is:  0.1
action in this episode is:  [[186, 62, 83], [59, 93, 82], [2, 50, 24], [110, 156, 157]]
present:  [2, 50, 62, 82]
episode total reward is:  23.157
secondary loss is:  27.51439094543457
---------------------------------------------------------------
train episode:  64
eps in this episode is:  0.1
eps_wstart in this episode is:  0.1
action in this episode is:  [[62, 23, 83], [59, 93, 82], [2, 50, 24], [110, 156, 178]]
present:  [2, 23, 24, 50, 62, 82, 83]
episode total reward is:  39.351
secondary loss is:  25.59311294555664
---------------------------------------------------------------
train episode:  65
eps in this episode is:  0.1
eps_wstart in this episode is:  0.1
choosing ada_greedy
action in this episode is:  [[62, 83, 59], [93, 82, 2], [9, 133, 167], [50, 24, 110]]
present:  [2, 59, 62, 93, 133, 167]
episode total reward is:  43.046
secondary loss is:  18.996488571166992
---------------------------------------------------------------
train episode:  66
eps in this episode is:  0.1
eps_wstart in this episode is:  0.1
action in this episode is:  [[62, 83, 59], [93, 82, 27], [2, 50, 24], [110, 156, 178]]
present:  [24, 50, 82, 83]
episode total reward is:  35.095
secondary loss is:  11.586639404296875
---------------------------------------------------------------
train episode:  67
eps in this episode is:  0.1
eps_wstart in this episode is:  0.1
action in this episode is:  [[62, 83, 59], [93, 82, 2], [50, 24, 110], [15, 156, 5]]
present:  [50, 59, 62, 82, 83]
episode total reward is:  43.528
secondary loss is:  12.34811019897461
---------------------------------------------------------------
train episode:  68
eps in this episode is:  0.1
eps_wstart in this episode is:  0.1
choosing max degree
action in this episode is:  [[62, 83, 59], [93, 82, 2], [50, 39, 24], [95, 9, 178]]
present:  [24, 39, 50, 59, 83, 93]
episode total reward is:  40.01
secondary loss is:  10.683242797851562
---------------------------------------------------------------
train episode:  69
eps in this episode is:  0.1
eps_wstart in this episode is:  0.1
choosing ada_greedy
action in this episode is:  [[62, 83, 59], [93, 82, 2], [50, 24, 110], [177, 173, 95]]
present:  [62, 82, 83, 93, 110]
episode total reward is:  30.526
secondary loss is:  10.501985549926758
---------------------------------------------------------------
train episode:  70
eps in this episode is:  0.1
eps_wstart in this episode is:  0.1
action in this episode is:  [[62, 83, 59], [93, 12, 82], [2, 50, 24], [110, 156, 178]]
present:  [24, 50, 82]
episode total reward is:  26.064
secondary loss is:  20.729248046875
---------------------------------------------------------------
train episode:  71
eps in this episode is:  0.1
eps_wstart in this episode is:  0.1
action in this episode is:  [[62, 83, 18], [185, 59, 93], [82, 2, 50], [24, 110, 156]]
present:  [2, 50, 59, 82, 83, 185]
episode total reward is:  32.893
secondary loss is:  18.170372009277344
---------------------------------------------------------------
train episode:  72
eps in this episode is:  0.1
eps_wstart in this episode is:  0.1
action in this episode is:  [[62, 83, 98], [59, 93, 82], [2, 50, 24], [156, 110, 178]]
present:  [2, 59, 82, 83, 93, 98]
episode total reward is:  36.027
secondary loss is:  32.37824249267578
---------------------------------------------------------------
train episode:  73
eps in this episode is:  0.1
eps_wstart in this episode is:  0.1
action in this episode is:  [[62, 83, 59], [93, 82, 2], [50, 24, 110], [156, 178, 60]]
present:  [2, 24, 50, 82, 93]
episode total reward is:  15.692
secondary loss is:  9.693243026733398
---------------------------------------------------------------
train episode:  74
eps in this episode is:  0.1
eps_wstart in this episode is:  0.1
action in this episode is:  [[62, 83, 59], [93, 82, 2], [50, 24, 110], [156, 178, 60]]
present:  [2, 24, 50, 62, 82, 110]
episode total reward is:  47.198
secondary loss is:  6.425392150878906
---------------------------------------------------------------
train episode:  75
eps in this episode is:  0.1
eps_wstart in this episode is:  0.1
action in this episode is:  [[62, 83, 125], [59, 93, 82], [2, 50, 24], [110, 156, 178]]
present:  [2, 24, 50, 62, 82, 125]
episode total reward is:  48.27
secondary loss is:  18.60063362121582
---------------------------------------------------------------
train episode:  76
eps in this episode is:  0.1
eps_wstart in this episode is:  0.1
action in this episode is:  [[62, 83, 59], [93, 82, 2], [50, 75, 24], [110, 156, 178]]
present:  [24, 50, 62, 75, 82]
episode total reward is:  28.182
secondary loss is:  18.18689727783203
---------------------------------------------------------------
train episode:  77
eps in this episode is:  0.1
eps_wstart in this episode is:  0.1
action in this episode is:  [[62, 83, 59], [93, 134, 82], [2, 50, 24], [86, 110, 156]]
present:  [2, 24, 59, 62, 82, 83]
episode total reward is:  42.239
secondary loss is:  13.613089561462402
---------------------------------------------------------------
train episode:  78
eps in this episode is:  0.1
eps_wstart in this episode is:  0.1
action in this episode is:  [[62, 83, 59], [93, 82, 2], [50, 24, 110], [156, 178, 60]]
present:  [2, 50, 62, 82, 83, 93]
episode total reward is:  38.805
secondary loss is:  24.335308074951172
---------------------------------------------------------------
train episode:  79
eps in this episode is:  0.1
eps_wstart in this episode is:  0.1
action in this episode is:  [[62, 83, 59], [93, 82, 2], [50, 24, 110], [156, 178, 60]]
present:  [2, 24, 82, 110]
episode total reward is:  17.915
secondary loss is:  16.430301666259766
---------------------------------------------------------------
train episode:  80
eps in this episode is:  0.1
eps_wstart in this episode is:  0.1
action in this episode is:  [[62, 83, 59], [93, 82, 127], [2, 50, 24], [110, 156, 178]]
present:  [2, 50, 83, 127]
episode total reward is:  20.671
secondary loss is:  2.896169662475586
---------------------------------------------------------------
train episode:  81
eps in this episode is:  0.1
eps_wstart in this episode is:  0.1
action in this episode is:  [[170, 62, 83], [59, 93, 82], [2, 50, 146], [24, 110, 96]]
present:  [50, 62, 82, 83, 93, 146, 170]
episode total reward is:  38.738
secondary loss is:  9.433540344238281
---------------------------------------------------------------
train episode:  82
eps in this episode is:  0.1
eps_wstart in this episode is:  0.1
action in this episode is:  [[62, 83, 59], [93, 200, 82], [2, 50, 24], [110, 156, 178]]
present:  [24, 50, 82, 83, 200]
episode total reward is:  42.485
secondary loss is:  15.004280090332031
---------------------------------------------------------------
train episode:  83
eps in this episode is:  0.1
eps_wstart in this episode is:  0.1
action in this episode is:  [[62, 83, 59], [93, 45, 82], [2, 50, 24], [110, 156, 178]]
present:  [45, 82, 83]
episode total reward is:  11.48
secondary loss is:  5.7943115234375
---------------------------------------------------------------
train episode:  84
eps in this episode is:  0.1
eps_wstart in this episode is:  0.1
action in this episode is:  [[62, 83, 59], [198, 93, 82], [2, 50, 24], [110, 156, 178]]
present:  [62, 93]
episode total reward is:  14.865
secondary loss is:  13.541604042053223
---------------------------------------------------------------
train episode:  85
eps in this episode is:  0.1
eps_wstart in this episode is:  0.1
choosing ada_greedy
choosing max degree
action in this episode is:  [[50, 173, 62], [83, 59, 93], [82, 2, 24], [110, 156, 178]]
present:  [50, 62, 83, 93, 173]
episode total reward is:  39.731
secondary loss is:  6.639768600463867
---------------------------------------------------------------
train episode:  86
eps in this episode is:  0.1
eps_wstart in this episode is:  0.1
action in this episode is:  [[62, 83, 88], [59, 93, 82], [2, 50, 24], [34, 110, 156]]
present:  [62, 83, 93]
episode total reward is:  23.636
secondary loss is:  23.5421199798584
---------------------------------------------------------------
train episode:  87
eps in this episode is:  0.1
eps_wstart in this episode is:  0.1
action in this episode is:  [[62, 83, 59], [93, 82, 2], [50, 24, 110], [156, 178, 60]]
present:  [2, 82, 93, 110]
episode total reward is:  16.598
secondary loss is:  21.423614501953125
---------------------------------------------------------------
train episode:  88
eps in this episode is:  0.1
eps_wstart in this episode is:  0.1
action in this episode is:  [[62, 83, 59], [93, 82, 2], [50, 24, 110], [42, 156, 178]]
present:  [24, 62, 82, 83, 93, 110]
episode total reward is:  42.598
secondary loss is:  11.002903938293457
---------------------------------------------------------------
train episode:  89
eps in this episode is:  0.1
eps_wstart in this episode is:  0.1
action in this episode is:  [[62, 83, 59], [93, 82, 2], [50, 24, 110], [156, 178, 60]]
present:  [24, 50, 62, 82, 93]
episode total reward is:  32.598
secondary loss is:  16.561677932739258
---------------------------------------------------------------
train episode:  90
eps in this episode is:  0.1
eps_wstart in this episode is:  0.1
action in this episode is:  [[62, 83, 59], [93, 82, 2], [50, 24, 110], [26, 156, 178]]
present:  [2, 24, 50, 59, 82, 83, 93]
episode total reward is:  43.865
secondary loss is:  17.51723861694336
---------------------------------------------------------------
train episode:  91
eps in this episode is:  0.1
eps_wstart in this episode is:  0.1
action in this episode is:  [[62, 83, 194], [59, 93, 82], [2, 50, 24], [110, 156, 178]]
present:  [24, 50, 59, 62, 93, 194]
episode total reward is:  46.26
secondary loss is:  6.892666816711426
---------------------------------------------------------------
train episode:  92
eps in this episode is:  0.1
eps_wstart in this episode is:  0.1
choosing random
action in this episode is:  [[62, 83, 59], [93, 82, 2], [50, 70, 24], [71, 109, 187]]
present:  [24, 50, 62, 93]
episode total reward is:  25.556
secondary loss is:  6.994394302368164
---------------------------------------------------------------
train episode:  93
eps in this episode is:  0.1
eps_wstart in this episode is:  0.1
action in this episode is:  [[62, 83, 59], [93, 82, 2], [50, 24, 110], [156, 178, 60]]
present:  [2, 24, 50, 59, 62, 82, 83, 110]
episode total reward is:  59.774
secondary loss is:  19.90468406677246
---------------------------------------------------------------
train episode:  94
eps in this episode is:  0.1
eps_wstart in this episode is:  0.1
choosing random
action in this episode is:  [[62, 83, 59], [166, 197, 15], [93, 82, 2], [50, 7, 24]]
present:  [59, 82, 83, 93]
episode total reward is:  32.677
secondary loss is:  11.066792488098145
---------------------------------------------------------------
train episode:  95
eps in this episode is:  0.1
eps_wstart in this episode is:  0.1
action in this episode is:  [[62, 83, 128], [59, 176, 93], [82, 2, 50], [24, 110, 156]]
present:  [50, 59, 62, 82, 93, 128, 176]
episode total reward is:  40.498
secondary loss is:  14.36638069152832
---------------------------------------------------------------
train episode:  96
eps in this episode is:  0.1
eps_wstart in this episode is:  0.1
action in this episode is:  [[62, 83, 59], [93, 82, 2], [50, 118, 24], [110, 98, 156]]
present:  [2, 24, 59, 62, 82, 83, 93]
episode total reward is:  43.963
secondary loss is:  6.19595193862915
---------------------------------------------------------------
train episode:  97
eps in this episode is:  0.1
eps_wstart in this episode is:  0.1
choosing ada_greedy
action in this episode is:  [[62, 83, 174], [59, 93, 82], [129, 192, 163], [2, 50, 24]]
present:  [62, 129, 163, 174, 192]
episode total reward is:  32.484
secondary loss is:  6.869382858276367
---------------------------------------------------------------
train episode:  98
eps in this episode is:  0.1
eps_wstart in this episode is:  0.1
action in this episode is:  [[62, 83, 59], [93, 82, 2], [50, 24, 110], [156, 178, 60]]
present:  [50, 59, 62, 93]
episode total reward is:  33.355
secondary loss is:  15.311281204223633
---------------------------------------------------------------
train episode:  99
eps in this episode is:  0.1
eps_wstart in this episode is:  0.1
choosing ada_greedy
action in this episode is:  [[62, 83, 59], [93, 82, 2], [169, 170, 174], [50, 14, 24]]
present:  [59, 62, 93, 174]
episode total reward is:  35.22
secondary loss is:  14.068466186523438
runtime for training process is:  2029.0872030258179




testing
---------------------------------------------------------------
test episode:  0
action in this episode is:  [[62, 83, 59], [93, 82, 2], [50, 24, 110], [156, 178, 60]]
episode total reward is:  34.962
---------------------------------------------------------------
test episode:  1
action in this episode is:  [[62, 83, 59], [93, 82, 2], [50, 24, 110], [156, 178, 60]]
episode total reward is:  47.164
---------------------------------------------------------------
test episode:  2
action in this episode is:  [[62, 83, 59], [93, 82, 2], [50, 24, 110], [156, 178, 60]]
episode total reward is:  12.272
---------------------------------------------------------------
test episode:  3
action in this episode is:  [[62, 83, 59], [93, 82, 2], [50, 24, 110], [156, 178, 60]]
episode total reward is:  40.548
---------------------------------------------------------------
test episode:  4
action in this episode is:  [[62, 83, 59], [93, 82, 2], [50, 24, 110], [156, 178, 60]]
episode total reward is:  38.034
---------------------------------------------------------------
test episode:  5
action in this episode is:  [[62, 83, 59], [93, 82, 2], [50, 24, 110], [156, 178, 60]]
episode total reward is:  22.673
---------------------------------------------------------------
test episode:  6
action in this episode is:  [[62, 83, 59], [93, 82, 2], [50, 24, 110], [156, 178, 60]]
episode total reward is:  41.743
---------------------------------------------------------------
test episode:  7
action in this episode is:  [[62, 83, 59], [93, 82, 2], [50, 24, 110], [156, 178, 60]]
episode total reward is:  31.06
---------------------------------------------------------------
test episode:  8
action in this episode is:  [[62, 83, 59], [93, 82, 2], [50, 24, 110], [156, 178, 60]]
episode total reward is:  22.189
---------------------------------------------------------------
test episode:  9
action in this episode is:  [[62, 83, 59], [93, 82, 2], [50, 24, 110], [156, 178, 60]]
episode total reward is:  28.761
---------------------------------------------------------------
test episode:  10
action in this episode is:  [[62, 83, 59], [93, 82, 2], [50, 24, 110], [156, 178, 60]]
episode total reward is:  37.602
---------------------------------------------------------------
test episode:  11
action in this episode is:  [[62, 83, 59], [93, 82, 2], [50, 24, 110], [156, 178, 60]]
episode total reward is:  53.773
---------------------------------------------------------------
test episode:  12
action in this episode is:  [[62, 83, 59], [93, 82, 2], [50, 24, 110], [156, 178, 60]]
episode total reward is:  36.862
---------------------------------------------------------------
test episode:  13
action in this episode is:  [[62, 83, 59], [93, 82, 2], [50, 24, 110], [156, 178, 60]]
episode total reward is:  37.173
---------------------------------------------------------------
test episode:  14
action in this episode is:  [[62, 83, 59], [93, 82, 2], [50, 24, 110], [156, 178, 60]]
episode total reward is:  52.078
---------------------------------------------------------------
test episode:  15
action in this episode is:  [[62, 83, 59], [93, 82, 2], [50, 24, 110], [156, 178, 60]]
episode total reward is:  3.124
---------------------------------------------------------------
test episode:  16
action in this episode is:  [[62, 83, 59], [93, 82, 2], [50, 24, 110], [156, 178, 60]]
episode total reward is:  43.58
---------------------------------------------------------------
test episode:  17
action in this episode is:  [[62, 83, 59], [93, 82, 2], [50, 24, 110], [156, 178, 60]]
episode total reward is:  30.951
---------------------------------------------------------------
test episode:  18
action in this episode is:  [[62, 83, 59], [93, 82, 2], [50, 24, 110], [156, 178, 60]]
episode total reward is:  51.127
---------------------------------------------------------------
test episode:  19
action in this episode is:  [[62, 83, 59], [93, 82, 2], [50, 24, 110], [156, 178, 60]]
episode total reward is:  42.391
---------------------------------------------------------------
test episode:  20
action in this episode is:  [[62, 83, 59], [93, 82, 2], [50, 24, 110], [156, 178, 60]]
episode total reward is:  10.74
---------------------------------------------------------------
test episode:  21
action in this episode is:  [[62, 83, 59], [93, 82, 2], [50, 24, 110], [156, 178, 60]]
episode total reward is:  56.337
---------------------------------------------------------------
test episode:  22
action in this episode is:  [[62, 83, 59], [93, 82, 2], [50, 24, 110], [156, 178, 60]]
episode total reward is:  49.305
---------------------------------------------------------------
test episode:  23
action in this episode is:  [[62, 83, 59], [93, 82, 2], [50, 24, 110], [156, 178, 60]]
episode total reward is:  43.396
---------------------------------------------------------------
test episode:  24
action in this episode is:  [[62, 83, 59], [93, 82, 2], [50, 24, 110], [156, 178, 60]]
episode total reward is:  22.262
---------------------------------------------------------------
test episode:  25
action in this episode is:  [[62, 83, 59], [93, 82, 2], [50, 24, 110], [156, 178, 60]]
episode total reward is:  23.482
---------------------------------------------------------------
test episode:  26
action in this episode is:  [[62, 83, 59], [93, 82, 2], [50, 24, 110], [156, 178, 60]]
episode total reward is:  34.943
---------------------------------------------------------------
test episode:  27
action in this episode is:  [[62, 83, 59], [93, 82, 2], [50, 24, 110], [156, 178, 60]]
episode total reward is:  47.341
---------------------------------------------------------------
test episode:  28
action in this episode is:  [[62, 83, 59], [93, 82, 2], [50, 24, 110], [156, 178, 60]]
episode total reward is:  2.384
---------------------------------------------------------------
test episode:  29
action in this episode is:  [[62, 83, 59], [93, 82, 2], [50, 24, 110], [156, 178, 60]]
episode total reward is:  46.4
---------------------------------------------------------------
test episode:  30
action in this episode is:  [[62, 83, 59], [93, 82, 2], [50, 24, 110], [156, 178, 60]]
episode total reward is:  50.616
---------------------------------------------------------------
test episode:  31
action in this episode is:  [[62, 83, 59], [93, 82, 2], [50, 24, 110], [156, 178, 60]]
episode total reward is:  8.239
---------------------------------------------------------------
test episode:  32
action in this episode is:  [[62, 83, 59], [93, 82, 2], [50, 24, 110], [156, 178, 60]]
episode total reward is:  14.078
---------------------------------------------------------------
test episode:  33
action in this episode is:  [[62, 83, 59], [93, 82, 2], [50, 24, 110], [156, 178, 60]]
episode total reward is:  22.906
---------------------------------------------------------------
test episode:  34
action in this episode is:  [[62, 83, 59], [93, 82, 2], [50, 24, 110], [156, 178, 60]]
episode total reward is:  41.699
---------------------------------------------------------------
test episode:  35
action in this episode is:  [[62, 83, 59], [93, 82, 2], [50, 24, 110], [156, 178, 60]]
episode total reward is:  58.355
---------------------------------------------------------------
test episode:  36
action in this episode is:  [[62, 83, 59], [93, 82, 2], [50, 24, 110], [156, 178, 60]]
episode total reward is:  45.035
---------------------------------------------------------------
test episode:  37
action in this episode is:  [[62, 83, 59], [93, 82, 2], [50, 24, 110], [156, 178, 60]]
episode total reward is:  54.579
---------------------------------------------------------------
test episode:  38
action in this episode is:  [[62, 83, 59], [93, 82, 2], [50, 24, 110], [156, 178, 60]]
episode total reward is:  4.577
---------------------------------------------------------------
test episode:  39
action in this episode is:  [[62, 83, 59], [93, 82, 2], [50, 24, 110], [156, 178, 60]]
episode total reward is:  28.006
---------------------------------------------------------------
test episode:  40
action in this episode is:  [[62, 83, 59], [93, 82, 2], [50, 24, 110], [156, 178, 60]]
episode total reward is:  26.777
---------------------------------------------------------------
test episode:  41
action in this episode is:  [[62, 83, 59], [93, 82, 2], [50, 24, 110], [156, 178, 60]]
episode total reward is:  40.505
---------------------------------------------------------------
test episode:  42
action in this episode is:  [[62, 83, 59], [93, 82, 2], [50, 24, 110], [156, 178, 60]]
episode total reward is:  2.307
---------------------------------------------------------------
test episode:  43
action in this episode is:  [[62, 83, 59], [93, 82, 2], [50, 24, 110], [156, 178, 60]]
episode total reward is:  39.203
---------------------------------------------------------------
test episode:  44
action in this episode is:  [[62, 83, 59], [93, 82, 2], [50, 24, 110], [156, 178, 60]]
episode total reward is:  9.869
---------------------------------------------------------------
test episode:  45
action in this episode is:  [[62, 83, 59], [93, 82, 2], [50, 24, 110], [156, 178, 60]]
episode total reward is:  25.625
---------------------------------------------------------------
test episode:  46
action in this episode is:  [[62, 83, 59], [93, 82, 2], [50, 24, 110], [156, 178, 60]]
episode total reward is:  32.929
---------------------------------------------------------------
test episode:  47
action in this episode is:  [[62, 83, 59], [93, 82, 2], [50, 24, 110], [156, 178, 60]]
episode total reward is:  51.625
---------------------------------------------------------------
test episode:  48
action in this episode is:  [[62, 83, 59], [93, 82, 2], [50, 24, 110], [156, 178, 60]]
episode total reward is:  50.049
---------------------------------------------------------------
test episode:  49
action in this episode is:  [[62, 83, 59], [93, 82, 2], [50, 24, 110], [156, 178, 60]]
episode total reward is:  32.426
average reward: 33.681239999999995
reward std: 15.545948052865736
