chosen graph:  Exhibition
#nodes:  410
#edges:  2765
cascade model is:  DIC
device is:  cuda
---------------------------------------------------------------
train episode:  0
eps in this episode is:  0.3
eps_wstart in this episode is:  0.295
using warm-start actions
choosing max degree
using warm-start actions
choosing random
using warm-start actions
choosing random
using warm-start actions
choosing ada_greedy
action in this episode is:  [[5, 237, 200, 252, 133, 205], [284, 197, 218, 331, 25, 188], [88, 32, 372, 397, 315, 379], [96, 121, 4, 139, 273, 281]]
present:  [5, 25, 32, 88, 133, 188, 197, 200, 205, 218, 237, 252, 284, 315, 331, 372, 379, 397]
episode total reward is:  103.959
---------------------------------------------------------------
train episode:  1
eps in this episode is:  0.295
eps_wstart in this episode is:  0.29
using warm-start actions
choosing ada_greedy
using warm-start actions
choosing ada_greedy
using warm-start actions
choosing ada_greedy
using warm-start actions
choosing ada_greedy
action in this episode is:  [[205, 110, 182, 214, 278, 252], [218, 141, 238, 241, 273, 282], [301, 274, 115, 308, 311, 254], [260, 5, 265, 105, 272, 183]]
present:  [110, 115, 141, 182, 205, 214, 218, 238, 241, 252, 254, 273, 274, 278, 282, 301, 308, 311]
episode total reward is:  95.104
---------------------------------------------------------------
train episode:  2
eps in this episode is:  0.29
eps_wstart in this episode is:  0.285
using warm-start actions
choosing max degree
using warm-start actions
choosing random
using warm-start actions
choosing random
using warm-start actions
choosing ada_greedy
action in this episode is:  [[5, 237, 200, 252, 133, 205], [40, 62, 284, 183, 88, 396], [342, 116, 404, 361, 152, 298], [4, 69, 166, 272, 274, 123]]
present:  [5, 40, 62, 88, 116, 133, 152, 183, 200, 205, 237, 252, 284, 298, 342, 361, 396, 404]
episode total reward is:  117.35
---------------------------------------------------------------
train episode:  3
eps in this episode is:  0.285
eps_wstart in this episode is:  0.27999999999999997
using warm-start actions
choosing ada_greedy
using warm-start actions
choosing max degree
using warm-start actions
choosing random
using warm-start actions
choosing ada_greedy
action in this episode is:  [[96, 228, 239, 304, 305, 242], [5, 237, 200, 252, 133, 205], [186, 361, 256, 224, 394, 111], [65, 238, 113, 274, 179, 282]]
present:  [5, 96, 111, 133, 186, 200, 205, 224, 228, 237, 239, 242, 252, 256, 304, 305, 361, 394]
episode total reward is:  100.698
---------------------------------------------------------------
train episode:  4
eps in this episode is:  0.27999999999999997
eps_wstart in this episode is:  0.27499999999999997
using warm-start actions
choosing ada_greedy
using warm-start actions
choosing max degree
using warm-start actions
choosing random
using warm-start actions
choosing ada_greedy
action in this episode is:  [[258, 98, 262, 365, 48, 121], [5, 237, 200, 252, 133, 205], [388, 275, 1, 132, 96, 394], [260, 70, 232, 115, 88, 282]]
present:  [1, 5, 48, 96, 98, 121, 132, 133, 200, 205, 237, 252, 258, 262, 275, 365, 388, 394]
episode total reward is:  104.605
---------------------------------------------------------------
train episode:  5
eps in this episode is:  0.27499999999999997
eps_wstart in this episode is:  0.26999999999999996
using warm-start actions
choosing random
using warm-start actions
choosing random
using warm-start actions
choosing ada_greedy
using warm-start actions
choosing ada_greedy
action in this episode is:  [[33, 366, 212, 381, 292, 175], [356, 276, 112, 284, 136, 21], [266, 238, 209, 306, 282, 252], [204, 304, 18, 180, 217, 91]]
present:  [21, 33, 112, 136, 175, 209, 212, 238, 252, 266, 276, 282, 284, 292, 306, 356, 366, 381]
episode total reward is:  94.159
---------------------------------------------------------------
train episode:  6
eps in this episode is:  0.27
eps_wstart in this episode is:  0.26499999999999996
using warm-start actions
choosing ada_greedy
using warm-start actions
choosing ada_greedy
using warm-start actions
choosing max degree
using warm-start actions
choosing ada_greedy
action in this episode is:  [[234, 108, 272, 144, 218, 159], [259, 135, 200, 233, 141, 273], [5, 237, 252, 133, 205, 4], [65, 232, 137, 10, 282, 158]]
present:  [4, 5, 108, 133, 135, 141, 144, 159, 200, 205, 218, 233, 234, 237, 252, 259, 272, 273]
episode total reward is:  115.826
---------------------------------------------------------------
train episode:  7
eps in this episode is:  0.265
eps_wstart in this episode is:  0.25999999999999995
using warm-start actions
choosing ada_greedy
using warm-start actions
choosing max degree
using warm-start actions
choosing ada_greedy
using warm-start actions
choosing max degree
action in this episode is:  [[105, 234, 282, 173, 88, 186], [5, 237, 200, 252, 133, 205], [256, 257, 102, 301, 124, 159], [4, 135, 273, 141, 179, 298]]
present:  [5, 88, 102, 105, 124, 133, 159, 173, 186, 200, 205, 234, 237, 252, 256, 257, 282, 301]
episode total reward is:  111.976
---------------------------------------------------------------
train episode:  8
eps in this episode is:  0.26
eps_wstart in this episode is:  0.25499999999999995
using warm-start actions
choosing max degree
using warm-start actions
choosing ada_greedy
using warm-start actions
choosing ada_greedy
using warm-start actions
choosing max degree
action in this episode is:  [[5, 237, 200, 252, 133, 205], [68, 103, 263, 274, 308, 90], [102, 273, 242, 82, 212, 155], [234, 4, 135, 141, 179, 282]]
present:  [5, 68, 82, 90, 102, 103, 133, 155, 200, 205, 212, 237, 242, 252, 263, 273, 274, 308]
episode total reward is:  114.049
---------------------------------------------------------------
train episode:  9
eps in this episode is:  0.255
eps_wstart in this episode is:  0.24999999999999994
using warm-start actions
choosing max degree
using warm-start actions
choosing ada_greedy
using warm-start actions
choosing random
using warm-start actions
choosing ada_greedy
action in this episode is:  [[5, 237, 200, 252, 133, 205], [135, 298, 365, 273, 113, 282], [379, 182, 391, 279, 46, 344], [104, 301, 304, 343, 121, 187]]
present:  [5, 46, 113, 133, 135, 182, 200, 205, 237, 252, 273, 279, 282, 298, 344, 365, 379, 391]
episode total reward is:  102.379
---------------------------------------------------------------
train episode:  10
eps in this episode is:  0.25
eps_wstart in this episode is:  0.24499999999999994
using warm-start actions
choosing max degree
using warm-start actions
choosing max degree
using warm-start actions
choosing ada_greedy
using warm-start actions
choosing ada_greedy
action in this episode is:  [[5, 237, 200, 252, 133, 205], [234, 4, 135, 273, 141, 179], [257, 68, 272, 242, 254, 158], [203, 268, 17, 83, 54, 25]]
present:  [4, 5, 68, 133, 135, 141, 158, 179, 200, 205, 234, 237, 242, 252, 254, 257, 272, 273]
episode total reward is:  120.259
secondary loss is:  782.484375
---------------------------------------------------------------
train episode:  11
eps in this episode is:  0.245
eps_wstart in this episode is:  0.23999999999999994
action in this episode is:  [[336, 369, 126, 5, 87, 200], [382, 237, 303, 388, 180, 4], [124, 158, 107, 54, 116, 327], [100, 79, 195, 108, 59, 271]]
present:  [4, 5, 54, 87, 107, 116, 124, 126, 158, 180, 200, 237, 303, 327, 336, 369, 382, 388]
episode total reward is:  76.811
secondary loss is:  748.768798828125
---------------------------------------------------------------
train episode:  12
eps in this episode is:  0.24
eps_wstart in this episode is:  0.23499999999999993
action in this episode is:  [[5, 400, 126, 369, 94, 87], [377, 237, 200, 382, 315, 4], [177, 388, 303, 158, 65, 107], [54, 327, 48, 108, 273, 116]]
present:  [4, 5, 65, 87, 94, 107, 126, 158, 177, 200, 237, 303, 315, 369, 377, 382, 388, 400]
episode total reward is:  91.584
secondary loss is:  588.4243774414062
---------------------------------------------------------------
train episode:  13
eps in this episode is:  0.235
eps_wstart in this episode is:  0.22999999999999993
choosing max degree
choosing ada_greedy
action in this episode is:  [[5, 237, 200, 252, 133, 205], [234, 139, 301, 110, 241, 159], [369, 126, 87, 382, 4, 388], [303, 158, 327, 54, 107, 335]]
present:  [4, 5, 87, 110, 126, 133, 139, 159, 200, 205, 234, 237, 241, 252, 301, 369, 382, 388]
episode total reward is:  123.859
secondary loss is:  209.19668579101562
---------------------------------------------------------------
train episode:  14
eps in this episode is:  0.22999999999999998
eps_wstart in this episode is:  0.22499999999999992
choosing random
action in this episode is:  [[5, 293, 369, 237, 126, 87], [200, 382, 254, 4, 388, 108], [386, 362, 404, 40, 204, 99], [327, 54, 112, 158, 107, 303]]
present:  [4, 5, 40, 87, 99, 108, 126, 200, 204, 237, 254, 293, 362, 369, 382, 386, 388, 404]
episode total reward is:  86.088
secondary loss is:  386.4071044921875
---------------------------------------------------------------
train episode:  15
eps in this episode is:  0.22499999999999998
eps_wstart in this episode is:  0.21999999999999992
action in this episode is:  [[5, 120, 237, 369, 126, 87], [200, 4, 382, 388, 327, 3], [108, 133, 67, 54, 107, 321], [158, 252, 55, 277, 303, 17]]
present:  [3, 4, 5, 54, 67, 87, 107, 108, 120, 126, 133, 200, 237, 321, 327, 369, 382, 388]
episode total reward is:  105.331
secondary loss is:  238.50350952148438
---------------------------------------------------------------
train episode:  16
eps in this episode is:  0.21999999999999997
eps_wstart in this episode is:  0.2149999999999999
action in this episode is:  [[5, 237, 369, 126, 29, 87], [208, 261, 200, 4, 382, 388], [327, 108, 54, 252, 337, 107], [158, 55, 17, 15, 303, 193]]
present:  [4, 5, 29, 54, 87, 107, 108, 126, 200, 208, 237, 252, 261, 327, 337, 369, 382, 388]
episode total reward is:  90.788
secondary loss is:  212.591796875
---------------------------------------------------------------
train episode:  17
eps in this episode is:  0.21499999999999997
eps_wstart in this episode is:  0.2099999999999999
choosing ada_greedy
action in this episode is:  [[100, 262, 200, 233, 274, 278], [5, 237, 369, 126, 352, 87], [4, 382, 388, 327, 108, 215], [252, 54, 157, 107, 17, 356]]
present:  [4, 5, 87, 100, 108, 126, 200, 215, 233, 237, 262, 274, 278, 327, 352, 369, 382, 388]
episode total reward is:  102.668
secondary loss is:  190.964599609375
---------------------------------------------------------------
train episode:  18
eps in this episode is:  0.21
eps_wstart in this episode is:  0.2049999999999999
choosing random
action in this episode is:  [[318, 5, 237, 369, 126, 200], [50, 271, 122, 290, 249, 176], [307, 4, 87, 203, 382, 388], [173, 314, 108, 327, 187, 252]]
present:  [4, 5, 50, 87, 122, 126, 176, 200, 203, 237, 249, 271, 290, 307, 318, 369, 382, 388]
episode total reward is:  95.416
secondary loss is:  138.71994018554688
---------------------------------------------------------------
train episode:  19
eps in this episode is:  0.205
eps_wstart in this episode is:  0.1999999999999999
choosing ada_greedy
action in this episode is:  [[5, 237, 369, 126, 200, 4], [87, 382, 388, 342, 108, 327], [272, 306, 115, 308, 152, 282], [252, 17, 54, 55, 107, 337]]
present:  [4, 5, 87, 108, 115, 126, 152, 200, 237, 272, 282, 306, 308, 327, 342, 369, 382, 388]
episode total reward is:  104.096
secondary loss is:  120.59552764892578
---------------------------------------------------------------
train episode:  20
eps in this episode is:  0.19999999999999998
eps_wstart in this episode is:  0.1949999999999999
action in this episode is:  [[5, 237, 369, 126, 200, 4], [87, 382, 388, 108, 159, 252], [327, 17, 54, 55, 107, 280], [337, 158, 193, 15, 41, 58]]
present:  [4, 5, 17, 54, 55, 87, 107, 108, 126, 159, 200, 237, 252, 280, 327, 369, 382, 388]
episode total reward is:  95.182
secondary loss is:  42.775882720947266
---------------------------------------------------------------
train episode:  21
eps in this episode is:  0.195
eps_wstart in this episode is:  0.1899999999999999
action in this episode is:  [[5, 237, 206, 369, 200, 4], [126, 93, 87, 382, 388, 327], [108, 225, 252, 17, 54, 55], [107, 304, 337, 15, 193, 133]]
present:  [4, 5, 17, 54, 55, 87, 93, 108, 126, 200, 206, 225, 237, 252, 327, 369, 382, 388]
episode total reward is:  108.742
secondary loss is:  50.14841842651367
---------------------------------------------------------------
train episode:  22
eps in this episode is:  0.19
eps_wstart in this episode is:  0.1849999999999999
choosing random
action in this episode is:  [[135, 192, 81, 143, 221, 289], [254, 5, 356, 17, 237, 369], [26, 200, 4, 228, 126, 87], [382, 388, 181, 108, 252, 327]]
present:  [4, 5, 17, 26, 81, 87, 126, 135, 143, 192, 200, 221, 228, 237, 254, 289, 356, 369]
episode total reward is:  96.998
secondary loss is:  33.910400390625
---------------------------------------------------------------
train episode:  23
eps in this episode is:  0.185
eps_wstart in this episode is:  0.17999999999999988
choosing random
action in this episode is:  [[5, 237, 7, 369, 200, 4], [126, 87, 2, 382, 388, 108], [252, 327, 17, 250, 54, 55], [168, 389, 353, 283, 339, 292]]
present:  [2, 4, 5, 7, 17, 54, 55, 87, 108, 126, 200, 237, 250, 252, 327, 369, 382, 388]
episode total reward is:  76.604
secondary loss is:  29.394107818603516
---------------------------------------------------------------
train episode:  24
eps in this episode is:  0.18
eps_wstart in this episode is:  0.17499999999999988
action in this episode is:  [[326, 5, 237, 364, 369, 134], [200, 4, 126, 87, 382, 388], [108, 252, 327, 17, 54, 367], [248, 242, 295, 55, 337, 107]]
present:  [4, 5, 17, 54, 87, 108, 126, 134, 200, 237, 252, 326, 327, 364, 367, 369, 382, 388]
episode total reward is:  101.046
secondary loss is:  12.740816116333008
---------------------------------------------------------------
train episode:  25
eps in this episode is:  0.175
eps_wstart in this episode is:  0.16999999999999987
choosing max degree
action in this episode is:  [[5, 237, 369, 4, 200, 10], [126, 87, 382, 388, 108, 252], [297, 327, 17, 54, 55, 337], [133, 205, 234, 135, 273, 141]]
present:  [4, 5, 10, 17, 54, 55, 87, 108, 126, 200, 237, 252, 297, 327, 337, 369, 382, 388]
episode total reward is:  122.99
secondary loss is:  6.655754566192627
---------------------------------------------------------------
train episode:  26
eps in this episode is:  0.16999999999999998
eps_wstart in this episode is:  0.16499999999999987
action in this episode is:  [[5, 237, 369, 200, 4, 129], [126, 87, 203, 382, 388, 252], [108, 327, 17, 55, 337, 101], [54, 193, 107, 41, 133, 135]]
present:  [4, 5, 17, 55, 87, 101, 108, 126, 129, 200, 203, 237, 252, 327, 337, 369, 382, 388]
episode total reward is:  107.379
secondary loss is:  6.090494155883789
---------------------------------------------------------------
train episode:  27
eps in this episode is:  0.16499999999999998
eps_wstart in this episode is:  0.15999999999999986
choosing ada_greedy
action in this episode is:  [[224, 299, 306, 307, 311, 252], [5, 237, 369, 26, 4, 200], [17, 126, 87, 382, 182, 388], [108, 327, 55, 337, 54, 193]]
present:  [4, 5, 17, 26, 87, 126, 182, 200, 224, 237, 252, 299, 306, 307, 311, 369, 382, 388]
episode total reward is:  96.706
secondary loss is:  9.298864364624023
---------------------------------------------------------------
train episode:  28
eps in this episode is:  0.15999999999999998
eps_wstart in this episode is:  0.15499999999999986
choosing ada_greedy
action in this episode is:  [[5, 237, 369, 4, 200, 126], [224, 298, 273, 83, 243, 125], [87, 382, 388, 378, 108, 252], [17, 327, 55, 54, 337, 107]]
present:  [4, 5, 83, 87, 108, 125, 126, 200, 224, 237, 243, 252, 273, 298, 369, 378, 382, 388]
episode total reward is:  112.042
secondary loss is:  6.519006252288818
---------------------------------------------------------------
train episode:  29
eps in this episode is:  0.155
eps_wstart in this episode is:  0.14999999999999986
action in this episode is:  [[5, 237, 86, 369, 4, 285], [200, 166, 126, 87, 382, 388], [174, 252, 108, 327, 91, 17], [54, 337, 394, 55, 193, 41]]
present:  [4, 5, 17, 86, 87, 91, 108, 126, 166, 174, 200, 237, 252, 285, 327, 369, 382, 388]
episode total reward is:  90.184
secondary loss is:  4.552134037017822
---------------------------------------------------------------
train episode:  30
eps in this episode is:  0.15
eps_wstart in this episode is:  0.14499999999999985
action in this episode is:  [[5, 237, 393, 369, 4, 62], [200, 126, 87, 235, 382, 388], [252, 271, 108, 327, 17, 55], [337, 54, 133, 193, 41, 107]]
present:  [4, 5, 17, 55, 62, 87, 108, 126, 200, 235, 237, 252, 271, 327, 369, 382, 388, 393]
episode total reward is:  96.661
secondary loss is:  4.806092262268066
---------------------------------------------------------------
train episode:  31
eps in this episode is:  0.145
eps_wstart in this episode is:  0.13999999999999985
action in this episode is:  [[5, 237, 61, 369, 4, 200], [126, 87, 382, 388, 252, 108], [327, 98, 17, 337, 286, 54], [55, 193, 41, 133, 152, 107]]
present:  [4, 5, 17, 54, 61, 87, 98, 108, 126, 200, 237, 252, 286, 327, 337, 369, 382, 388]
episode total reward is:  105.247
secondary loss is:  13.342802047729492
---------------------------------------------------------------
train episode:  32
eps in this episode is:  0.13999999999999999
eps_wstart in this episode is:  0.13499999999999984
choosing max degree
action in this episode is:  [[5, 237, 200, 252, 133, 205], [360, 320, 369, 4, 241, 126], [87, 382, 388, 17, 108, 327], [55, 337, 54, 193, 41, 107]]
present:  [4, 5, 17, 87, 108, 126, 133, 200, 205, 237, 241, 252, 320, 327, 360, 369, 382, 388]
episode total reward is:  110.402
secondary loss is:  18.56700897216797
---------------------------------------------------------------
train episode:  33
eps in this episode is:  0.13499999999999998
eps_wstart in this episode is:  0.12999999999999984
action in this episode is:  [[5, 237, 369, 4, 200, 126], [87, 382, 35, 177, 388, 252], [108, 17, 327, 55, 337, 54], [118, 133, 193, 41, 107, 205]]
present:  [4, 5, 17, 35, 54, 55, 87, 108, 126, 177, 200, 237, 252, 327, 337, 369, 382, 388]
episode total reward is:  108.734
secondary loss is:  22.591590881347656
---------------------------------------------------------------
train episode:  34
eps in this episode is:  0.12999999999999998
eps_wstart in this episode is:  0.12499999999999983
action in this episode is:  [[5, 237, 369, 4, 219, 200], [126, 87, 293, 382, 388, 252], [17, 108, 327, 337, 55, 361], [54, 41, 193, 133, 86, 15]]
present:  [4, 5, 17, 55, 87, 108, 126, 200, 219, 237, 252, 293, 327, 337, 361, 369, 382, 388]
episode total reward is:  87.017
secondary loss is:  31.04268455505371
---------------------------------------------------------------
train episode:  35
eps in this episode is:  0.12499999999999997
eps_wstart in this episode is:  0.11999999999999983
choosing ada_greedy
action in this episode is:  [[220, 5, 237, 369, 4, 200], [96, 218, 301, 273, 241, 282], [126, 87, 382, 388, 252, 132], [17, 108, 327, 337, 55, 54]]
present:  [4, 5, 87, 96, 126, 132, 200, 218, 220, 237, 241, 252, 273, 282, 301, 369, 382, 388]
episode total reward is:  104.589
secondary loss is:  13.666542053222656
---------------------------------------------------------------
train episode:  36
eps in this episode is:  0.12
eps_wstart in this episode is:  0.11499999999999982
action in this episode is:  [[5, 32, 94, 176, 237, 369], [4, 145, 200, 126, 87, 382], [325, 388, 252, 108, 17, 7], [327, 346, 337, 55, 54, 193]]
present:  [4, 5, 7, 17, 32, 87, 94, 108, 126, 145, 176, 200, 237, 252, 325, 369, 382, 388]
episode total reward is:  83.335
secondary loss is:  30.628551483154297
---------------------------------------------------------------
train episode:  37
eps in this episode is:  0.11499999999999999
eps_wstart in this episode is:  0.10999999999999982
action in this episode is:  [[5, 237, 369, 4, 200, 126], [87, 382, 388, 182, 115, 252], [17, 108, 316, 264, 327, 337], [54, 55, 41, 193, 133, 288]]
present:  [4, 5, 17, 87, 108, 115, 126, 182, 200, 237, 252, 264, 316, 327, 337, 369, 382, 388]
episode total reward is:  110.304
secondary loss is:  15.697065353393555
---------------------------------------------------------------
train episode:  38
eps in this episode is:  0.10999999999999999
eps_wstart in this episode is:  0.10499999999999982
action in this episode is:  [[5, 237, 369, 4, 200, 126], [188, 87, 382, 388, 252, 17], [327, 108, 55, 337, 54, 146], [317, 193, 41, 133, 107, 135]]
present:  [4, 5, 17, 54, 55, 87, 108, 126, 146, 188, 200, 237, 252, 327, 337, 369, 382, 388]
episode total reward is:  103.8
secondary loss is:  29.61760711669922
---------------------------------------------------------------
train episode:  39
eps in this episode is:  0.10499999999999998
eps_wstart in this episode is:  0.09999999999999981
choosing random
action in this episode is:  [[377, 250, 52, 236, 212, 380], [5, 237, 369, 4, 200, 126], [87, 382, 388, 252, 17, 108], [327, 337, 55, 54, 133, 193]]
present:  [4, 5, 17, 52, 87, 108, 126, 200, 212, 236, 237, 250, 252, 369, 377, 380, 382, 388]
episode total reward is:  98.52
secondary loss is:  26.351600646972656
---------------------------------------------------------------
train episode:  40
eps in this episode is:  0.1
eps_wstart in this episode is:  0.0949999999999998
action in this episode is:  [[5, 237, 369, 384, 182, 4], [200, 126, 87, 382, 388, 171], [252, 17, 108, 327, 337, 54], [55, 193, 41, 133, 107, 205]]
present:  [4, 5, 17, 54, 87, 108, 126, 171, 182, 200, 237, 252, 327, 337, 369, 382, 384, 388]
episode total reward is:  107.213
secondary loss is:  30.78534698486328
---------------------------------------------------------------
train episode:  41
eps in this episode is:  0.1
eps_wstart in this episode is:  0.0899999999999998
action in this episode is:  [[5, 237, 369, 4, 200, 126], [87, 382, 252, 388, 17, 108], [327, 337, 373, 54, 97, 55], [193, 41, 107, 133, 292, 205]]
present:  [4, 5, 17, 54, 55, 87, 97, 108, 126, 200, 237, 252, 327, 337, 369, 373, 382, 388]
episode total reward is:  108.568
secondary loss is:  43.05447006225586
---------------------------------------------------------------
train episode:  42
eps in this episode is:  0.1
eps_wstart in this episode is:  0.0849999999999998
choosing ada_greedy
action in this episode is:  [[5, 237, 369, 4, 200, 126], [262, 264, 298, 269, 305, 274], [87, 382, 388, 252, 108, 17], [327, 284, 337, 54, 341, 55]]
present:  [4, 5, 17, 87, 108, 126, 200, 237, 252, 262, 264, 269, 274, 298, 305, 369, 382, 388]
episode total reward is:  74.616
secondary loss is:  19.54056167602539
---------------------------------------------------------------
train episode:  43
eps in this episode is:  0.1
eps_wstart in this episode is:  0.0799999999999998
choosing ada_greedy
choosing ada_greedy
choosing random
action in this episode is:  [[233, 241, 306, 305, 212, 252], [5, 237, 369, 4, 200, 126], [99, 259, 114, 308, 250, 155], [351, 324, 81, 7, 111, 283]]
present:  [4, 5, 99, 114, 126, 155, 200, 212, 233, 237, 241, 250, 252, 259, 305, 306, 308, 369]
episode total reward is:  107.104
secondary loss is:  31.992874145507812
---------------------------------------------------------------
train episode:  44
eps in this episode is:  0.1
eps_wstart in this episode is:  0.07499999999999979
choosing random
action in this episode is:  [[5, 237, 268, 369, 4, 200], [126, 87, 382, 264, 388, 252], [108, 17, 327, 337, 55, 54], [201, 93, 118, 141, 124, 377]]
present:  [4, 5, 17, 54, 55, 87, 108, 126, 200, 237, 252, 264, 268, 327, 337, 369, 382, 388]
episode total reward is:  100.413
secondary loss is:  18.006549835205078
---------------------------------------------------------------
train episode:  45
eps in this episode is:  0.1
eps_wstart in this episode is:  0.06999999999999978
action in this episode is:  [[90, 5, 237, 369, 4, 200], [126, 87, 382, 388, 327, 252], [108, 17, 337, 55, 54, 193], [41, 107, 133, 159, 15, 77]]
present:  [4, 5, 17, 54, 55, 87, 90, 108, 126, 193, 200, 237, 252, 327, 337, 369, 382, 388]
episode total reward is:  103.978
secondary loss is:  4.556323051452637
---------------------------------------------------------------
train episode:  46
eps in this episode is:  0.1
eps_wstart in this episode is:  0.06499999999999978
action in this episode is:  [[5, 237, 369, 4, 200, 126], [156, 87, 382, 174, 388, 252], [108, 327, 17, 55, 337, 54], [193, 303, 107, 361, 133, 41]]
present:  [4, 5, 17, 54, 55, 87, 108, 126, 156, 174, 200, 237, 252, 327, 337, 369, 382, 388]
episode total reward is:  104.818
secondary loss is:  13.195472717285156
---------------------------------------------------------------
train episode:  47
eps in this episode is:  0.1
eps_wstart in this episode is:  0.05999999999999978
action in this episode is:  [[58, 5, 237, 153, 199, 369], [4, 265, 200, 126, 87, 382], [388, 252, 108, 327, 17, 144], [54, 337, 55, 193, 133, 107]]
present:  [4, 5, 17, 58, 87, 108, 126, 144, 153, 199, 200, 237, 252, 265, 327, 369, 382, 388]
episode total reward is:  111.591
secondary loss is:  14.659425735473633
---------------------------------------------------------------
train episode:  48
eps in this episode is:  0.1
eps_wstart in this episode is:  0.054999999999999785
choosing ada_greedy
action in this episode is:  [[5, 133, 200, 114, 179, 90], [237, 369, 4, 126, 87, 382], [388, 252, 17, 327, 108, 337], [55, 54, 193, 41, 107, 292]]
present:  [4, 5, 17, 87, 90, 108, 114, 126, 133, 179, 200, 237, 252, 327, 337, 369, 382, 388]
episode total reward is:  107.823
secondary loss is:  11.55361557006836
---------------------------------------------------------------
train episode:  49
eps in this episode is:  0.1
eps_wstart in this episode is:  0.04999999999999979
action in this episode is:  [[5, 237, 369, 4, 200, 126], [87, 382, 388, 252, 286, 108], [327, 17, 54, 336, 337, 55], [193, 41, 107, 133, 234, 205]]
present:  [4, 5, 17, 54, 55, 87, 108, 126, 200, 237, 252, 286, 327, 336, 337, 369, 382, 388]
episode total reward is:  114.742
secondary loss is:  8.944273948669434
---------------------------------------------------------------
train episode:  50
eps in this episode is:  0.1
eps_wstart in this episode is:  0.04499999999999979
action in this episode is:  [[5, 237, 369, 4, 200, 126], [87, 382, 388, 252, 327, 108], [299, 17, 338, 54, 337, 55], [107, 193, 41, 133, 15, 234]]
present:  [4, 5, 17, 54, 55, 87, 108, 126, 200, 237, 252, 299, 327, 337, 338, 369, 382, 388]
episode total reward is:  104.086
secondary loss is:  6.169399261474609
---------------------------------------------------------------
train episode:  51
eps in this episode is:  0.1
eps_wstart in this episode is:  0.03999999999999979
action in this episode is:  [[5, 237, 369, 4, 288, 200], [126, 87, 382, 388, 252, 351], [327, 108, 17, 55, 337, 54], [226, 193, 107, 310, 133, 41]]
present:  [4, 5, 17, 54, 55, 87, 108, 126, 200, 237, 252, 288, 327, 337, 351, 369, 382, 388]
episode total reward is:  94.728
secondary loss is:  6.385626316070557
---------------------------------------------------------------
train episode:  52
eps in this episode is:  0.1
eps_wstart in this episode is:  0.034999999999999795
action in this episode is:  [[5, 237, 369, 99, 4, 200], [126, 87, 382, 388, 252, 108], [17, 327, 54, 337, 55, 193], [41, 107, 133, 234, 292, 205]]
present:  [4, 5, 17, 54, 55, 87, 99, 108, 126, 193, 200, 237, 252, 327, 337, 369, 382, 388]
episode total reward is:  116.91
secondary loss is:  3.079427719116211
---------------------------------------------------------------
train episode:  53
eps in this episode is:  0.1
eps_wstart in this episode is:  0.029999999999999794
action in this episode is:  [[5, 237, 369, 4, 200, 126], [87, 382, 388, 108, 252, 327], [17, 55, 67, 54, 337, 193], [107, 41, 133, 15, 135, 234]]
present:  [4, 5, 17, 54, 55, 67, 87, 108, 126, 193, 200, 237, 252, 327, 337, 369, 382, 388]
episode total reward is:  110.104
secondary loss is:  11.655820846557617
---------------------------------------------------------------
train episode:  54
eps in this episode is:  0.1
eps_wstart in this episode is:  0.024999999999999793
action in this episode is:  [[5, 237, 369, 4, 200, 126], [87, 382, 388, 108, 252, 327], [17, 287, 54, 337, 55, 193], [107, 15, 41, 133, 135, 205]]
present:  [4, 5, 17, 54, 55, 87, 108, 126, 193, 200, 237, 252, 287, 327, 337, 369, 382, 388]
episode total reward is:  107.701
secondary loss is:  5.951760292053223
---------------------------------------------------------------
train episode:  55
eps in this episode is:  0.1
eps_wstart in this episode is:  0.019999999999999792
action in this episode is:  [[5, 237, 81, 369, 4, 200], [126, 87, 382, 388, 252, 327], [108, 229, 17, 75, 55, 92], [54, 337, 193, 107, 133, 15]]
present:  [4, 5, 17, 55, 75, 81, 87, 92, 108, 126, 200, 229, 237, 252, 327, 369, 382, 388]
episode total reward is:  94.753
secondary loss is:  6.78520393371582
---------------------------------------------------------------
train episode:  56
eps in this episode is:  0.1
eps_wstart in this episode is:  0.014999999999999791
action in this episode is:  [[5, 237, 369, 200, 402, 4], [126, 87, 382, 388, 108, 327], [252, 358, 17, 55, 337, 54], [107, 309, 193, 15, 41, 133]]
present:  [4, 5, 17, 54, 55, 87, 108, 126, 200, 237, 252, 327, 337, 358, 369, 382, 388, 402]
episode total reward is:  93.33
secondary loss is:  7.334985733032227
---------------------------------------------------------------
train episode:  57
eps in this episode is:  0.1
eps_wstart in this episode is:  0.00999999999999979
action in this episode is:  [[5, 237, 369, 200, 4, 126], [87, 382, 388, 252, 201, 108], [327, 17, 337, 54, 55, 193], [107, 133, 15, 41, 135, 205]]
present:  [4, 5, 17, 54, 55, 87, 108, 126, 193, 200, 201, 237, 252, 327, 337, 369, 382, 388]
episode total reward is:  106.411
secondary loss is:  5.274524688720703
---------------------------------------------------------------
train episode:  58
eps in this episode is:  0.1
eps_wstart in this episode is:  0.00499999999999979
action in this episode is:  [[5, 237, 369, 4, 200, 126], [87, 382, 77, 388, 252, 108], [327, 17, 54, 337, 55, 107], [193, 15, 133, 41, 102, 135]]
present:  [4, 5, 17, 54, 55, 77, 87, 107, 108, 126, 200, 237, 252, 327, 337, 369, 382, 388]
episode total reward is:  100.437
secondary loss is:  4.42216157913208
---------------------------------------------------------------
train episode:  59
eps in this episode is:  0.1
eps_wstart in this episode is:  0
action in this episode is:  [[5, 237, 369, 4, 200, 126], [87, 382, 388, 108, 252, 327], [17, 54, 337, 55, 107, 193], [41, 133, 15, 205, 234, 292]]
present:  [4, 5, 17, 54, 55, 87, 107, 108, 126, 193, 200, 237, 252, 327, 337, 369, 382, 388]
episode total reward is:  112.208
secondary loss is:  4.649209976196289
---------------------------------------------------------------
train episode:  60
eps in this episode is:  0.1
eps_wstart in this episode is:  0
action in this episode is:  [[5, 237, 369, 200, 4, 126], [87, 382, 388, 108, 252, 327], [7, 17, 55, 107, 54, 337], [193, 133, 41, 15, 234, 205]]
present:  [4, 5, 7, 17, 54, 55, 87, 107, 108, 126, 200, 237, 252, 327, 337, 369, 382, 388]
episode total reward is:  112.653
secondary loss is:  7.403537750244141
---------------------------------------------------------------
train episode:  61
eps in this episode is:  0.1
eps_wstart in this episode is:  0
action in this episode is:  [[5, 237, 369, 4, 200, 126], [87, 382, 388, 108, 252, 327], [17, 54, 55, 337, 107, 193], [15, 133, 41, 205, 77, 353]]
present:  [4, 5, 17, 54, 55, 87, 107, 108, 126, 193, 200, 237, 252, 327, 337, 369, 382, 388]
episode total reward is:  103.944
secondary loss is:  9.313787460327148
---------------------------------------------------------------
train episode:  62
eps in this episode is:  0.1
eps_wstart in this episode is:  0
action in this episode is:  [[5, 237, 369, 4, 200, 126], [87, 382, 388, 108, 252, 327], [17, 337, 54, 55, 193, 107], [15, 133, 41, 234, 290, 49]]
present:  [4, 5, 17, 54, 55, 87, 107, 108, 126, 193, 200, 237, 252, 327, 337, 369, 382, 388]
episode total reward is:  103.91
secondary loss is:  3.912119150161743
---------------------------------------------------------------
train episode:  63
eps in this episode is:  0.1
eps_wstart in this episode is:  0
action in this episode is:  [[5, 237, 369, 4, 200, 126], [87, 382, 388, 108, 252, 327], [17, 337, 209, 54, 395, 55], [107, 193, 133, 41, 292, 15]]
present:  [4, 5, 17, 54, 55, 87, 108, 126, 200, 209, 237, 252, 327, 337, 369, 382, 388, 395]
episode total reward is:  103.251
secondary loss is:  9.18067741394043
---------------------------------------------------------------
train episode:  64
eps in this episode is:  0.1
eps_wstart in this episode is:  0
action in this episode is:  [[5, 237, 369, 200, 4, 126], [87, 382, 388, 108, 252, 327], [17, 283, 54, 337, 55, 193], [107, 199, 15, 133, 41, 292]]
present:  [4, 5, 17, 54, 55, 87, 108, 126, 193, 200, 237, 252, 283, 327, 337, 369, 382, 388]
episode total reward is:  98.767
secondary loss is:  4.193533897399902
---------------------------------------------------------------
train episode:  65
eps in this episode is:  0.1
eps_wstart in this episode is:  0
action in this episode is:  [[316, 5, 237, 369, 200, 4], [192, 126, 87, 382, 253, 388], [327, 108, 252, 17, 337, 54], [250, 55, 77, 193, 107, 133]]
present:  [4, 5, 17, 54, 87, 108, 126, 192, 200, 237, 252, 253, 316, 327, 337, 369, 382, 388]
episode total reward is:  103.499
secondary loss is:  1.862006664276123
---------------------------------------------------------------
train episode:  66
eps in this episode is:  0.1
eps_wstart in this episode is:  0
action in this episode is:  [[5, 237, 369, 200, 4, 126], [87, 14, 382, 388, 252, 108], [327, 17, 55, 337, 54, 193], [107, 133, 41, 292, 205, 15]]
present:  [4, 5, 14, 17, 54, 55, 87, 108, 126, 193, 200, 237, 252, 327, 337, 369, 382, 388]
episode total reward is:  103.621
secondary loss is:  2.118483066558838
---------------------------------------------------------------
train episode:  67
eps in this episode is:  0.1
eps_wstart in this episode is:  0
action in this episode is:  [[5, 237, 369, 200, 4, 126], [87, 382, 388, 108, 252, 17], [327, 54, 55, 337, 107, 193], [133, 41, 292, 15, 205, 135]]
present:  [4, 5, 17, 54, 55, 87, 107, 108, 126, 193, 200, 237, 252, 327, 337, 369, 382, 388]
episode total reward is:  106.825
secondary loss is:  7.61917781829834
---------------------------------------------------------------
train episode:  68
eps in this episode is:  0.1
eps_wstart in this episode is:  0
action in this episode is:  [[5, 237, 369, 111, 4, 200], [126, 87, 382, 48, 388, 108], [252, 327, 17, 54, 55, 337], [107, 193, 133, 148, 15, 41]]
present:  [4, 5, 17, 48, 54, 55, 87, 108, 111, 126, 200, 237, 252, 327, 337, 369, 382, 388]
episode total reward is:  99.334
secondary loss is:  4.922433853149414
---------------------------------------------------------------
train episode:  69
eps in this episode is:  0.1
eps_wstart in this episode is:  0
action in this episode is:  [[394, 5, 237, 369, 4, 200], [126, 87, 382, 388, 252, 108], [327, 17, 203, 244, 54, 55], [337, 207, 193, 107, 15, 41]]
present:  [4, 5, 17, 54, 55, 87, 108, 126, 200, 203, 237, 244, 252, 327, 369, 382, 388, 394]
episode total reward is:  97.041
secondary loss is:  5.670604228973389
---------------------------------------------------------------
train episode:  70
eps in this episode is:  0.1
eps_wstart in this episode is:  0
action in this episode is:  [[5, 237, 369, 4, 200, 126], [87, 382, 385, 388, 108, 252], [327, 17, 55, 54, 142, 337], [193, 107, 133, 205, 41, 2]]
present:  [4, 5, 17, 54, 55, 87, 108, 126, 142, 200, 237, 252, 327, 337, 369, 382, 385, 388]
episode total reward is:  107.835
secondary loss is:  7.18839693069458
---------------------------------------------------------------
train episode:  71
eps in this episode is:  0.1
eps_wstart in this episode is:  0
action in this episode is:  [[5, 143, 84, 237, 273, 369], [4, 267, 200, 126, 87, 321], [382, 294, 388, 252, 396, 327], [108, 17, 54, 55, 337, 107]]
present:  [4, 5, 84, 87, 126, 143, 200, 237, 252, 267, 273, 294, 321, 327, 369, 382, 388, 396]
episode total reward is:  93.659
secondary loss is:  3.977649688720703
---------------------------------------------------------------
train episode:  72
eps in this episode is:  0.1
eps_wstart in this episode is:  0
action in this episode is:  [[5, 237, 369, 4, 200, 126], [87, 382, 388, 108, 252, 327], [17, 337, 54, 55, 193, 107], [41, 133, 15, 205, 234, 292]]
present:  [4, 5, 17, 54, 55, 87, 107, 108, 126, 193, 200, 237, 252, 327, 337, 369, 382, 388]
episode total reward is:  112.229
secondary loss is:  2.9921746253967285
---------------------------------------------------------------
train episode:  73
eps in this episode is:  0.1
eps_wstart in this episode is:  0
action in this episode is:  [[5, 237, 369, 395, 200, 4], [126, 87, 382, 388, 252, 108], [327, 17, 337, 54, 55, 107], [133, 193, 41, 15, 135, 205]]
present:  [4, 5, 17, 54, 55, 87, 107, 108, 126, 200, 237, 252, 327, 337, 369, 382, 388, 395]
episode total reward is:  106.72
secondary loss is:  6.532823085784912
---------------------------------------------------------------
train episode:  74
eps in this episode is:  0.1
eps_wstart in this episode is:  0
action in this episode is:  [[5, 178, 237, 369, 4, 200], [184, 126, 87, 382, 388, 252], [108, 16, 269, 327, 17, 54], [55, 337, 107, 12, 193, 41]]
present:  [4, 5, 16, 17, 54, 87, 108, 126, 178, 184, 200, 237, 252, 269, 327, 369, 382, 388]
episode total reward is:  95.772
secondary loss is:  7.369460582733154
---------------------------------------------------------------
train episode:  75
eps in this episode is:  0.1
eps_wstart in this episode is:  0
action in this episode is:  [[388, 405, 5, 237, 369, 375], [4, 200, 126, 87, 382, 252], [108, 327, 17, 54, 55, 337], [193, 342, 107, 41, 133, 234]]
present:  [4, 5, 17, 54, 55, 87, 108, 126, 200, 237, 252, 327, 337, 369, 375, 382, 388, 405]
episode total reward is:  103.515
secondary loss is:  8.313794136047363
---------------------------------------------------------------
train episode:  76
eps in this episode is:  0.1
eps_wstart in this episode is:  0
action in this episode is:  [[5, 261, 237, 369, 200, 4], [126, 87, 382, 388, 252, 327], [108, 243, 17, 54, 55, 337], [193, 107, 41, 133, 234, 11]]
present:  [4, 5, 17, 54, 55, 87, 108, 126, 200, 237, 243, 252, 261, 327, 337, 369, 382, 388]
episode total reward is:  106.158
secondary loss is:  3.4720563888549805
---------------------------------------------------------------
train episode:  77
eps in this episode is:  0.1
eps_wstart in this episode is:  0
action in this episode is:  [[5, 237, 369, 4, 200, 126], [87, 382, 388, 252, 108, 327], [17, 55, 54, 337, 193, 41], [107, 133, 205, 15, 234, 135]]
present:  [4, 5, 17, 41, 54, 55, 87, 108, 126, 193, 200, 237, 252, 327, 337, 369, 382, 388]
episode total reward is:  114.635
secondary loss is:  1.5726301670074463
---------------------------------------------------------------
train episode:  78
eps in this episode is:  0.1
eps_wstart in this episode is:  0
action in this episode is:  [[192, 5, 237, 369, 4, 200], [290, 126, 87, 382, 388, 252], [108, 327, 13, 17, 55, 337], [54, 107, 193, 41, 133, 219]]
present:  [4, 5, 13, 17, 55, 87, 108, 126, 192, 200, 237, 252, 290, 327, 337, 369, 382, 388]
episode total reward is:  100.394
secondary loss is:  2.2463836669921875
---------------------------------------------------------------
train episode:  79
eps in this episode is:  0.1
eps_wstart in this episode is:  0
action in this episode is:  [[5, 237, 369, 4, 200, 60], [126, 87, 382, 388, 252, 275], [327, 108, 17, 54, 55, 337], [193, 135, 107, 41, 133, 15]]
present:  [4, 5, 17, 54, 55, 60, 87, 108, 126, 200, 237, 252, 275, 327, 337, 369, 382, 388]
episode total reward is:  99.525
secondary loss is:  12.007647514343262
---------------------------------------------------------------
train episode:  80
eps in this episode is:  0.1
eps_wstart in this episode is:  0
action in this episode is:  [[297, 5, 237, 369, 4, 200], [126, 87, 382, 388, 252, 327], [108, 17, 54, 337, 55, 219], [193, 41, 107, 133, 205, 15]]
present:  [4, 5, 17, 54, 55, 87, 108, 126, 200, 219, 237, 252, 297, 327, 337, 369, 382, 388]
episode total reward is:  103.592
secondary loss is:  6.879974365234375
---------------------------------------------------------------
train episode:  81
eps in this episode is:  0.1
eps_wstart in this episode is:  0
action in this episode is:  [[5, 237, 369, 200, 328, 223], [4, 126, 87, 382, 388, 252], [108, 261, 327, 17, 54, 55], [337, 107, 133, 193, 15, 212]]
present:  [4, 5, 17, 54, 55, 87, 108, 126, 200, 223, 237, 252, 261, 327, 328, 369, 382, 388]
episode total reward is:  104.416
secondary loss is:  8.564199447631836
---------------------------------------------------------------
train episode:  82
eps in this episode is:  0.1
eps_wstart in this episode is:  0
action in this episode is:  [[5, 237, 369, 56, 200, 4], [126, 87, 382, 388, 108, 252], [327, 17, 337, 54, 55, 193], [107, 211, 133, 0, 15, 41]]
present:  [4, 5, 17, 54, 55, 56, 87, 108, 126, 193, 200, 237, 252, 327, 337, 369, 382, 388]
episode total reward is:  96.532
secondary loss is:  3.199641704559326
---------------------------------------------------------------
train episode:  83
eps in this episode is:  0.1
eps_wstart in this episode is:  0
action in this episode is:  [[5, 237, 369, 4, 200, 126], [87, 382, 388, 252, 108, 327], [17, 55, 54, 337, 133, 193], [41, 107, 205, 234, 15, 135]]
present:  [4, 5, 17, 54, 55, 87, 108, 126, 133, 193, 200, 237, 252, 327, 337, 369, 382, 388]
episode total reward is:  113.913
secondary loss is:  4.288368225097656
---------------------------------------------------------------
train episode:  84
eps in this episode is:  0.1
eps_wstart in this episode is:  0
action in this episode is:  [[5, 237, 369, 200, 152, 213], [4, 126, 87, 382, 388, 252], [108, 327, 59, 17, 337, 54], [55, 193, 133, 107, 41, 205]]
present:  [4, 5, 17, 54, 59, 87, 108, 126, 152, 200, 213, 237, 252, 327, 337, 369, 382, 388]
episode total reward is:  109.386
secondary loss is:  1.9290385246276855
---------------------------------------------------------------
train episode:  85
eps in this episode is:  0.1
eps_wstart in this episode is:  0
action in this episode is:  [[5, 237, 369, 4, 200, 126], [87, 382, 388, 108, 252, 327], [17, 54, 55, 337, 193, 107], [41, 133, 292, 15, 205, 135]]
present:  [4, 5, 17, 54, 55, 87, 107, 108, 126, 193, 200, 237, 252, 327, 337, 369, 382, 388]
episode total reward is:  106.657
secondary loss is:  0.8639146089553833
---------------------------------------------------------------
train episode:  86
eps in this episode is:  0.1
eps_wstart in this episode is:  0
action in this episode is:  [[5, 237, 369, 4, 200, 126], [87, 382, 388, 252, 108, 327], [243, 223, 17, 337, 54, 55], [193, 107, 133, 273, 41, 234]]
present:  [4, 5, 17, 54, 55, 87, 108, 126, 200, 223, 237, 243, 252, 327, 337, 369, 382, 388]
episode total reward is:  104.013
secondary loss is:  1.263972520828247
---------------------------------------------------------------
train episode:  87
eps in this episode is:  0.1
eps_wstart in this episode is:  0
action in this episode is:  [[5, 237, 369, 4, 200, 126], [87, 382, 388, 108, 252, 327], [17, 337, 54, 55, 107, 133], [193, 41, 1, 15, 135, 205]]
present:  [4, 5, 17, 54, 55, 87, 107, 108, 126, 133, 200, 237, 252, 327, 337, 369, 382, 388]
episode total reward is:  107.045
secondary loss is:  6.980429649353027
---------------------------------------------------------------
train episode:  88
eps in this episode is:  0.1
eps_wstart in this episode is:  0
action in this episode is:  [[5, 204, 237, 369, 200, 4], [153, 126, 87, 382, 388, 252], [108, 327, 17, 55, 337, 54], [193, 107, 41, 133, 15, 348]]
present:  [4, 5, 17, 54, 55, 87, 108, 126, 153, 200, 204, 237, 252, 327, 337, 369, 382, 388]
episode total reward is:  99.22
secondary loss is:  2.2353527545928955
---------------------------------------------------------------
train episode:  89
eps in this episode is:  0.1
eps_wstart in this episode is:  0
action in this episode is:  [[5, 237, 369, 4, 200, 126], [87, 251, 382, 381, 388, 108], [252, 327, 17, 55, 337, 54], [193, 248, 133, 230, 15, 107]]
present:  [4, 5, 17, 54, 55, 87, 108, 126, 200, 237, 251, 252, 327, 337, 369, 381, 382, 388]
episode total reward is:  100.647
secondary loss is:  0.6991358995437622
---------------------------------------------------------------
train episode:  90
eps in this episode is:  0.1
eps_wstart in this episode is:  0
action in this episode is:  [[5, 237, 369, 4, 200, 32], [126, 87, 382, 388, 108, 206], [252, 327, 17, 55, 337, 54], [98, 193, 107, 133, 41, 135]]
present:  [4, 5, 17, 32, 54, 55, 87, 108, 126, 200, 206, 237, 252, 327, 337, 369, 382, 388]
episode total reward is:  107.408
secondary loss is:  2.334057092666626
---------------------------------------------------------------
train episode:  91
eps in this episode is:  0.1
eps_wstart in this episode is:  0
action in this episode is:  [[5, 237, 369, 4, 200, 126], [87, 382, 388, 327, 252, 108], [17, 55, 337, 54, 120, 107], [193, 41, 133, 15, 135, 273]]
present:  [4, 5, 17, 54, 55, 87, 107, 108, 120, 126, 200, 237, 252, 327, 337, 369, 382, 388]
episode total reward is:  111.951
secondary loss is:  0.2596932649612427
---------------------------------------------------------------
train episode:  92
eps in this episode is:  0.1
eps_wstart in this episode is:  0
action in this episode is:  [[5, 237, 369, 4, 200, 126], [87, 382, 388, 108, 252, 327], [17, 54, 337, 55, 107, 193], [133, 41, 234, 292, 15, 205]]
present:  [4, 5, 17, 54, 55, 87, 107, 108, 126, 193, 200, 237, 252, 327, 337, 369, 382, 388]
episode total reward is:  111.69
secondary loss is:  3.0161514282226562
---------------------------------------------------------------
train episode:  93
eps in this episode is:  0.1
eps_wstart in this episode is:  0
action in this episode is:  [[5, 237, 369, 4, 200, 126], [87, 382, 388, 108, 252, 327], [146, 17, 54, 337, 55, 107], [193, 41, 133, 135, 205, 15]]
present:  [4, 5, 17, 54, 55, 87, 107, 108, 126, 146, 200, 237, 252, 327, 337, 369, 382, 388]
episode total reward is:  106.321
secondary loss is:  0.46406251192092896
---------------------------------------------------------------
train episode:  94
eps in this episode is:  0.1
eps_wstart in this episode is:  0
action in this episode is:  [[245, 5, 237, 369, 4, 200], [126, 87, 233, 382, 388, 267], [108, 252, 142, 327, 17, 55], [337, 54, 193, 133, 107, 350]]
present:  [4, 5, 17, 55, 87, 108, 126, 142, 200, 233, 237, 245, 252, 267, 327, 369, 382, 388]
episode total reward is:  106.551
secondary loss is:  4.650951862335205
---------------------------------------------------------------
train episode:  95
eps in this episode is:  0.1
eps_wstart in this episode is:  0
action in this episode is:  [[5, 237, 369, 355, 4, 200], [126, 87, 382, 388, 252, 108], [17, 327, 54, 55, 337, 193], [72, 133, 107, 15, 41, 205]]
present:  [4, 5, 17, 54, 55, 87, 108, 126, 193, 200, 237, 252, 327, 337, 355, 369, 382, 388]
episode total reward is:  104.554
secondary loss is:  1.9561536312103271
---------------------------------------------------------------
train episode:  96
eps in this episode is:  0.1
eps_wstart in this episode is:  0
action in this episode is:  [[5, 237, 369, 4, 200, 126], [87, 382, 388, 10, 108, 252], [327, 17, 55, 54, 337, 193], [107, 41, 15, 133, 282, 205]]
present:  [4, 5, 10, 17, 54, 55, 87, 108, 126, 193, 200, 237, 252, 327, 337, 369, 382, 388]
episode total reward is:  115.305
secondary loss is:  7.041116714477539
---------------------------------------------------------------
train episode:  97
eps in this episode is:  0.1
eps_wstart in this episode is:  0
action in this episode is:  [[5, 237, 369, 4, 200, 126], [16, 87, 382, 388, 252, 108], [327, 17, 55, 337, 54, 107], [95, 193, 133, 15, 41, 205]]
present:  [4, 5, 16, 17, 54, 55, 87, 107, 108, 126, 200, 237, 252, 327, 337, 369, 382, 388]
episode total reward is:  106.483
secondary loss is:  1.1838127374649048
---------------------------------------------------------------
train episode:  98
eps in this episode is:  0.1
eps_wstart in this episode is:  0
action in this episode is:  [[5, 237, 369, 4, 200, 126], [16, 87, 382, 388, 108, 252], [261, 17, 327, 55, 267, 135], [54, 337, 193, 41, 133, 107]]
present:  [4, 5, 16, 17, 55, 87, 108, 126, 135, 200, 237, 252, 261, 267, 327, 369, 382, 388]
episode total reward is:  110.362
secondary loss is:  4.703509330749512
---------------------------------------------------------------
train episode:  99
eps in this episode is:  0.1
eps_wstart in this episode is:  0
action in this episode is:  [[5, 340, 237, 369, 4, 200], [126, 87, 382, 388, 328, 252], [108, 327, 17, 55, 337, 54], [107, 193, 41, 133, 15, 205]]
present:  [4, 5, 17, 54, 55, 87, 108, 126, 200, 237, 252, 327, 328, 337, 340, 369, 382, 388]
episode total reward is:  105.302
secondary loss is:  1.9752339124679565

---------------------------------------------------------------

runtime for training process is:  11646.4375872612




testing
---------------------------------------------------------------
test episode:  0
action in this episode is:  [[5, 237, 369, 4, 200, 126], [87, 382, 388, 252, 108, 327], [17, 337, 55, 54, 193, 107], [41, 133, 15, 205, 292, 135]]
episode total reward is:  107.386
---------------------------------------------------------------
test episode:  1
action in this episode is:  [[5, 237, 369, 200, 4, 126], [87, 382, 388, 252, 108, 327], [17, 337, 55, 54, 193, 107], [41, 133, 205, 292, 15, 135]]
episode total reward is:  106.154
---------------------------------------------------------------
test episode:  2
action in this episode is:  [[5, 237, 369, 200, 4, 126], [87, 382, 388, 252, 108, 327], [17, 337, 55, 54, 193, 107], [41, 133, 205, 292, 15, 135]]
episode total reward is:  105.49
---------------------------------------------------------------
test episode:  3
action in this episode is:  [[5, 237, 369, 4, 200, 126], [87, 382, 388, 252, 108, 327], [17, 337, 55, 54, 193, 107], [41, 133, 205, 135, 15, 234]]
episode total reward is:  115.539
---------------------------------------------------------------
test episode:  4
action in this episode is:  [[5, 237, 369, 4, 200, 126], [87, 382, 388, 252, 108, 327], [17, 337, 55, 54, 193, 107], [41, 133, 292, 15, 234, 135]]
episode total reward is:  109.202
---------------------------------------------------------------
test episode:  5
action in this episode is:  [[5, 237, 369, 200, 4, 126], [87, 382, 388, 252, 108, 327], [17, 337, 55, 54, 193, 107], [41, 133, 292, 15, 205, 135]]
episode total reward is:  109.148
---------------------------------------------------------------
test episode:  6
action in this episode is:  [[5, 237, 369, 200, 4, 126], [87, 382, 388, 252, 108, 327], [17, 337, 55, 54, 193, 107], [41, 133, 15, 205, 292, 135]]
episode total reward is:  107.39
---------------------------------------------------------------
test episode:  7
action in this episode is:  [[5, 237, 369, 200, 4, 126], [87, 382, 388, 252, 108, 327], [17, 55, 337, 54, 193, 107], [41, 133, 292, 234, 205, 15]]
episode total reward is:  113.709
---------------------------------------------------------------
test episode:  8
action in this episode is:  [[5, 237, 369, 4, 200, 126], [87, 382, 388, 252, 108, 327], [17, 337, 55, 54, 193, 107], [41, 133, 292, 234, 205, 15]]
episode total reward is:  112.786
---------------------------------------------------------------
test episode:  9
action in this episode is:  [[5, 237, 369, 4, 200, 126], [87, 382, 388, 252, 108, 327], [17, 337, 55, 54, 193, 107], [41, 133, 15, 205, 292, 135]]
episode total reward is:  108.047
---------------------------------------------------------------
test episode:  10
action in this episode is:  [[5, 237, 369, 200, 4, 126], [87, 382, 388, 252, 108, 327], [17, 337, 55, 54, 193, 107], [41, 133, 292, 15, 234, 135]]
episode total reward is:  109.196
---------------------------------------------------------------
test episode:  11
action in this episode is:  [[5, 237, 369, 200, 4, 126], [87, 382, 388, 252, 108, 327], [17, 337, 55, 54, 193, 107], [41, 133, 292, 234, 205, 15]]
episode total reward is:  112.36
---------------------------------------------------------------
test episode:  12
action in this episode is:  [[5, 237, 369, 4, 200, 126], [87, 382, 388, 252, 108, 327], [17, 337, 55, 54, 193, 107], [41, 133, 292, 234, 205, 15]]
episode total reward is:  113.077
---------------------------------------------------------------
test episode:  13
action in this episode is:  [[5, 237, 369, 4, 200, 126], [87, 382, 388, 252, 108, 327], [17, 337, 55, 54, 193, 107], [41, 133, 15, 205, 292, 135]]
episode total reward is:  106.649
---------------------------------------------------------------
test episode:  14
action in this episode is:  [[5, 237, 369, 4, 200, 126], [87, 382, 388, 252, 108, 327], [17, 337, 55, 54, 193, 107], [41, 133, 292, 15, 234, 135]]
episode total reward is:  110.603
---------------------------------------------------------------
test episode:  15
action in this episode is:  [[5, 237, 369, 4, 200, 126], [87, 382, 388, 252, 108, 327], [17, 337, 55, 54, 193, 107], [41, 133, 205, 135, 15, 234]]
episode total reward is:  114.064
---------------------------------------------------------------
test episode:  16
action in this episode is:  [[5, 237, 369, 200, 4, 126], [87, 382, 388, 252, 108, 327], [17, 337, 55, 54, 193, 107], [41, 133, 292, 234, 15, 135]]
episode total reward is:  109.648
---------------------------------------------------------------
test episode:  17
action in this episode is:  [[5, 237, 369, 4, 200, 126], [87, 382, 388, 252, 108, 327], [17, 337, 55, 54, 193, 107], [41, 133, 15, 205, 292, 135]]
episode total reward is:  106.603
---------------------------------------------------------------
test episode:  18
action in this episode is:  [[5, 237, 369, 4, 200, 126], [87, 382, 388, 252, 108, 327], [17, 337, 55, 54, 193, 107], [41, 133, 15, 205, 292, 135]]
episode total reward is:  108.753
---------------------------------------------------------------
test episode:  19
action in this episode is:  [[5, 237, 369, 200, 4, 126], [87, 382, 388, 252, 108, 327], [17, 337, 55, 54, 193, 107], [41, 133, 292, 234, 205, 15]]
episode total reward is:  112.591
---------------------------------------------------------------
test episode:  20
action in this episode is:  [[5, 237, 369, 200, 4, 126], [87, 382, 388, 252, 108, 327], [17, 337, 55, 54, 193, 107], [41, 133, 292, 234, 205, 15]]
episode total reward is:  112.1
---------------------------------------------------------------
test episode:  21
action in this episode is:  [[5, 237, 369, 4, 200, 126], [87, 382, 388, 252, 108, 327], [17, 337, 55, 54, 193, 107], [41, 133, 292, 234, 205, 15]]
episode total reward is:  112.39
---------------------------------------------------------------
test episode:  22
action in this episode is:  [[5, 237, 369, 4, 200, 126], [87, 382, 388, 252, 108, 327], [17, 337, 55, 54, 193, 107], [41, 133, 292, 15, 135, 205]]
episode total reward is:  106.231
---------------------------------------------------------------
test episode:  23
action in this episode is:  [[5, 237, 369, 4, 200, 126], [87, 382, 388, 252, 108, 327], [17, 337, 55, 54, 193, 107], [41, 133, 292, 15, 234, 135]]
episode total reward is:  110.05
---------------------------------------------------------------
test episode:  24
action in this episode is:  [[5, 237, 369, 4, 200, 126], [87, 382, 388, 252, 108, 327], [17, 337, 55, 54, 193, 107], [41, 133, 15, 205, 292, 135]]
episode total reward is:  105.336
---------------------------------------------------------------
test episode:  25
action in this episode is:  [[5, 237, 369, 200, 4, 126], [87, 382, 388, 252, 108, 327], [17, 337, 55, 54, 193, 107], [41, 133, 292, 234, 205, 15]]
episode total reward is:  111.862
---------------------------------------------------------------
test episode:  26
action in this episode is:  [[5, 237, 369, 200, 4, 126], [87, 382, 388, 252, 108, 327], [17, 337, 55, 54, 193, 107], [41, 133, 135, 15, 205, 234]]
episode total reward is:  114.421
---------------------------------------------------------------
test episode:  27
action in this episode is:  [[5, 237, 369, 4, 200, 126], [87, 382, 388, 252, 108, 327], [17, 337, 55, 54, 193, 107], [41, 133, 135, 15, 205, 234]]
episode total reward is:  114.637
---------------------------------------------------------------
test episode:  28
action in this episode is:  [[5, 237, 369, 200, 4, 126], [87, 382, 388, 252, 108, 327], [17, 337, 55, 54, 193, 107], [41, 133, 15, 205, 292, 135]]
episode total reward is:  106.914
---------------------------------------------------------------
test episode:  29
action in this episode is:  [[5, 237, 369, 4, 200, 126], [87, 382, 388, 252, 108, 327], [17, 337, 55, 54, 193, 107], [41, 133, 292, 234, 205, 15]]
episode total reward is:  111.535
---------------------------------------------------------------
test episode:  30
action in this episode is:  [[5, 237, 369, 200, 4, 126], [87, 382, 388, 252, 108, 327], [17, 337, 55, 54, 193, 107], [41, 133, 292, 15, 135, 205]]
episode total reward is:  107.232
---------------------------------------------------------------
test episode:  31
action in this episode is:  [[5, 237, 369, 4, 200, 126], [87, 382, 388, 252, 108, 327], [17, 337, 55, 54, 193, 107], [41, 133, 15, 205, 292, 135]]
episode total reward is:  106.889
---------------------------------------------------------------
test episode:  32
action in this episode is:  [[5, 237, 369, 4, 200, 126], [87, 382, 388, 252, 108, 327], [17, 337, 55, 54, 193, 107], [41, 133, 135, 15, 205, 234]]
episode total reward is:  114.154
---------------------------------------------------------------
test episode:  33
action in this episode is:  [[5, 237, 369, 200, 4, 126], [87, 382, 388, 252, 108, 327], [17, 337, 55, 54, 193, 107], [41, 133, 15, 205, 292, 135]]
episode total reward is:  105.404
---------------------------------------------------------------
test episode:  34
action in this episode is:  [[5, 237, 369, 200, 4, 126], [87, 382, 388, 252, 108, 327], [17, 337, 55, 54, 193, 107], [41, 133, 205, 15, 292, 135]]
episode total reward is:  107.267
---------------------------------------------------------------
test episode:  35
action in this episode is:  [[5, 237, 369, 200, 4, 126], [87, 382, 388, 252, 108, 327], [17, 337, 55, 54, 193, 107], [41, 133, 292, 234, 205, 15]]
episode total reward is:  112.833
---------------------------------------------------------------
test episode:  36
action in this episode is:  [[5, 237, 369, 4, 200, 126], [87, 382, 388, 252, 108, 327], [17, 337, 55, 54, 193, 107], [41, 133, 15, 205, 292, 135]]
episode total reward is:  108.942
---------------------------------------------------------------
test episode:  37
action in this episode is:  [[5, 237, 369, 4, 200, 126], [87, 382, 388, 252, 108, 327], [17, 337, 55, 54, 193, 107], [41, 133, 292, 234, 205, 15]]
episode total reward is:  112.975
---------------------------------------------------------------
test episode:  38
action in this episode is:  [[5, 237, 369, 200, 4, 126], [87, 382, 388, 252, 108, 327], [17, 337, 55, 54, 193, 107], [41, 133, 292, 234, 205, 15]]
episode total reward is:  110.631
---------------------------------------------------------------
test episode:  39
action in this episode is:  [[5, 237, 369, 4, 200, 126], [87, 382, 388, 252, 108, 327], [17, 337, 55, 54, 193, 107], [41, 133, 15, 205, 292, 135]]
episode total reward is:  106.661
---------------------------------------------------------------
test episode:  40
action in this episode is:  [[5, 237, 369, 4, 200, 126], [87, 382, 388, 252, 108, 327], [17, 337, 55, 54, 193, 107], [41, 133, 292, 234, 15, 135]]
episode total reward is:  108.74
---------------------------------------------------------------
test episode:  41
action in this episode is:  [[5, 237, 369, 4, 200, 126], [87, 382, 388, 252, 108, 327], [17, 337, 55, 54, 193, 107], [41, 133, 292, 15, 234, 135]]
episode total reward is:  109.367
---------------------------------------------------------------
test episode:  42
action in this episode is:  [[5, 237, 369, 4, 200, 126], [87, 382, 388, 252, 108, 327], [17, 337, 55, 54, 193, 107], [41, 133, 292, 15, 205, 135]]
episode total reward is:  107.06
---------------------------------------------------------------
test episode:  43
action in this episode is:  [[5, 237, 369, 4, 200, 126], [87, 382, 388, 252, 108, 327], [17, 337, 55, 54, 193, 107], [41, 133, 205, 292, 15, 135]]
episode total reward is:  107.529
---------------------------------------------------------------
test episode:  44
action in this episode is:  [[5, 237, 369, 4, 200, 126], [87, 382, 388, 252, 108, 327], [17, 55, 337, 54, 193, 107], [41, 133, 292, 234, 15, 135]]
episode total reward is:  110.545
---------------------------------------------------------------
test episode:  45
action in this episode is:  [[5, 237, 369, 4, 200, 126], [87, 382, 388, 252, 108, 327], [17, 337, 55, 54, 193, 107], [41, 133, 292, 234, 15, 135]]
episode total reward is:  110.452
---------------------------------------------------------------
test episode:  46
action in this episode is:  [[5, 237, 369, 4, 200, 126], [87, 382, 388, 252, 108, 327], [17, 337, 55, 54, 193, 107], [41, 133, 292, 15, 234, 135]]
episode total reward is:  108.876
---------------------------------------------------------------
test episode:  47
action in this episode is:  [[5, 237, 369, 4, 200, 126], [87, 382, 388, 252, 108, 327], [17, 337, 55, 54, 193, 107], [41, 133, 292, 15, 234, 135]]
episode total reward is:  109.681
---------------------------------------------------------------
test episode:  48
action in this episode is:  [[5, 237, 369, 200, 4, 126], [87, 382, 388, 252, 108, 327], [17, 337, 55, 54, 193, 107], [41, 133, 292, 234, 205, 15]]
episode total reward is:  113.787
---------------------------------------------------------------
test episode:  49
action in this episode is:  [[5, 237, 369, 200, 4, 126], [87, 382, 388, 252, 108, 327], [17, 337, 55, 54, 193, 107], [41, 133, 15, 205, 292, 135]]
episode total reward is:  107.22

---------------------------------------------------------------

average reward: 109.80232
reward std: 2.8418495205763454
