chosen graph:  Exhibition
#nodes:  410
#edges:  2765
cascade model is:  DIC
device is:  cuda
---------------------------------------------------------------
train episode:  0
eps in this episode is:  0.3
eps_wstart in this episode is:  0.295
using warm-start actions
choosing max degree
using warm-start actions
choosing ada_greedy
using warm-start actions
choosing ada_greedy
using warm-start actions
choosing random
action in this episode is:  [[5, 237, 200, 252, 133, 205], [257, 173, 272, 274, 311, 222], [204, 305, 338, 209, 214, 254], [364, 206, 37, 96, 131, 268]]
present:  [5, 133, 173, 200, 204, 205, 209, 214, 222, 237, 252, 254, 257, 272, 274, 305, 311, 338]
episode total reward is:  100.46
---------------------------------------------------------------
train episode:  1
eps in this episode is:  0.295
eps_wstart in this episode is:  0.29
using warm-start actions
choosing ada_greedy
using warm-start actions
choosing random
using warm-start actions
choosing random
using warm-start actions
choosing ada_greedy
action in this episode is:  [[256, 232, 234, 107, 237, 252], [366, 178, 36, 52, 130, 318], [213, 206, 258, 105, 233, 247], [205, 273, 114, 241, 308, 90]]
present:  [36, 52, 105, 107, 130, 178, 206, 213, 232, 233, 234, 237, 247, 252, 256, 258, 318, 366]
episode total reward is:  97.706
---------------------------------------------------------------
train episode:  2
eps in this episode is:  0.29
eps_wstart in this episode is:  0.285
using warm-start actions
choosing max degree
using warm-start actions
choosing max degree
using warm-start actions
choosing ada_greedy
using warm-start actions
choosing ada_greedy
action in this episode is:  [[5, 237, 200, 252, 133, 205], [234, 4, 135, 273, 141, 179], [257, 259, 101, 105, 243, 212], [224, 144, 17, 153, 254, 159]]
present:  [4, 5, 101, 105, 133, 135, 141, 179, 200, 205, 212, 234, 237, 243, 252, 257, 259, 273]
episode total reward is:  115.074
---------------------------------------------------------------
train episode:  3
eps in this episode is:  0.285
eps_wstart in this episode is:  0.27999999999999997
using warm-start actions
choosing ada_greedy
using warm-start actions
choosing ada_greedy
using warm-start actions
choosing max degree
using warm-start actions
choosing random
action in this episode is:  [[263, 107, 273, 308, 119, 151], [257, 265, 234, 298, 204, 187], [5, 237, 200, 252, 133, 205], [46, 163, 394, 229, 331, 144]]
present:  [5, 107, 119, 133, 151, 187, 200, 204, 205, 234, 237, 252, 257, 263, 265, 273, 298, 308]
episode total reward is:  100.735
---------------------------------------------------------------
train episode:  4
eps in this episode is:  0.27999999999999997
eps_wstart in this episode is:  0.27499999999999997
using warm-start actions
choosing max degree
using warm-start actions
choosing random
using warm-start actions
choosing ada_greedy
using warm-start actions
choosing random
action in this episode is:  [[5, 237, 200, 252, 133, 205], [273, 4, 298, 73, 293, 282], [228, 304, 308, 152, 153, 218], [403, 403, 217, 190, 140, 379]]
present:  [4, 5, 73, 133, 152, 153, 200, 205, 218, 228, 237, 252, 273, 282, 293, 298, 304, 308]
episode total reward is:  98.809
---------------------------------------------------------------
train episode:  5
eps in this episode is:  0.27499999999999997
eps_wstart in this episode is:  0.26999999999999996
using warm-start actions
choosing ada_greedy
using warm-start actions
choosing random
using warm-start actions
choosing max degree
using warm-start actions
choosing ada_greedy
action in this episode is:  [[264, 298, 234, 139, 241, 306], [116, 189, 230, 325, 92, 200], [5, 237, 252, 133, 205, 4], [224, 166, 154, 299, 111, 218]]
present:  [4, 5, 92, 116, 133, 139, 189, 200, 205, 230, 234, 237, 241, 252, 264, 298, 306, 325]
episode total reward is:  108.892
secondary loss is:  714.8409423828125
---------------------------------------------------------------
train episode:  6
eps in this episode is:  0.27
eps_wstart in this episode is:  0.26499999999999996
choosing ada_greedy
choosing ada_greedy
action in this episode is:  [[5, 237, 4, 369, 200, 252], [133, 265, 272, 307, 115, 253], [160, 161, 192, 105, 205, 126], [382, 17, 87, 327, 388, 108]]
present:  [4, 5, 105, 115, 126, 133, 160, 161, 192, 200, 205, 237, 252, 253, 265, 272, 307, 369]
episode total reward is:  116.221
secondary loss is:  684.5388793945312
---------------------------------------------------------------
train episode:  7
eps in this episode is:  0.265
eps_wstart in this episode is:  0.25999999999999995
choosing max degree
action in this episode is:  [[5, 237, 4, 59, 369, 200], [252, 382, 139, 126, 17, 87], [327, 388, 286, 108, 337, 55], [133, 205, 234, 135, 273, 141]]
present:  [4, 5, 17, 55, 59, 87, 108, 126, 139, 200, 237, 252, 286, 327, 337, 369, 382, 388]
episode total reward is:  124.777
secondary loss is:  128.52581787109375
---------------------------------------------------------------
train episode:  8
eps in this episode is:  0.26
eps_wstart in this episode is:  0.25499999999999995
choosing random
action in this episode is:  [[5, 239, 237, 4, 291, 304], [208, 404, 158, 297, 314, 320], [369, 343, 200, 252, 382, 126], [17, 87, 181, 327, 388, 108]]
present:  [4, 5, 126, 158, 200, 208, 237, 239, 252, 291, 297, 304, 314, 320, 343, 369, 382, 404]
episode total reward is:  90.178
secondary loss is:  438.9524841308594
---------------------------------------------------------------
train episode:  9
eps in this episode is:  0.255
eps_wstart in this episode is:  0.24999999999999994
choosing ada_greedy
choosing ada_greedy
action in this episode is:  [[262, 233, 301, 304, 308, 154], [5, 12, 237, 4, 369, 200], [98, 263, 307, 212, 218, 252], [382, 189, 17, 228, 126, 105]]
present:  [4, 5, 12, 98, 154, 200, 212, 218, 233, 237, 252, 262, 263, 301, 304, 307, 308, 369]
episode total reward is:  100.666
secondary loss is:  257.2452697753906
---------------------------------------------------------------
train episode:  10
eps in this episode is:  0.25
eps_wstart in this episode is:  0.24499999999999994
action in this episode is:  [[242, 5, 152, 294, 186, 237], [4, 369, 200, 252, 382, 17], [126, 87, 375, 69, 327, 108], [93, 388, 337, 55, 133, 243]]
present:  [4, 5, 17, 69, 87, 108, 126, 152, 186, 200, 237, 242, 252, 294, 327, 369, 375, 382]
episode total reward is:  111.554
secondary loss is:  75.19830322265625
---------------------------------------------------------------
train episode:  11
eps in this episode is:  0.245
eps_wstart in this episode is:  0.23999999999999994
choosing max degree
choosing random
action in this episode is:  [[5, 237, 4, 369, 200, 252], [133, 205, 234, 135, 273, 141], [41, 81, 189, 346, 55, 240], [382, 17, 126, 327, 50, 87]]
present:  [4, 5, 41, 55, 81, 133, 135, 141, 189, 200, 205, 234, 237, 240, 252, 273, 346, 369]
episode total reward is:  118.338
secondary loss is:  253.3385467529297
---------------------------------------------------------------
train episode:  12
eps in this episode is:  0.24
eps_wstart in this episode is:  0.23499999999999993
choosing ada_greedy
choosing random
action in this episode is:  [[266, 307, 243, 214, 311, 218], [5, 237, 4, 315, 369, 200], [194, 161, 376, 38, 333, 321], [126, 252, 198, 382, 401, 17]]
present:  [4, 5, 38, 161, 194, 200, 214, 218, 237, 243, 266, 307, 311, 315, 321, 333, 369, 376]
episode total reward is:  101.16
secondary loss is:  119.62847137451172
---------------------------------------------------------------
train episode:  13
eps in this episode is:  0.235
eps_wstart in this episode is:  0.22999999999999993
action in this episode is:  [[5, 237, 4, 369, 200, 252], [280, 17, 382, 334, 163, 126], [241, 171, 87, 327, 107, 108], [388, 337, 26, 55, 175, 400]]
present:  [4, 5, 17, 87, 107, 108, 126, 163, 171, 200, 237, 241, 252, 280, 327, 334, 369, 382]
episode total reward is:  88.765
secondary loss is:  130.0650177001953
---------------------------------------------------------------
train episode:  14
eps in this episode is:  0.22999999999999998
eps_wstart in this episode is:  0.22499999999999992
choosing max degree
action in this episode is:  [[71, 5, 237, 4, 369, 350], [200, 252, 133, 205, 234, 135], [17, 382, 126, 87, 327, 190], [108, 388, 337, 55, 41, 193]]
present:  [4, 5, 17, 71, 87, 126, 133, 135, 190, 200, 205, 234, 237, 252, 327, 350, 369, 382]
episode total reward is:  113.176
secondary loss is:  97.99129486083984
---------------------------------------------------------------
train episode:  15
eps in this episode is:  0.22499999999999998
eps_wstart in this episode is:  0.21999999999999992
choosing random
choosing max degree
choosing random
choosing ada_greedy
action in this episode is:  [[234, 103, 257, 146, 262, 242], [5, 237, 200, 252, 133, 205], [322, 65, 173, 404, 247, 278], [135, 105, 274, 179, 308, 281]]
present:  [5, 65, 103, 133, 146, 173, 200, 205, 234, 237, 242, 247, 252, 257, 262, 278, 322, 404]
episode total reward is:  104.9
secondary loss is:  31.051345825195312
---------------------------------------------------------------
train episode:  16
eps in this episode is:  0.21999999999999997
eps_wstart in this episode is:  0.2149999999999999
action in this episode is:  [[5, 139, 237, 4, 369, 200], [252, 17, 182, 382, 126, 327], [87, 60, 272, 108, 348, 388], [337, 55, 133, 41, 193, 205]]
present:  [4, 5, 17, 60, 87, 108, 126, 139, 182, 200, 237, 252, 272, 327, 348, 369, 382, 388]
episode total reward is:  109.622
secondary loss is:  26.178876876831055
---------------------------------------------------------------
train episode:  17
eps in this episode is:  0.21499999999999997
eps_wstart in this episode is:  0.2099999999999999
choosing ada_greedy
choosing random
action in this episode is:  [[5, 237, 4, 146, 200, 369], [252, 17, 382, 198, 292, 126], [224, 257, 263, 269, 301, 304], [374, 108, 96, 116, 288, 213]]
present:  [4, 5, 17, 126, 146, 198, 200, 224, 237, 252, 257, 263, 269, 292, 301, 304, 369, 382]
episode total reward is:  99.704
secondary loss is:  26.2716064453125
---------------------------------------------------------------
train episode:  18
eps in this episode is:  0.21
eps_wstart in this episode is:  0.2049999999999999
choosing ada_greedy
action in this episode is:  [[5, 237, 225, 4, 369, 200], [252, 17, 382, 102, 126, 108], [321, 69, 103, 282, 273, 186], [327, 87, 41, 388, 337, 141]]
present:  [4, 5, 17, 69, 102, 103, 108, 126, 186, 200, 225, 237, 252, 273, 282, 321, 369, 382]
episode total reward is:  120.253
secondary loss is:  4.900219917297363
---------------------------------------------------------------
train episode:  19
eps in this episode is:  0.205
eps_wstart in this episode is:  0.1999999999999999
choosing max degree
action in this episode is:  [[5, 237, 332, 4, 200, 369], [252, 133, 205, 234, 135, 273], [17, 304, 408, 382, 204, 126], [327, 108, 87, 388, 337, 41]]
present:  [4, 5, 17, 126, 133, 135, 200, 204, 205, 234, 237, 252, 273, 304, 332, 369, 382, 408]
episode total reward is:  115.325
secondary loss is:  28.921119689941406
---------------------------------------------------------------
train episode:  20
eps in this episode is:  0.19999999999999998
eps_wstart in this episode is:  0.1949999999999999
action in this episode is:  [[5, 237, 175, 327, 4, 369], [200, 83, 36, 252, 17, 45], [382, 108, 87, 126, 388, 337], [127, 239, 55, 235, 41, 133]]
present:  [4, 5, 17, 36, 45, 83, 87, 108, 126, 175, 200, 237, 252, 327, 337, 369, 382, 388]
episode total reward is:  90.649
secondary loss is:  2.3625223636627197
---------------------------------------------------------------
train episode:  21
eps in this episode is:  0.195
eps_wstart in this episode is:  0.1899999999999999
choosing ada_greedy
action in this episode is:  [[5, 237, 4, 200, 399, 369], [98, 232, 269, 305, 273, 179], [252, 17, 382, 108, 327, 126], [328, 87, 302, 221, 388, 337]]
present:  [4, 5, 17, 98, 108, 126, 179, 200, 232, 237, 252, 269, 273, 305, 327, 369, 382, 399]
episode total reward is:  99.207
secondary loss is:  6.710042953491211
---------------------------------------------------------------
train episode:  22
eps in this episode is:  0.19
eps_wstart in this episode is:  0.1849999999999999
choosing max degree
action in this episode is:  [[5, 64, 237, 4, 200, 369], [252, 133, 205, 234, 135, 273], [184, 17, 382, 327, 126, 87], [108, 388, 337, 225, 41, 55]]
present:  [4, 5, 17, 64, 87, 126, 133, 135, 184, 200, 205, 234, 237, 252, 273, 327, 369, 382]
episode total reward is:  115.448
secondary loss is:  0.44637998938560486
---------------------------------------------------------------
train episode:  23
eps in this episode is:  0.185
eps_wstart in this episode is:  0.17999999999999988
choosing random
choosing random
action in this episode is:  [[71, 175, 304, 68, 270, 305], [197, 384, 151, 387, 280, 406], [333, 5, 237, 4, 200, 369], [252, 17, 382, 108, 327, 126]]
present:  [4, 5, 68, 71, 151, 175, 197, 200, 237, 270, 280, 304, 305, 333, 369, 384, 387, 406]
episode total reward is:  87.418
secondary loss is:  6.240674018859863
---------------------------------------------------------------
train episode:  24
eps in this episode is:  0.18
eps_wstart in this episode is:  0.17499999999999988
choosing ada_greedy
choosing ada_greedy
action in this episode is:  [[260, 263, 298, 266, 272, 281], [163, 209, 218, 155, 286, 159], [5, 237, 4, 369, 200, 17], [252, 382, 108, 321, 327, 126]]
present:  [4, 5, 17, 155, 159, 163, 200, 209, 218, 237, 260, 263, 266, 272, 281, 286, 298, 369]
episode total reward is:  108.687
secondary loss is:  1.1646974086761475
---------------------------------------------------------------
train episode:  25
eps in this episode is:  0.175
eps_wstart in this episode is:  0.16999999999999987
choosing random
action in this episode is:  [[5, 96, 237, 4, 118, 200], [375, 402, 398, 10, 148, 249], [369, 142, 252, 17, 382, 108], [396, 327, 388, 126, 87, 350]]
present:  [4, 5, 10, 17, 96, 108, 118, 142, 148, 200, 237, 249, 252, 369, 375, 382, 398, 402]
episode total reward is:  78.513
secondary loss is:  13.29387378692627
---------------------------------------------------------------
train episode:  26
eps in this episode is:  0.16999999999999998
eps_wstart in this episode is:  0.16499999999999987
choosing ada_greedy
action in this episode is:  [[260, 234, 305, 274, 273, 145], [5, 237, 4, 369, 200, 252], [17, 382, 108, 327, 126, 87], [388, 337, 41, 55, 133, 193]]
present:  [4, 5, 17, 87, 108, 126, 145, 200, 234, 237, 252, 260, 273, 274, 305, 327, 369, 382]
episode total reward is:  108.48
secondary loss is:  6.545177936553955
---------------------------------------------------------------
train episode:  27
eps in this episode is:  0.16499999999999998
eps_wstart in this episode is:  0.15999999999999986
choosing random
action in this episode is:  [[5, 237, 4, 200, 369, 184], [252, 17, 382, 108, 327, 60], [263, 226, 197, 152, 95, 130], [388, 126, 185, 87, 244, 337]]
present:  [4, 5, 17, 60, 95, 108, 130, 152, 184, 197, 200, 226, 237, 252, 263, 327, 369, 382]
episode total reward is:  97.293
secondary loss is:  18.012435913085938
---------------------------------------------------------------
train episode:  28
eps in this episode is:  0.15999999999999998
eps_wstart in this episode is:  0.15499999999999986
action in this episode is:  [[5, 237, 4, 200, 369, 57], [252, 17, 382, 108, 327, 126], [388, 183, 125, 87, 337, 41], [118, 133, 55, 193, 267, 234]]
present:  [4, 5, 17, 41, 57, 87, 108, 125, 126, 183, 200, 237, 252, 327, 337, 369, 382, 388]
episode total reward is:  111.381
secondary loss is:  17.418867111206055
---------------------------------------------------------------
train episode:  29
eps in this episode is:  0.155
eps_wstart in this episode is:  0.14999999999999986
choosing max degree
action in this episode is:  [[5, 237, 200, 252, 133, 205], [296, 4, 369, 17, 382, 108], [327, 126, 69, 87, 304, 388], [337, 41, 55, 193, 234, 141]]
present:  [4, 5, 17, 69, 87, 108, 126, 133, 200, 205, 237, 252, 296, 304, 327, 369, 382, 388]
episode total reward is:  120.638
secondary loss is:  14.927769660949707
---------------------------------------------------------------
train episode:  30
eps in this episode is:  0.15
eps_wstart in this episode is:  0.14499999999999985
choosing random
action in this episode is:  [[5, 237, 4, 200, 146, 369], [177, 252, 249, 329, 17, 382], [108, 327, 126, 388, 87, 337], [165, 121, 18, 243, 378, 373]]
present:  [4, 5, 17, 87, 108, 126, 146, 177, 200, 237, 249, 252, 327, 329, 337, 369, 382, 388]
episode total reward is:  99.009
secondary loss is:  12.126147270202637
---------------------------------------------------------------
train episode:  31
eps in this episode is:  0.145
eps_wstart in this episode is:  0.13999999999999985
choosing max degree
choosing random
action in this episode is:  [[5, 237, 200, 252, 133, 205], [98, 136, 220, 210, 63, 338], [4, 356, 369, 17, 382, 108], [209, 327, 101, 388, 87, 126]]
present:  [4, 5, 17, 63, 98, 108, 133, 136, 200, 205, 210, 220, 237, 252, 338, 356, 369, 382]
episode total reward is:  101.585
secondary loss is:  19.516834259033203
---------------------------------------------------------------
train episode:  32
eps in this episode is:  0.13999999999999999
eps_wstart in this episode is:  0.13499999999999984
choosing max degree
action in this episode is:  [[131, 5, 237, 4, 200, 369], [252, 17, 382, 108, 327, 126], [133, 205, 234, 135, 273, 141], [388, 87, 337, 41, 55, 193]]
present:  [4, 5, 17, 108, 126, 131, 133, 135, 141, 200, 205, 234, 237, 252, 273, 327, 369, 382]
episode total reward is:  124.322
secondary loss is:  10.111433029174805
---------------------------------------------------------------
train episode:  33
eps in this episode is:  0.13499999999999998
eps_wstart in this episode is:  0.12999999999999984
choosing ada_greedy
action in this episode is:  [[117, 5, 237, 4, 200, 369], [252, 17, 382, 108, 327, 388], [135, 104, 265, 274, 278, 121], [299, 87, 126, 337, 41, 55]]
present:  [4, 5, 17, 104, 108, 117, 121, 135, 200, 237, 252, 265, 274, 278, 327, 369, 382, 388]
episode total reward is:  113.221
secondary loss is:  9.359243392944336
---------------------------------------------------------------
train episode:  34
eps in this episode is:  0.12999999999999998
eps_wstart in this episode is:  0.12499999999999983
action in this episode is:  [[5, 237, 284, 4, 200, 369], [252, 17, 382, 108, 327, 388], [126, 87, 337, 41, 55, 184], [133, 193, 234, 205, 141, 135]]
present:  [4, 5, 17, 41, 55, 87, 108, 126, 184, 200, 237, 252, 284, 327, 337, 369, 382, 388]
episode total reward is:  120.842
secondary loss is:  13.820758819580078
---------------------------------------------------------------
train episode:  35
eps in this episode is:  0.12499999999999997
eps_wstart in this episode is:  0.11999999999999983
action in this episode is:  [[5, 237, 4, 200, 369, 252], [17, 382, 108, 327, 388, 126], [87, 337, 41, 120, 133, 55], [193, 205, 254, 234, 141, 22]]
present:  [4, 5, 17, 41, 55, 87, 108, 120, 126, 133, 200, 237, 252, 327, 337, 369, 382, 388]
episode total reward is:  117.714
secondary loss is:  10.716983795166016
---------------------------------------------------------------
train episode:  36
eps in this episode is:  0.12
eps_wstart in this episode is:  0.11499999999999982
choosing max degree
action in this episode is:  [[5, 212, 237, 4, 200, 159], [252, 133, 205, 234, 135, 273], [369, 17, 382, 108, 327, 388], [126, 87, 337, 41, 55, 193]]
present:  [4, 5, 17, 108, 133, 135, 159, 200, 205, 212, 234, 237, 252, 273, 327, 369, 382, 388]
episode total reward is:  122.322
secondary loss is:  13.614569664001465
---------------------------------------------------------------
train episode:  37
eps in this episode is:  0.11499999999999999
eps_wstart in this episode is:  0.10999999999999982
action in this episode is:  [[5, 237, 4, 200, 369, 252], [17, 303, 382, 108, 327, 126], [388, 334, 87, 337, 55, 133], [41, 193, 234, 205, 141, 288]]
present:  [4, 5, 17, 55, 87, 108, 126, 133, 200, 237, 252, 303, 327, 334, 337, 369, 382, 388]
episode total reward is:  115.156
secondary loss is:  9.196566581726074
---------------------------------------------------------------
train episode:  38
eps in this episode is:  0.10999999999999999
eps_wstart in this episode is:  0.10499999999999982
choosing random
action in this episode is:  [[5, 237, 4, 200, 369, 252], [352, 157, 386, 68, 145, 143], [249, 17, 382, 108, 327, 313], [126, 388, 87, 337, 133, 41]]
present:  [4, 5, 17, 68, 108, 143, 145, 157, 200, 237, 249, 252, 313, 327, 352, 369, 382, 386]
episode total reward is:  94.862
secondary loss is:  0.7095827460289001
---------------------------------------------------------------
train episode:  39
eps in this episode is:  0.10499999999999998
eps_wstart in this episode is:  0.09999999999999981
choosing ada_greedy
choosing ada_greedy
action in this episode is:  [[262, 16, 183, 281, 252, 254], [5, 237, 4, 200, 369, 17], [69, 135, 105, 298, 142, 218], [382, 108, 327, 388, 87, 126]]
present:  [4, 5, 16, 17, 69, 105, 135, 142, 183, 200, 218, 237, 252, 254, 262, 281, 298, 369]
episode total reward is:  115.754
secondary loss is:  9.453116416931152
---------------------------------------------------------------
train episode:  40
eps in this episode is:  0.1
eps_wstart in this episode is:  0.0949999999999998
choosing ada_greedy
choosing random
action in this episode is:  [[96, 99, 264, 267, 306, 274], [5, 237, 4, 200, 369, 252], [198, 319, 179, 221, 110, 191], [17, 382, 108, 327, 304, 388]]
present:  [4, 5, 96, 99, 110, 179, 191, 198, 200, 221, 237, 252, 264, 267, 274, 306, 319, 369]
episode total reward is:  104.361
secondary loss is:  5.056218147277832
---------------------------------------------------------------
train episode:  41
eps in this episode is:  0.1
eps_wstart in this episode is:  0.0899999999999998
choosing ada_greedy
action in this episode is:  [[5, 237, 4, 200, 369, 252], [17, 382, 108, 327, 388, 180], [174, 273, 241, 277, 152, 218], [87, 126, 337, 41, 55, 133]]
present:  [4, 5, 17, 108, 152, 174, 180, 200, 218, 237, 241, 252, 273, 277, 327, 369, 382, 388]
episode total reward is:  121.941
secondary loss is:  10.16313362121582
---------------------------------------------------------------
train episode:  42
eps in this episode is:  0.1
eps_wstart in this episode is:  0.0849999999999998
choosing ada_greedy
choosing random
action in this episode is:  [[135, 200, 233, 209, 277, 343], [5, 237, 65, 153, 4, 369], [252, 17, 382, 327, 108, 126], [145, 292, 368, 278, 192, 80]]
present:  [4, 5, 17, 65, 108, 126, 135, 153, 200, 209, 233, 237, 252, 277, 327, 343, 369, 382]
episode total reward is:  115.682
secondary loss is:  3.1615548133850098
---------------------------------------------------------------
train episode:  43
eps in this episode is:  0.1
eps_wstart in this episode is:  0.0799999999999998
action in this episode is:  [[5, 237, 4, 200, 25, 369], [252, 17, 382, 108, 327, 126], [388, 87, 337, 41, 133, 55], [193, 205, 234, 141, 135, 65]]
present:  [4, 5, 17, 25, 41, 55, 87, 108, 126, 133, 200, 237, 252, 327, 337, 369, 382, 388]
episode total reward is:  122.041
secondary loss is:  1.6550830602645874
---------------------------------------------------------------
train episode:  44
eps in this episode is:  0.1
eps_wstart in this episode is:  0.07499999999999979
action in this episode is:  [[308, 5, 237, 4, 200, 369], [252, 17, 382, 108, 126, 288], [204, 327, 388, 87, 337, 41], [55, 133, 193, 205, 234, 135]]
present:  [4, 5, 17, 41, 87, 108, 126, 200, 204, 237, 252, 288, 308, 327, 337, 369, 382, 388]
episode total reward is:  116.916
secondary loss is:  14.020660400390625
---------------------------------------------------------------
train episode:  45
eps in this episode is:  0.1
eps_wstart in this episode is:  0.06999999999999978
choosing random
action in this episode is:  [[99, 325, 9, 224, 123, 383], [5, 237, 4, 200, 369, 252], [17, 382, 108, 373, 126, 327], [388, 87, 337, 55, 41, 140]]
present:  [4, 5, 9, 17, 99, 108, 123, 126, 200, 224, 237, 252, 325, 327, 369, 373, 382, 383]
episode total reward is:  102.587
secondary loss is:  3.3513541221618652
---------------------------------------------------------------
train episode:  46
eps in this episode is:  0.1
eps_wstart in this episode is:  0.06499999999999978
choosing random
action in this episode is:  [[324, 380, 62, 324, 32, 154], [188, 334, 5, 237, 4, 200], [61, 369, 105, 252, 37, 17], [382, 108, 126, 327, 388, 87]]
present:  [4, 5, 17, 32, 37, 61, 62, 105, 154, 188, 200, 237, 252, 324, 334, 369, 380]
episode total reward is:  85.219
secondary loss is:  9.343070030212402
---------------------------------------------------------------
train episode:  47
eps in this episode is:  0.1
eps_wstart in this episode is:  0.05999999999999978
action in this episode is:  [[5, 237, 289, 4, 200, 369], [252, 17, 382, 108, 327, 388], [329, 94, 126, 87, 337, 77], [133, 41, 55, 193, 205, 234]]
present:  [4, 5, 17, 77, 87, 94, 108, 126, 200, 237, 252, 289, 327, 329, 337, 369, 382, 388]
episode total reward is:  108.722
secondary loss is:  9.73784065246582
---------------------------------------------------------------
train episode:  48
eps in this episode is:  0.1
eps_wstart in this episode is:  0.054999999999999785
action in this episode is:  [[5, 237, 4, 200, 369, 252], [17, 382, 108, 126, 327, 72], [87, 388, 337, 41, 55, 133], [193, 234, 205, 271, 141, 135]]
present:  [4, 5, 17, 41, 55, 72, 87, 108, 126, 133, 200, 237, 252, 327, 337, 369, 382, 388]
episode total reward is:  120.319
secondary loss is:  8.49209976196289
---------------------------------------------------------------
train episode:  49
eps in this episode is:  0.1
eps_wstart in this episode is:  0.04999999999999979
choosing ada_greedy
action in this episode is:  [[5, 237, 4, 200, 337, 369], [252, 17, 382, 108, 327, 126], [388, 87, 41, 55, 133, 193], [264, 266, 304, 241, 308, 254]]
present:  [4, 5, 17, 41, 55, 87, 108, 126, 133, 193, 200, 237, 252, 327, 337, 369, 382, 388]
episode total reward is:  102.286
secondary loss is:  1.6945388317108154
---------------------------------------------------------------
train episode:  50
eps in this episode is:  0.1
eps_wstart in this episode is:  0.04499999999999979
action in this episode is:  [[5, 237, 4, 149, 200, 369], [335, 252, 17, 382, 108, 279], [327, 388, 126, 87, 337, 41], [133, 55, 193, 205, 234, 135]]
present:  [4, 5, 17, 41, 87, 108, 126, 149, 200, 237, 252, 279, 327, 335, 337, 369, 382, 388]
episode total reward is:  114.11
secondary loss is:  2.2493584156036377
---------------------------------------------------------------
train episode:  51
eps in this episode is:  0.1
eps_wstart in this episode is:  0.03999999999999979
action in this episode is:  [[5, 237, 4, 200, 369, 252], [17, 382, 108, 126, 327, 388], [87, 337, 55, 41, 133, 193], [399, 329, 247, 205, 234, 141]]
present:  [4, 5, 17, 41, 55, 87, 108, 126, 133, 193, 200, 237, 252, 327, 337, 369, 382, 388]
episode total reward is:  115.641
secondary loss is:  5.319936752319336
---------------------------------------------------------------
train episode:  52
eps in this episode is:  0.1
eps_wstart in this episode is:  0.034999999999999795
choosing ada_greedy
action in this episode is:  [[237, 109, 305, 273, 218, 252], [5, 4, 369, 200, 17, 382], [63, 108, 340, 327, 126, 87], [351, 388, 337, 283, 133, 55]]
present:  [4, 5, 17, 63, 87, 108, 109, 126, 200, 218, 237, 252, 273, 305, 327, 340, 369, 382]
episode total reward is:  108.01
secondary loss is:  16.257108688354492
---------------------------------------------------------------
train episode:  53
eps in this episode is:  0.1
eps_wstart in this episode is:  0.029999999999999794
action in this episode is:  [[5, 237, 4, 200, 369, 252], [17, 382, 108, 327, 126, 87], [388, 6, 337, 41, 55, 154], [133, 193, 253, 205, 234, 141]]
present:  [4, 5, 6, 17, 41, 55, 87, 108, 126, 154, 200, 237, 252, 327, 337, 369, 382, 388]
episode total reward is:  122.116
secondary loss is:  4.91691780090332
---------------------------------------------------------------
train episode:  54
eps in this episode is:  0.1
eps_wstart in this episode is:  0.024999999999999793
action in this episode is:  [[215, 284, 5, 237, 4, 200], [369, 252, 17, 382, 108, 217], [327, 126, 87, 388, 337, 55], [133, 41, 193, 116, 234, 205]]
present:  [4, 5, 17, 55, 87, 108, 126, 200, 215, 217, 237, 252, 284, 327, 337, 369, 382, 388]
episode total reward is:  115.914
secondary loss is:  2.405902862548828
---------------------------------------------------------------
train episode:  55
eps in this episode is:  0.1
eps_wstart in this episode is:  0.019999999999999792
choosing max degree
action in this episode is:  [[394, 5, 237, 4, 200, 369], [252, 17, 382, 108, 259, 126], [133, 205, 234, 135, 273, 141], [327, 388, 87, 337, 41, 55]]
present:  [4, 5, 17, 108, 126, 133, 135, 141, 200, 205, 234, 237, 252, 259, 273, 369, 382, 394]
episode total reward is:  122.025
secondary loss is:  8.482227325439453
---------------------------------------------------------------
train episode:  56
eps in this episode is:  0.1
eps_wstart in this episode is:  0.014999999999999791
action in this episode is:  [[5, 237, 4, 200, 369, 252], [17, 382, 199, 108, 126, 327], [87, 161, 388, 337, 41, 55], [133, 234, 193, 365, 319, 205]]
present:  [4, 5, 17, 41, 55, 87, 108, 126, 161, 199, 200, 237, 252, 327, 337, 369, 382, 388]
episode total reward is:  117.442
secondary loss is:  4.099242687225342
---------------------------------------------------------------
train episode:  57
eps in this episode is:  0.1
eps_wstart in this episode is:  0.00999999999999979
action in this episode is:  [[5, 237, 156, 4, 200, 369], [252, 17, 382, 108, 327, 227], [388, 87, 126, 337, 73, 55], [133, 41, 193, 205, 234, 141]]
present:  [4, 5, 17, 55, 73, 87, 108, 126, 156, 200, 227, 237, 252, 327, 337, 369, 382, 388]
episode total reward is:  116.496
secondary loss is:  6.913429260253906
---------------------------------------------------------------
train episode:  58
eps in this episode is:  0.1
eps_wstart in this episode is:  0.00499999999999979
action in this episode is:  [[5, 237, 4, 200, 369, 287], [252, 305, 17, 382, 108, 327], [126, 87, 388, 337, 55, 41], [133, 193, 205, 234, 141, 135]]
present:  [4, 5, 17, 41, 55, 87, 108, 126, 200, 237, 252, 287, 305, 327, 337, 369, 382, 388]
episode total reward is:  121.593
secondary loss is:  1.0415689945220947
---------------------------------------------------------------
train episode:  59
eps in this episode is:  0.1
eps_wstart in this episode is:  0
action in this episode is:  [[5, 237, 4, 200, 369, 252], [17, 382, 108, 403, 126, 327], [388, 87, 337, 55, 41, 133], [193, 53, 188, 205, 234, 141]]
present:  [4, 5, 17, 41, 55, 87, 108, 126, 133, 200, 237, 252, 327, 337, 369, 382, 388, 403]
episode total reward is:  115.177
secondary loss is:  5.120443344116211
---------------------------------------------------------------
train episode:  60
eps in this episode is:  0.1
eps_wstart in this episode is:  0
action in this episode is:  [[5, 237, 4, 200, 369, 252], [17, 382, 108, 380, 126, 327], [87, 388, 337, 55, 41, 133], [193, 205, 234, 141, 135, 54]]
present:  [4, 5, 17, 41, 55, 87, 108, 126, 133, 200, 237, 252, 327, 337, 369, 380, 382, 388]
episode total reward is:  119.263
secondary loss is:  1.557506799697876
---------------------------------------------------------------
train episode:  61
eps in this episode is:  0.1
eps_wstart in this episode is:  0
action in this episode is:  [[5, 237, 4, 200, 369, 252], [17, 382, 108, 327, 126, 388], [87, 337, 41, 55, 133, 193], [236, 205, 213, 234, 141, 65]]
present:  [4, 5, 17, 41, 55, 87, 108, 126, 133, 193, 200, 237, 252, 327, 337, 369, 382, 388]
episode total reward is:  120.25
secondary loss is:  2.5941812992095947
---------------------------------------------------------------
train episode:  62
eps in this episode is:  0.1
eps_wstart in this episode is:  0
action in this episode is:  [[5, 237, 256, 4, 200, 369], [252, 17, 382, 108, 327, 126], [388, 205, 87, 337, 133, 41], [55, 193, 234, 141, 135, 54]]
present:  [4, 5, 17, 41, 87, 108, 126, 133, 200, 205, 237, 252, 256, 327, 337, 369, 382, 388]
episode total reward is:  119.789
secondary loss is:  4.962746620178223
---------------------------------------------------------------
train episode:  63
eps in this episode is:  0.1
eps_wstart in this episode is:  0
action in this episode is:  [[5, 237, 4, 200, 369, 252], [170, 17, 382, 108, 327, 153], [87, 388, 126, 337, 41, 172], [55, 133, 193, 205, 234, 135]]
present:  [4, 5, 17, 41, 87, 108, 126, 153, 170, 172, 200, 237, 252, 327, 337, 369, 382, 388]
episode total reward is:  120.289
secondary loss is:  4.449951171875
---------------------------------------------------------------
train episode:  64
eps in this episode is:  0.1
eps_wstart in this episode is:  0
action in this episode is:  [[5, 237, 4, 200, 369, 40], [252, 17, 382, 108, 126, 327], [399, 87, 388, 337, 55, 41], [133, 193, 205, 234, 135, 141]]
present:  [4, 5, 17, 40, 41, 55, 87, 108, 126, 200, 237, 252, 327, 337, 369, 382, 388, 399]
episode total reward is:  120.581
secondary loss is:  0.04237591475248337
---------------------------------------------------------------
train episode:  65
eps in this episode is:  0.1
eps_wstart in this episode is:  0
action in this episode is:  [[5, 237, 4, 200, 369, 252], [17, 382, 108, 126, 327, 388], [104, 87, 337, 137, 55, 41], [133, 193, 205, 234, 141, 135]]
present:  [4, 5, 17, 41, 55, 87, 104, 108, 126, 137, 200, 237, 252, 327, 337, 369, 382, 388]
episode total reward is:  121.214
secondary loss is:  9.96522045135498
---------------------------------------------------------------
train episode:  66
eps in this episode is:  0.1
eps_wstart in this episode is:  0
action in this episode is:  [[107, 5, 237, 4, 200, 369], [252, 17, 382, 108, 327, 126], [388, 87, 337, 41, 55, 133], [193, 164, 205, 234, 141, 65]]
present:  [4, 5, 17, 41, 55, 87, 107, 108, 126, 133, 200, 237, 252, 327, 337, 369, 382, 388]
episode total reward is:  124.156
secondary loss is:  4.251546859741211
---------------------------------------------------------------
train episode:  67
eps in this episode is:  0.1
eps_wstart in this episode is:  0
action in this episode is:  [[5, 237, 4, 200, 369, 252], [17, 382, 108, 126, 327, 388], [87, 337, 41, 133, 55, 193], [205, 234, 135, 141, 65, 54]]
present:  [4, 5, 17, 41, 55, 87, 108, 126, 133, 193, 200, 237, 252, 327, 337, 369, 382, 388]
episode total reward is:  121.151
secondary loss is:  1.5685480833053589
---------------------------------------------------------------
train episode:  68
eps in this episode is:  0.1
eps_wstart in this episode is:  0
action in this episode is:  [[5, 237, 4, 200, 369, 252], [103, 17, 382, 108, 327, 126], [388, 87, 337, 41, 55, 133], [193, 234, 205, 141, 179, 135]]
present:  [4, 5, 17, 41, 55, 87, 103, 108, 126, 133, 200, 237, 252, 327, 337, 369, 382, 388]
episode total reward is:  119.711
secondary loss is:  4.773351192474365
---------------------------------------------------------------
train episode:  69
eps in this episode is:  0.1
eps_wstart in this episode is:  0
action in this episode is:  [[5, 237, 4, 200, 299, 369], [252, 17, 382, 108, 327, 388], [87, 169, 126, 337, 55, 41], [133, 193, 205, 234, 141, 135]]
present:  [4, 5, 17, 41, 55, 87, 108, 126, 169, 200, 237, 252, 299, 327, 337, 369, 382, 388]
episode total reward is:  123.573
secondary loss is:  8.805902481079102
---------------------------------------------------------------
train episode:  70
eps in this episode is:  0.1
eps_wstart in this episode is:  0
action in this episode is:  [[5, 237, 4, 200, 201, 369], [252, 184, 17, 382, 108, 327], [87, 126, 388, 337, 41, 55], [278, 133, 193, 234, 205, 141]]
present:  [4, 5, 17, 41, 55, 87, 108, 126, 184, 200, 201, 237, 252, 327, 337, 369, 382, 388]
episode total reward is:  121.88
secondary loss is:  1.6263048648834229
---------------------------------------------------------------
train episode:  71
eps in this episode is:  0.1
eps_wstart in this episode is:  0
action in this episode is:  [[5, 237, 4, 200, 369, 252], [17, 382, 327, 108, 388, 381], [126, 87, 337, 41, 55, 133], [193, 205, 234, 135, 141, 54]]
present:  [4, 5, 17, 41, 55, 87, 108, 126, 133, 200, 237, 252, 327, 337, 369, 381, 382, 388]
episode total reward is:  121.88
secondary loss is:  1.9462811946868896
---------------------------------------------------------------
train episode:  72
eps in this episode is:  0.1
eps_wstart in this episode is:  0
action in this episode is:  [[110, 158, 5, 237, 368, 4], [147, 65, 200, 47, 369, 73], [252, 17, 382, 108, 327, 388], [126, 87, 175, 337, 55, 41]]
present:  [4, 5, 17, 47, 65, 73, 108, 110, 147, 158, 200, 237, 252, 327, 368, 369, 382, 388]
episode total reward is:  87.409
secondary loss is:  11.20770263671875
---------------------------------------------------------------
train episode:  73
eps in this episode is:  0.1
eps_wstart in this episode is:  0
action in this episode is:  [[5, 237, 4, 200, 369, 283], [252, 17, 382, 108, 327, 126], [87, 388, 337, 55, 31, 41], [133, 193, 205, 234, 141, 135]]
present:  [4, 5, 17, 31, 41, 55, 87, 108, 126, 200, 237, 252, 283, 327, 337, 369, 382, 388]
episode total reward is:  118.419
secondary loss is:  3.024317979812622
---------------------------------------------------------------
train episode:  74
eps in this episode is:  0.1
eps_wstart in this episode is:  0
action in this episode is:  [[5, 237, 4, 200, 369, 252], [17, 382, 108, 327, 87, 126], [388, 337, 133, 55, 41, 193], [205, 234, 141, 135, 68, 54]]
present:  [4, 5, 17, 41, 55, 87, 108, 126, 133, 193, 200, 237, 252, 327, 337, 369, 382, 388]
episode total reward is:  123.584
secondary loss is:  12.336281776428223
---------------------------------------------------------------
train episode:  75
eps in this episode is:  0.1
eps_wstart in this episode is:  0
action in this episode is:  [[5, 237, 4, 200, 369, 252], [17, 382, 108, 327, 87, 126], [388, 337, 55, 41, 133, 193], [205, 234, 141, 135, 54, 192]]
present:  [4, 5, 17, 41, 55, 87, 108, 126, 133, 193, 200, 237, 252, 327, 337, 369, 382, 388]
episode total reward is:  120.169
secondary loss is:  8.730107307434082
---------------------------------------------------------------
train episode:  76
eps in this episode is:  0.1
eps_wstart in this episode is:  0
action in this episode is:  [[5, 237, 4, 200, 369, 252], [17, 382, 108, 327, 87, 126], [388, 337, 55, 41, 133, 193], [234, 1, 386, 205, 141, 135]]
present:  [4, 5, 17, 41, 55, 87, 108, 126, 133, 193, 200, 237, 252, 327, 337, 369, 382, 388]
episode total reward is:  120.663
secondary loss is:  2.8108949661254883
---------------------------------------------------------------
train episode:  77
eps in this episode is:  0.1
eps_wstart in this episode is:  0
action in this episode is:  [[5, 237, 4, 200, 369, 252], [17, 382, 108, 327, 388, 126], [87, 337, 41, 133, 55, 193], [234, 141, 205, 65, 135, 54]]
present:  [4, 5, 17, 41, 55, 87, 108, 126, 133, 193, 200, 237, 252, 327, 337, 369, 382, 388]
episode total reward is:  123.328
secondary loss is:  2.76882266998291
---------------------------------------------------------------
train episode:  78
eps in this episode is:  0.1
eps_wstart in this episode is:  0
action in this episode is:  [[5, 237, 4, 200, 369, 252], [17, 382, 108, 327, 388, 87], [126, 337, 41, 55, 60, 340], [133, 193, 234, 205, 141, 135]]
present:  [4, 5, 17, 41, 55, 60, 87, 108, 126, 200, 237, 252, 327, 337, 340, 369, 382, 388]
episode total reward is:  119.765
secondary loss is:  8.12729549407959
---------------------------------------------------------------
train episode:  79
eps in this episode is:  0.1
eps_wstart in this episode is:  0
action in this episode is:  [[57, 5, 96, 237, 4, 200], [369, 252, 336, 17, 382, 108], [327, 87, 126, 388, 337, 41], [138, 228, 55, 133, 193, 205]]
present:  [4, 5, 17, 41, 57, 87, 96, 108, 126, 200, 237, 252, 327, 336, 337, 369, 382, 388]
episode total reward is:  106.483
secondary loss is:  15.878198623657227
---------------------------------------------------------------
train episode:  80
eps in this episode is:  0.1
eps_wstart in this episode is:  0
action in this episode is:  [[5, 237, 4, 140, 200, 369], [252, 17, 382, 108, 327, 126], [87, 388, 337, 357, 41, 133], [55, 193, 205, 234, 141, 135]]
present:  [4, 5, 17, 41, 87, 108, 126, 133, 140, 200, 237, 252, 327, 337, 357, 369, 382, 388]
episode total reward is:  123.541
secondary loss is:  13.083252906799316
---------------------------------------------------------------
train episode:  81
eps in this episode is:  0.1
eps_wstart in this episode is:  0
action in this episode is:  [[5, 237, 4, 369, 200, 252], [17, 382, 19, 108, 327, 126], [388, 87, 337, 41, 133, 55], [193, 205, 234, 141, 135, 54]]
present:  [4, 5, 17, 19, 41, 55, 87, 108, 126, 133, 200, 237, 252, 327, 337, 369, 382, 388]
episode total reward is:  119.59
secondary loss is:  7.300651550292969
---------------------------------------------------------------
train episode:  82
eps in this episode is:  0.1
eps_wstart in this episode is:  0
action in this episode is:  [[5, 237, 4, 200, 369, 252], [17, 305, 198, 253, 382, 108], [327, 28, 388, 87, 126, 337], [41, 55, 133, 193, 234, 205]]
present:  [4, 5, 17, 28, 87, 108, 126, 198, 200, 237, 252, 253, 305, 327, 337, 369, 382, 388]
episode total reward is:  113.404
secondary loss is:  0.9767095446586609
---------------------------------------------------------------
train episode:  83
eps in this episode is:  0.1
eps_wstart in this episode is:  0
action in this episode is:  [[5, 237, 4, 200, 369, 252], [17, 382, 108, 327, 126, 388], [87, 337, 41, 360, 55, 133], [193, 205, 234, 141, 135, 54]]
present:  [4, 5, 17, 41, 55, 87, 108, 126, 133, 200, 237, 252, 327, 337, 360, 369, 382, 388]
episode total reward is:  119.934
secondary loss is:  4.380087852478027
---------------------------------------------------------------
train episode:  84
eps in this episode is:  0.1
eps_wstart in this episode is:  0
action in this episode is:  [[5, 237, 4, 200, 369, 252], [17, 382, 402, 108, 327, 388], [383, 126, 121, 87, 337, 41], [55, 133, 193, 53, 234, 205]]
present:  [4, 5, 17, 41, 87, 108, 121, 126, 200, 237, 252, 327, 337, 369, 382, 383, 388, 402]
episode total reward is:  110.351
secondary loss is:  1.5806794166564941
---------------------------------------------------------------
train episode:  85
eps in this episode is:  0.1
eps_wstart in this episode is:  0
action in this episode is:  [[5, 237, 333, 4, 200, 369], [252, 17, 382, 108, 327, 126], [87, 388, 337, 41, 55, 133], [193, 205, 234, 135, 141, 65]]
present:  [4, 5, 17, 41, 55, 87, 108, 126, 133, 200, 237, 252, 327, 333, 337, 369, 382, 388]
episode total reward is:  124.974
secondary loss is:  2.727217435836792
---------------------------------------------------------------
train episode:  86
eps in this episode is:  0.1
eps_wstart in this episode is:  0
action in this episode is:  [[5, 237, 4, 369, 200, 252], [17, 382, 327, 108, 126, 388], [87, 337, 55, 163, 41, 133], [193, 205, 234, 135, 141, 65]]
present:  [4, 5, 17, 41, 55, 87, 108, 126, 133, 163, 200, 237, 252, 327, 337, 369, 382, 388]
episode total reward is:  125.719
secondary loss is:  1.6130815744400024
---------------------------------------------------------------
train episode:  87
eps in this episode is:  0.1
eps_wstart in this episode is:  0
action in this episode is:  [[5, 237, 4, 240, 200, 270], [369, 252, 17, 382, 108, 327], [126, 388, 87, 337, 41, 55], [133, 193, 205, 234, 135, 141]]
present:  [4, 5, 17, 41, 55, 87, 108, 126, 200, 237, 240, 252, 270, 327, 337, 369, 382, 388]
episode total reward is:  119.029
secondary loss is:  1.6256543397903442
---------------------------------------------------------------
train episode:  88
eps in this episode is:  0.1
eps_wstart in this episode is:  0
action in this episode is:  [[5, 338, 237, 28, 4, 200], [369, 286, 252, 17, 382, 108], [105, 295, 327, 126, 388, 87], [337, 55, 171, 41, 133, 40]]
present:  [4, 5, 17, 28, 87, 105, 108, 126, 200, 237, 252, 286, 295, 327, 338, 369, 382, 388]
episode total reward is:  98.725
secondary loss is:  2.815875291824341
---------------------------------------------------------------
train episode:  89
eps in this episode is:  0.1
eps_wstart in this episode is:  0
action in this episode is:  [[5, 237, 4, 200, 369, 252], [243, 150, 17, 382, 108, 327], [388, 87, 126, 337, 41, 55], [133, 193, 205, 234, 3, 141]]
present:  [4, 5, 17, 41, 55, 87, 108, 126, 150, 200, 237, 243, 252, 327, 337, 369, 382, 388]
episode total reward is:  119.192
secondary loss is:  6.027047634124756
---------------------------------------------------------------
train episode:  90
eps in this episode is:  0.1
eps_wstart in this episode is:  0
action in this episode is:  [[309, 5, 237, 4, 200, 369], [252, 17, 382, 108, 327, 126], [388, 301, 87, 337, 41, 55], [133, 193, 205, 234, 141, 135]]
present:  [4, 5, 17, 41, 55, 87, 108, 126, 200, 237, 252, 301, 309, 327, 337, 369, 382, 388]
episode total reward is:  120.996
secondary loss is:  3.8658719062805176
---------------------------------------------------------------
train episode:  91
eps in this episode is:  0.1
eps_wstart in this episode is:  0
action in this episode is:  [[5, 237, 4, 200, 369, 252], [17, 382, 108, 327, 401, 126], [87, 177, 388, 337, 41, 55], [133, 193, 184, 234, 205, 141]]
present:  [4, 5, 17, 41, 55, 87, 108, 126, 177, 200, 237, 252, 327, 337, 369, 382, 388, 401]
episode total reward is:  119.949
secondary loss is:  2.137021064758301
---------------------------------------------------------------
train episode:  92
eps in this episode is:  0.1
eps_wstart in this episode is:  0
action in this episode is:  [[5, 237, 4, 200, 369, 388], [252, 17, 382, 108, 126, 391], [327, 87, 187, 337, 277, 41], [55, 133, 74, 193, 205, 234]]
present:  [4, 5, 17, 41, 87, 108, 126, 187, 200, 237, 252, 277, 327, 337, 369, 382, 388, 391]
episode total reward is:  114.897
secondary loss is:  4.071958065032959
---------------------------------------------------------------
train episode:  93
eps in this episode is:  0.1
eps_wstart in this episode is:  0
action in this episode is:  [[5, 237, 4, 200, 369, 252], [17, 382, 108, 327, 126, 388], [87, 131, 337, 55, 41, 133], [352, 193, 205, 379, 234, 136]]
present:  [4, 5, 17, 41, 55, 87, 108, 126, 131, 133, 200, 237, 252, 327, 337, 369, 382, 388]
episode total reward is:  115.98
secondary loss is:  8.966888427734375
---------------------------------------------------------------
train episode:  94
eps in this episode is:  0.1
eps_wstart in this episode is:  0
action in this episode is:  [[5, 237, 200, 4, 369, 252], [221, 17, 1, 382, 108, 327], [126, 388, 87, 337, 41, 203], [55, 133, 234, 193, 205, 141]]
present:  [1, 4, 5, 17, 41, 87, 108, 126, 200, 203, 221, 237, 252, 327, 337, 369, 382, 388]
episode total reward is:  119.395
secondary loss is:  8.789504051208496
---------------------------------------------------------------
train episode:  95
eps in this episode is:  0.1
eps_wstart in this episode is:  0
action in this episode is:  [[5, 237, 4, 369, 200, 252], [153, 17, 382, 108, 327, 126], [87, 388, 337, 41, 55, 133], [193, 205, 234, 141, 135, 65]]
present:  [4, 5, 17, 41, 55, 87, 108, 126, 133, 153, 200, 237, 252, 327, 337, 369, 382, 388]
episode total reward is:  125.164
secondary loss is:  4.4315314292907715
---------------------------------------------------------------
train episode:  96
eps in this episode is:  0.1
eps_wstart in this episode is:  0
action in this episode is:  [[5, 237, 4, 200, 369, 252], [17, 382, 108, 327, 126, 388], [360, 87, 337, 41, 222, 121], [55, 133, 193, 205, 234, 141]]
present:  [4, 5, 17, 41, 87, 108, 121, 126, 200, 222, 237, 252, 327, 337, 360, 369, 382, 388]
episode total reward is:  117.179
secondary loss is:  2.095506191253662
---------------------------------------------------------------
train episode:  97
eps in this episode is:  0.1
eps_wstart in this episode is:  0
action in this episode is:  [[5, 237, 4, 369, 200, 252], [17, 382, 327, 108, 388, 87], [126, 337, 329, 41, 55, 133], [193, 234, 205, 135, 141, 54]]
present:  [4, 5, 17, 41, 55, 87, 108, 126, 133, 200, 237, 252, 327, 329, 337, 369, 382, 388]
episode total reward is:  121.114
secondary loss is:  9.373858451843262
---------------------------------------------------------------
train episode:  98
eps in this episode is:  0.1
eps_wstart in this episode is:  0
action in this episode is:  [[5, 237, 4, 200, 88, 369], [252, 17, 382, 108, 407, 327], [126, 87, 388, 337, 41, 55], [334, 133, 193, 205, 234, 135]]
present:  [4, 5, 17, 41, 55, 87, 88, 108, 126, 200, 237, 252, 327, 337, 369, 382, 388, 407]
episode total reward is:  115.199
secondary loss is:  4.107085704803467
---------------------------------------------------------------
train episode:  99
eps in this episode is:  0.1
eps_wstart in this episode is:  0
action in this episode is:  [[5, 237, 4, 200, 369, 252], [17, 382, 108, 327, 388, 126], [87, 337, 41, 133, 55, 193], [205, 234, 135, 141, 65, 54]]
present:  [4, 5, 17, 41, 55, 87, 108, 126, 133, 193, 200, 237, 252, 327, 337, 369, 382, 388]
episode total reward is:  123.031
secondary loss is:  2.012335777282715

---------------------------------------------------------------

runtime for training process is:  7180.751254320145




testing
---------------------------------------------------------------
test episode:  0
action in this episode is:  [[5, 237, 4, 200, 369, 252], [17, 382, 108, 327, 388, 126], [87, 337, 41, 55, 133, 193], [234, 205, 141, 135, 65, 54]]
episode total reward is:  122.989
---------------------------------------------------------------
test episode:  1
action in this episode is:  [[5, 237, 4, 200, 369, 252], [17, 382, 108, 327, 388, 126], [87, 337, 41, 55, 133, 193], [234, 205, 141, 135, 65, 54]]
episode total reward is:  122.58
---------------------------------------------------------------
test episode:  2
action in this episode is:  [[5, 237, 4, 200, 369, 252], [17, 382, 108, 327, 388, 87], [126, 337, 133, 41, 55, 193], [234, 205, 141, 135, 65, 54]]
episode total reward is:  122.967
---------------------------------------------------------------
test episode:  3
action in this episode is:  [[5, 237, 4, 200, 369, 252], [17, 382, 108, 327, 388, 87], [126, 337, 133, 41, 55, 193], [234, 205, 141, 135, 65, 54]]
episode total reward is:  121.427
---------------------------------------------------------------
test episode:  4
action in this episode is:  [[5, 237, 4, 200, 369, 252], [17, 382, 108, 327, 388, 126], [87, 337, 41, 55, 133, 193], [234, 205, 141, 135, 65, 292]]
episode total reward is:  124.104
---------------------------------------------------------------
test episode:  5
action in this episode is:  [[5, 237, 4, 200, 369, 252], [17, 382, 108, 327, 388, 126], [87, 337, 41, 55, 133, 193], [234, 205, 141, 135, 65, 54]]
episode total reward is:  124.075
---------------------------------------------------------------
test episode:  6
action in this episode is:  [[5, 237, 4, 200, 369, 252], [17, 382, 108, 327, 388, 126], [87, 337, 41, 55, 133, 193], [234, 205, 141, 135, 65, 54]]
episode total reward is:  122.6
---------------------------------------------------------------
test episode:  7
action in this episode is:  [[5, 237, 4, 200, 369, 252], [17, 382, 108, 327, 388, 126], [87, 337, 41, 133, 55, 193], [234, 205, 141, 135, 65, 54]]
episode total reward is:  124.884
---------------------------------------------------------------
test episode:  8
action in this episode is:  [[5, 237, 4, 200, 369, 252], [17, 382, 108, 327, 388, 126], [87, 337, 41, 55, 133, 193], [234, 205, 141, 135, 65, 54]]
episode total reward is:  123.484
---------------------------------------------------------------
test episode:  9
action in this episode is:  [[5, 237, 4, 200, 369, 252], [17, 382, 108, 327, 388, 126], [87, 337, 41, 133, 55, 193], [234, 205, 141, 135, 65, 54]]
episode total reward is:  124.006
---------------------------------------------------------------
test episode:  10
action in this episode is:  [[5, 237, 4, 200, 369, 252], [17, 382, 108, 327, 388, 87], [126, 337, 133, 41, 55, 193], [234, 205, 141, 135, 65, 54]]
episode total reward is:  121.223
---------------------------------------------------------------
test episode:  11
action in this episode is:  [[5, 237, 4, 200, 369, 252], [17, 382, 108, 327, 388, 126], [87, 337, 41, 133, 55, 193], [234, 205, 141, 135, 65, 54]]
episode total reward is:  123.974
---------------------------------------------------------------
test episode:  12
action in this episode is:  [[5, 237, 4, 200, 369, 252], [17, 382, 108, 327, 388, 126], [87, 337, 41, 133, 55, 193], [234, 205, 141, 135, 65, 54]]
episode total reward is:  122.506
---------------------------------------------------------------
test episode:  13
action in this episode is:  [[5, 237, 4, 200, 369, 252], [17, 382, 108, 327, 388, 126], [87, 337, 41, 55, 133, 193], [234, 205, 141, 135, 65, 54]]
episode total reward is:  123.683
---------------------------------------------------------------
test episode:  14
action in this episode is:  [[5, 237, 4, 200, 369, 252], [17, 382, 108, 327, 388, 126], [87, 337, 41, 55, 133, 193], [234, 205, 141, 135, 65, 54]]
episode total reward is:  122.053
---------------------------------------------------------------
test episode:  15
action in this episode is:  [[5, 237, 4, 200, 369, 252], [17, 382, 108, 327, 388, 87], [126, 337, 55, 41, 133, 193], [234, 205, 141, 135, 65, 54]]
episode total reward is:  122.765
---------------------------------------------------------------
test episode:  16
action in this episode is:  [[5, 237, 4, 200, 369, 252], [17, 382, 108, 327, 388, 126], [87, 337, 41, 55, 133, 193], [234, 205, 141, 135, 65, 54]]
episode total reward is:  122.621
---------------------------------------------------------------
test episode:  17
action in this episode is:  [[5, 237, 4, 200, 369, 252], [17, 382, 108, 327, 388, 126], [87, 337, 41, 55, 133, 193], [234, 205, 141, 135, 65, 54]]
episode total reward is:  123.329
---------------------------------------------------------------
test episode:  18
action in this episode is:  [[5, 237, 4, 200, 369, 252], [17, 382, 108, 327, 388, 87], [126, 337, 55, 41, 133, 193], [234, 205, 141, 135, 65, 54]]
episode total reward is:  123.177
---------------------------------------------------------------
test episode:  19
action in this episode is:  [[5, 237, 4, 200, 369, 252], [17, 382, 108, 327, 388, 126], [87, 337, 41, 133, 55, 193], [234, 205, 141, 135, 65, 54]]
episode total reward is:  121.538
---------------------------------------------------------------
test episode:  20
action in this episode is:  [[5, 237, 4, 200, 369, 252], [17, 382, 108, 327, 388, 126], [87, 337, 41, 133, 55, 193], [234, 205, 141, 135, 65, 54]]
episode total reward is:  123.231
---------------------------------------------------------------
test episode:  21
action in this episode is:  [[5, 237, 4, 200, 369, 252], [17, 382, 108, 327, 388, 87], [126, 337, 133, 41, 55, 193], [234, 205, 141, 135, 65, 54]]
episode total reward is:  122.713
---------------------------------------------------------------
test episode:  22
action in this episode is:  [[5, 237, 4, 200, 369, 252], [17, 382, 108, 327, 388, 126], [87, 337, 41, 133, 55, 193], [234, 205, 141, 135, 65, 54]]
episode total reward is:  122.369
---------------------------------------------------------------
test episode:  23
action in this episode is:  [[5, 237, 4, 200, 369, 252], [17, 382, 108, 327, 388, 126], [87, 337, 41, 55, 133, 193], [205, 234, 141, 135, 65, 54]]
episode total reward is:  122.514
---------------------------------------------------------------
test episode:  24
action in this episode is:  [[5, 237, 4, 200, 369, 252], [17, 382, 108, 327, 388, 126], [87, 337, 41, 133, 55, 193], [234, 205, 141, 135, 65, 54]]
episode total reward is:  123.105
---------------------------------------------------------------
test episode:  25
action in this episode is:  [[5, 237, 4, 200, 369, 252], [17, 382, 108, 327, 388, 87], [126, 337, 133, 41, 55, 193], [234, 205, 141, 135, 65, 54]]
episode total reward is:  123.21
---------------------------------------------------------------
test episode:  26
action in this episode is:  [[5, 237, 4, 200, 369, 252], [17, 382, 108, 327, 388, 126], [87, 337, 41, 55, 133, 193], [234, 205, 141, 135, 65, 54]]
episode total reward is:  122.495
---------------------------------------------------------------
test episode:  27
action in this episode is:  [[5, 237, 4, 200, 369, 252], [17, 382, 108, 327, 388, 126], [87, 337, 41, 133, 55, 193], [234, 205, 141, 135, 65, 54]]
episode total reward is:  123.875
---------------------------------------------------------------
test episode:  28
action in this episode is:  [[5, 237, 4, 200, 369, 252], [17, 382, 108, 327, 388, 87], [126, 337, 133, 41, 55, 193], [234, 205, 141, 135, 65, 54]]
episode total reward is:  124.699
---------------------------------------------------------------
test episode:  29
action in this episode is:  [[5, 237, 4, 200, 369, 252], [17, 382, 108, 327, 388, 126], [87, 337, 41, 55, 133, 193], [234, 205, 141, 135, 65, 54]]
episode total reward is:  122.531
---------------------------------------------------------------
test episode:  30
action in this episode is:  [[5, 237, 4, 200, 369, 252], [17, 382, 108, 327, 388, 87], [126, 337, 133, 41, 55, 193], [234, 205, 141, 135, 65, 54]]
episode total reward is:  123.664
---------------------------------------------------------------
test episode:  31
action in this episode is:  [[5, 237, 4, 200, 369, 252], [17, 382, 108, 327, 388, 87], [126, 337, 133, 41, 55, 193], [234, 205, 141, 135, 65, 54]]
episode total reward is:  122.984
---------------------------------------------------------------
test episode:  32
action in this episode is:  [[5, 237, 4, 200, 369, 252], [17, 382, 108, 327, 388, 126], [87, 337, 41, 133, 55, 193], [234, 205, 141, 135, 65, 54]]
episode total reward is:  122.884
---------------------------------------------------------------
test episode:  33
action in this episode is:  [[5, 237, 4, 200, 369, 252], [17, 382, 108, 327, 388, 87], [126, 337, 133, 41, 55, 193], [234, 205, 141, 135, 65, 54]]
episode total reward is:  123.471
---------------------------------------------------------------
test episode:  34
action in this episode is:  [[5, 237, 4, 200, 369, 252], [17, 382, 108, 327, 388, 87], [126, 337, 55, 41, 133, 193], [234, 205, 141, 135, 65, 54]]
episode total reward is:  123.861
---------------------------------------------------------------
test episode:  35
action in this episode is:  [[5, 237, 4, 200, 369, 252], [17, 382, 108, 327, 388, 87], [126, 337, 55, 133, 41, 193], [234, 205, 141, 135, 65, 54]]
episode total reward is:  124.23
---------------------------------------------------------------
test episode:  36
action in this episode is:  [[5, 237, 4, 200, 369, 252], [17, 382, 108, 327, 388, 87], [126, 337, 133, 41, 55, 193], [234, 205, 141, 135, 65, 54]]
episode total reward is:  122.657
---------------------------------------------------------------
test episode:  37
action in this episode is:  [[5, 237, 4, 200, 369, 252], [17, 382, 108, 327, 388, 126], [87, 337, 41, 133, 55, 193], [234, 205, 141, 135, 65, 54]]
episode total reward is:  122.431
---------------------------------------------------------------
test episode:  38
action in this episode is:  [[5, 237, 4, 200, 369, 252], [17, 382, 108, 327, 388, 126], [87, 337, 41, 55, 133, 193], [234, 205, 141, 135, 65, 54]]
episode total reward is:  123.083
---------------------------------------------------------------
test episode:  39
action in this episode is:  [[5, 237, 4, 200, 369, 252], [17, 382, 108, 327, 388, 126], [87, 337, 41, 55, 133, 193], [234, 205, 141, 135, 65, 54]]
episode total reward is:  124.494
---------------------------------------------------------------
test episode:  40
action in this episode is:  [[5, 237, 4, 200, 369, 252], [17, 382, 108, 327, 388, 126], [87, 337, 41, 55, 133, 193], [205, 234, 141, 135, 65, 54]]
episode total reward is:  123.939
---------------------------------------------------------------
test episode:  41
action in this episode is:  [[5, 237, 4, 200, 369, 252], [17, 382, 108, 327, 388, 126], [87, 337, 41, 55, 133, 193], [205, 234, 141, 135, 65, 54]]
episode total reward is:  124.674
---------------------------------------------------------------
test episode:  42
action in this episode is:  [[5, 237, 4, 200, 369, 252], [17, 382, 108, 327, 388, 126], [87, 337, 41, 133, 55, 193], [234, 205, 141, 135, 65, 54]]
episode total reward is:  123.122
---------------------------------------------------------------
test episode:  43
action in this episode is:  [[5, 237, 4, 200, 369, 252], [17, 382, 108, 327, 388, 126], [87, 337, 41, 133, 55, 193], [234, 205, 141, 135, 65, 54]]
episode total reward is:  122.922
---------------------------------------------------------------
test episode:  44
action in this episode is:  [[5, 237, 4, 200, 369, 252], [17, 382, 108, 327, 388, 87], [126, 337, 55, 41, 133, 193], [234, 205, 141, 135, 65, 54]]
episode total reward is:  122.624
---------------------------------------------------------------
test episode:  45
action in this episode is:  [[5, 237, 4, 200, 369, 252], [17, 382, 108, 327, 388, 126], [87, 337, 41, 55, 133, 193], [234, 205, 141, 135, 65, 54]]
episode total reward is:  123.34
---------------------------------------------------------------
test episode:  46
action in this episode is:  [[5, 237, 4, 200, 369, 252], [17, 382, 108, 327, 388, 126], [87, 337, 41, 55, 133, 193], [234, 205, 141, 135, 65, 54]]
episode total reward is:  124.355
---------------------------------------------------------------
test episode:  47
action in this episode is:  [[5, 237, 4, 200, 369, 252], [17, 382, 108, 327, 388, 126], [87, 337, 41, 55, 133, 193], [234, 205, 141, 135, 65, 54]]
episode total reward is:  121.834
---------------------------------------------------------------
test episode:  48
action in this episode is:  [[5, 237, 4, 200, 369, 252], [17, 382, 108, 327, 388, 126], [87, 337, 41, 133, 55, 193], [234, 205, 141, 135, 65, 54]]
episode total reward is:  122.382
---------------------------------------------------------------
test episode:  49
action in this episode is:  [[5, 237, 4, 200, 369, 252], [17, 382, 108, 327, 388, 126], [87, 337, 41, 133, 55, 193], [234, 205, 141, 135, 65, 54]]
episode total reward is:  123.759

---------------------------------------------------------------

average reward: 123.14874
reward std: 0.8455119587563508
