chosen graph:  India
#nodes:  202
#edges:  692
cascade model is:  SC
device is:  cuda
---------------------------------------------------------------
train episode:  0
eps in this episode is:  0.3
eps_wstart in this episode is:  0.295
using warm-start actions
choosing ada_greedy
using warm-start actions
choosing random
using warm-start actions
choosing ada_greedy
using warm-start actions
choosing ada_greedy
action in this episode is:  [[82, 93, 30], [20, 195, 85], [160, 153, 1], [49, 62, 63]]
present:  [1, 20, 30, 82, 85, 93, 153, 160, 195]
episode total reward is:  22.023
---------------------------------------------------------------
train episode:  1
eps in this episode is:  0.295
eps_wstart in this episode is:  0.29
using warm-start actions
choosing ada_greedy
using warm-start actions
choosing ada_greedy
using warm-start actions
choosing ada_greedy
using warm-start actions
choosing ada_greedy
action in this episode is:  [[153, 82, 93], [160, 1, 30], [49, 62, 63], [156, 2, 12]]
present:  [1, 30, 49, 62, 63, 82, 93, 153, 160]
episode total reward is:  23.171
---------------------------------------------------------------
train episode:  2
eps in this episode is:  0.29
eps_wstart in this episode is:  0.285
using warm-start actions
choosing ada_greedy
using warm-start actions
choosing ada_greedy
using warm-start actions
choosing ada_greedy
using warm-start actions
choosing ada_greedy
action in this episode is:  [[160, 82, 93], [153, 30, 1], [49, 2, 62], [56, 42, 12]]
present:  [1, 2, 30, 49, 62, 82, 93, 153, 160]
episode total reward is:  22.517
---------------------------------------------------------------
train episode:  3
eps in this episode is:  0.285
eps_wstart in this episode is:  0.27999999999999997
using warm-start actions
choosing random
using warm-start actions
choosing ada_greedy
using warm-start actions
choosing ada_greedy
using warm-start actions
choosing max degree
action in this episode is:  [[128, 32, 201], [160, 153, 82], [1, 93, 30], [62, 83, 59]]
present:  [1, 30, 32, 82, 93, 128, 153, 160, 201]
episode total reward is:  20.885
---------------------------------------------------------------
train episode:  4
eps in this episode is:  0.27999999999999997
eps_wstart in this episode is:  0.27499999999999997
using warm-start actions
choosing random
using warm-start actions
choosing random
using warm-start actions
choosing ada_greedy
using warm-start actions
choosing random
action in this episode is:  [[199, 19, 180], [1, 77, 173], [153, 82, 93], [103, 100, 74]]
present:  [1, 19, 77, 82, 93, 153, 173, 180, 199]
episode total reward is:  17.981
---------------------------------------------------------------
train episode:  5
eps in this episode is:  0.27499999999999997
eps_wstart in this episode is:  0.26999999999999996
using warm-start actions
choosing random
using warm-start actions
choosing random
using warm-start actions
choosing max degree
using warm-start actions
choosing max degree
action in this episode is:  [[13, 183, 9], [170, 42, 187], [62, 83, 59], [93, 50, 24]]
present:  [9, 13, 42, 59, 62, 83, 170, 183, 187]
episode total reward is:  18.766
---------------------------------------------------------------
train episode:  6
eps in this episode is:  0.27
eps_wstart in this episode is:  0.26499999999999996
using warm-start actions
choosing max degree
using warm-start actions
choosing max degree
using warm-start actions
choosing ada_greedy
using warm-start actions
choosing random
action in this episode is:  [[62, 83, 59], [93, 50, 24], [160, 82, 30], [191, 53, 184]]
present:  [24, 30, 50, 59, 62, 82, 83, 93, 160]
episode total reward is:  21.794
---------------------------------------------------------------
train episode:  7
eps in this episode is:  0.265
eps_wstart in this episode is:  0.25999999999999995
using warm-start actions
choosing ada_greedy
using warm-start actions
choosing random
using warm-start actions
choosing ada_greedy
using warm-start actions
choosing random
action in this episode is:  [[160, 82, 93], [72, 191, 86], [62, 153, 1], [162, 177, 23]]
present:  [1, 62, 72, 82, 86, 93, 153, 160, 191]
episode total reward is:  19.16
---------------------------------------------------------------
train episode:  8
eps in this episode is:  0.26
eps_wstart in this episode is:  0.25499999999999995
using warm-start actions
choosing max degree
using warm-start actions
choosing ada_greedy
using warm-start actions
choosing random
using warm-start actions
choosing ada_greedy
action in this episode is:  [[62, 83, 59], [153, 82, 93], [108, 38, 194], [160, 1, 30]]
present:  [38, 59, 62, 82, 83, 93, 108, 153, 194]
episode total reward is:  20.802
---------------------------------------------------------------
train episode:  9
eps in this episode is:  0.255
eps_wstart in this episode is:  0.24999999999999994
using warm-start actions
choosing ada_greedy
using warm-start actions
choosing max degree
using warm-start actions
choosing random
using warm-start actions
choosing ada_greedy
action in this episode is:  [[153, 82, 93], [62, 83, 59], [27, 105, 76], [160, 1, 49]]
present:  [27, 59, 62, 76, 82, 83, 93, 105, 153]
episode total reward is:  20.587
---------------------------------------------------------------
train episode:  10
eps in this episode is:  0.25
eps_wstart in this episode is:  0.24499999999999994
using warm-start actions
choosing max degree
using warm-start actions
choosing ada_greedy
using warm-start actions
choosing max degree
using warm-start actions
choosing max degree
action in this episode is:  [[62, 83, 59], [160, 82, 93], [50, 24, 95], [9, 178, 6]]
present:  [24, 50, 59, 62, 82, 83, 93, 95, 160]
episode total reward is:  23.646
secondary loss is:  786.739990234375
---------------------------------------------------------------
train episode:  11
eps in this episode is:  0.245
eps_wstart in this episode is:  0.23999999999999994
choosing ada_greedy
choosing random
action in this episode is:  [[31, 29, 6], [160, 153, 82], [54, 32, 33], [106, 122, 28]]
present:  [6, 29, 31, 32, 33, 54, 82, 153, 160]
episode total reward is:  17.127
secondary loss is:  617.1494750976562
---------------------------------------------------------------
train episode:  12
eps in this episode is:  0.24
eps_wstart in this episode is:  0.23499999999999993
choosing ada_greedy
action in this episode is:  [[153, 82, 1], [154, 192, 31], [29, 32, 33], [54, 8, 0]]
present:  [1, 29, 31, 32, 33, 82, 153, 154, 192]
episode total reward is:  15.401
secondary loss is:  300.9913635253906
---------------------------------------------------------------
train episode:  13
eps in this episode is:  0.235
eps_wstart in this episode is:  0.22999999999999993
action in this episode is:  [[31, 32, 29], [110, 33, 119], [0, 54, 41], [65, 73, 61]]
present:  [0, 29, 31, 32, 33, 41, 54, 110, 119]
episode total reward is:  13.991
secondary loss is:  622.0076904296875
---------------------------------------------------------------
train episode:  14
eps in this episode is:  0.22999999999999998
eps_wstart in this episode is:  0.22499999999999992
choosing ada_greedy
action in this episode is:  [[160, 82, 93], [126, 44, 31], [75, 0, 29], [54, 154, 21]]
present:  [0, 29, 31, 44, 75, 82, 93, 126, 160]
episode total reward is:  16.407
secondary loss is:  609.5302124023438
---------------------------------------------------------------
train episode:  15
eps in this episode is:  0.22499999999999998
eps_wstart in this episode is:  0.21999999999999992
choosing random
action in this episode is:  [[31, 54, 33], [0, 29, 137], [73, 117, 192], [65, 32, 19]]
present:  [0, 29, 31, 33, 54, 73, 117, 137, 192]
episode total reward is:  13.635
secondary loss is:  334.65972900390625
---------------------------------------------------------------
train episode:  16
eps in this episode is:  0.21999999999999997
eps_wstart in this episode is:  0.2149999999999999
choosing ada_greedy
action in this episode is:  [[31, 29, 32], [0, 33, 73], [153, 82, 93], [20, 80, 54]]
present:  [0, 29, 31, 32, 33, 73, 82, 93, 153]
episode total reward is:  17.822
secondary loss is:  335.94110107421875
---------------------------------------------------------------
train episode:  17
eps in this episode is:  0.21499999999999997
eps_wstart in this episode is:  0.2099999999999999
choosing max degree
action in this episode is:  [[31, 69, 32], [62, 83, 59], [29, 33, 113], [0, 54, 22]]
present:  [29, 31, 32, 33, 59, 62, 69, 83, 113]
episode total reward is:  15.791
secondary loss is:  331.0332336425781
---------------------------------------------------------------
train episode:  18
eps in this episode is:  0.21
eps_wstart in this episode is:  0.2049999999999999
action in this episode is:  [[55, 31, 29], [139, 32, 50], [54, 33, 22], [65, 73, 41]]
present:  [22, 29, 31, 32, 33, 50, 54, 55, 139]
episode total reward is:  13.89
secondary loss is:  218.94552612304688
---------------------------------------------------------------
train episode:  19
eps in this episode is:  0.205
eps_wstart in this episode is:  0.1999999999999999
choosing max degree
choosing random
action in this episode is:  [[31, 29, 78], [22, 32, 54], [62, 83, 59], [130, 9, 46]]
present:  [22, 29, 31, 32, 54, 59, 62, 78, 83]
episode total reward is:  16.121
secondary loss is:  130.7859649658203
---------------------------------------------------------------
train episode:  20
eps in this episode is:  0.19999999999999998
eps_wstart in this episode is:  0.1949999999999999
choosing max degree
action in this episode is:  [[31, 22, 29], [62, 83, 59], [32, 54, 169], [65, 154, 33]]
present:  [22, 29, 31, 32, 54, 59, 62, 83, 169]
episode total reward is:  15.888
secondary loss is:  157.1722412109375
---------------------------------------------------------------
train episode:  21
eps in this episode is:  0.195
eps_wstart in this episode is:  0.1899999999999999
action in this episode is:  [[31, 29, 200], [22, 32, 158], [54, 65, 47], [33, 26, 42]]
present:  [22, 29, 31, 32, 47, 54, 65, 158, 200]
episode total reward is:  14.14
secondary loss is:  129.0729522705078
---------------------------------------------------------------
train episode:  22
eps in this episode is:  0.19
eps_wstart in this episode is:  0.1849999999999999
choosing ada_greedy
action in this episode is:  [[31, 29, 22], [32, 175, 54], [33, 65, 73], [1, 82, 93]]
present:  [22, 29, 31, 32, 33, 54, 65, 73, 175]
episode total reward is:  17.06
secondary loss is:  71.59583282470703
---------------------------------------------------------------
train episode:  23
eps in this episode is:  0.185
eps_wstart in this episode is:  0.17999999999999988
choosing max degree
action in this episode is:  [[20, 31, 22], [29, 32, 65], [54, 156, 75], [62, 83, 59]]
present:  [20, 22, 29, 31, 32, 54, 65, 75, 156]
episode total reward is:  16.182
secondary loss is:  110.56712341308594
---------------------------------------------------------------
train episode:  24
eps in this episode is:  0.18
eps_wstart in this episode is:  0.17499999999999988
choosing random
action in this episode is:  [[31, 22, 29], [32, 75, 65], [73, 135, 158], [193, 190, 70]]
present:  [22, 29, 31, 32, 65, 73, 75, 135, 158]
episode total reward is:  13.946
secondary loss is:  100.07836151123047
---------------------------------------------------------------
train episode:  25
eps in this episode is:  0.175
eps_wstart in this episode is:  0.16999999999999987
choosing max degree
action in this episode is:  [[31, 22, 197], [62, 83, 59], [29, 52, 152], [32, 65, 41]]
present:  [22, 29, 31, 52, 59, 62, 83, 152, 197]
episode total reward is:  15.867
secondary loss is:  55.350608825683594
---------------------------------------------------------------
train episode:  26
eps in this episode is:  0.16999999999999998
eps_wstart in this episode is:  0.16499999999999987
choosing ada_greedy
action in this episode is:  [[160, 153, 82], [31, 22, 29], [75, 127, 32], [65, 55, 54]]
present:  [22, 29, 31, 32, 75, 82, 127, 153, 160]
episode total reward is:  17.112
secondary loss is:  43.839481353759766
---------------------------------------------------------------
train episode:  27
eps in this episode is:  0.16499999999999998
eps_wstart in this episode is:  0.15999999999999986
choosing ada_greedy
action in this episode is:  [[201, 31, 22], [1, 82, 93], [29, 75, 51], [66, 32, 65]]
present:  [1, 22, 29, 31, 51, 75, 82, 93, 201]
episode total reward is:  17.447
secondary loss is:  43.67972946166992
---------------------------------------------------------------
train episode:  28
eps in this episode is:  0.15999999999999998
eps_wstart in this episode is:  0.15499999999999986
choosing ada_greedy
choosing ada_greedy
choosing max degree
action in this episode is:  [[160, 82, 93], [1, 153, 30], [31, 178, 22], [62, 83, 59]]
present:  [1, 22, 30, 31, 82, 93, 153, 160, 178]
episode total reward is:  22.2
secondary loss is:  36.53675842285156
---------------------------------------------------------------
train episode:  29
eps in this episode is:  0.155
eps_wstart in this episode is:  0.14999999999999986
choosing ada_greedy
action in this episode is:  [[31, 22, 29], [59, 75, 10], [160, 82, 93], [32, 65, 87]]
present:  [10, 22, 29, 31, 59, 75, 82, 93, 160]
episode total reward is:  17.704
secondary loss is:  30.979970932006836
---------------------------------------------------------------
train episode:  30
eps in this episode is:  0.15
eps_wstart in this episode is:  0.14499999999999985
choosing ada_greedy
choosing random
action in this episode is:  [[31, 59, 54], [121, 22, 75], [1, 82, 93], [172, 190, 5]]
present:  [1, 22, 31, 54, 59, 75, 82, 93, 121]
episode total reward is:  16.594
secondary loss is:  24.744979858398438
---------------------------------------------------------------
train episode:  31
eps in this episode is:  0.145
eps_wstart in this episode is:  0.13999999999999985
action in this episode is:  [[31, 59, 97], [22, 75, 29], [65, 135, 32], [158, 71, 93]]
present:  [22, 29, 31, 32, 59, 65, 75, 97, 135]
episode total reward is:  15.617
secondary loss is:  12.977330207824707
---------------------------------------------------------------
train episode:  32
eps in this episode is:  0.13999999999999999
eps_wstart in this episode is:  0.13499999999999984
action in this episode is:  [[31, 59, 22], [75, 29, 32], [65, 158, 10], [87, 135, 169]]
present:  [10, 22, 29, 31, 32, 59, 65, 75, 158]
episode total reward is:  14.601
secondary loss is:  6.19101095199585
---------------------------------------------------------------
train episode:  33
eps in this episode is:  0.13499999999999998
eps_wstart in this episode is:  0.12999999999999984
action in this episode is:  [[31, 59, 22], [88, 75, 29], [41, 65, 158], [10, 32, 171]]
present:  [22, 29, 31, 41, 59, 65, 75, 88, 158]
episode total reward is:  14.577
secondary loss is:  4.460859298706055
---------------------------------------------------------------
train episode:  34
eps in this episode is:  0.12999999999999998
eps_wstart in this episode is:  0.12499999999999983
action in this episode is:  [[31, 59, 22], [76, 75, 29], [32, 65, 158], [178, 10, 87]]
present:  [22, 29, 31, 32, 59, 65, 75, 76, 158]
episode total reward is:  14.674
secondary loss is:  4.669153213500977
---------------------------------------------------------------
train episode:  35
eps in this episode is:  0.12499999999999997
eps_wstart in this episode is:  0.11999999999999983
action in this episode is:  [[31, 59, 22], [75, 29, 65], [32, 87, 10], [158, 135, 169]]
present:  [10, 22, 29, 31, 32, 59, 65, 75, 87]
episode total reward is:  14.589
secondary loss is:  2.7897756099700928
---------------------------------------------------------------
train episode:  36
eps in this episode is:  0.12
eps_wstart in this episode is:  0.11499999999999982
choosing ada_greedy
action in this episode is:  [[161, 31, 59], [1, 82, 93], [29, 22, 75], [129, 65, 32]]
present:  [1, 22, 29, 31, 59, 75, 82, 93, 161]
episode total reward is:  17.79
secondary loss is:  1.0396724939346313
---------------------------------------------------------------
train episode:  37
eps in this episode is:  0.11499999999999999
eps_wstart in this episode is:  0.10999999999999982
action in this episode is:  [[31, 23, 59], [64, 22, 75], [29, 32, 158], [10, 65, 87]]
present:  [22, 23, 29, 31, 32, 59, 64, 75, 158]
episode total reward is:  14.752
secondary loss is:  0.9565709829330444
---------------------------------------------------------------
train episode:  38
eps in this episode is:  0.10999999999999999
eps_wstart in this episode is:  0.10499999999999982
choosing ada_greedy
action in this episode is:  [[31, 59, 22], [159, 75, 29], [65, 32, 10], [160, 82, 93]]
present:  [10, 22, 29, 31, 32, 59, 65, 75, 159]
episode total reward is:  17.739
secondary loss is:  0.9914611577987671
---------------------------------------------------------------
train episode:  39
eps in this episode is:  0.10499999999999998
eps_wstart in this episode is:  0.09999999999999981
action in this episode is:  [[59, 31, 22], [75, 29, 158], [65, 10, 87], [32, 169, 173]]
present:  [10, 22, 29, 31, 59, 65, 75, 87, 158]
episode total reward is:  14.562
secondary loss is:  1.4859750270843506
---------------------------------------------------------------
train episode:  40
eps in this episode is:  0.1
eps_wstart in this episode is:  0.0949999999999998
action in this episode is:  [[15, 59, 31], [22, 75, 29], [65, 10, 158], [32, 43, 87]]
present:  [10, 15, 22, 29, 31, 59, 65, 75, 158]
episode total reward is:  14.653
secondary loss is:  0.40442347526550293
---------------------------------------------------------------
train episode:  41
eps in this episode is:  0.1
eps_wstart in this episode is:  0.0899999999999998
action in this episode is:  [[162, 59, 31], [22, 75, 29], [65, 158, 10], [32, 87, 169]]
present:  [10, 22, 29, 31, 59, 65, 75, 158, 162]
episode total reward is:  14.619
secondary loss is:  3.2842602729797363
---------------------------------------------------------------
train episode:  42
eps in this episode is:  0.1
eps_wstart in this episode is:  0.0849999999999998
action in this episode is:  [[59, 31, 22], [75, 29, 141], [65, 10, 32], [158, 87, 169]]
present:  [10, 22, 29, 31, 32, 59, 65, 75, 141]
episode total reward is:  14.67
secondary loss is:  1.7864768505096436
---------------------------------------------------------------
train episode:  43
eps in this episode is:  0.1
eps_wstart in this episode is:  0.0799999999999998
choosing ada_greedy
action in this episode is:  [[59, 31, 22], [75, 29, 10], [153, 82, 93], [32, 65, 158]]
present:  [10, 22, 29, 31, 59, 75, 82, 93, 153]
episode total reward is:  17.692
secondary loss is:  6.574676990509033
---------------------------------------------------------------
train episode:  44
eps in this episode is:  0.1
eps_wstart in this episode is:  0.07499999999999979
choosing max degree
action in this episode is:  [[59, 31, 170], [22, 75, 29], [62, 83, 93], [32, 10, 65]]
present:  [22, 29, 31, 59, 62, 75, 83, 93, 170]
episode total reward is:  17.18
secondary loss is:  10.23008918762207
---------------------------------------------------------------
train episode:  45
eps in this episode is:  0.1
eps_wstart in this episode is:  0.06999999999999978
action in this episode is:  [[59, 141, 31], [22, 75, 29], [65, 10, 158], [18, 100, 32]]
present:  [10, 22, 29, 31, 59, 65, 75, 141, 158]
episode total reward is:  14.603
secondary loss is:  7.868609428405762
---------------------------------------------------------------
train episode:  46
eps in this episode is:  0.1
eps_wstart in this episode is:  0.06499999999999978
action in this episode is:  [[59, 31, 22], [75, 29, 10], [69, 65, 172], [158, 32, 87]]
present:  [10, 22, 29, 31, 59, 65, 69, 75, 172]
episode total reward is:  14.517
secondary loss is:  4.1862006187438965
---------------------------------------------------------------
train episode:  47
eps in this episode is:  0.1
eps_wstart in this episode is:  0.05999999999999978
action in this episode is:  [[59, 31, 22], [75, 29, 10], [65, 83, 158], [32, 87, 169]]
present:  [10, 22, 29, 31, 59, 65, 75, 83, 158]
episode total reward is:  15.107
secondary loss is:  2.723363161087036
---------------------------------------------------------------
train episode:  48
eps in this episode is:  0.1
eps_wstart in this episode is:  0.054999999999999785
choosing ada_greedy
action in this episode is:  [[59, 31, 22], [160, 82, 93], [67, 75, 29], [10, 83, 32]]
present:  [22, 29, 31, 59, 67, 75, 82, 93, 160]
episode total reward is:  18.923
secondary loss is:  6.825695991516113
---------------------------------------------------------------
train episode:  49
eps in this episode is:  0.1
eps_wstart in this episode is:  0.04999999999999979
action in this episode is:  [[59, 31, 57], [22, 75, 29], [55, 65, 83], [10, 158, 32]]
present:  [22, 29, 31, 55, 57, 59, 65, 75, 83]
episode total reward is:  15.094
secondary loss is:  4.147412300109863
---------------------------------------------------------------
train episode:  50
eps in this episode is:  0.1
eps_wstart in this episode is:  0.04499999999999979
action in this episode is:  [[59, 31, 120], [22, 25, 75], [151, 197, 29], [83, 10, 32]]
present:  [22, 25, 29, 31, 59, 75, 120, 151, 197]
episode total reward is:  15.378
secondary loss is:  2.547865390777588
---------------------------------------------------------------
train episode:  51
eps in this episode is:  0.1
eps_wstart in this episode is:  0.03999999999999979
action in this episode is:  [[59, 31, 22], [75, 29, 83], [10, 87, 65], [158, 32, 169]]
present:  [10, 22, 29, 31, 59, 65, 75, 83, 87]
episode total reward is:  15.325
secondary loss is:  2.9118852615356445
---------------------------------------------------------------
train episode:  52
eps in this episode is:  0.1
eps_wstart in this episode is:  0.034999999999999795
action in this episode is:  [[104, 59, 31], [22, 75, 164], [29, 83, 135], [10, 158, 32]]
present:  [22, 29, 31, 59, 75, 83, 104, 135, 164]
episode total reward is:  15.409
secondary loss is:  7.829505920410156
---------------------------------------------------------------
train episode:  53
eps in this episode is:  0.1
eps_wstart in this episode is:  0.029999999999999794
action in this episode is:  [[59, 31, 22], [75, 83, 29], [10, 158, 32], [87, 65, 169]]
present:  [10, 22, 29, 31, 32, 59, 75, 83, 158]
episode total reward is:  15.392
secondary loss is:  5.7943267822265625
---------------------------------------------------------------
train episode:  54
eps in this episode is:  0.1
eps_wstart in this episode is:  0.024999999999999793
action in this episode is:  [[59, 31, 22], [75, 83, 29], [10, 158, 65], [87, 99, 152]]
present:  [10, 22, 29, 31, 59, 65, 75, 83, 158]
episode total reward is:  14.51
secondary loss is:  2.2947843074798584
---------------------------------------------------------------
train episode:  55
eps in this episode is:  0.1
eps_wstart in this episode is:  0.019999999999999792
action in this episode is:  [[59, 31, 111], [22, 75, 83], [29, 10, 158], [65, 32, 87]]
present:  [10, 22, 29, 31, 59, 75, 83, 111, 158]
episode total reward is:  16.061
secondary loss is:  3.175968647003174
---------------------------------------------------------------
train episode:  56
eps in this episode is:  0.1
eps_wstart in this episode is:  0.014999999999999791
action in this episode is:  [[59, 31, 22], [176, 75, 83], [29, 10, 158], [32, 65, 87]]
present:  [10, 22, 29, 31, 59, 75, 83, 158, 176]
episode total reward is:  15.221
secondary loss is:  4.777571678161621
---------------------------------------------------------------
train episode:  57
eps in this episode is:  0.1
eps_wstart in this episode is:  0.00999999999999979
action in this episode is:  [[59, 31, 22], [75, 166, 83], [29, 10, 158], [32, 65, 87]]
present:  [10, 22, 29, 31, 59, 75, 83, 158, 166]
episode total reward is:  15.066
secondary loss is:  6.181889533996582
---------------------------------------------------------------
train episode:  58
eps in this episode is:  0.1
eps_wstart in this episode is:  0.00499999999999979
action in this episode is:  [[59, 31, 22], [75, 83, 29], [10, 158, 32], [67, 40, 65]]
present:  [10, 22, 29, 31, 32, 59, 75, 83, 158]
episode total reward is:  15.443
secondary loss is:  2.3671836853027344
---------------------------------------------------------------
train episode:  59
eps in this episode is:  0.1
eps_wstart in this episode is:  0
action in this episode is:  [[59, 31, 22], [75, 83, 29], [10, 14, 158], [32, 65, 87]]
present:  [10, 14, 22, 29, 31, 59, 75, 83, 158]
episode total reward is:  15.3
secondary loss is:  1.8065621852874756
---------------------------------------------------------------
train episode:  60
eps in this episode is:  0.1
eps_wstart in this episode is:  0
action in this episode is:  [[59, 31, 22], [75, 83, 29], [10, 158, 87], [32, 65, 169]]
present:  [10, 22, 29, 31, 59, 75, 83, 87, 158]
episode total reward is:  15.321
secondary loss is:  4.000667095184326
---------------------------------------------------------------
train episode:  61
eps in this episode is:  0.1
eps_wstart in this episode is:  0
action in this episode is:  [[200, 59, 31], [22, 75, 83], [29, 10, 158], [32, 65, 87]]
present:  [10, 22, 29, 31, 59, 75, 83, 158, 200]
episode total reward is:  15.183
secondary loss is:  4.2138800621032715
---------------------------------------------------------------
train episode:  62
eps in this episode is:  0.1
eps_wstart in this episode is:  0
action in this episode is:  [[59, 31, 22], [75, 83, 29], [10, 158, 65], [32, 87, 97]]
present:  [10, 22, 29, 31, 59, 65, 75, 83, 158]
episode total reward is:  15.257
secondary loss is:  2.9962685108184814
---------------------------------------------------------------
train episode:  63
eps in this episode is:  0.1
eps_wstart in this episode is:  0
action in this episode is:  [[86, 59, 31], [22, 75, 83], [29, 10, 158], [87, 176, 32]]
present:  [10, 22, 29, 31, 59, 75, 83, 86, 158]
episode total reward is:  15.292
secondary loss is:  3.079982280731201
---------------------------------------------------------------
train episode:  64
eps in this episode is:  0.1
eps_wstart in this episode is:  0
action in this episode is:  [[59, 31, 22], [75, 83, 29], [10, 158, 32], [37, 65, 87]]
present:  [10, 22, 29, 31, 32, 59, 75, 83, 158]
episode total reward is:  15.248
secondary loss is:  2.7038841247558594
---------------------------------------------------------------
train episode:  65
eps in this episode is:  0.1
eps_wstart in this episode is:  0
action in this episode is:  [[59, 31, 22], [75, 83, 93], [107, 29, 10], [158, 65, 169]]
present:  [10, 22, 29, 31, 59, 75, 83, 93, 107]
episode total reward is:  15.951
secondary loss is:  0.29199832677841187
---------------------------------------------------------------
train episode:  66
eps in this episode is:  0.1
eps_wstart in this episode is:  0
action in this episode is:  [[59, 31, 22], [75, 83, 29], [10, 158, 65], [32, 169, 87]]
present:  [10, 22, 29, 31, 59, 65, 75, 83, 158]
episode total reward is:  15.338
secondary loss is:  0.5233664512634277
---------------------------------------------------------------
train episode:  67
eps in this episode is:  0.1
eps_wstart in this episode is:  0
action in this episode is:  [[59, 31, 22], [75, 83, 29], [10, 198, 158], [32, 87, 120]]
present:  [10, 22, 29, 31, 59, 75, 83, 158, 198]
episode total reward is:  15.505
secondary loss is:  1.3124198913574219
---------------------------------------------------------------
train episode:  68
eps in this episode is:  0.1
eps_wstart in this episode is:  0
action in this episode is:  [[59, 31, 169], [22, 75, 83], [29, 10, 158], [32, 65, 112]]
present:  [10, 22, 29, 31, 59, 75, 83, 158, 169]
episode total reward is:  15.078
secondary loss is:  0.4901301860809326
---------------------------------------------------------------
train episode:  69
eps in this episode is:  0.1
eps_wstart in this episode is:  0
action in this episode is:  [[59, 31, 22], [75, 83, 29], [10, 158, 32], [65, 169, 87]]
present:  [10, 22, 29, 31, 32, 59, 75, 83, 158]
episode total reward is:  15.233
secondary loss is:  0.16226530075073242
---------------------------------------------------------------
train episode:  70
eps in this episode is:  0.1
eps_wstart in this episode is:  0
action in this episode is:  [[59, 31, 22], [75, 83, 29], [10, 32, 158], [65, 87, 169]]
present:  [10, 22, 29, 31, 32, 59, 75, 83, 158]
episode total reward is:  15.208
secondary loss is:  0.5020925998687744
---------------------------------------------------------------
train episode:  71
eps in this episode is:  0.1
eps_wstart in this episode is:  0
action in this episode is:  [[59, 31, 22], [163, 75, 83], [29, 10, 158], [32, 65, 87]]
present:  [10, 22, 29, 31, 59, 75, 83, 158, 163]
episode total reward is:  15.337
secondary loss is:  0.11460322141647339
---------------------------------------------------------------
train episode:  72
eps in this episode is:  0.1
eps_wstart in this episode is:  0
action in this episode is:  [[59, 31, 22], [75, 83, 29], [178, 10, 87], [158, 96, 32]]
present:  [10, 22, 29, 31, 59, 75, 83, 87, 178]
episode total reward is:  15.526
secondary loss is:  0.39864498376846313
---------------------------------------------------------------
train episode:  73
eps in this episode is:  0.1
eps_wstart in this episode is:  0
action in this episode is:  [[59, 31, 22], [75, 83, 29], [10, 179, 32], [65, 87, 158]]
present:  [10, 22, 29, 31, 32, 59, 75, 83, 179]
episode total reward is:  15.239
secondary loss is:  0.41497719287872314
---------------------------------------------------------------
train episode:  74
eps in this episode is:  0.1
eps_wstart in this episode is:  0
action in this episode is:  [[59, 31, 57], [158, 22, 88], [75, 83, 29], [10, 32, 64]]
present:  [22, 29, 31, 57, 59, 75, 83, 88, 158]
episode total reward is:  15.73
secondary loss is:  0.5317503809928894
---------------------------------------------------------------
train episode:  75
eps in this episode is:  0.1
eps_wstart in this episode is:  0
action in this episode is:  [[59, 31, 22], [75, 83, 29], [10, 158, 32], [65, 63, 183]]
present:  [10, 22, 29, 31, 32, 59, 75, 83, 158]
episode total reward is:  15.572
secondary loss is:  0.46032750606536865
---------------------------------------------------------------
train episode:  76
eps in this episode is:  0.1
eps_wstart in this episode is:  0
action in this episode is:  [[59, 31, 121], [10, 22, 75], [83, 29, 158], [87, 32, 65]]
present:  [10, 22, 29, 31, 59, 75, 83, 121, 158]
episode total reward is:  15.401
secondary loss is:  0.2889901101589203
---------------------------------------------------------------
train episode:  77
eps in this episode is:  0.1
eps_wstart in this episode is:  0
action in this episode is:  [[59, 31, 22], [75, 41, 83], [29, 10, 32], [158, 65, 60]]
present:  [10, 22, 29, 31, 32, 41, 59, 75, 83]
episode total reward is:  15.376
secondary loss is:  0.711439847946167
---------------------------------------------------------------
train episode:  78
eps in this episode is:  0.1
eps_wstart in this episode is:  0
action in this episode is:  [[59, 31, 22], [75, 83, 29], [10, 158, 32], [87, 110, 144]]
present:  [10, 22, 29, 31, 32, 59, 75, 83, 158]
episode total reward is:  15.592
secondary loss is:  0.4401624798774719
---------------------------------------------------------------
train episode:  79
eps in this episode is:  0.1
eps_wstart in this episode is:  0
action in this episode is:  [[59, 31, 22], [75, 83, 29], [10, 158, 32], [65, 87, 35]]
present:  [10, 22, 29, 31, 32, 59, 75, 83, 158]
episode total reward is:  15.243
secondary loss is:  0.4035700261592865
---------------------------------------------------------------
train episode:  80
eps in this episode is:  0.1
eps_wstart in this episode is:  0
action in this episode is:  [[59, 31, 22], [75, 83, 29], [10, 165, 158], [32, 87, 65]]
present:  [10, 22, 29, 31, 59, 75, 83, 158, 165]
episode total reward is:  15.328
secondary loss is:  0.5353135466575623
---------------------------------------------------------------
train episode:  81
eps in this episode is:  0.1
eps_wstart in this episode is:  0
action in this episode is:  [[59, 31, 22], [75, 83, 29], [10, 150, 32], [87, 158, 65]]
present:  [10, 22, 29, 31, 32, 59, 75, 83, 150]
episode total reward is:  15.552
secondary loss is:  0.5438622236251831
---------------------------------------------------------------
train episode:  82
eps in this episode is:  0.1
eps_wstart in this episode is:  0
action in this episode is:  [[59, 31, 22], [75, 83, 29], [10, 158, 32], [87, 65, 169]]
present:  [10, 22, 29, 31, 32, 59, 75, 83, 158]
episode total reward is:  15.351
secondary loss is:  0.7210639715194702
---------------------------------------------------------------
train episode:  83
eps in this episode is:  0.1
eps_wstart in this episode is:  0
action in this episode is:  [[59, 31, 186], [22, 75, 83], [29, 10, 164], [158, 32, 87]]
present:  [10, 22, 29, 31, 59, 75, 83, 164, 186]
episode total reward is:  15.474
secondary loss is:  0.6224101781845093
---------------------------------------------------------------
train episode:  84
eps in this episode is:  0.1
eps_wstart in this episode is:  0
action in this episode is:  [[59, 31, 22], [75, 83, 29], [10, 87, 158], [32, 169, 65]]
present:  [10, 22, 29, 31, 59, 75, 83, 87, 158]
episode total reward is:  15.439
secondary loss is:  0.32164525985717773
---------------------------------------------------------------
train episode:  85
eps in this episode is:  0.1
eps_wstart in this episode is:  0
action in this episode is:  [[59, 31, 30], [22, 75, 83], [29, 10, 158], [65, 32, 87]]
present:  [10, 22, 29, 30, 31, 59, 75, 83, 158]
episode total reward is:  14.99
secondary loss is:  0.567061185836792
---------------------------------------------------------------
train episode:  86
eps in this episode is:  0.1
eps_wstart in this episode is:  0
action in this episode is:  [[59, 31, 22], [75, 83, 29], [109, 10, 32], [87, 158, 169]]
present:  [10, 22, 29, 31, 32, 59, 75, 83, 109]
episode total reward is:  15.159
secondary loss is:  0.5323444604873657
---------------------------------------------------------------
train episode:  87
eps in this episode is:  0.1
eps_wstart in this episode is:  0
action in this episode is:  [[59, 31, 108], [22, 75, 83], [29, 10, 158], [32, 87, 65]]
present:  [10, 22, 29, 31, 59, 75, 83, 108, 158]
episode total reward is:  15.241
secondary loss is:  0.7039034366607666
---------------------------------------------------------------
train episode:  88
eps in this episode is:  0.1
eps_wstart in this episode is:  0
action in this episode is:  [[59, 31, 22], [75, 83, 29], [10, 82, 32], [158, 87, 114]]
present:  [10, 22, 29, 31, 32, 59, 75, 82, 83]
episode total reward is:  16.731
secondary loss is:  0.3516092300415039
---------------------------------------------------------------
train episode:  89
eps in this episode is:  0.1
eps_wstart in this episode is:  0
action in this episode is:  [[59, 31, 22], [75, 83, 29], [10, 158, 87], [32, 65, 169]]
present:  [10, 22, 29, 31, 59, 75, 83, 87, 158]
episode total reward is:  15.247
secondary loss is:  0.4383373558521271
---------------------------------------------------------------
train episode:  90
eps in this episode is:  0.1
eps_wstart in this episode is:  0
action in this episode is:  [[59, 31, 22], [75, 83, 29], [10, 16, 158], [32, 65, 62]]
present:  [10, 16, 22, 29, 31, 59, 75, 83, 158]
episode total reward is:  15.875
secondary loss is:  0.2005046010017395
---------------------------------------------------------------
train episode:  91
eps in this episode is:  0.1
eps_wstart in this episode is:  0
action in this episode is:  [[59, 31, 22], [75, 83, 29], [10, 158, 169], [175, 32, 65]]
present:  [10, 22, 29, 31, 59, 75, 83, 158, 169]
episode total reward is:  15.28
secondary loss is:  0.35163402557373047
---------------------------------------------------------------
train episode:  92
eps in this episode is:  0.1
eps_wstart in this episode is:  0
action in this episode is:  [[59, 89, 31], [22, 75, 57], [83, 154, 29], [10, 32, 158]]
present:  [22, 29, 31, 57, 59, 75, 83, 89, 154]
episode total reward is:  15.488
secondary loss is:  0.672452449798584
---------------------------------------------------------------
train episode:  93
eps in this episode is:  0.1
eps_wstart in this episode is:  0
action in this episode is:  [[59, 31, 22], [5, 75, 83], [29, 158, 10], [32, 87, 7]]
present:  [5, 10, 22, 29, 31, 59, 75, 83, 158]
episode total reward is:  15.416
secondary loss is:  0.6599970459938049
---------------------------------------------------------------
train episode:  94
eps in this episode is:  0.1
eps_wstart in this episode is:  0
action in this episode is:  [[59, 31, 22], [75, 83, 29], [10, 32, 158], [87, 61, 65]]
present:  [10, 22, 29, 31, 32, 59, 75, 83, 158]
episode total reward is:  15.107
secondary loss is:  0.23885788023471832
---------------------------------------------------------------
train episode:  95
eps in this episode is:  0.1
eps_wstart in this episode is:  0
action in this episode is:  [[59, 31, 22], [100, 75, 37], [83, 29, 10], [6, 158, 32]]
present:  [10, 22, 29, 31, 37, 59, 75, 83, 100]
episode total reward is:  15.257
secondary loss is:  0.7833200693130493
---------------------------------------------------------------
train episode:  96
eps in this episode is:  0.1
eps_wstart in this episode is:  0
action in this episode is:  [[59, 31, 22], [75, 83, 29], [10, 158, 32], [87, 65, 115]]
present:  [10, 22, 29, 31, 32, 59, 75, 83, 158]
episode total reward is:  15.483
secondary loss is:  0.13066592812538147
---------------------------------------------------------------
train episode:  97
eps in this episode is:  0.1
eps_wstart in this episode is:  0
action in this episode is:  [[25, 59, 31], [24, 22, 75], [83, 29, 42], [10, 158, 172]]
present:  [22, 24, 25, 29, 31, 42, 59, 75, 83]
episode total reward is:  15.18
secondary loss is:  0.25702279806137085
---------------------------------------------------------------
train episode:  98
eps in this episode is:  0.1
eps_wstart in this episode is:  0
action in this episode is:  [[59, 31, 84], [22, 185, 75], [83, 66, 29], [10, 32, 158]]
present:  [22, 29, 31, 59, 66, 75, 83, 84, 185]
episode total reward is:  15.301
secondary loss is:  0.2962512671947479
---------------------------------------------------------------
train episode:  99
eps in this episode is:  0.1
eps_wstart in this episode is:  0
action in this episode is:  [[133, 58, 59], [83, 31, 81], [110, 22, 75], [29, 53, 10]]
present:  [22, 31, 58, 59, 75, 81, 83, 110, 133]
episode total reward is:  14.795
secondary loss is:  0.49576830863952637

---------------------------------------------------------------

runtime for training process is:  3845.412068128586




testing
---------------------------------------------------------------
test episode:  0
action in this episode is:  [[59, 31, 22], [75, 83, 29], [10, 32, 158], [65, 87, 169]]
episode total reward is:  15.357
---------------------------------------------------------------
test episode:  1
action in this episode is:  [[59, 31, 22], [75, 83, 29], [10, 158, 169], [32, 87, 65]]
episode total reward is:  15.308
---------------------------------------------------------------
test episode:  2
action in this episode is:  [[59, 31, 22], [75, 83, 29], [10, 32, 158], [65, 87, 169]]
episode total reward is:  15.298
---------------------------------------------------------------
test episode:  3
action in this episode is:  [[59, 31, 22], [75, 83, 29], [10, 158, 32], [65, 87, 169]]
episode total reward is:  15.261
---------------------------------------------------------------
test episode:  4
action in this episode is:  [[59, 31, 22], [75, 83, 29], [10, 158, 169], [65, 87, 32]]
episode total reward is:  15.3
---------------------------------------------------------------
test episode:  5
action in this episode is:  [[59, 31, 22], [75, 83, 29], [10, 32, 158], [65, 87, 169]]
episode total reward is:  15.265
---------------------------------------------------------------
test episode:  6
action in this episode is:  [[59, 31, 22], [75, 83, 29], [10, 32, 158], [65, 87, 169]]
episode total reward is:  15.238
---------------------------------------------------------------
test episode:  7
action in this episode is:  [[59, 31, 22], [75, 83, 29], [10, 32, 158], [65, 87, 169]]
episode total reward is:  15.366
---------------------------------------------------------------
test episode:  8
action in this episode is:  [[59, 31, 22], [75, 83, 29], [10, 32, 158], [65, 87, 169]]
episode total reward is:  15.194
---------------------------------------------------------------
test episode:  9
action in this episode is:  [[59, 31, 22], [75, 83, 29], [10, 158, 32], [65, 87, 169]]
episode total reward is:  15.257
---------------------------------------------------------------
test episode:  10
action in this episode is:  [[59, 31, 22], [75, 83, 29], [10, 32, 158], [65, 87, 169]]
episode total reward is:  15.364
---------------------------------------------------------------
test episode:  11
action in this episode is:  [[59, 31, 22], [75, 83, 29], [10, 158, 32], [65, 87, 169]]
episode total reward is:  15.364
---------------------------------------------------------------
test episode:  12
action in this episode is:  [[59, 31, 22], [75, 83, 29], [10, 158, 32], [65, 87, 169]]
episode total reward is:  15.328
---------------------------------------------------------------
test episode:  13
action in this episode is:  [[59, 31, 22], [75, 83, 29], [10, 32, 158], [65, 87, 169]]
episode total reward is:  15.332
---------------------------------------------------------------
test episode:  14
action in this episode is:  [[59, 31, 22], [75, 83, 29], [10, 158, 32], [65, 87, 169]]
episode total reward is:  15.23
---------------------------------------------------------------
test episode:  15
action in this episode is:  [[59, 31, 22], [75, 83, 29], [10, 32, 158], [65, 87, 169]]
episode total reward is:  15.329
---------------------------------------------------------------
test episode:  16
action in this episode is:  [[59, 31, 22], [75, 83, 29], [10, 32, 158], [65, 87, 169]]
episode total reward is:  15.282
---------------------------------------------------------------
test episode:  17
action in this episode is:  [[59, 31, 22], [75, 83, 29], [10, 32, 158], [65, 87, 169]]
episode total reward is:  15.331
---------------------------------------------------------------
test episode:  18
action in this episode is:  [[59, 31, 22], [75, 83, 29], [10, 158, 32], [65, 87, 169]]
episode total reward is:  15.268
---------------------------------------------------------------
test episode:  19
action in this episode is:  [[59, 31, 22], [75, 83, 29], [10, 158, 169], [32, 87, 65]]
episode total reward is:  15.294
---------------------------------------------------------------
test episode:  20
action in this episode is:  [[59, 31, 22], [75, 83, 29], [10, 32, 158], [65, 87, 169]]
episode total reward is:  15.313
---------------------------------------------------------------
test episode:  21
action in this episode is:  [[59, 31, 22], [75, 83, 29], [10, 32, 158], [65, 87, 169]]
episode total reward is:  15.363
---------------------------------------------------------------
test episode:  22
action in this episode is:  [[59, 31, 22], [75, 83, 29], [10, 158, 169], [65, 87, 32]]
episode total reward is:  15.266
---------------------------------------------------------------
test episode:  23
action in this episode is:  [[59, 31, 22], [75, 83, 29], [10, 158, 32], [65, 87, 169]]
episode total reward is:  15.293
---------------------------------------------------------------
test episode:  24
action in this episode is:  [[59, 31, 22], [75, 83, 29], [10, 32, 158], [65, 87, 169]]
episode total reward is:  15.23
---------------------------------------------------------------
test episode:  25
action in this episode is:  [[59, 31, 22], [75, 83, 29], [10, 32, 158], [65, 87, 169]]
episode total reward is:  15.398
---------------------------------------------------------------
test episode:  26
action in this episode is:  [[59, 31, 22], [75, 83, 29], [10, 158, 169], [32, 87, 65]]
episode total reward is:  15.275
---------------------------------------------------------------
test episode:  27
action in this episode is:  [[59, 31, 22], [75, 83, 29], [10, 32, 158], [65, 87, 169]]
episode total reward is:  15.317
---------------------------------------------------------------
test episode:  28
action in this episode is:  [[59, 31, 22], [75, 83, 29], [10, 158, 32], [65, 87, 169]]
episode total reward is:  15.27
---------------------------------------------------------------
test episode:  29
action in this episode is:  [[59, 31, 22], [75, 83, 29], [10, 158, 32], [65, 87, 169]]
episode total reward is:  15.233
---------------------------------------------------------------
test episode:  30
action in this episode is:  [[59, 31, 22], [75, 83, 29], [10, 158, 169], [32, 87, 65]]
episode total reward is:  15.299
---------------------------------------------------------------
test episode:  31
action in this episode is:  [[59, 31, 22], [75, 83, 29], [10, 158, 32], [65, 87, 169]]
episode total reward is:  15.304
---------------------------------------------------------------
test episode:  32
action in this episode is:  [[59, 31, 22], [75, 83, 29], [10, 32, 158], [65, 87, 169]]
episode total reward is:  15.313
---------------------------------------------------------------
test episode:  33
action in this episode is:  [[59, 31, 22], [75, 83, 29], [10, 32, 158], [65, 87, 169]]
episode total reward is:  15.34
---------------------------------------------------------------
test episode:  34
action in this episode is:  [[59, 31, 22], [75, 83, 29], [10, 158, 169], [65, 87, 32]]
episode total reward is:  15.281
---------------------------------------------------------------
test episode:  35
action in this episode is:  [[59, 31, 22], [75, 83, 29], [10, 32, 158], [65, 87, 169]]
episode total reward is:  15.232
---------------------------------------------------------------
test episode:  36
action in this episode is:  [[59, 31, 22], [75, 83, 29], [10, 158, 169], [65, 87, 32]]
episode total reward is:  15.337
---------------------------------------------------------------
test episode:  37
action in this episode is:  [[59, 31, 22], [75, 83, 29], [10, 158, 169], [32, 87, 65]]
episode total reward is:  15.293
---------------------------------------------------------------
test episode:  38
action in this episode is:  [[59, 31, 22], [75, 83, 29], [10, 32, 158], [65, 87, 169]]
episode total reward is:  15.235
---------------------------------------------------------------
test episode:  39
action in this episode is:  [[59, 31, 22], [75, 83, 29], [10, 158, 32], [65, 87, 169]]
episode total reward is:  15.249
---------------------------------------------------------------
test episode:  40
action in this episode is:  [[59, 31, 22], [75, 83, 29], [10, 158, 32], [65, 87, 169]]
episode total reward is:  15.372
---------------------------------------------------------------
test episode:  41
action in this episode is:  [[59, 31, 22], [75, 83, 29], [10, 32, 158], [65, 87, 169]]
episode total reward is:  15.299
---------------------------------------------------------------
test episode:  42
action in this episode is:  [[59, 31, 22], [75, 83, 29], [10, 32, 158], [65, 87, 169]]
episode total reward is:  15.375
---------------------------------------------------------------
test episode:  43
action in this episode is:  [[59, 31, 22], [75, 83, 29], [10, 158, 169], [32, 87, 65]]
episode total reward is:  15.247
---------------------------------------------------------------
test episode:  44
action in this episode is:  [[59, 31, 22], [75, 83, 29], [10, 158, 32], [65, 87, 169]]
episode total reward is:  15.273
---------------------------------------------------------------
test episode:  45
action in this episode is:  [[59, 31, 22], [75, 83, 29], [10, 158, 32], [65, 87, 169]]
episode total reward is:  15.369
---------------------------------------------------------------
test episode:  46
action in this episode is:  [[59, 31, 22], [75, 83, 29], [10, 158, 32], [65, 87, 169]]
episode total reward is:  15.31
---------------------------------------------------------------
test episode:  47
action in this episode is:  [[59, 31, 22], [75, 83, 29], [10, 32, 158], [65, 87, 169]]
episode total reward is:  15.301
---------------------------------------------------------------
test episode:  48
action in this episode is:  [[59, 31, 22], [75, 83, 29], [10, 158, 32], [65, 87, 169]]
episode total reward is:  15.388
---------------------------------------------------------------
test episode:  49
action in this episode is:  [[59, 31, 22], [75, 83, 29], [10, 32, 158], [65, 87, 169]]
episode total reward is:  15.276

---------------------------------------------------------------

average reward: 15.300339999999998
reward std: 0.047775144165140886
