chosen graph:  India
#nodes:  202
#edges:  692
cascade model is:  SC
device is:  cuda
---------------------------------------------------------------
train episode:  0
eps in this episode is:  0.3
eps_wstart in this episode is:  0.295
using warm-start actions
choosing max degree
using warm-start actions
choosing ada_greedy
using warm-start actions
choosing ada_greedy
using warm-start actions
choosing random
action in this episode is:  [[62, 83, 59, 93, 50], [160, 1, 82, 153, 30], [2, 42, 12, 49, 156], [130, 144, 133, 146, 29]]
present:  [1, 2, 12, 30, 42, 49, 50, 59, 62, 82, 83, 93, 153, 156, 160]
episode total reward is:  37.199
---------------------------------------------------------------
train episode:  1
eps in this episode is:  0.295
eps_wstart in this episode is:  0.29
using warm-start actions
choosing random
using warm-start actions
choosing max degree
using warm-start actions
choosing max degree
using warm-start actions
choosing ada_greedy
action in this episode is:  [[26, 0, 147, 148, 7], [62, 83, 59, 93, 50], [24, 95, 82, 9, 178], [160, 2, 49, 153, 30]]
present:  [0, 7, 9, 24, 26, 50, 59, 62, 82, 83, 93, 95, 147, 148, 178]
episode total reward is:  38.149
---------------------------------------------------------------
train episode:  2
eps in this episode is:  0.29
eps_wstart in this episode is:  0.285
using warm-start actions
choosing ada_greedy
using warm-start actions
choosing max degree
using warm-start actions
choosing max degree
using warm-start actions
choosing random
action in this episode is:  [[1, 82, 153, 93, 30], [62, 83, 59, 50, 24], [95, 9, 178, 6, 91], [39, 99, 32, 177, 85]]
present:  [1, 6, 9, 24, 30, 50, 59, 62, 82, 83, 91, 93, 95, 153, 178]
episode total reward is:  36.162
---------------------------------------------------------------
train episode:  3
eps in this episode is:  0.285
eps_wstart in this episode is:  0.27999999999999997
using warm-start actions
choosing max degree
using warm-start actions
choosing ada_greedy
using warm-start actions
choosing max degree
using warm-start actions
choosing random
action in this episode is:  [[62, 83, 59, 93, 50], [160, 1, 82, 153, 30], [24, 95, 9, 178, 6], [43, 49, 167, 91, 18]]
present:  [1, 6, 9, 24, 30, 50, 59, 62, 82, 83, 93, 95, 153, 160, 178]
episode total reward is:  38.81
---------------------------------------------------------------
train episode:  4
eps in this episode is:  0.27999999999999997
eps_wstart in this episode is:  0.27499999999999997
using warm-start actions
choosing max degree
using warm-start actions
choosing max degree
using warm-start actions
choosing random
using warm-start actions
choosing max degree
action in this episode is:  [[62, 83, 59, 93, 50], [24, 95, 82, 9, 178], [144, 156, 166, 17, 81], [6, 91, 110, 141, 13]]
present:  [9, 17, 24, 50, 59, 62, 81, 82, 83, 93, 95, 144, 156, 166, 178]
episode total reward is:  37.367
---------------------------------------------------------------
train episode:  5
eps in this episode is:  0.27499999999999997
eps_wstart in this episode is:  0.26999999999999996
using warm-start actions
choosing max degree
using warm-start actions
choosing random
using warm-start actions
choosing ada_greedy
using warm-start actions
choosing max degree
action in this episode is:  [[62, 83, 59, 93, 50], [171, 22, 30, 175, 58], [160, 1, 2, 82, 153], [24, 95, 9, 178, 6]]
present:  [1, 2, 22, 30, 50, 58, 59, 62, 82, 83, 93, 153, 160, 171, 175]
episode total reward is:  36.871
---------------------------------------------------------------
train episode:  6
eps in this episode is:  0.27
eps_wstart in this episode is:  0.26499999999999996
using warm-start actions
choosing ada_greedy
using warm-start actions
choosing ada_greedy
using warm-start actions
choosing ada_greedy
using warm-start actions
choosing random
action in this episode is:  [[160, 1, 82, 93, 30], [2, 49, 153, 156, 62], [164, 42, 12, 83, 63], [149, 159, 25, 38, 26]]
present:  [1, 2, 12, 30, 42, 49, 62, 63, 82, 83, 93, 153, 156, 160, 164]
episode total reward is:  35.98
secondary loss is:  257.4644775390625
---------------------------------------------------------------
train episode:  7
eps in this episode is:  0.265
eps_wstart in this episode is:  0.25999999999999995
choosing max degree
action in this episode is:  [[62, 83, 59, 93, 50], [82, 2, 139, 71, 24], [110, 178, 114, 30, 9], [60, 156, 95, 6, 13]]
present:  [2, 9, 24, 30, 50, 59, 62, 71, 82, 83, 93, 110, 114, 139, 178]
episode total reward is:  39.78
secondary loss is:  199.94139099121094
---------------------------------------------------------------
train episode:  8
eps in this episode is:  0.26
eps_wstart in this episode is:  0.25499999999999995
choosing ada_greedy
action in this episode is:  [[160, 82, 153, 93, 30], [83, 62, 59, 2, 50], [24, 36, 110, 178, 9], [173, 60, 130, 148, 156]]
present:  [2, 9, 24, 30, 36, 50, 59, 62, 82, 83, 93, 110, 153, 160, 178]
episode total reward is:  37.992
secondary loss is:  99.1839370727539
---------------------------------------------------------------
train episode:  9
eps in this episode is:  0.255
eps_wstart in this episode is:  0.24999999999999994
choosing ada_greedy
choosing max degree
action in this episode is:  [[160, 1, 82, 153, 93], [62, 83, 59, 50, 24], [2, 110, 178, 9, 68], [60, 156, 95, 66, 13]]
present:  [1, 2, 9, 24, 50, 59, 62, 68, 82, 83, 93, 110, 153, 160, 178]
episode total reward is:  42.516
secondary loss is:  42.71800994873047
---------------------------------------------------------------
train episode:  10
eps in this episode is:  0.25
eps_wstart in this episode is:  0.24499999999999994
choosing ada_greedy
action in this episode is:  [[83, 151, 62, 59, 61], [1, 82, 153, 93, 30], [50, 138, 96, 2, 24], [110, 178, 9, 156, 201]]
present:  [1, 2, 24, 30, 50, 59, 61, 62, 82, 83, 93, 96, 138, 151, 153]
episode total reward is:  34.977
secondary loss is:  131.18792724609375
---------------------------------------------------------------
train episode:  11
eps in this episode is:  0.245
eps_wstart in this episode is:  0.23999999999999994
choosing ada_greedy
action in this episode is:  [[83, 128, 62, 59, 93], [82, 192, 50, 110, 2], [160, 12, 49, 153, 30], [24, 178, 9, 156, 60]]
present:  [2, 12, 30, 49, 50, 59, 62, 82, 83, 93, 110, 128, 153, 160, 192]
episode total reward is:  38.883
secondary loss is:  110.53887176513672
---------------------------------------------------------------
train episode:  12
eps in this episode is:  0.24
eps_wstart in this episode is:  0.23499999999999993
action in this episode is:  [[83, 62, 59, 25, 192], [93, 82, 2, 39, 50], [97, 24, 135, 110, 178], [9, 156, 60, 95, 124]]
present:  [2, 24, 25, 39, 50, 59, 62, 82, 83, 93, 97, 110, 135, 178, 192]
episode total reward is:  37.456
secondary loss is:  52.02642822265625
---------------------------------------------------------------
train episode:  13
eps in this episode is:  0.235
eps_wstart in this episode is:  0.22999999999999993
action in this episode is:  [[2, 44, 83, 75, 22], [62, 59, 93, 187, 82], [50, 24, 110, 178, 9], [156, 60, 95, 85, 29]]
present:  [2, 9, 22, 24, 44, 50, 59, 62, 75, 82, 83, 93, 110, 178, 187]
episode total reward is:  38.654
secondary loss is:  56.50328063964844
---------------------------------------------------------------
train episode:  14
eps in this episode is:  0.22999999999999998
eps_wstart in this episode is:  0.22499999999999992
action in this episode is:  [[116, 185, 147, 83, 62], [59, 93, 82, 41, 2], [35, 50, 24, 110, 178], [9, 156, 60, 95, 6]]
present:  [2, 24, 35, 41, 50, 59, 62, 82, 83, 93, 110, 116, 147, 178, 185]
episode total reward is:  37.91
secondary loss is:  79.1447982788086
---------------------------------------------------------------
train episode:  15
eps in this episode is:  0.22499999999999998
eps_wstart in this episode is:  0.21999999999999992
action in this episode is:  [[83, 146, 62, 59, 93], [82, 50, 2, 24, 110], [41, 178, 9, 172, 156], [60, 13, 32, 95, 6]]
present:  [2, 9, 24, 41, 50, 59, 62, 82, 83, 93, 110, 146, 156, 172, 178]
episode total reward is:  39.03
secondary loss is:  42.56959915161133
---------------------------------------------------------------
train episode:  16
eps in this episode is:  0.21999999999999997
eps_wstart in this episode is:  0.2149999999999999
action in this episode is:  [[83, 62, 59, 93, 82], [50, 2, 159, 174, 24], [110, 178, 9, 156, 60], [13, 95, 6, 103, 141]]
present:  [2, 9, 24, 50, 59, 60, 62, 82, 83, 93, 110, 156, 159, 174, 178]
episode total reward is:  42.407
secondary loss is:  48.69970703125
---------------------------------------------------------------
train episode:  17
eps in this episode is:  0.21499999999999997
eps_wstart in this episode is:  0.2099999999999999
choosing max degree
action in this episode is:  [[83, 62, 172, 59, 93], [171, 82, 50, 2, 24], [95, 9, 178, 6, 91], [74, 129, 110, 156, 60]]
present:  [2, 6, 9, 24, 50, 59, 62, 82, 83, 91, 93, 95, 171, 172, 178]
episode total reward is:  40.286
secondary loss is:  25.727813720703125
---------------------------------------------------------------
train episode:  18
eps in this episode is:  0.21
eps_wstart in this episode is:  0.2049999999999999
choosing max degree
action in this episode is:  [[83, 62, 59, 93, 101], [50, 24, 95, 82, 9], [7, 2, 141, 110, 81], [178, 156, 60, 13, 145]]
present:  [2, 7, 9, 24, 50, 59, 62, 81, 82, 83, 93, 95, 101, 110, 141]
episode total reward is:  40.678
secondary loss is:  32.88053512573242
---------------------------------------------------------------
train episode:  19
eps in this episode is:  0.205
eps_wstart in this episode is:  0.1999999999999999
action in this episode is:  [[83, 62, 179, 59, 93], [82, 2, 50, 24, 110], [86, 178, 9, 20, 58], [156, 81, 41, 60, 13]]
present:  [2, 9, 20, 24, 50, 58, 59, 62, 82, 83, 86, 93, 110, 178, 179]
episode total reward is:  35.623
secondary loss is:  12.97657585144043
---------------------------------------------------------------
train episode:  20
eps in this episode is:  0.19999999999999998
eps_wstart in this episode is:  0.1949999999999999
choosing ada_greedy
action in this episode is:  [[83, 62, 59, 93, 82], [160, 1, 49, 153, 30], [50, 2, 24, 110, 178], [9, 28, 156, 60, 95]]
present:  [1, 2, 24, 30, 49, 50, 59, 62, 82, 83, 93, 110, 153, 160, 178]
episode total reward is:  40.972
secondary loss is:  6.853748798370361
---------------------------------------------------------------
train episode:  21
eps in this episode is:  0.195
eps_wstart in this episode is:  0.1899999999999999
choosing max degree
choosing ada_greedy
action in this episode is:  [[83, 62, 2, 59, 93], [50, 24, 95, 82, 9], [18, 110, 136, 178, 156], [160, 12, 49, 153, 30]]
present:  [2, 9, 18, 24, 50, 59, 62, 82, 83, 93, 95, 110, 136, 156, 178]
episode total reward is:  40.796
secondary loss is:  5.701962947845459
---------------------------------------------------------------
train episode:  22
eps in this episode is:  0.19
eps_wstart in this episode is:  0.1849999999999999
choosing ada_greedy
action in this episode is:  [[83, 62, 59, 93, 82], [2, 50, 66, 30, 24], [160, 1, 12, 49, 153], [178, 110, 91, 9, 156]]
present:  [1, 2, 12, 24, 30, 49, 50, 59, 62, 66, 82, 83, 93, 153, 160]
episode total reward is:  39.377
secondary loss is:  1.5038033723831177
---------------------------------------------------------------
train episode:  23
eps in this episode is:  0.185
eps_wstart in this episode is:  0.17999999999999988
choosing random
action in this episode is:  [[164, 199, 182, 165, 10], [83, 62, 59, 16, 93], [72, 82, 50, 2, 24], [110, 178, 9, 156, 60]]
present:  [2, 10, 16, 24, 50, 59, 62, 72, 82, 83, 93, 164, 165, 182, 199]
episode total reward is:  36.357
secondary loss is:  0.5903741121292114
---------------------------------------------------------------
train episode:  24
eps in this episode is:  0.18
eps_wstart in this episode is:  0.17499999999999988
action in this episode is:  [[83, 156, 62, 59, 77], [93, 82, 2, 148, 50], [24, 110, 181, 178, 53], [9, 60, 52, 139, 6]]
present:  [2, 24, 50, 53, 59, 62, 77, 82, 83, 93, 110, 148, 156, 178, 181]
episode total reward is:  35.39
secondary loss is:  0.11577379703521729
---------------------------------------------------------------
train episode:  25
eps in this episode is:  0.175
eps_wstart in this episode is:  0.16999999999999987
choosing ada_greedy
choosing random
choosing ada_greedy
action in this episode is:  [[160, 82, 153, 93, 30], [16, 4, 130, 66, 64], [1, 2, 49, 62, 63], [83, 21, 59, 165, 50]]
present:  [1, 2, 4, 16, 30, 49, 62, 63, 64, 66, 82, 93, 130, 153, 160]
episode total reward is:  37.364
secondary loss is:  0.6466711163520813
---------------------------------------------------------------
train episode:  26
eps in this episode is:  0.16999999999999998
eps_wstart in this episode is:  0.16499999999999987
choosing max degree
action in this episode is:  [[83, 62, 59, 23, 93], [148, 82, 188, 2, 50], [24, 95, 9, 178, 6], [110, 156, 60, 13, 40]]
present:  [2, 6, 9, 23, 24, 50, 59, 62, 82, 83, 93, 95, 148, 178, 188]
episode total reward is:  39.773
secondary loss is:  1.5844972133636475
---------------------------------------------------------------
train episode:  27
eps in this episode is:  0.16499999999999998
eps_wstart in this episode is:  0.15999999999999986
choosing random
action in this episode is:  [[31, 90, 159, 2, 41], [83, 62, 59, 93, 82], [50, 24, 110, 178, 14], [9, 0, 36, 188, 156]]
present:  [2, 14, 24, 31, 41, 50, 59, 62, 82, 83, 90, 93, 110, 159, 178]
episode total reward is:  33.981
secondary loss is:  1.4709210395812988
---------------------------------------------------------------
train episode:  28
eps in this episode is:  0.15999999999999998
eps_wstart in this episode is:  0.15499999999999986
action in this episode is:  [[83, 62, 59, 178, 93], [174, 82, 2, 50, 24], [110, 9, 156, 89, 95], [60, 13, 101, 6, 103]]
present:  [2, 9, 24, 50, 59, 62, 82, 83, 89, 93, 95, 110, 156, 174, 178]
episode total reward is:  41.988
secondary loss is:  4.505185604095459
---------------------------------------------------------------
train episode:  29
eps in this episode is:  0.155
eps_wstart in this episode is:  0.14999999999999986
choosing ada_greedy
action in this episode is:  [[160, 82, 153, 93, 30], [83, 62, 59, 2, 50], [24, 110, 178, 48, 9], [156, 60, 13, 6, 95]]
present:  [2, 9, 24, 30, 48, 50, 59, 62, 82, 83, 93, 110, 153, 160, 178]
episode total reward is:  42.047
secondary loss is:  2.80572509765625
---------------------------------------------------------------
train episode:  30
eps in this episode is:  0.15
eps_wstart in this episode is:  0.14499999999999985
action in this episode is:  [[83, 62, 59, 93, 82], [2, 50, 24, 110, 178], [9, 156, 60, 137, 13], [6, 95, 103, 141, 91]]
present:  [2, 9, 13, 24, 50, 59, 60, 62, 82, 83, 93, 110, 137, 156, 178]
episode total reward is:  40.842
secondary loss is:  2.5892655849456787
---------------------------------------------------------------
train episode:  31
eps in this episode is:  0.145
eps_wstart in this episode is:  0.13999999999999985
action in this episode is:  [[83, 62, 59, 93, 82], [2, 50, 24, 110, 178], [9, 156, 51, 60, 13], [6, 95, 88, 103, 141]]
present:  [2, 9, 13, 24, 50, 51, 59, 60, 62, 82, 83, 93, 110, 156, 178]
episode total reward is:  40.543
secondary loss is:  4.421895503997803
---------------------------------------------------------------
train episode:  32
eps in this episode is:  0.13999999999999999
eps_wstart in this episode is:  0.13499999999999984
choosing max degree
action in this episode is:  [[83, 62, 59, 93, 82], [50, 24, 95, 9, 178], [2, 110, 43, 156, 60], [13, 58, 6, 103, 141]]
present:  [2, 9, 24, 43, 50, 59, 60, 62, 82, 83, 93, 95, 110, 156, 178]
episode total reward is:  39.956
secondary loss is:  6.107961654663086
---------------------------------------------------------------
train episode:  33
eps in this episode is:  0.13499999999999998
eps_wstart in this episode is:  0.12999999999999984
choosing ada_greedy
action in this episode is:  [[83, 62, 59, 93, 82], [2, 50, 24, 110, 178], [160, 12, 49, 153, 30], [9, 156, 60, 6, 13]]
present:  [2, 12, 24, 30, 49, 50, 59, 62, 82, 83, 93, 110, 153, 160, 178]
episode total reward is:  41.294
secondary loss is:  8.928242683410645
---------------------------------------------------------------
train episode:  34
eps in this episode is:  0.12999999999999998
eps_wstart in this episode is:  0.12499999999999983
choosing random
choosing ada_greedy
action in this episode is:  [[74, 165, 110, 167, 67], [83, 62, 113, 59, 93], [160, 2, 82, 153, 30], [50, 24, 178, 9, 156]]
present:  [2, 30, 59, 62, 67, 74, 82, 83, 93, 110, 113, 153, 160, 165, 167]
episode total reward is:  39.221
secondary loss is:  9.131052017211914
---------------------------------------------------------------
train episode:  35
eps in this episode is:  0.12499999999999997
eps_wstart in this episode is:  0.11999999999999983
choosing ada_greedy
action in this episode is:  [[83, 62, 59, 93, 29], [82, 2, 192, 50, 24], [160, 1, 49, 153, 30], [110, 178, 186, 9, 156]]
present:  [1, 2, 24, 29, 30, 49, 50, 59, 62, 82, 83, 93, 153, 160, 192]
episode total reward is:  37.245
secondary loss is:  8.38991928100586
---------------------------------------------------------------
train episode:  36
eps in this episode is:  0.12
eps_wstart in this episode is:  0.11499999999999982
action in this episode is:  [[137, 83, 166, 118, 62], [59, 93, 182, 82, 2], [50, 24, 110, 178, 9], [156, 60, 6, 13, 95]]
present:  [2, 9, 24, 50, 59, 62, 82, 83, 93, 110, 118, 137, 166, 178, 182]
episode total reward is:  37.647
secondary loss is:  7.47292423248291
---------------------------------------------------------------
train episode:  37
eps in this episode is:  0.11499999999999999
eps_wstart in this episode is:  0.10999999999999982
choosing ada_greedy
action in this episode is:  [[160, 1, 82, 153, 30], [83, 62, 59, 93, 2], [50, 24, 110, 19, 178], [9, 156, 60, 13, 95]]
present:  [1, 2, 19, 24, 30, 50, 59, 62, 82, 83, 93, 110, 153, 160, 178]
episode total reward is:  41.241
secondary loss is:  6.577478408813477
---------------------------------------------------------------
train episode:  38
eps in this episode is:  0.10999999999999999
eps_wstart in this episode is:  0.10499999999999982
action in this episode is:  [[83, 62, 59, 93, 82], [79, 2, 50, 24, 110], [178, 9, 156, 60, 6], [13, 95, 103, 141, 91]]
present:  [2, 6, 9, 24, 50, 59, 60, 62, 79, 82, 83, 93, 110, 156, 178]
episode total reward is:  41.258
secondary loss is:  11.828472137451172
---------------------------------------------------------------
train episode:  39
eps in this episode is:  0.10499999999999998
eps_wstart in this episode is:  0.09999999999999981
action in this episode is:  [[83, 12, 62, 59, 93], [82, 2, 130, 50, 24], [20, 110, 178, 9, 156], [60, 13, 6, 95, 103]]
present:  [2, 9, 12, 20, 24, 50, 59, 62, 82, 83, 93, 110, 130, 156, 178]
episode total reward is:  41.395
secondary loss is:  11.631857872009277
---------------------------------------------------------------
train episode:  40
eps in this episode is:  0.1
eps_wstart in this episode is:  0.0949999999999998
action in this episode is:  [[118, 45, 83, 62, 79], [167, 59, 51, 93, 82], [2, 50, 24, 110, 178], [9, 156, 60, 95, 10]]
present:  [2, 24, 45, 50, 51, 59, 62, 79, 82, 83, 93, 110, 118, 167, 178]
episode total reward is:  38.24
secondary loss is:  3.6926164627075195
---------------------------------------------------------------
train episode:  41
eps in this episode is:  0.1
eps_wstart in this episode is:  0.0899999999999998
action in this episode is:  [[83, 62, 59, 93, 25], [82, 2, 50, 24, 110], [178, 9, 156, 60, 13], [6, 95, 103, 141, 91]]
present:  [2, 9, 13, 24, 25, 50, 59, 60, 62, 82, 83, 93, 110, 156, 178]
episode total reward is:  42.351
secondary loss is:  4.856034278869629
---------------------------------------------------------------
train episode:  42
eps in this episode is:  0.1
eps_wstart in this episode is:  0.0849999999999998
choosing ada_greedy
action in this episode is:  [[141, 83, 62, 176, 59], [160, 1, 82, 153, 93], [50, 2, 24, 26, 110], [178, 9, 156, 60, 13]]
present:  [1, 2, 24, 26, 50, 59, 62, 82, 83, 93, 110, 141, 153, 160, 176]
episode total reward is:  38.719
secondary loss is:  2.4438133239746094
---------------------------------------------------------------
train episode:  43
eps in this episode is:  0.1
eps_wstart in this episode is:  0.0799999999999998
action in this episode is:  [[83, 62, 59, 93, 82], [181, 2, 50, 24, 110], [178, 9, 199, 156, 60], [54, 13, 6, 95, 103]]
present:  [2, 9, 24, 50, 59, 60, 62, 82, 83, 93, 110, 156, 178, 181, 199]
episode total reward is:  40.298
secondary loss is:  1.7174830436706543
---------------------------------------------------------------
train episode:  44
eps in this episode is:  0.1
eps_wstart in this episode is:  0.07499999999999979
action in this episode is:  [[83, 62, 59, 93, 82], [2, 50, 24, 110, 178], [9, 156, 60, 95, 13], [6, 103, 141, 91, 12]]
present:  [2, 9, 13, 24, 50, 59, 60, 62, 82, 83, 93, 95, 110, 156, 178]
episode total reward is:  42.254
secondary loss is:  1.1898999214172363
---------------------------------------------------------------
train episode:  45
eps in this episode is:  0.1
eps_wstart in this episode is:  0.06999999999999978
action in this episode is:  [[83, 62, 59, 93, 82], [2, 158, 50, 24, 110], [178, 9, 156, 60, 13], [6, 86, 95, 103, 141]]
present:  [2, 9, 13, 24, 50, 59, 60, 62, 82, 83, 93, 110, 156, 158, 178]
episode total reward is:  40.699
secondary loss is:  0.08329391479492188
---------------------------------------------------------------
train episode:  46
eps in this episode is:  0.1
eps_wstart in this episode is:  0.06499999999999978
action in this episode is:  [[83, 117, 62, 59, 93], [82, 2, 50, 179, 49], [125, 24, 40, 110, 88], [178, 9, 156, 60, 13]]
present:  [2, 24, 40, 49, 50, 59, 62, 82, 83, 88, 93, 110, 117, 125, 179]
episode total reward is:  36.483
secondary loss is:  0.9878354668617249
---------------------------------------------------------------
train episode:  47
eps in this episode is:  0.1
eps_wstart in this episode is:  0.05999999999999978
action in this episode is:  [[83, 62, 59, 93, 82], [113, 50, 2, 24, 110], [55, 178, 9, 156, 49], [60, 6, 13, 95, 103]]
present:  [2, 9, 24, 49, 50, 55, 59, 62, 82, 83, 93, 110, 113, 156, 178]
episode total reward is:  40.398
secondary loss is:  0.44762831926345825
---------------------------------------------------------------
train episode:  48
eps in this episode is:  0.1
eps_wstart in this episode is:  0.054999999999999785
choosing ada_greedy
choosing ada_greedy
action in this episode is:  [[1, 82, 153, 93, 30], [83, 62, 59, 2, 50], [160, 12, 49, 156, 63], [24, 110, 178, 9, 60]]
present:  [1, 2, 12, 30, 49, 50, 59, 62, 63, 82, 83, 93, 153, 156, 160]
episode total reward is:  41.458
secondary loss is:  0.1027635931968689
---------------------------------------------------------------
train episode:  49
eps in this episode is:  0.1
eps_wstart in this episode is:  0.04999999999999979
choosing max degree
action in this episode is:  [[83, 62, 59, 93, 82], [2, 50, 24, 110, 164], [178, 163, 9, 78, 156], [95, 6, 91, 141, 13]]
present:  [2, 9, 24, 50, 59, 62, 78, 82, 83, 93, 110, 156, 163, 164, 178]
episode total reward is:  38.842
secondary loss is:  0.20907062292099
---------------------------------------------------------------
train episode:  50
eps in this episode is:  0.1
eps_wstart in this episode is:  0.04499999999999979
action in this episode is:  [[83, 62, 59, 93, 82], [2, 50, 35, 24, 110], [178, 9, 156, 60, 13], [6, 95, 103, 141, 91]]
present:  [2, 9, 13, 24, 35, 50, 59, 60, 62, 82, 83, 93, 110, 156, 178]
episode total reward is:  41.306
secondary loss is:  0.4113527238368988
---------------------------------------------------------------
train episode:  51
eps in this episode is:  0.1
eps_wstart in this episode is:  0.03999999999999979
action in this episode is:  [[83, 62, 59, 93, 82], [2, 50, 24, 110, 178], [9, 176, 156, 60, 95], [13, 6, 35, 103, 141]]
present:  [2, 9, 24, 50, 59, 60, 62, 82, 83, 93, 95, 110, 156, 176, 178]
episode total reward is:  40.181
secondary loss is:  0.5557889938354492
---------------------------------------------------------------
train episode:  52
eps in this episode is:  0.1
eps_wstart in this episode is:  0.034999999999999795
action in this episode is:  [[83, 62, 59, 93, 82], [50, 2, 24, 110, 178], [9, 156, 60, 95, 6], [13, 103, 141, 91, 12]]
present:  [2, 6, 9, 24, 50, 59, 60, 62, 82, 83, 93, 95, 110, 156, 178]
episode total reward is:  41.95
secondary loss is:  0.05143735930323601
---------------------------------------------------------------
train episode:  53
eps in this episode is:  0.1
eps_wstart in this episode is:  0.029999999999999794
action in this episode is:  [[83, 62, 59, 93, 82], [2, 50, 24, 110, 118], [178, 115, 9, 156, 60], [6, 13, 95, 14, 103]]
present:  [2, 9, 24, 50, 59, 60, 62, 82, 83, 93, 110, 115, 118, 156, 178]
episode total reward is:  39.959
secondary loss is:  1.0974907875061035
---------------------------------------------------------------
train episode:  54
eps in this episode is:  0.1
eps_wstart in this episode is:  0.024999999999999793
action in this episode is:  [[83, 62, 59, 93, 82], [2, 50, 24, 110, 116], [178, 9, 156, 60, 6], [13, 95, 103, 141, 91]]
present:  [2, 6, 9, 24, 50, 59, 60, 62, 82, 83, 93, 110, 116, 156, 178]
episode total reward is:  40.938
secondary loss is:  0.995400071144104
---------------------------------------------------------------
train episode:  55
eps in this episode is:  0.1
eps_wstart in this episode is:  0.019999999999999792
action in this episode is:  [[83, 62, 59, 93, 82], [2, 50, 24, 110, 178], [80, 9, 87, 156, 60], [6, 13, 95, 55, 103]]
present:  [2, 9, 24, 50, 59, 60, 62, 80, 82, 83, 87, 93, 110, 156, 178]
episode total reward is:  40.225
secondary loss is:  0.7120240330696106
---------------------------------------------------------------
train episode:  56
eps in this episode is:  0.1
eps_wstart in this episode is:  0.014999999999999791
action in this episode is:  [[83, 62, 82, 59, 93], [2, 50, 24, 110, 178], [8, 9, 156, 60, 95], [6, 13, 103, 141, 91]]
present:  [2, 8, 9, 24, 50, 59, 60, 62, 82, 83, 93, 95, 110, 156, 178]
episode total reward is:  41.641
secondary loss is:  0.5640294551849365
---------------------------------------------------------------
train episode:  57
eps in this episode is:  0.1
eps_wstart in this episode is:  0.00999999999999979
action in this episode is:  [[83, 62, 59, 93, 82], [148, 2, 50, 24, 110], [178, 9, 156, 60, 13], [6, 95, 103, 141, 91]]
present:  [2, 9, 13, 24, 50, 59, 60, 62, 82, 83, 93, 110, 148, 156, 178]
episode total reward is:  42.097
secondary loss is:  1.1044238805770874
---------------------------------------------------------------
train episode:  58
eps in this episode is:  0.1
eps_wstart in this episode is:  0.00499999999999979
action in this episode is:  [[83, 62, 59, 93, 82], [134, 2, 50, 24, 110], [178, 9, 156, 60, 13], [6, 95, 103, 141, 91]]
present:  [2, 9, 13, 24, 50, 59, 60, 62, 82, 83, 93, 110, 134, 156, 178]
episode total reward is:  42.892
secondary loss is:  0.6086804270744324
---------------------------------------------------------------
train episode:  59
eps in this episode is:  0.1
eps_wstart in this episode is:  0
action in this episode is:  [[83, 62, 59, 100, 93], [82, 2, 50, 24, 170], [110, 178, 9, 156, 60], [6, 13, 95, 103, 141]]
present:  [2, 9, 24, 50, 59, 60, 62, 82, 83, 93, 100, 110, 156, 170, 178]
episode total reward is:  39.828
secondary loss is:  0.9542446732521057
---------------------------------------------------------------
train episode:  60
eps in this episode is:  0.1
eps_wstart in this episode is:  0
action in this episode is:  [[83, 62, 59, 93, 82], [2, 50, 24, 110, 178], [9, 156, 60, 95, 6], [13, 103, 141, 91, 12]]
present:  [2, 6, 9, 24, 50, 59, 60, 62, 82, 83, 93, 95, 110, 156, 178]
episode total reward is:  42.433
secondary loss is:  0.7506499290466309
---------------------------------------------------------------
train episode:  61
eps in this episode is:  0.1
eps_wstart in this episode is:  0
action in this episode is:  [[83, 62, 59, 93, 82], [50, 2, 24, 110, 178], [9, 156, 60, 95, 13], [6, 165, 103, 141, 91]]
present:  [2, 9, 13, 24, 50, 59, 60, 62, 82, 83, 93, 95, 110, 156, 178]
episode total reward is:  41.874
secondary loss is:  1.5925871133804321
---------------------------------------------------------------
train episode:  62
eps in this episode is:  0.1
eps_wstart in this episode is:  0
action in this episode is:  [[83, 195, 62, 59, 93], [82, 50, 2, 24, 110], [178, 9, 156, 60, 13], [6, 95, 103, 141, 91]]
present:  [2, 9, 13, 24, 50, 59, 60, 62, 82, 83, 93, 110, 156, 178, 195]
episode total reward is:  41.696
secondary loss is:  0.8068642616271973
---------------------------------------------------------------
train episode:  63
eps in this episode is:  0.1
eps_wstart in this episode is:  0
action in this episode is:  [[7, 83, 62, 59, 93], [82, 50, 25, 2, 24], [110, 173, 178, 9, 156], [60, 6, 13, 95, 103]]
present:  [2, 7, 9, 24, 25, 50, 59, 62, 82, 83, 93, 110, 156, 173, 178]
episode total reward is:  40.738
secondary loss is:  1.4756503105163574
---------------------------------------------------------------
train episode:  64
eps in this episode is:  0.1
eps_wstart in this episode is:  0
action in this episode is:  [[2, 83, 21, 62, 59], [93, 82, 50, 24, 110], [178, 9, 156, 60, 6], [13, 95, 137, 103, 141]]
present:  [2, 6, 9, 21, 24, 50, 59, 60, 62, 82, 83, 93, 110, 156, 178]
episode total reward is:  38.897
secondary loss is:  1.597388744354248
---------------------------------------------------------------
train episode:  65
eps in this episode is:  0.1
eps_wstart in this episode is:  0
action in this episode is:  [[38, 83, 62, 59, 93], [82, 50, 2, 24, 110], [178, 9, 156, 196, 60], [13, 6, 95, 103, 141]]
present:  [2, 9, 24, 38, 50, 59, 60, 62, 82, 83, 93, 110, 156, 178, 196]
episode total reward is:  39.918
secondary loss is:  0.8346530199050903
---------------------------------------------------------------
train episode:  66
eps in this episode is:  0.1
eps_wstart in this episode is:  0
action in this episode is:  [[83, 62, 59, 93, 82], [2, 50, 24, 110, 178], [9, 156, 60, 95, 6], [13, 103, 141, 91, 12]]
present:  [2, 6, 9, 24, 50, 59, 60, 62, 82, 83, 93, 95, 110, 156, 178]
episode total reward is:  41.721
secondary loss is:  1.1484301090240479
---------------------------------------------------------------
train episode:  67
eps in this episode is:  0.1
eps_wstart in this episode is:  0
action in this episode is:  [[83, 62, 59, 199, 93], [82, 2, 50, 24, 110], [178, 9, 156, 12, 60], [13, 6, 95, 103, 141]]
present:  [2, 9, 12, 24, 50, 59, 60, 62, 82, 83, 93, 110, 156, 178, 199]
episode total reward is:  42.163
secondary loss is:  0.5766119956970215
---------------------------------------------------------------
train episode:  68
eps in this episode is:  0.1
eps_wstart in this episode is:  0
action in this episode is:  [[118, 83, 62, 59, 93], [82, 50, 2, 24, 110], [178, 9, 156, 60, 13], [123, 6, 95, 103, 141]]
present:  [2, 9, 13, 24, 50, 59, 60, 62, 82, 83, 93, 110, 118, 156, 178]
episode total reward is:  40.007
secondary loss is:  0.6099698543548584
---------------------------------------------------------------
train episode:  69
eps in this episode is:  0.1
eps_wstart in this episode is:  0
action in this episode is:  [[83, 136, 30, 62, 59], [2, 190, 93, 82, 50], [24, 110, 142, 178, 9], [156, 60, 13, 95, 6]]
present:  [2, 9, 24, 30, 50, 59, 62, 82, 83, 93, 110, 136, 142, 178, 190]
episode total reward is:  39.821
secondary loss is:  0.523054301738739
---------------------------------------------------------------
train episode:  70
eps in this episode is:  0.1
eps_wstart in this episode is:  0
action in this episode is:  [[83, 62, 59, 93, 82], [2, 50, 24, 110, 178], [9, 156, 60, 95, 6], [13, 103, 141, 91, 12]]
present:  [2, 6, 9, 24, 50, 59, 60, 62, 82, 83, 93, 95, 110, 156, 178]
episode total reward is:  42.158
secondary loss is:  0.324962317943573
---------------------------------------------------------------
train episode:  71
eps in this episode is:  0.1
eps_wstart in this episode is:  0
action in this episode is:  [[83, 62, 59, 93, 82], [2, 50, 24, 110, 178], [9, 156, 60, 13, 95], [6, 103, 141, 91, 12]]
present:  [2, 9, 13, 24, 50, 59, 60, 62, 82, 83, 93, 95, 110, 156, 178]
episode total reward is:  42.185
secondary loss is:  0.13181784749031067
---------------------------------------------------------------
train episode:  72
eps in this episode is:  0.1
eps_wstart in this episode is:  0
action in this episode is:  [[83, 62, 160, 59, 39], [93, 82, 2, 50, 137], [24, 110, 98, 178, 9], [156, 60, 6, 13, 95]]
present:  [2, 9, 24, 39, 50, 59, 62, 82, 83, 93, 98, 110, 137, 160, 178]
episode total reward is:  40.465
secondary loss is:  0.009640209376811981
---------------------------------------------------------------
train episode:  73
eps in this episode is:  0.1
eps_wstart in this episode is:  0
action in this episode is:  [[83, 62, 59, 86, 93], [169, 177, 82, 2, 50], [24, 110, 178, 9, 156], [60, 13, 6, 153, 95]]
present:  [2, 9, 24, 50, 59, 62, 82, 83, 86, 93, 110, 156, 169, 177, 178]
episode total reward is:  40.548
secondary loss is:  0.5708670020103455
---------------------------------------------------------------
train episode:  74
eps in this episode is:  0.1
eps_wstart in this episode is:  0
action in this episode is:  [[83, 62, 59, 93, 82], [50, 2, 24, 110, 178], [9, 156, 60, 95, 6], [13, 103, 141, 91, 12]]
present:  [2, 6, 9, 24, 50, 59, 60, 62, 82, 83, 93, 95, 110, 156, 178]
episode total reward is:  42.259
secondary loss is:  0.22906696796417236
---------------------------------------------------------------
train episode:  75
eps in this episode is:  0.1
eps_wstart in this episode is:  0
action in this episode is:  [[83, 62, 59, 27, 93], [82, 2, 13, 50, 24], [110, 178, 9, 156, 60], [6, 95, 103, 141, 140]]
present:  [2, 9, 13, 24, 27, 50, 59, 60, 62, 82, 83, 93, 110, 156, 178]
episode total reward is:  41.234
secondary loss is:  0.2273201197385788
---------------------------------------------------------------
train episode:  76
eps in this episode is:  0.1
eps_wstart in this episode is:  0
action in this episode is:  [[83, 62, 59, 93, 136], [82, 2, 50, 24, 110], [36, 178, 9, 156, 60], [6, 13, 95, 103, 141]]
present:  [2, 9, 24, 36, 50, 59, 60, 62, 82, 83, 93, 110, 136, 156, 178]
episode total reward is:  41.56
secondary loss is:  0.2252461016178131
---------------------------------------------------------------
train episode:  77
eps in this episode is:  0.1
eps_wstart in this episode is:  0
action in this episode is:  [[103, 83, 62, 159, 59], [201, 93, 82, 2, 50], [24, 198, 110, 178, 9], [156, 60, 6, 13, 95]]
present:  [2, 9, 24, 50, 59, 62, 82, 83, 93, 103, 110, 159, 178, 198, 201]
episode total reward is:  39.74
secondary loss is:  0.44315388798713684
---------------------------------------------------------------
train episode:  78
eps in this episode is:  0.1
eps_wstart in this episode is:  0
action in this episode is:  [[83, 62, 90, 59, 93], [82, 50, 2, 24, 110], [178, 9, 156, 60, 6], [13, 152, 95, 103, 141]]
present:  [2, 6, 9, 24, 50, 59, 60, 62, 82, 83, 90, 93, 110, 156, 178]
episode total reward is:  40.183
secondary loss is:  0.02655838243663311
---------------------------------------------------------------
train episode:  79
eps in this episode is:  0.1
eps_wstart in this episode is:  0
action in this episode is:  [[83, 185, 62, 59, 93], [76, 82, 50, 2, 24], [110, 178, 9, 33, 156], [60, 6, 141, 13, 145]]
present:  [2, 9, 24, 33, 50, 59, 62, 76, 82, 83, 93, 110, 156, 178, 185]
episode total reward is:  37.71
secondary loss is:  0.0645662248134613
---------------------------------------------------------------
train episode:  80
eps in this episode is:  0.1
eps_wstart in this episode is:  0
action in this episode is:  [[83, 62, 59, 93, 82], [2, 50, 24, 110, 178], [9, 156, 60, 95, 6], [13, 103, 141, 91, 12]]
present:  [2, 6, 9, 24, 50, 59, 60, 62, 82, 83, 93, 95, 110, 156, 178]
episode total reward is:  42.116
secondary loss is:  1.2472732067108154
---------------------------------------------------------------
train episode:  81
eps in this episode is:  0.1
eps_wstart in this episode is:  0
action in this episode is:  [[83, 62, 59, 93, 82], [2, 50, 24, 22, 110], [178, 9, 156, 60, 6], [13, 95, 103, 100, 141]]
present:  [2, 6, 9, 22, 24, 50, 59, 60, 62, 82, 83, 93, 110, 156, 178]
episode total reward is:  41.451
secondary loss is:  0.6117134094238281
---------------------------------------------------------------
train episode:  82
eps in this episode is:  0.1
eps_wstart in this episode is:  0
action in this episode is:  [[83, 62, 59, 93, 82], [2, 50, 24, 110, 154], [178, 9, 156, 60, 6], [13, 95, 91, 103, 141]]
present:  [2, 6, 9, 24, 50, 59, 60, 62, 82, 83, 93, 110, 154, 156, 178]
episode total reward is:  40.815
secondary loss is:  0.07658787071704865
---------------------------------------------------------------
train episode:  83
eps in this episode is:  0.1
eps_wstart in this episode is:  0
action in this episode is:  [[83, 62, 59, 93, 82], [2, 50, 24, 110, 178], [9, 156, 60, 163, 95], [13, 6, 103, 141, 91]]
present:  [2, 9, 24, 50, 59, 60, 62, 82, 83, 93, 95, 110, 156, 163, 178]
episode total reward is:  40.838
secondary loss is:  0.22157758474349976
---------------------------------------------------------------
train episode:  84
eps in this episode is:  0.1
eps_wstart in this episode is:  0
action in this episode is:  [[83, 45, 62, 59, 93], [82, 2, 50, 68, 24], [110, 178, 9, 156, 60], [13, 6, 95, 103, 141]]
present:  [2, 9, 24, 45, 50, 59, 60, 62, 68, 82, 83, 93, 110, 156, 178]
episode total reward is:  42.248
secondary loss is:  0.9056577682495117
---------------------------------------------------------------
train episode:  85
eps in this episode is:  0.1
eps_wstart in this episode is:  0
action in this episode is:  [[83, 62, 59, 93, 82], [2, 50, 24, 110, 170], [178, 9, 156, 60, 13], [6, 95, 103, 141, 91]]
present:  [2, 9, 13, 24, 50, 59, 60, 62, 82, 83, 93, 110, 156, 170, 178]
episode total reward is:  41.104
secondary loss is:  0.16657942533493042
---------------------------------------------------------------
train episode:  86
eps in this episode is:  0.1
eps_wstart in this episode is:  0
action in this episode is:  [[83, 62, 59, 93, 82], [50, 182, 2, 24, 110], [178, 9, 156, 60, 137], [13, 6, 95, 190, 103]]
present:  [2, 9, 24, 50, 59, 60, 62, 82, 83, 93, 110, 137, 156, 178, 182]
episode total reward is:  38.093
secondary loss is:  0.6554274559020996
---------------------------------------------------------------
train episode:  87
eps in this episode is:  0.1
eps_wstart in this episode is:  0
action in this episode is:  [[83, 62, 59, 93, 82], [50, 2, 24, 110, 178], [9, 156, 60, 13, 95], [6, 103, 141, 91, 12]]
present:  [2, 9, 13, 24, 50, 59, 60, 62, 82, 83, 93, 95, 110, 156, 178]
episode total reward is:  41.792
secondary loss is:  0.07444498687982559
---------------------------------------------------------------
train episode:  88
eps in this episode is:  0.1
eps_wstart in this episode is:  0
action in this episode is:  [[18, 83, 62, 59, 93], [82, 2, 50, 24, 110], [178, 9, 19, 156, 60], [13, 6, 95, 103, 141]]
present:  [2, 9, 18, 19, 24, 50, 59, 60, 62, 82, 83, 93, 110, 156, 178]
episode total reward is:  42.533
secondary loss is:  0.4069726765155792
---------------------------------------------------------------
train episode:  89
eps in this episode is:  0.1
eps_wstart in this episode is:  0
action in this episode is:  [[83, 62, 59, 93, 121], [82, 69, 28, 50, 2], [181, 24, 110, 178, 9], [156, 60, 6, 13, 95]]
present:  [2, 9, 24, 28, 50, 59, 62, 69, 82, 83, 93, 110, 121, 178, 181]
episode total reward is:  39.682
secondary loss is:  0.03696803003549576
---------------------------------------------------------------
train episode:  90
eps in this episode is:  0.1
eps_wstart in this episode is:  0
action in this episode is:  [[83, 62, 59, 150, 93], [82, 2, 50, 24, 110], [178, 9, 156, 60, 6], [13, 95, 103, 141, 75]]
present:  [2, 6, 9, 24, 50, 59, 60, 62, 82, 83, 93, 110, 150, 156, 178]
episode total reward is:  40.271
secondary loss is:  0.15440621972084045
---------------------------------------------------------------
train episode:  91
eps in this episode is:  0.1
eps_wstart in this episode is:  0
action in this episode is:  [[153, 83, 62, 59, 93], [82, 188, 2, 50, 24], [110, 44, 178, 9, 156], [60, 6, 13, 95, 103]]
present:  [2, 9, 24, 44, 50, 59, 62, 82, 83, 93, 110, 153, 156, 178, 188]
episode total reward is:  40.798
secondary loss is:  0.04253155365586281
---------------------------------------------------------------
train episode:  92
eps in this episode is:  0.1
eps_wstart in this episode is:  0
action in this episode is:  [[83, 62, 59, 93, 82], [2, 50, 85, 24, 110], [178, 9, 156, 139, 60], [6, 13, 95, 103, 141]]
present:  [2, 9, 24, 50, 59, 60, 62, 82, 83, 85, 93, 110, 139, 156, 178]
episode total reward is:  40.613
secondary loss is:  0.14121462404727936
---------------------------------------------------------------
train episode:  93
eps in this episode is:  0.1
eps_wstart in this episode is:  0
action in this episode is:  [[83, 62, 59, 93, 82], [29, 88, 94, 50, 2], [24, 110, 175, 178, 75], [9, 156, 161, 60, 13]]
present:  [2, 24, 29, 50, 59, 62, 75, 82, 83, 88, 93, 94, 110, 175, 178]
episode total reward is:  36.784
secondary loss is:  0.1969338208436966
---------------------------------------------------------------
train episode:  94
eps in this episode is:  0.1
eps_wstart in this episode is:  0
action in this episode is:  [[83, 62, 59, 93, 82], [2, 50, 24, 110, 178], [9, 156, 60, 95, 6], [13, 20, 103, 141, 147]]
present:  [2, 6, 9, 24, 50, 59, 60, 62, 82, 83, 93, 95, 110, 156, 178]
episode total reward is:  41.162
secondary loss is:  0.4770277142524719
---------------------------------------------------------------
train episode:  95
eps in this episode is:  0.1
eps_wstart in this episode is:  0
action in this episode is:  [[83, 142, 64, 62, 59], [93, 82, 2, 50, 24], [110, 178, 9, 156, 20], [168, 60, 6, 13, 95]]
present:  [2, 9, 20, 24, 50, 59, 62, 64, 82, 83, 93, 110, 142, 156, 178]
episode total reward is:  41.015
secondary loss is:  0.08275239169597626
---------------------------------------------------------------
train episode:  96
eps in this episode is:  0.1
eps_wstart in this episode is:  0
action in this episode is:  [[83, 62, 59, 93, 82], [130, 2, 50, 24, 110], [178, 9, 156, 10, 60], [13, 200, 101, 6, 95]]
present:  [2, 9, 10, 24, 50, 59, 60, 62, 82, 83, 93, 110, 130, 156, 178]
episode total reward is:  39.078
secondary loss is:  0.13681438565254211
---------------------------------------------------------------
train episode:  97
eps in this episode is:  0.1
eps_wstart in this episode is:  0
action in this episode is:  [[83, 62, 59, 93, 82], [65, 2, 139, 50, 24], [110, 178, 9, 156, 60], [58, 6, 13, 95, 103]]
present:  [2, 9, 24, 50, 59, 60, 62, 65, 82, 83, 93, 110, 139, 156, 178]
episode total reward is:  38.164
secondary loss is:  0.2881348729133606
---------------------------------------------------------------
train episode:  98
eps in this episode is:  0.1
eps_wstart in this episode is:  0
action in this episode is:  [[83, 62, 59, 93, 82], [50, 2, 24, 110, 178], [9, 156, 60, 95, 6], [13, 103, 141, 91, 12]]
present:  [2, 6, 9, 24, 50, 59, 60, 62, 82, 83, 93, 95, 110, 156, 178]
episode total reward is:  42.186
secondary loss is:  0.34068477153778076
---------------------------------------------------------------
train episode:  99
eps in this episode is:  0.1
eps_wstart in this episode is:  0
action in this episode is:  [[184, 83, 62, 59, 93], [82, 50, 2, 24, 110], [178, 9, 156, 60, 13], [6, 95, 103, 141, 91]]
present:  [2, 9, 13, 24, 50, 59, 60, 62, 82, 83, 93, 110, 156, 178, 184]
episode total reward is:  41.018
secondary loss is:  0.2602851390838623

---------------------------------------------------------------

runtime for training process is:  4294.223606348038




testing
---------------------------------------------------------------
test episode:  0
action in this episode is:  [[83, 62, 59, 93, 82], [2, 50, 24, 110, 178], [9, 156, 60, 95, 6], [13, 103, 141, 91, 12]]
episode total reward is:  42.533
---------------------------------------------------------------
test episode:  1
action in this episode is:  [[83, 62, 59, 93, 82], [2, 50, 24, 110, 178], [9, 156, 60, 95, 6], [13, 103, 141, 91, 12]]
episode total reward is:  41.995
---------------------------------------------------------------
test episode:  2
action in this episode is:  [[83, 62, 59, 93, 82], [2, 50, 24, 110, 178], [9, 156, 60, 95, 6], [13, 103, 141, 91, 12]]
episode total reward is:  42.208
---------------------------------------------------------------
test episode:  3
action in this episode is:  [[83, 62, 59, 93, 82], [2, 50, 24, 110, 178], [9, 156, 60, 95, 6], [13, 103, 141, 91, 12]]
episode total reward is:  41.491
---------------------------------------------------------------
test episode:  4
action in this episode is:  [[83, 62, 59, 93, 82], [2, 50, 24, 110, 178], [9, 156, 60, 95, 6], [13, 103, 141, 91, 12]]
episode total reward is:  42.2
---------------------------------------------------------------
test episode:  5
action in this episode is:  [[83, 62, 59, 93, 82], [2, 50, 24, 110, 178], [9, 156, 60, 95, 6], [13, 103, 141, 91, 12]]
episode total reward is:  42.227
---------------------------------------------------------------
test episode:  6
action in this episode is:  [[83, 62, 59, 93, 82], [2, 50, 24, 110, 178], [9, 156, 60, 95, 6], [13, 103, 141, 91, 12]]
episode total reward is:  41.891
---------------------------------------------------------------
test episode:  7
action in this episode is:  [[83, 62, 59, 93, 82], [2, 50, 24, 110, 178], [9, 156, 60, 95, 6], [13, 103, 141, 91, 12]]
episode total reward is:  41.844
---------------------------------------------------------------
test episode:  8
action in this episode is:  [[83, 62, 59, 93, 82], [2, 50, 24, 110, 178], [9, 156, 60, 95, 6], [13, 103, 141, 91, 12]]
episode total reward is:  42.223
---------------------------------------------------------------
test episode:  9
action in this episode is:  [[83, 62, 59, 93, 82], [2, 50, 24, 110, 178], [9, 156, 60, 95, 6], [13, 103, 141, 91, 12]]
episode total reward is:  42.064
---------------------------------------------------------------
test episode:  10
action in this episode is:  [[83, 62, 59, 93, 82], [2, 50, 24, 110, 178], [9, 156, 60, 95, 6], [13, 103, 141, 91, 12]]
episode total reward is:  42.056
---------------------------------------------------------------
test episode:  11
action in this episode is:  [[83, 62, 59, 93, 82], [2, 50, 24, 110, 178], [9, 156, 60, 95, 6], [13, 103, 141, 91, 12]]
episode total reward is:  41.95
---------------------------------------------------------------
test episode:  12
action in this episode is:  [[83, 62, 59, 93, 82], [2, 50, 24, 110, 178], [9, 156, 60, 95, 6], [13, 103, 141, 91, 12]]
episode total reward is:  42.54
---------------------------------------------------------------
test episode:  13
action in this episode is:  [[83, 62, 59, 93, 82], [2, 50, 24, 110, 178], [9, 156, 60, 95, 6], [13, 103, 141, 91, 12]]
episode total reward is:  42.401
---------------------------------------------------------------
test episode:  14
action in this episode is:  [[83, 62, 59, 93, 82], [2, 50, 24, 110, 178], [9, 156, 60, 95, 6], [13, 103, 141, 91, 12]]
episode total reward is:  42.297
---------------------------------------------------------------
test episode:  15
action in this episode is:  [[83, 62, 59, 93, 82], [2, 50, 24, 110, 178], [9, 156, 60, 95, 6], [13, 103, 141, 91, 12]]
episode total reward is:  42.393
---------------------------------------------------------------
test episode:  16
action in this episode is:  [[83, 62, 59, 93, 82], [2, 50, 24, 110, 178], [9, 156, 60, 95, 6], [13, 103, 141, 91, 12]]
episode total reward is:  42.176
---------------------------------------------------------------
test episode:  17
action in this episode is:  [[83, 62, 59, 93, 82], [2, 50, 24, 110, 178], [9, 156, 60, 95, 6], [13, 103, 141, 91, 12]]
episode total reward is:  42.018
---------------------------------------------------------------
test episode:  18
action in this episode is:  [[83, 62, 59, 93, 82], [2, 50, 24, 110, 178], [9, 156, 60, 95, 6], [13, 103, 141, 91, 12]]
episode total reward is:  42.273
---------------------------------------------------------------
test episode:  19
action in this episode is:  [[83, 62, 59, 93, 82], [2, 50, 24, 110, 178], [9, 156, 60, 95, 6], [13, 103, 141, 91, 12]]
episode total reward is:  41.945
---------------------------------------------------------------
test episode:  20
action in this episode is:  [[83, 62, 59, 93, 82], [2, 50, 24, 110, 178], [9, 156, 60, 95, 6], [13, 103, 141, 91, 12]]
episode total reward is:  42.066
---------------------------------------------------------------
test episode:  21
action in this episode is:  [[83, 62, 59, 93, 82], [2, 50, 24, 110, 178], [9, 156, 60, 95, 6], [13, 103, 141, 91, 12]]
episode total reward is:  42.007
---------------------------------------------------------------
test episode:  22
action in this episode is:  [[83, 62, 59, 93, 82], [2, 50, 24, 110, 178], [9, 156, 60, 95, 6], [13, 103, 141, 91, 12]]
episode total reward is:  42.224
---------------------------------------------------------------
test episode:  23
action in this episode is:  [[83, 62, 59, 93, 82], [2, 50, 24, 110, 178], [9, 156, 60, 95, 6], [13, 103, 141, 91, 12]]
episode total reward is:  42.357
---------------------------------------------------------------
test episode:  24
action in this episode is:  [[83, 62, 59, 93, 82], [2, 50, 24, 110, 178], [9, 156, 60, 95, 6], [13, 103, 141, 91, 12]]
episode total reward is:  41.937
---------------------------------------------------------------
test episode:  25
action in this episode is:  [[83, 62, 59, 93, 82], [2, 50, 24, 110, 178], [9, 156, 60, 95, 6], [13, 103, 141, 91, 12]]
episode total reward is:  41.834
---------------------------------------------------------------
test episode:  26
action in this episode is:  [[83, 62, 59, 93, 82], [2, 50, 24, 110, 178], [9, 156, 60, 95, 6], [13, 103, 141, 91, 12]]
episode total reward is:  41.977
---------------------------------------------------------------
test episode:  27
action in this episode is:  [[83, 62, 59, 93, 82], [2, 50, 24, 110, 178], [9, 156, 60, 95, 6], [13, 103, 141, 91, 12]]
episode total reward is:  41.865
---------------------------------------------------------------
test episode:  28
action in this episode is:  [[83, 62, 59, 93, 82], [2, 50, 24, 110, 178], [9, 156, 60, 95, 6], [13, 103, 141, 91, 12]]
episode total reward is:  41.913
---------------------------------------------------------------
test episode:  29
action in this episode is:  [[83, 62, 59, 93, 82], [2, 50, 24, 110, 178], [9, 156, 60, 95, 6], [13, 103, 141, 91, 12]]
episode total reward is:  42.338
---------------------------------------------------------------
test episode:  30
action in this episode is:  [[83, 62, 59, 93, 82], [2, 50, 24, 110, 178], [9, 156, 60, 95, 6], [13, 103, 141, 91, 12]]
episode total reward is:  42.178
---------------------------------------------------------------
test episode:  31
action in this episode is:  [[83, 62, 59, 93, 82], [2, 50, 24, 110, 178], [9, 156, 60, 95, 6], [13, 103, 141, 91, 12]]
episode total reward is:  42.134
---------------------------------------------------------------
test episode:  32
action in this episode is:  [[83, 62, 59, 93, 82], [2, 50, 24, 110, 178], [9, 156, 60, 95, 6], [13, 103, 141, 91, 12]]
episode total reward is:  41.828
---------------------------------------------------------------
test episode:  33
action in this episode is:  [[83, 62, 59, 93, 82], [2, 50, 24, 110, 178], [9, 156, 60, 95, 6], [13, 103, 141, 91, 12]]
episode total reward is:  42.79
---------------------------------------------------------------
test episode:  34
action in this episode is:  [[83, 62, 59, 93, 82], [2, 50, 24, 110, 178], [9, 156, 60, 95, 6], [13, 103, 141, 91, 12]]
episode total reward is:  42.415
---------------------------------------------------------------
test episode:  35
action in this episode is:  [[83, 62, 59, 93, 82], [2, 50, 24, 110, 178], [9, 156, 60, 95, 6], [13, 103, 141, 91, 12]]
episode total reward is:  42.232
---------------------------------------------------------------
test episode:  36
action in this episode is:  [[83, 62, 59, 93, 82], [2, 50, 24, 110, 178], [9, 156, 60, 95, 6], [13, 103, 141, 91, 12]]
episode total reward is:  41.853
---------------------------------------------------------------
test episode:  37
action in this episode is:  [[83, 62, 59, 93, 82], [2, 50, 24, 110, 178], [9, 156, 60, 95, 6], [13, 103, 141, 91, 12]]
episode total reward is:  42.156
---------------------------------------------------------------
test episode:  38
action in this episode is:  [[83, 62, 59, 93, 82], [2, 50, 24, 110, 178], [9, 156, 60, 95, 6], [13, 103, 141, 91, 12]]
episode total reward is:  41.95
---------------------------------------------------------------
test episode:  39
action in this episode is:  [[83, 62, 59, 93, 82], [2, 50, 24, 110, 178], [9, 156, 60, 95, 6], [13, 103, 141, 91, 12]]
episode total reward is:  42.421
---------------------------------------------------------------
test episode:  40
action in this episode is:  [[83, 62, 59, 93, 82], [2, 50, 24, 110, 178], [9, 156, 60, 95, 6], [13, 103, 141, 91, 12]]
episode total reward is:  42.201
---------------------------------------------------------------
test episode:  41
action in this episode is:  [[83, 62, 59, 93, 82], [2, 50, 24, 110, 178], [9, 156, 60, 95, 6], [13, 103, 141, 91, 12]]
episode total reward is:  41.889
---------------------------------------------------------------
test episode:  42
action in this episode is:  [[83, 62, 59, 93, 82], [2, 50, 24, 110, 178], [9, 156, 60, 95, 6], [13, 103, 141, 91, 12]]
episode total reward is:  41.824
---------------------------------------------------------------
test episode:  43
action in this episode is:  [[83, 62, 59, 93, 82], [2, 50, 24, 110, 178], [9, 156, 60, 95, 6], [13, 103, 141, 91, 12]]
episode total reward is:  41.938
---------------------------------------------------------------
test episode:  44
action in this episode is:  [[83, 62, 59, 93, 82], [2, 50, 24, 110, 178], [9, 156, 60, 95, 6], [13, 103, 141, 91, 12]]
episode total reward is:  42.192
---------------------------------------------------------------
test episode:  45
action in this episode is:  [[83, 62, 59, 93, 82], [2, 50, 24, 110, 178], [9, 156, 60, 95, 6], [13, 103, 141, 91, 12]]
episode total reward is:  42.041
---------------------------------------------------------------
test episode:  46
action in this episode is:  [[83, 62, 59, 93, 82], [2, 50, 24, 110, 178], [9, 156, 60, 95, 6], [13, 103, 141, 91, 12]]
episode total reward is:  42.226
---------------------------------------------------------------
test episode:  47
action in this episode is:  [[83, 62, 59, 93, 82], [2, 50, 24, 110, 178], [9, 156, 60, 95, 6], [13, 103, 141, 91, 12]]
episode total reward is:  42.216
---------------------------------------------------------------
test episode:  48
action in this episode is:  [[83, 62, 59, 93, 82], [2, 50, 24, 110, 178], [9, 156, 60, 95, 6], [13, 103, 141, 91, 12]]
episode total reward is:  42.066
---------------------------------------------------------------
test episode:  49
action in this episode is:  [[83, 62, 59, 93, 82], [2, 50, 24, 110, 178], [9, 156, 60, 95, 6], [13, 103, 141, 91, 12]]
episode total reward is:  42.3

---------------------------------------------------------------

average reward: 42.12186
reward std: 0.23075710259924806
