chosen graph:  India
#nodes:  202
#edges:  692
cascade model is:  SC
device is:  cuda
---------------------------------------------------------------
train episode:  0
eps in this episode is:  0.3
eps_wstart in this episode is:  0.095
using warm-start actions
choosing random
using warm-start actions
choosing max degree
using warm-start actions
choosing ada_greedy
using warm-start actions
choosing max degree
action in this episode is:  [[137, 5, 8, 182, 91], [62, 83, 59, 93, 50], [160, 1, 49, 82, 153], [24, 95, 9, 178, 6]]
present:  [1, 5, 8, 49, 50, 59, 62, 82, 83, 91, 93, 137, 153, 160, 182]
episode total reward is:  36.932
---------------------------------------------------------------
train episode:  1
eps in this episode is:  0.295
eps_wstart in this episode is:  0.09
using warm-start actions
choosing random
using warm-start actions
choosing random
using warm-start actions
choosing max degree
using warm-start actions
choosing ada_greedy
action in this episode is:  [[27, 8, 157, 23, 125], [111, 142, 175, 132, 115], [62, 83, 59, 93, 50], [160, 12, 82, 153, 30]]
present:  [8, 23, 27, 50, 59, 62, 83, 93, 111, 115, 125, 132, 142, 157, 175]
episode total reward is:  33.305
---------------------------------------------------------------
train episode:  2
eps in this episode is:  0.29
eps_wstart in this episode is:  0.08499999999999999
using warm-start actions
choosing max degree
using warm-start actions
choosing random
using warm-start actions
choosing ada_greedy
using warm-start actions
choosing random
action in this episode is:  [[62, 83, 59, 93, 50], [43, 181, 11, 161, 186], [160, 1, 82, 153, 30], [58, 92, 193, 97, 49]]
present:  [1, 11, 30, 43, 50, 59, 62, 82, 83, 93, 153, 160, 161, 181, 186]
episode total reward is:  30.882
---------------------------------------------------------------
train episode:  3
eps in this episode is:  0.285
eps_wstart in this episode is:  0.07999999999999999
using warm-start actions
choosing max degree
using warm-start actions
choosing max degree
using warm-start actions
choosing random
using warm-start actions
choosing random
action in this episode is:  [[62, 83, 59, 93, 50], [24, 95, 82, 9, 178], [147, 183, 182, 74, 118], [141, 103, 91, 112, 141]]
present:  [9, 24, 50, 59, 62, 74, 82, 83, 93, 95, 118, 147, 178, 182, 183]
episode total reward is:  31.781
---------------------------------------------------------------
train episode:  4
eps in this episode is:  0.27999999999999997
eps_wstart in this episode is:  0.07499999999999998
using warm-start actions
choosing max degree
using warm-start actions
choosing ada_greedy
using warm-start actions
choosing max degree
using warm-start actions
choosing ada_greedy
action in this episode is:  [[62, 83, 59, 93, 50], [2, 49, 82, 153, 30], [24, 95, 9, 178, 6], [160, 1, 164, 12, 63]]
present:  [2, 6, 9, 24, 30, 49, 50, 59, 62, 82, 83, 93, 95, 153, 178]
episode total reward is:  41.52
---------------------------------------------------------------
train episode:  5
eps in this episode is:  0.27499999999999997
eps_wstart in this episode is:  0.06999999999999998
using warm-start actions
choosing max degree
using warm-start actions
choosing max degree
using warm-start actions
choosing max degree
using warm-start actions
choosing ada_greedy
action in this episode is:  [[62, 83, 59, 93, 50], [24, 95, 82, 9, 178], [6, 91, 110, 141, 13], [160, 2, 12, 153, 63]]
present:  [6, 9, 13, 24, 50, 59, 62, 82, 83, 91, 93, 95, 110, 141, 178]
episode total reward is:  42.763
---------------------------------------------------------------
train episode:  6
eps in this episode is:  0.27
eps_wstart in this episode is:  0.06499999999999997
using warm-start actions
choosing ada_greedy
using warm-start actions
choosing random
using warm-start actions
choosing max degree
using warm-start actions
choosing random
action in this episode is:  [[160, 82, 153, 93, 30], [182, 188, 19, 122, 17], [62, 83, 59, 50, 24], [154, 0, 120, 142, 71]]
present:  [17, 19, 24, 30, 50, 59, 62, 82, 83, 93, 122, 153, 160, 182, 188]
episode total reward is:  29.332
secondary loss is:  742.6436767578125
---------------------------------------------------------------
train episode:  7
eps in this episode is:  0.265
eps_wstart in this episode is:  0.05999999999999998
choosing ada_greedy
action in this episode is:  [[92, 182, 61, 200, 166], [1, 49, 82, 153, 93], [196, 197, 152, 38, 41], [105, 35, 108, 147, 190]]
present:  [1, 38, 41, 49, 61, 82, 92, 93, 152, 153, 166, 182, 196, 197, 200]
episode total reward is:  24.682
secondary loss is:  674.8222045898438
---------------------------------------------------------------
train episode:  8
eps in this episode is:  0.26
eps_wstart in this episode is:  0.05499999999999998
action in this episode is:  [[12, 92, 182, 61, 50], [166, 200, 196, 197, 105], [108, 57, 33, 147, 54], [190, 192, 58, 91, 72]]
present:  [12, 33, 50, 54, 57, 61, 92, 105, 108, 147, 166, 182, 196, 197, 200]
episode total reward is:  20.893
secondary loss is:  434.86199951171875
---------------------------------------------------------------
train episode:  9
eps in this episode is:  0.255
eps_wstart in this episode is:  0.04999999999999998
action in this episode is:  [[92, 182, 61, 181, 71], [166, 200, 196, 197, 6], [201, 108, 105, 147, 157], [190, 148, 58, 154, 192]]
present:  [6, 61, 71, 92, 105, 108, 147, 157, 166, 181, 182, 196, 197, 200, 201]
episode total reward is:  20.79
secondary loss is:  348.5262451171875
---------------------------------------------------------------
train episode:  10
eps in this episode is:  0.25
eps_wstart in this episode is:  0.044999999999999984
action in this episode is:  [[11, 92, 114, 25, 182], [61, 166, 193, 196, 200], [197, 52, 108, 105, 147], [58, 192, 190, 186, 163]]
present:  [11, 25, 52, 61, 92, 105, 108, 114, 147, 166, 182, 193, 196, 197, 200]
episode total reward is:  20.783
secondary loss is:  324.74462890625
---------------------------------------------------------------
train episode:  11
eps in this episode is:  0.245
eps_wstart in this episode is:  0.03999999999999999
choosing ada_greedy
action in this episode is:  [[92, 182, 166, 61, 200], [1, 30, 153, 93, 62], [196, 197, 108, 105, 147], [190, 100, 58, 54, 192]]
present:  [1, 30, 61, 62, 92, 93, 105, 108, 147, 153, 166, 182, 196, 197, 200]
episode total reward is:  24.643
secondary loss is:  252.59825134277344
---------------------------------------------------------------
train episode:  12
eps in this episode is:  0.24
eps_wstart in this episode is:  0.03499999999999999
action in this episode is:  [[92, 182, 61, 200, 166], [70, 196, 197, 76, 108], [105, 147, 192, 21, 139], [58, 190, 20, 64, 163]]
present:  [21, 61, 70, 76, 92, 105, 108, 139, 147, 166, 182, 192, 196, 197, 200]
episode total reward is:  20.546
secondary loss is:  397.80401611328125
---------------------------------------------------------------
train episode:  13
eps in this episode is:  0.235
eps_wstart in this episode is:  0.02999999999999999
choosing max degree
action in this episode is:  [[62, 83, 59, 93, 50], [92, 182, 61, 166, 200], [196, 197, 105, 108, 146], [147, 190, 192, 54, 34]]
present:  [50, 59, 61, 62, 83, 92, 93, 105, 108, 146, 166, 182, 196, 197, 200]
episode total reward is:  23.15
secondary loss is:  383.3057556152344
---------------------------------------------------------------
train episode:  14
eps in this episode is:  0.22999999999999998
eps_wstart in this episode is:  0.024999999999999988
action in this episode is:  [[92, 182, 61, 140, 154], [166, 200, 197, 196, 105], [108, 147, 16, 192, 58], [54, 162, 37, 190, 163]]
present:  [16, 58, 61, 92, 105, 108, 140, 147, 154, 166, 182, 192, 196, 197, 200]
episode total reward is:  20.69
secondary loss is:  177.98513793945312
---------------------------------------------------------------
train episode:  15
eps in this episode is:  0.22499999999999998
eps_wstart in this episode is:  0.019999999999999987
action in this episode is:  [[154, 92, 182, 61, 166], [196, 200, 197, 105, 108], [147, 65, 58, 54, 190], [192, 72, 163, 176, 33]]
present:  [54, 58, 61, 65, 92, 105, 108, 147, 154, 166, 182, 190, 196, 197, 200]
episode total reward is:  20.385
secondary loss is:  188.89083862304688
---------------------------------------------------------------
train episode:  16
eps in this episode is:  0.21999999999999997
eps_wstart in this episode is:  0.014999999999999986
action in this episode is:  [[92, 182, 61, 166, 197], [196, 22, 200, 26, 105], [108, 58, 147, 192, 72], [163, 54, 190, 176, 177]]
present:  [22, 26, 58, 61, 72, 92, 105, 108, 147, 166, 182, 192, 196, 197, 200]
episode total reward is:  20.527
secondary loss is:  247.11474609375
---------------------------------------------------------------
train episode:  17
eps in this episode is:  0.21499999999999997
eps_wstart in this episode is:  0.009999999999999985
action in this episode is:  [[92, 182, 23, 61, 166], [196, 200, 197, 105, 108], [147, 58, 192, 54, 190], [176, 44, 72, 163, 177]]
present:  [23, 54, 58, 61, 92, 105, 108, 147, 166, 182, 190, 192, 196, 197, 200]
episode total reward is:  20.423
secondary loss is:  2.868030435365654e-07
---------------------------------------------------------------
train episode:  18
eps in this episode is:  0.21
eps_wstart in this episode is:  0.0049999999999999845
action in this episode is:  [[92, 91, 182, 61, 17], [166, 200, 112, 196, 105], [197, 108, 147, 58, 192], [48, 54, 190, 176, 163]]
present:  [17, 58, 61, 91, 92, 105, 108, 112, 147, 166, 182, 192, 196, 197, 200]
episode total reward is:  20.575
secondary loss is:  112.29006958007812
---------------------------------------------------------------
train episode:  19
eps in this episode is:  0.205
eps_wstart in this episode is:  0
action in this episode is:  [[163, 92, 182, 61, 10], [166, 196, 200, 168, 164], [197, 105, 108, 194, 49], [147, 161, 96, 58, 192]]
present:  [10, 49, 61, 92, 105, 108, 163, 164, 166, 168, 182, 194, 196, 197, 200]
episode total reward is:  21.801
secondary loss is:  98.989013671875
---------------------------------------------------------------
train episode:  20
eps in this episode is:  0.19999999999999998
eps_wstart in this episode is:  0
action in this episode is:  [[92, 149, 182, 61, 166], [96, 105, 196, 81, 197], [200, 108, 58, 147, 172], [192, 54, 176, 72, 163]]
present:  [58, 61, 81, 92, 96, 105, 108, 147, 149, 166, 172, 182, 196, 197, 200]
episode total reward is:  20.739
secondary loss is:  143.7828826904297
---------------------------------------------------------------
train episode:  21
eps in this episode is:  0.195
eps_wstart in this episode is:  0
action in this episode is:  [[193, 92, 182, 61, 140], [131, 166, 105, 196, 197], [200, 108, 58, 147, 192], [54, 176, 72, 163, 190]]
present:  [58, 61, 92, 105, 108, 131, 140, 147, 166, 182, 192, 193, 196, 197, 200]
episode total reward is:  20.587
secondary loss is:  110.48406219482422
---------------------------------------------------------------
train episode:  22
eps in this episode is:  0.19
eps_wstart in this episode is:  0
action in this episode is:  [[92, 182, 61, 105, 32], [166, 196, 171, 200, 197], [108, 58, 147, 2, 192], [72, 54, 176, 163, 177]]
present:  [2, 32, 58, 61, 92, 105, 108, 147, 166, 171, 182, 192, 196, 197, 200]
episode total reward is:  20.992
secondary loss is:  131.60009765625
---------------------------------------------------------------
train episode:  23
eps in this episode is:  0.185
eps_wstart in this episode is:  0
action in this episode is:  [[92, 182, 61, 105, 140], [166, 196, 197, 200, 108], [58, 147, 95, 192, 159], [54, 74, 176, 72, 163]]
present:  [58, 61, 92, 95, 105, 108, 140, 147, 159, 166, 182, 192, 196, 197, 200]
episode total reward is:  20.93
secondary loss is:  38.55385208129883
---------------------------------------------------------------
train episode:  24
eps in this episode is:  0.18
eps_wstart in this episode is:  0
action in this episode is:  [[92, 182, 61, 105, 166], [196, 197, 200, 108, 58], [147, 192, 54, 72, 1], [176, 163, 177, 190, 96]]
present:  [1, 54, 58, 61, 72, 92, 105, 108, 147, 166, 182, 192, 196, 197, 200]
episode total reward is:  21.35
secondary loss is:  72.43527221679688
---------------------------------------------------------------
train episode:  25
eps in this episode is:  0.175
eps_wstart in this episode is:  0
action in this episode is:  [[92, 182, 61, 105, 166], [93, 196, 197, 200, 108], [58, 192, 147, 54, 176], [72, 177, 190, 163, 168]]
present:  [54, 58, 61, 92, 93, 105, 108, 147, 166, 176, 182, 192, 196, 197, 200]
episode total reward is:  21.248
secondary loss is:  5.194092750549316
---------------------------------------------------------------
train episode:  26
eps in this episode is:  0.16999999999999998
eps_wstart in this episode is:  0
action in this episode is:  [[92, 182, 61, 105, 166], [196, 197, 108, 200, 58], [192, 147, 176, 54, 72], [177, 163, 190, 168, 73]]
present:  [54, 58, 61, 72, 92, 105, 108, 147, 166, 176, 182, 192, 196, 197, 200]
episode total reward is:  20.355
secondary loss is:  42.36958312988281
---------------------------------------------------------------
train episode:  27
eps in this episode is:  0.16499999999999998
eps_wstart in this episode is:  0
action in this episode is:  [[9, 92, 182, 190, 105], [61, 88, 166, 132, 196], [197, 159, 108, 200, 58], [192, 147, 177, 176, 54]]
present:  [9, 58, 61, 88, 92, 105, 108, 132, 159, 166, 182, 190, 196, 197, 200]
episode total reward is:  20.574
secondary loss is:  36.21134567260742
---------------------------------------------------------------
train episode:  28
eps in this episode is:  0.15999999999999998
eps_wstart in this episode is:  0
action in this episode is:  [[92, 182, 105, 61, 166], [48, 196, 108, 197, 200], [58, 192, 147, 177, 176], [54, 72, 163, 168, 190]]
present:  [48, 58, 61, 92, 105, 108, 147, 166, 176, 177, 182, 192, 196, 197, 200]
episode total reward is:  20.403
secondary loss is:  41.76945495605469
---------------------------------------------------------------
train episode:  29
eps in this episode is:  0.155
eps_wstart in this episode is:  0
action in this episode is:  [[92, 182, 105, 61, 9], [166, 1, 196, 110, 197], [112, 108, 58, 200, 172], [147, 192, 146, 177, 107]]
present:  [1, 9, 58, 61, 92, 105, 108, 110, 112, 166, 172, 182, 196, 197, 200]
episode total reward is:  21.944
secondary loss is:  22.11827850341797
---------------------------------------------------------------
train episode:  30
eps in this episode is:  0.15
eps_wstart in this episode is:  0
action in this episode is:  [[92, 182, 105, 61, 57], [46, 166, 196, 12, 197], [108, 58, 200, 150, 192], [147, 177, 176, 54, 72]]
present:  [12, 46, 57, 58, 61, 92, 105, 108, 150, 166, 182, 192, 196, 197, 200]
episode total reward is:  20.477
secondary loss is:  24.94256019592285
---------------------------------------------------------------
train episode:  31
eps in this episode is:  0.145
eps_wstart in this episode is:  0
action in this episode is:  [[171, 92, 105, 182, 180], [61, 166, 196, 197, 108], [58, 200, 177, 192, 147], [176, 54, 141, 72, 36]]
present:  [58, 61, 92, 105, 108, 147, 166, 171, 177, 180, 182, 192, 196, 197, 200]
episode total reward is:  20.732
secondary loss is:  3.628915309906006
---------------------------------------------------------------
train episode:  32
eps in this episode is:  0.13999999999999999
eps_wstart in this episode is:  0
action in this episode is:  [[92, 138, 182, 105, 61], [166, 196, 108, 197, 58], [200, 33, 177, 192, 147], [176, 54, 168, 62, 72]]
present:  [33, 58, 61, 92, 105, 108, 138, 147, 166, 177, 182, 192, 196, 197, 200]
episode total reward is:  20.702
secondary loss is:  8.749425888061523
---------------------------------------------------------------
train episode:  33
eps in this episode is:  0.13499999999999998
eps_wstart in this episode is:  0
action in this episode is:  [[92, 182, 105, 61, 166], [9, 108, 40, 197, 196], [58, 177, 200, 103, 192], [176, 147, 30, 72, 168]]
present:  [9, 40, 58, 61, 92, 103, 105, 108, 166, 177, 182, 192, 196, 197, 200]
episode total reward is:  21.639
secondary loss is:  6.814207077026367
---------------------------------------------------------------
train episode:  34
eps in this episode is:  0.12999999999999998
eps_wstart in this episode is:  0
action in this episode is:  [[92, 182, 199, 105, 61], [108, 166, 58, 196, 197], [177, 192, 200, 147, 114], [101, 168, 176, 54, 72]]
present:  [58, 61, 92, 105, 108, 114, 147, 166, 177, 182, 192, 196, 197, 199, 200]
episode total reward is:  20.608
secondary loss is:  0.33873066306114197
---------------------------------------------------------------
train episode:  35
eps in this episode is:  0.12499999999999997
eps_wstart in this episode is:  0
action in this episode is:  [[105, 92, 182, 46, 61], [108, 166, 58, 17, 196], [197, 177, 99, 192, 147], [168, 200, 72, 54, 176]]
present:  [17, 46, 58, 61, 92, 99, 105, 108, 147, 166, 177, 182, 192, 196, 197]
episode total reward is:  20.387
secondary loss is:  2.761356830596924
---------------------------------------------------------------
train episode:  36
eps in this episode is:  0.12
eps_wstart in this episode is:  0
action in this episode is:  [[11, 105, 92, 182, 61], [108, 58, 166, 196, 197], [177, 192, 168, 200, 147], [176, 54, 72, 73, 163]]
present:  [11, 58, 61, 92, 105, 108, 147, 166, 168, 177, 182, 192, 196, 197, 200]
episode total reward is:  20.401
secondary loss is:  4.646975517272949
---------------------------------------------------------------
train episode:  37
eps in this episode is:  0.11499999999999999
eps_wstart in this episode is:  0
action in this episode is:  [[105, 92, 182, 61, 58], [108, 166, 197, 196, 168], [174, 177, 192, 72, 147], [200, 176, 54, 170, 173]]
present:  [58, 61, 72, 92, 105, 108, 147, 166, 168, 174, 177, 182, 192, 196, 197]
episode total reward is:  20.591
secondary loss is:  2.973006010055542
---------------------------------------------------------------
train episode:  38
eps in this episode is:  0.10999999999999999
eps_wstart in this episode is:  0
action in this episode is:  [[105, 92, 182, 61, 95], [37, 108, 58, 40, 166], [196, 177, 197, 168, 192], [147, 170, 35, 173, 72]]
present:  [37, 40, 58, 61, 92, 95, 105, 108, 166, 168, 177, 182, 192, 196, 197]
episode total reward is:  20.895
secondary loss is:  0.829291045665741
---------------------------------------------------------------
train episode:  39
eps in this episode is:  0.10499999999999998
eps_wstart in this episode is:  0
action in this episode is:  [[105, 92, 15, 182, 61], [58, 108, 196, 166, 197], [177, 168, 192, 54, 173], [170, 72, 176, 147, 186]]
present:  [15, 54, 58, 61, 92, 105, 108, 166, 168, 173, 177, 182, 192, 196, 197]
episode total reward is:  20.596
secondary loss is:  2.903968334197998
---------------------------------------------------------------
train episode:  40
eps in this episode is:  0.1
eps_wstart in this episode is:  0
action in this episode is:  [[92, 105, 183, 182, 61], [58, 108, 166, 168, 197], [177, 196, 170, 173, 192], [102, 147, 72, 176, 54]]
present:  [58, 61, 92, 105, 108, 166, 168, 170, 173, 177, 182, 183, 192, 196, 197]
episode total reward is:  20.608
secondary loss is:  4.436553001403809
---------------------------------------------------------------
train episode:  41
eps in this episode is:  0.1
eps_wstart in this episode is:  0
action in this episode is:  [[92, 105, 182, 61, 108], [58, 166, 197, 177, 168], [196, 170, 173, 192, 176], [186, 99, 147, 73, 54]]
present:  [58, 61, 92, 105, 108, 166, 168, 170, 173, 176, 177, 182, 192, 196, 197]
episode total reward is:  20.65
secondary loss is:  2.7295150756835938
---------------------------------------------------------------
train episode:  42
eps in this episode is:  0.1
eps_wstart in this episode is:  0
action in this episode is:  [[105, 92, 182, 61, 58], [129, 32, 108, 166, 177], [196, 168, 197, 173, 170], [186, 192, 147, 176, 160]]
present:  [32, 58, 61, 92, 105, 108, 129, 166, 168, 170, 173, 177, 182, 196, 197]
episode total reward is:  21.737
secondary loss is:  5.731894016265869
---------------------------------------------------------------
train episode:  43
eps in this episode is:  0.1
eps_wstart in this episode is:  0
action in this episode is:  [[105, 182, 92, 61, 135], [58, 108, 166, 168, 177], [173, 170, 197, 196, 186], [192, 54, 176, 72, 73]]
present:  [58, 61, 92, 105, 108, 135, 166, 168, 170, 173, 177, 182, 186, 196, 197]
episode total reward is:  20.623
secondary loss is:  4.753082275390625
---------------------------------------------------------------
train episode:  44
eps in this episode is:  0.1
eps_wstart in this episode is:  0
action in this episode is:  [[105, 182, 92, 61, 58], [108, 166, 168, 177, 173], [170, 196, 197, 147, 186], [192, 176, 101, 72, 73]]
present:  [58, 61, 92, 105, 108, 147, 166, 168, 170, 173, 177, 182, 186, 196, 197]
episode total reward is:  20.57
secondary loss is:  5.481557846069336
---------------------------------------------------------------
train episode:  45
eps in this episode is:  0.1
eps_wstart in this episode is:  0
action in this episode is:  [[115, 105, 182, 92, 61], [58, 109, 173, 108, 168], [170, 177, 196, 166, 197], [5, 176, 186, 192, 65]]
present:  [58, 61, 92, 105, 108, 109, 115, 166, 168, 170, 173, 177, 182, 196, 197]
episode total reward is:  20.857
secondary loss is:  4.109845161437988
---------------------------------------------------------------
train episode:  46
eps in this episode is:  0.1
eps_wstart in this episode is:  0
action in this episode is:  [[105, 92, 182, 61, 173], [58, 108, 48, 170, 166], [177, 168, 186, 196, 192], [197, 75, 176, 54, 147]]
present:  [48, 58, 61, 92, 105, 108, 166, 168, 170, 173, 177, 182, 186, 192, 196]
episode total reward is:  20.9
secondary loss is:  3.2123708724975586
---------------------------------------------------------------
train episode:  47
eps in this episode is:  0.1
eps_wstart in this episode is:  0
action in this episode is:  [[105, 74, 92, 61, 182], [58, 173, 97, 108, 166], [170, 168, 177, 73, 176], [194, 186, 196, 197, 192]]
present:  [58, 61, 73, 74, 92, 97, 105, 108, 166, 168, 170, 173, 176, 177, 182]
episode total reward is:  20.659
secondary loss is:  1.9633331298828125
---------------------------------------------------------------
train episode:  48
eps in this episode is:  0.1
eps_wstart in this episode is:  0
action in this episode is:  [[105, 61, 92, 182, 58], [168, 108, 173, 170, 177], [166, 174, 186, 72, 196], [197, 192, 54, 176, 65]]
present:  [58, 61, 72, 92, 105, 108, 166, 168, 170, 173, 174, 177, 182, 186, 196]
episode total reward is:  20.765
secondary loss is:  5.372817039489746
---------------------------------------------------------------
train episode:  49
eps in this episode is:  0.1
eps_wstart in this episode is:  0
action in this episode is:  [[105, 99, 92, 61, 182], [58, 108, 168, 173, 132], [170, 166, 177, 186, 196], [73, 197, 72, 65, 192]]
present:  [58, 61, 92, 99, 105, 108, 132, 166, 168, 170, 173, 177, 182, 186, 196]
episode total reward is:  20.67
secondary loss is:  7.332451820373535
---------------------------------------------------------------
train episode:  50
eps in this episode is:  0.1
eps_wstart in this episode is:  0
action in this episode is:  [[105, 196, 88, 4, 92], [182, 58, 61, 108, 168], [173, 170, 166, 177, 197], [176, 186, 54, 65, 72]]
present:  [4, 58, 61, 88, 92, 105, 108, 166, 168, 170, 173, 177, 182, 196, 197]
episode total reward is:  20.706
secondary loss is:  11.469976425170898
---------------------------------------------------------------
train episode:  51
eps in this episode is:  0.1
eps_wstart in this episode is:  0
action in this episode is:  [[105, 92, 182, 58, 61], [168, 108, 170, 173, 66], [166, 177, 186, 72, 65], [196, 197, 176, 54, 73]]
present:  [58, 61, 65, 66, 72, 92, 105, 108, 166, 168, 170, 173, 177, 182, 186]
episode total reward is:  20.627
secondary loss is:  6.2696452140808105
---------------------------------------------------------------
train episode:  52
eps in this episode is:  0.1
eps_wstart in this episode is:  0
action in this episode is:  [[105, 92, 182, 61, 58], [173, 108, 168, 106, 170], [166, 177, 186, 73, 15], [192, 139, 196, 197, 54]]
present:  [15, 58, 61, 73, 92, 105, 106, 108, 166, 168, 170, 173, 177, 182, 186]
episode total reward is:  20.658
secondary loss is:  10.632266998291016
---------------------------------------------------------------
train episode:  53
eps in this episode is:  0.1
eps_wstart in this episode is:  0
action in this episode is:  [[105, 182, 92, 61, 86], [170, 58, 152, 173, 108], [166, 168, 177, 196, 179], [186, 84, 73, 197, 192]]
present:  [58, 61, 86, 92, 105, 108, 152, 166, 168, 170, 173, 177, 179, 182, 196]
episode total reward is:  20.762
secondary loss is:  4.222962856292725
---------------------------------------------------------------
train episode:  54
eps in this episode is:  0.1
eps_wstart in this episode is:  0
action in this episode is:  [[105, 92, 182, 61, 58], [173, 108, 170, 177, 168], [186, 166, 196, 197, 192], [73, 65, 147, 176, 54]]
present:  [58, 61, 92, 105, 108, 166, 168, 170, 173, 177, 182, 186, 192, 196, 197]
episode total reward is:  20.557
secondary loss is:  5.777946949005127
---------------------------------------------------------------
train episode:  55
eps in this episode is:  0.1
eps_wstart in this episode is:  0
action in this episode is:  [[105, 92, 182, 61, 58], [108, 177, 166, 173, 168], [170, 196, 176, 197, 186], [192, 65, 73, 147, 72]]
present:  [58, 61, 92, 105, 108, 166, 168, 170, 173, 176, 177, 182, 186, 196, 197]
episode total reward is:  20.575
secondary loss is:  12.725412368774414
---------------------------------------------------------------
train episode:  56
eps in this episode is:  0.1
eps_wstart in this episode is:  0
action in this episode is:  [[105, 92, 182, 58, 61], [168, 173, 170, 108, 177], [166, 73, 196, 176, 186], [135, 99, 192, 197, 65]]
present:  [58, 61, 73, 92, 105, 108, 166, 168, 170, 173, 176, 177, 182, 186, 196]
episode total reward is:  20.668
secondary loss is:  2.736905097961426
---------------------------------------------------------------
train episode:  57
eps in this episode is:  0.1
eps_wstart in this episode is:  0
action in this episode is:  [[105, 92, 182, 127, 61], [58, 108, 170, 166, 168], [177, 173, 196, 186, 73], [176, 197, 192, 65, 149]]
present:  [58, 61, 73, 92, 105, 108, 127, 166, 168, 170, 173, 177, 182, 186, 196]
episode total reward is:  20.665
secondary loss is:  4.379434585571289
---------------------------------------------------------------
train episode:  58
eps in this episode is:  0.1
eps_wstart in this episode is:  0
action in this episode is:  [[105, 182, 92, 61, 58], [135, 108, 173, 168, 177], [170, 166, 143, 118, 197], [186, 196, 176, 147, 192]]
present:  [58, 61, 92, 105, 108, 118, 135, 143, 166, 168, 170, 173, 177, 182, 197]
episode total reward is:  20.667
secondary loss is:  1.8168797492980957
---------------------------------------------------------------
train episode:  59
eps in this episode is:  0.1
eps_wstart in this episode is:  0
action in this episode is:  [[105, 92, 182, 61, 58], [108, 173, 170, 177, 166], [168, 186, 196, 89, 147], [197, 192, 65, 176, 54]]
present:  [58, 61, 89, 92, 105, 108, 147, 166, 168, 170, 173, 177, 182, 186, 196]
episode total reward is:  20.652
secondary loss is:  4.859343528747559
---------------------------------------------------------------
train episode:  60
eps in this episode is:  0.1
eps_wstart in this episode is:  0
action in this episode is:  [[105, 92, 182, 61, 58], [108, 139, 168, 166, 170], [177, 173, 197, 196, 186], [176, 192, 72, 65, 73]]
present:  [58, 61, 92, 105, 108, 139, 166, 168, 170, 173, 177, 182, 186, 196, 197]
episode total reward is:  20.631
secondary loss is:  3.61726713180542
---------------------------------------------------------------
train episode:  61
eps in this episode is:  0.1
eps_wstart in this episode is:  0
action in this episode is:  [[105, 92, 182, 61, 58], [167, 48, 118, 108, 173], [166, 168, 170, 177, 197], [21, 196, 73, 186, 192]]
present:  [48, 58, 61, 92, 105, 108, 118, 166, 167, 168, 170, 173, 177, 182, 197]
episode total reward is:  20.765
secondary loss is:  2.0905370712280273
---------------------------------------------------------------
train episode:  62
eps in this episode is:  0.1
eps_wstart in this episode is:  0
action in this episode is:  [[105, 92, 182, 181, 61], [58, 168, 108, 177, 166], [84, 170, 48, 173, 149], [18, 186, 196, 197, 176]]
present:  [48, 58, 61, 84, 92, 105, 108, 149, 166, 168, 170, 173, 177, 181, 182]
episode total reward is:  20.972
secondary loss is:  1.6587214469909668
---------------------------------------------------------------
train episode:  63
eps in this episode is:  0.1
eps_wstart in this episode is:  0
action in this episode is:  [[105, 92, 182, 61, 58], [108, 163, 168, 177, 166], [170, 173, 186, 197, 192], [196, 72, 179, 176, 54]]
present:  [58, 61, 92, 105, 108, 163, 166, 168, 170, 173, 177, 182, 186, 192, 197]
episode total reward is:  20.537
secondary loss is:  1.0704991817474365
---------------------------------------------------------------
train episode:  64
eps in this episode is:  0.1
eps_wstart in this episode is:  0
action in this episode is:  [[105, 92, 182, 58, 61], [168, 108, 177, 173, 166], [170, 196, 197, 149, 176], [186, 147, 192, 73, 65]]
present:  [58, 61, 92, 105, 108, 149, 166, 168, 170, 173, 176, 177, 182, 196, 197]
episode total reward is:  20.64
secondary loss is:  1.5314973592758179
---------------------------------------------------------------
train episode:  65
eps in this episode is:  0.1
eps_wstart in this episode is:  0
action in this episode is:  [[105, 92, 182, 61, 177], [58, 108, 166, 46, 168], [170, 178, 173, 197, 196], [186, 192, 72, 73, 13]]
present:  [46, 58, 61, 92, 105, 108, 166, 168, 170, 173, 177, 178, 182, 196, 197]
episode total reward is:  21.033
secondary loss is:  0.509127676486969
---------------------------------------------------------------
train episode:  66
eps in this episode is:  0.1
eps_wstart in this episode is:  0
action in this episode is:  [[92, 105, 182, 26, 61], [58, 108, 166, 168, 177], [173, 170, 196, 186, 197], [147, 192, 176, 72, 54]]
present:  [26, 58, 61, 92, 105, 108, 166, 168, 170, 173, 177, 182, 186, 196, 197]
episode total reward is:  20.673
secondary loss is:  1.6848325729370117
---------------------------------------------------------------
train episode:  67
eps in this episode is:  0.1
eps_wstart in this episode is:  0
action in this episode is:  [[52, 105, 92, 182, 61], [58, 108, 166, 177, 113], [168, 170, 173, 110, 196], [197, 176, 192, 186, 54]]
present:  [52, 58, 61, 92, 105, 108, 110, 113, 166, 168, 170, 173, 177, 182, 196]
episode total reward is:  21.051
secondary loss is:  3.224940538406372
---------------------------------------------------------------
train episode:  68
eps in this episode is:  0.1
eps_wstart in this episode is:  0
action in this episode is:  [[92, 105, 182, 61, 58], [108, 168, 166, 193, 173], [177, 197, 137, 170, 196], [192, 186, 141, 54, 95]]
present:  [58, 61, 92, 105, 108, 137, 166, 168, 170, 173, 177, 182, 193, 196, 197]
episode total reward is:  21.016
secondary loss is:  2.8429791927337646
---------------------------------------------------------------
train episode:  69
eps in this episode is:  0.1
eps_wstart in this episode is:  0
action in this episode is:  [[105, 92, 182, 200, 61], [48, 58, 108, 4, 166], [168, 170, 177, 173, 197], [196, 186, 192, 176, 72]]
present:  [4, 48, 58, 61, 92, 105, 108, 166, 168, 170, 173, 177, 182, 197, 200]
episode total reward is:  20.703
secondary loss is:  0.2116418331861496
---------------------------------------------------------------
train episode:  70
eps in this episode is:  0.1
eps_wstart in this episode is:  0
action in this episode is:  [[105, 92, 182, 61, 58], [37, 108, 166, 168, 177], [170, 197, 173, 196, 192], [147, 186, 176, 5, 200]]
present:  [37, 58, 61, 92, 105, 108, 166, 168, 170, 173, 177, 182, 192, 196, 197]
episode total reward is:  20.634
secondary loss is:  0.06074333190917969
---------------------------------------------------------------
train episode:  71
eps in this episode is:  0.1
eps_wstart in this episode is:  0
action in this episode is:  [[105, 92, 115, 138, 182], [61, 58, 108, 119, 166], [177, 11, 168, 196, 170], [173, 197, 176, 39, 162]]
present:  [11, 58, 61, 92, 105, 108, 115, 119, 138, 166, 168, 170, 177, 182, 196]
episode total reward is:  21.045
secondary loss is:  0.13861556351184845
---------------------------------------------------------------
train episode:  72
eps in this episode is:  0.1
eps_wstart in this episode is:  0
action in this episode is:  [[92, 105, 182, 61, 108], [166, 58, 177, 21, 39], [168, 170, 196, 197, 173], [192, 54, 34, 186, 176]]
present:  [21, 39, 58, 61, 92, 105, 108, 166, 168, 170, 173, 177, 182, 196, 197]
episode total reward is:  21.003
secondary loss is:  1.8241935968399048
---------------------------------------------------------------
train episode:  73
eps in this episode is:  0.1
eps_wstart in this episode is:  0
action in this episode is:  [[105, 92, 182, 61, 58], [108, 166, 168, 177, 183], [197, 196, 170, 173, 192], [176, 147, 79, 186, 72]]
present:  [58, 61, 92, 105, 108, 166, 168, 170, 173, 177, 182, 183, 192, 196, 197]
episode total reward is:  20.611
secondary loss is:  0.02999657578766346
---------------------------------------------------------------
train episode:  74
eps in this episode is:  0.1
eps_wstart in this episode is:  0
action in this episode is:  [[105, 92, 182, 61, 185], [108, 58, 166, 177, 46], [154, 67, 168, 137, 196], [173, 150, 197, 192, 72]]
present:  [46, 58, 61, 67, 92, 105, 108, 137, 154, 166, 168, 177, 182, 185, 196]
episode total reward is:  20.564
secondary loss is:  0.09069027006626129
---------------------------------------------------------------
train episode:  75
eps in this episode is:  0.1
eps_wstart in this episode is:  0
action in this episode is:  [[105, 136, 92, 182, 61], [58, 108, 166, 168, 177], [196, 173, 170, 197, 192], [147, 72, 176, 54, 15]]
present:  [58, 61, 92, 105, 108, 136, 166, 168, 170, 173, 177, 182, 192, 196, 197]
episode total reward is:  20.648
secondary loss is:  1.9483156204223633
---------------------------------------------------------------
train episode:  76
eps in this episode is:  0.1
eps_wstart in this episode is:  0
action in this episode is:  [[105, 92, 182, 61, 58], [108, 166, 177, 196, 168], [197, 170, 173, 192, 72], [54, 176, 147, 186, 73]]
present:  [58, 61, 72, 92, 105, 108, 166, 168, 170, 173, 177, 182, 192, 196, 197]
episode total reward is:  20.527
secondary loss is:  3.2974672317504883
---------------------------------------------------------------
train episode:  77
eps in this episode is:  0.1
eps_wstart in this episode is:  0
action in this episode is:  [[105, 92, 182, 61, 58], [108, 194, 13, 166, 168], [177, 196, 197, 170, 173], [176, 192, 186, 72, 190]]
present:  [13, 58, 61, 92, 105, 108, 166, 168, 170, 173, 177, 182, 194, 196, 197]
episode total reward is:  20.812
secondary loss is:  0.5677474141120911
---------------------------------------------------------------
train episode:  78
eps in this episode is:  0.1
eps_wstart in this episode is:  0
action in this episode is:  [[93, 105, 92, 182, 61], [58, 108, 166, 177, 197], [196, 168, 173, 170, 192], [147, 54, 72, 176, 186]]
present:  [58, 61, 92, 93, 105, 108, 166, 168, 170, 173, 177, 182, 192, 196, 197]
episode total reward is:  21.737
secondary loss is:  0.0570814274251461
---------------------------------------------------------------
train episode:  79
eps in this episode is:  0.1
eps_wstart in this episode is:  0
action in this episode is:  [[92, 105, 182, 61, 58], [108, 166, 177, 168, 197], [193, 196, 170, 173, 192], [147, 176, 54, 186, 200]]
present:  [58, 61, 92, 105, 108, 166, 168, 170, 173, 177, 182, 192, 193, 196, 197]
episode total reward is:  20.531
secondary loss is:  2.225414276123047
---------------------------------------------------------------
train episode:  80
eps in this episode is:  0.1
eps_wstart in this episode is:  0
action in this episode is:  [[150, 105, 92, 182, 61], [58, 108, 166, 168, 177], [196, 173, 197, 170, 192], [147, 72, 176, 186, 54]]
present:  [58, 61, 92, 105, 108, 150, 166, 168, 170, 173, 177, 182, 192, 196, 197]
episode total reward is:  20.518
secondary loss is:  0.007302389480173588
---------------------------------------------------------------
train episode:  81
eps in this episode is:  0.1
eps_wstart in this episode is:  0
action in this episode is:  [[105, 92, 182, 61, 58], [108, 129, 177, 166, 168], [196, 197, 173, 170, 192], [176, 186, 147, 72, 73]]
present:  [58, 61, 92, 105, 108, 129, 166, 168, 170, 173, 177, 182, 192, 196, 197]
episode total reward is:  20.558
secondary loss is:  1.0211985111236572
---------------------------------------------------------------
train episode:  82
eps in this episode is:  0.1
eps_wstart in this episode is:  0
action in this episode is:  [[92, 105, 182, 61, 58], [108, 166, 177, 168, 173], [76, 196, 197, 170, 192], [147, 72, 54, 176, 186]]
present:  [58, 61, 76, 92, 105, 108, 166, 168, 170, 173, 177, 182, 192, 196, 197]
episode total reward is:  20.59
secondary loss is:  0.15066184103488922
---------------------------------------------------------------
train episode:  83
eps in this episode is:  0.1
eps_wstart in this episode is:  0
action in this episode is:  [[105, 92, 182, 61, 58], [108, 166, 159, 168, 177], [196, 197, 170, 148, 173], [147, 192, 176, 54, 72]]
present:  [58, 61, 92, 105, 108, 148, 159, 166, 168, 170, 173, 177, 182, 196, 197]
episode total reward is:  20.681
secondary loss is:  0.025660032406449318
---------------------------------------------------------------
train episode:  84
eps in this episode is:  0.1
eps_wstart in this episode is:  0
action in this episode is:  [[92, 105, 34, 182, 122], [61, 108, 58, 166, 168], [177, 170, 196, 173, 197], [192, 176, 72, 189, 54]]
present:  [34, 58, 61, 92, 105, 108, 122, 166, 168, 170, 173, 177, 182, 196, 197]
episode total reward is:  20.972
secondary loss is:  3.970090866088867
---------------------------------------------------------------
train episode:  85
eps in this episode is:  0.1
eps_wstart in this episode is:  0
action in this episode is:  [[105, 92, 182, 175, 61], [58, 108, 177, 166, 168], [196, 197, 173, 170, 176], [192, 54, 147, 186, 72]]
present:  [58, 61, 92, 105, 108, 166, 168, 170, 173, 175, 176, 177, 182, 196, 197]
episode total reward is:  20.737
secondary loss is:  2.1204473972320557
---------------------------------------------------------------
train episode:  86
eps in this episode is:  0.1
eps_wstart in this episode is:  0
action in this episode is:  [[105, 92, 182, 61, 58], [108, 7, 166, 177, 197], [34, 168, 196, 170, 173], [192, 72, 147, 176, 186]]
present:  [7, 34, 58, 61, 92, 105, 108, 166, 168, 170, 173, 177, 182, 196, 197]
episode total reward is:  20.807
secondary loss is:  2.099977970123291
---------------------------------------------------------------
train episode:  87
eps in this episode is:  0.1
eps_wstart in this episode is:  0
action in this episode is:  [[105, 92, 182, 61, 58], [108, 166, 168, 186, 177], [196, 197, 170, 192, 173], [72, 176, 54, 147, 73]]
present:  [58, 61, 92, 105, 108, 166, 168, 170, 173, 177, 182, 186, 192, 196, 197]
episode total reward is:  20.578
secondary loss is:  0.12537433207035065
---------------------------------------------------------------
train episode:  88
eps in this episode is:  0.1
eps_wstart in this episode is:  0
action in this episode is:  [[105, 92, 182, 61, 58], [108, 177, 17, 166, 168], [173, 196, 197, 176, 170], [192, 72, 147, 54, 186]]
present:  [17, 58, 61, 92, 105, 108, 166, 168, 170, 173, 176, 177, 182, 196, 197]
episode total reward is:  20.529
secondary loss is:  1.235966682434082
---------------------------------------------------------------
train episode:  89
eps in this episode is:  0.1
eps_wstart in this episode is:  0
action in this episode is:  [[105, 92, 182, 61, 108], [58, 166, 71, 177, 168], [197, 196, 173, 192, 170], [186, 176, 72, 73, 147]]
present:  [58, 61, 71, 92, 105, 108, 166, 168, 170, 173, 177, 182, 192, 196, 197]
episode total reward is:  20.595
secondary loss is:  0.0015067384811118245
---------------------------------------------------------------
train episode:  90
eps in this episode is:  0.1
eps_wstart in this episode is:  0
action in this episode is:  [[105, 92, 182, 61, 158], [24, 29, 58, 108, 166], [168, 197, 177, 170, 173], [196, 176, 192, 193, 72]]
present:  [24, 29, 58, 61, 92, 105, 108, 158, 166, 168, 170, 173, 177, 182, 197]
episode total reward is:  20.809
secondary loss is:  0.005610805004835129
---------------------------------------------------------------
train episode:  91
eps in this episode is:  0.1
eps_wstart in this episode is:  0
action in this episode is:  [[105, 92, 182, 61, 58], [108, 166, 168, 177, 196], [197, 170, 173, 192, 176], [147, 72, 186, 54, 73]]
present:  [58, 61, 92, 105, 108, 166, 168, 170, 173, 176, 177, 182, 192, 196, 197]
episode total reward is:  20.556
secondary loss is:  3.280433177947998
---------------------------------------------------------------
train episode:  92
eps in this episode is:  0.1
eps_wstart in this episode is:  0
action in this episode is:  [[92, 105, 182, 61, 58], [108, 144, 166, 168, 177], [173, 196, 170, 197, 192], [176, 186, 56, 54, 147]]
present:  [58, 61, 92, 105, 108, 144, 166, 168, 170, 173, 177, 182, 192, 196, 197]
episode total reward is:  20.895
secondary loss is:  0.023514728993177414
---------------------------------------------------------------
train episode:  93
eps in this episode is:  0.1
eps_wstart in this episode is:  0
action in this episode is:  [[105, 92, 182, 61, 185], [58, 108, 168, 166, 177], [173, 196, 197, 156, 170], [176, 192, 72, 186, 73]]
present:  [58, 61, 92, 105, 108, 156, 166, 168, 170, 173, 177, 182, 185, 196, 197]
episode total reward is:  20.714
secondary loss is:  0.00732339546084404
---------------------------------------------------------------
train episode:  94
eps in this episode is:  0.1
eps_wstart in this episode is:  0
action in this episode is:  [[15, 105, 92, 182, 61], [58, 46, 108, 168, 25], [166, 177, 197, 196, 170], [173, 192, 176, 186, 54]]
present:  [15, 25, 46, 58, 61, 92, 105, 108, 166, 168, 170, 177, 182, 196, 197]
episode total reward is:  20.756
secondary loss is:  0.11247003078460693
---------------------------------------------------------------
train episode:  95
eps in this episode is:  0.1
eps_wstart in this episode is:  0
action in this episode is:  [[105, 182, 92, 61, 58], [108, 166, 168, 177, 196], [197, 173, 170, 192, 176], [147, 186, 54, 72, 73]]
present:  [58, 61, 92, 105, 108, 166, 168, 170, 173, 176, 177, 182, 192, 196, 197]
episode total reward is:  20.526
secondary loss is:  0.015924790874123573
---------------------------------------------------------------
train episode:  96
eps in this episode is:  0.1
eps_wstart in this episode is:  0
action in this episode is:  [[92, 105, 70, 182, 61], [58, 108, 17, 166, 62], [168, 170, 95, 177, 1], [173, 192, 196, 146, 197]]
present:  [1, 17, 58, 61, 62, 70, 92, 95, 105, 108, 166, 168, 170, 177, 182]
episode total reward is:  22.424
secondary loss is:  0.021418852731585503
---------------------------------------------------------------
train episode:  97
eps in this episode is:  0.1
eps_wstart in this episode is:  0
action in this episode is:  [[105, 182, 92, 58, 61], [108, 166, 177, 111, 168], [170, 173, 197, 196, 192], [176, 73, 186, 54, 72]]
present:  [58, 61, 92, 105, 108, 111, 166, 168, 170, 173, 177, 182, 192, 196, 197]
episode total reward is:  20.737
secondary loss is:  3.1862998008728027
---------------------------------------------------------------
train episode:  98
eps in this episode is:  0.1
eps_wstart in this episode is:  0
action in this episode is:  [[105, 95, 92, 163, 182], [61, 58, 108, 166, 177], [168, 173, 170, 196, 186], [197, 192, 72, 176, 73]]
present:  [58, 61, 92, 95, 105, 108, 163, 166, 168, 170, 173, 177, 182, 186, 196]
episode total reward is:  20.803
secondary loss is:  0.016447819769382477
---------------------------------------------------------------
train episode:  99
eps in this episode is:  0.1
eps_wstart in this episode is:  0
action in this episode is:  [[105, 92, 182, 61, 58], [108, 196, 166, 177, 168], [173, 197, 170, 192, 186], [54, 72, 176, 147, 73]]
present:  [58, 61, 92, 105, 108, 166, 168, 170, 173, 177, 182, 186, 192, 196, 197]
episode total reward is:  20.562
secondary loss is:  0.026698093861341476

---------------------------------------------------------------

runtime for training process is:  3458.1696393489838




testing
---------------------------------------------------------------
test episode:  0
action in this episode is:  [[92, 105, 182, 61, 58], [108, 177, 168, 166, 170], [173, 196, 197, 186, 176], [192, 72, 147, 54, 73]]
episode total reward is:  20.559
---------------------------------------------------------------
test episode:  1
action in this episode is:  [[92, 105, 182, 61, 58], [108, 166, 168, 173, 177], [170, 196, 197, 192, 176], [72, 186, 147, 54, 73]]
episode total reward is:  20.614
---------------------------------------------------------------
test episode:  2
action in this episode is:  [[92, 105, 182, 61, 58], [108, 177, 168, 166, 170], [173, 196, 197, 186, 176], [192, 72, 147, 54, 73]]
episode total reward is:  20.547
---------------------------------------------------------------
test episode:  3
action in this episode is:  [[92, 105, 182, 61, 58], [108, 177, 168, 166, 170], [173, 196, 197, 186, 176], [192, 72, 147, 54, 65]]
episode total reward is:  20.546
---------------------------------------------------------------
test episode:  4
action in this episode is:  [[92, 105, 182, 61, 58], [108, 177, 168, 166, 170], [173, 196, 197, 186, 176], [192, 72, 147, 54, 73]]
episode total reward is:  20.555
---------------------------------------------------------------
test episode:  5
action in this episode is:  [[92, 105, 182, 61, 58], [108, 177, 168, 166, 170], [173, 196, 192, 197, 176], [72, 186, 147, 54, 73]]
episode total reward is:  20.533
---------------------------------------------------------------
test episode:  6
action in this episode is:  [[92, 105, 182, 61, 58], [108, 177, 168, 166, 170], [173, 196, 197, 186, 72], [192, 73, 147, 176, 54]]
episode total reward is:  20.557
---------------------------------------------------------------
test episode:  7
action in this episode is:  [[92, 105, 182, 61, 58], [108, 177, 168, 166, 170], [173, 196, 197, 186, 72], [192, 147, 176, 54, 73]]
episode total reward is:  20.526
---------------------------------------------------------------
test episode:  8
action in this episode is:  [[92, 105, 182, 61, 58], [108, 177, 168, 166, 170], [173, 196, 192, 197, 176], [186, 72, 147, 54, 73]]
episode total reward is:  20.526
---------------------------------------------------------------
test episode:  9
action in this episode is:  [[92, 105, 182, 61, 58], [108, 177, 168, 166, 170], [173, 196, 197, 186, 147], [176, 192, 54, 72, 73]]
episode total reward is:  20.544
---------------------------------------------------------------
test episode:  10
action in this episode is:  [[92, 105, 182, 61, 58], [108, 177, 168, 166, 170], [173, 196, 192, 197, 176], [72, 186, 147, 54, 73]]
episode total reward is:  20.607
---------------------------------------------------------------
test episode:  11
action in this episode is:  [[92, 105, 182, 61, 58], [108, 177, 168, 166, 170], [173, 196, 192, 186, 197], [147, 73, 176, 72, 54]]
episode total reward is:  20.566
---------------------------------------------------------------
test episode:  12
action in this episode is:  [[92, 105, 182, 61, 58], [108, 177, 168, 166, 170], [173, 196, 197, 186, 176], [192, 72, 147, 54, 65]]
episode total reward is:  20.516
---------------------------------------------------------------
test episode:  13
action in this episode is:  [[92, 105, 182, 61, 58], [108, 177, 168, 166, 170], [173, 196, 197, 186, 176], [192, 72, 147, 54, 65]]
episode total reward is:  20.586
---------------------------------------------------------------
test episode:  14
action in this episode is:  [[92, 105, 182, 61, 58], [108, 177, 168, 166, 170], [173, 196, 197, 186, 176], [192, 72, 147, 54, 73]]
episode total reward is:  20.579
---------------------------------------------------------------
test episode:  15
action in this episode is:  [[92, 105, 182, 61, 58], [108, 177, 168, 166, 170], [173, 196, 197, 186, 176], [192, 72, 147, 54, 65]]
episode total reward is:  20.517
---------------------------------------------------------------
test episode:  16
action in this episode is:  [[92, 105, 182, 61, 58], [108, 177, 168, 166, 170], [173, 196, 197, 186, 176], [192, 72, 147, 54, 65]]
episode total reward is:  20.598
---------------------------------------------------------------
test episode:  17
action in this episode is:  [[92, 105, 182, 61, 58], [108, 177, 168, 166, 170], [173, 196, 197, 186, 176], [192, 72, 147, 54, 65]]
episode total reward is:  20.584
---------------------------------------------------------------
test episode:  18
action in this episode is:  [[92, 105, 182, 61, 58], [108, 177, 168, 166, 170], [173, 196, 197, 186, 72], [192, 147, 176, 54, 73]]
episode total reward is:  20.546
---------------------------------------------------------------
test episode:  19
action in this episode is:  [[92, 105, 182, 61, 58], [108, 177, 168, 166, 170], [173, 196, 192, 186, 197], [147, 73, 176, 54, 72]]
episode total reward is:  20.561
---------------------------------------------------------------
test episode:  20
action in this episode is:  [[92, 105, 182, 61, 58], [108, 177, 168, 166, 170], [173, 196, 197, 186, 176], [192, 72, 147, 54, 73]]
episode total reward is:  20.554
---------------------------------------------------------------
test episode:  21
action in this episode is:  [[92, 105, 182, 61, 58], [108, 177, 168, 166, 170], [173, 196, 197, 186, 72], [192, 73, 147, 176, 54]]
episode total reward is:  20.545
---------------------------------------------------------------
test episode:  22
action in this episode is:  [[92, 105, 182, 61, 58], [108, 177, 168, 166, 170], [173, 196, 192, 197, 176], [72, 186, 147, 54, 73]]
episode total reward is:  20.571
---------------------------------------------------------------
test episode:  23
action in this episode is:  [[92, 105, 182, 61, 58], [108, 177, 168, 166, 170], [173, 196, 197, 186, 176], [192, 72, 147, 54, 73]]
episode total reward is:  20.548
---------------------------------------------------------------
test episode:  24
action in this episode is:  [[92, 105, 182, 61, 58], [108, 177, 168, 166, 170], [173, 196, 197, 186, 176], [192, 72, 147, 54, 73]]
episode total reward is:  20.551
---------------------------------------------------------------
test episode:  25
action in this episode is:  [[92, 105, 182, 61, 58], [108, 177, 168, 166, 170], [173, 196, 192, 186, 197], [147, 73, 176, 54, 72]]
episode total reward is:  20.523
---------------------------------------------------------------
test episode:  26
action in this episode is:  [[92, 105, 182, 61, 58], [108, 177, 168, 166, 170], [173, 196, 192, 197, 176], [72, 186, 147, 54, 73]]
episode total reward is:  20.573
---------------------------------------------------------------
test episode:  27
action in this episode is:  [[92, 105, 182, 61, 58], [108, 177, 168, 166, 170], [173, 196, 197, 186, 176], [192, 72, 147, 54, 73]]
episode total reward is:  20.58
---------------------------------------------------------------
test episode:  28
action in this episode is:  [[92, 105, 182, 61, 58], [108, 177, 168, 166, 170], [173, 196, 197, 186, 176], [192, 72, 147, 54, 73]]
episode total reward is:  20.549
---------------------------------------------------------------
test episode:  29
action in this episode is:  [[92, 105, 182, 61, 58], [108, 177, 168, 166, 170], [173, 196, 197, 186, 176], [192, 72, 147, 54, 73]]
episode total reward is:  20.575
---------------------------------------------------------------
test episode:  30
action in this episode is:  [[92, 105, 182, 61, 58], [108, 177, 168, 166, 170], [173, 196, 197, 176, 147], [192, 54, 186, 72, 65]]
episode total reward is:  20.581
---------------------------------------------------------------
test episode:  31
action in this episode is:  [[92, 105, 182, 61, 58], [108, 177, 168, 166, 170], [173, 196, 186, 197, 72], [192, 73, 147, 176, 54]]
episode total reward is:  20.487
---------------------------------------------------------------
test episode:  32
action in this episode is:  [[92, 105, 182, 61, 58], [108, 177, 168, 166, 170], [173, 196, 197, 186, 72], [192, 73, 147, 176, 54]]
episode total reward is:  20.595
---------------------------------------------------------------
test episode:  33
action in this episode is:  [[92, 105, 182, 61, 58], [108, 177, 168, 166, 170], [173, 196, 197, 186, 147], [192, 72, 73, 176, 54]]
episode total reward is:  20.522
---------------------------------------------------------------
test episode:  34
action in this episode is:  [[92, 105, 182, 61, 58], [108, 177, 168, 166, 170], [173, 196, 197, 186, 176], [192, 72, 147, 54, 73]]
episode total reward is:  20.563
---------------------------------------------------------------
test episode:  35
action in this episode is:  [[92, 105, 182, 61, 58], [108, 166, 168, 173, 177], [170, 196, 197, 192, 176], [186, 72, 147, 54, 73]]
episode total reward is:  20.531
---------------------------------------------------------------
test episode:  36
action in this episode is:  [[92, 105, 182, 61, 58], [108, 177, 168, 166, 170], [173, 196, 197, 186, 72], [192, 73, 147, 176, 54]]
episode total reward is:  20.606
---------------------------------------------------------------
test episode:  37
action in this episode is:  [[92, 105, 182, 61, 58], [108, 177, 168, 166, 170], [173, 196, 186, 197, 72], [192, 73, 147, 176, 54]]
episode total reward is:  20.578
---------------------------------------------------------------
test episode:  38
action in this episode is:  [[92, 105, 182, 61, 58], [108, 177, 168, 166, 170], [173, 196, 186, 197, 176], [192, 72, 147, 54, 73]]
episode total reward is:  20.566
---------------------------------------------------------------
test episode:  39
action in this episode is:  [[92, 105, 182, 61, 58], [108, 177, 168, 166, 170], [173, 196, 197, 186, 176], [192, 72, 147, 54, 65]]
episode total reward is:  20.563
---------------------------------------------------------------
test episode:  40
action in this episode is:  [[92, 105, 182, 61, 58], [108, 177, 168, 166, 170], [173, 196, 197, 186, 176], [192, 72, 147, 54, 73]]
episode total reward is:  20.547
---------------------------------------------------------------
test episode:  41
action in this episode is:  [[92, 105, 182, 61, 58], [108, 177, 168, 166, 170], [173, 196, 197, 186, 176], [192, 72, 147, 54, 73]]
episode total reward is:  20.557
---------------------------------------------------------------
test episode:  42
action in this episode is:  [[92, 105, 182, 61, 58], [108, 177, 168, 166, 170], [173, 196, 197, 186, 176], [192, 72, 147, 54, 73]]
episode total reward is:  20.602
---------------------------------------------------------------
test episode:  43
action in this episode is:  [[92, 105, 182, 61, 58], [108, 177, 168, 166, 170], [173, 196, 197, 186, 147], [192, 72, 73, 176, 54]]
episode total reward is:  20.573
---------------------------------------------------------------
test episode:  44
action in this episode is:  [[92, 105, 182, 61, 58], [108, 166, 168, 173, 177], [170, 196, 197, 192, 176], [186, 72, 147, 54, 73]]
episode total reward is:  20.534
---------------------------------------------------------------
test episode:  45
action in this episode is:  [[92, 105, 182, 61, 58], [108, 177, 168, 166, 170], [173, 196, 197, 176, 147], [192, 54, 186, 72, 65]]
episode total reward is:  20.556
---------------------------------------------------------------
test episode:  46
action in this episode is:  [[92, 105, 182, 61, 58], [108, 177, 168, 166, 170], [173, 196, 192, 197, 176], [186, 72, 147, 54, 73]]
episode total reward is:  20.609
---------------------------------------------------------------
test episode:  47
action in this episode is:  [[92, 105, 182, 61, 58], [108, 177, 168, 166, 170], [173, 196, 197, 186, 176], [192, 72, 147, 54, 73]]
episode total reward is:  20.579
---------------------------------------------------------------
test episode:  48
action in this episode is:  [[92, 105, 182, 61, 58], [108, 177, 168, 166, 170], [173, 196, 192, 197, 176], [72, 186, 147, 54, 73]]
episode total reward is:  20.58
---------------------------------------------------------------
test episode:  49
action in this episode is:  [[92, 105, 182, 61, 58], [108, 177, 168, 166, 170], [173, 196, 197, 186, 176], [192, 72, 147, 54, 65]]
episode total reward is:  20.581

---------------------------------------------------------------

average reward: 20.56092
reward std: 0.027175606708958938
