chosen graph:  India
#nodes:  202
#edges:  692
cascade model is:  SC
device is:  cuda
---------------------------------------------------------------
train episode:  0
eps in this episode is:  0.3
eps_wstart in this episode is:  0.295
using warm-start actions
choosing ada_greedy
using warm-start actions
choosing ada_greedy
using warm-start actions
choosing ada_greedy
using warm-start actions
choosing ada_greedy
action in this episode is:  [[49, 82, 153, 93, 30], [160, 2, 83, 59, 62], [1, 36, 68, 42, 12], [164, 8, 74, 56, 156]]
present:  [1, 2, 12, 30, 36, 42, 49, 59, 62, 68, 82, 83, 93, 153, 160]
episode total reward is:  37.168
---------------------------------------------------------------
train episode:  1
eps in this episode is:  0.295
eps_wstart in this episode is:  0.29
using warm-start actions
choosing max degree
using warm-start actions
choosing ada_greedy
using warm-start actions
choosing max degree
using warm-start actions
choosing ada_greedy
action in this episode is:  [[62, 83, 59, 93, 50], [160, 1, 49, 82, 30], [24, 95, 9, 178, 6], [2, 164, 42, 12, 153]]
present:  [1, 6, 9, 24, 30, 49, 50, 59, 62, 82, 83, 93, 95, 160, 178]
episode total reward is:  40.877
---------------------------------------------------------------
train episode:  2
eps in this episode is:  0.29
eps_wstart in this episode is:  0.285
using warm-start actions
choosing random
using warm-start actions
choosing random
using warm-start actions
choosing max degree
using warm-start actions
choosing ada_greedy
action in this episode is:  [[83, 180, 19, 49, 138], [117, 81, 119, 11, 42], [62, 59, 93, 50, 24], [1, 82, 156, 30, 31]]
present:  [11, 19, 24, 42, 49, 50, 59, 62, 81, 83, 93, 117, 119, 138, 180]
episode total reward is:  34.012
---------------------------------------------------------------
train episode:  3
eps in this episode is:  0.285
eps_wstart in this episode is:  0.27999999999999997
using warm-start actions
choosing ada_greedy
using warm-start actions
choosing random
using warm-start actions
choosing ada_greedy
using warm-start actions
choosing random
action in this episode is:  [[160, 1, 82, 153, 30], [10, 7, 94, 149, 11], [12, 49, 93, 62, 63], [28, 71, 9, 169, 58]]
present:  [1, 7, 10, 11, 12, 30, 49, 62, 63, 82, 93, 94, 149, 153, 160]
episode total reward is:  31.992
---------------------------------------------------------------
train episode:  4
eps in this episode is:  0.27999999999999997
eps_wstart in this episode is:  0.27499999999999997
using warm-start actions
choosing random
using warm-start actions
choosing max degree
using warm-start actions
choosing max degree
using warm-start actions
choosing ada_greedy
action in this episode is:  [[21, 48, 128, 182, 173], [62, 83, 59, 93, 50], [24, 95, 82, 9, 178], [160, 1, 49, 153, 30]]
present:  [9, 21, 24, 48, 50, 59, 62, 82, 83, 93, 95, 128, 173, 178, 182]
episode total reward is:  36.761
---------------------------------------------------------------
train episode:  5
eps in this episode is:  0.27499999999999997
eps_wstart in this episode is:  0.26999999999999996
using warm-start actions
choosing random
using warm-start actions
choosing max degree
using warm-start actions
choosing random
using warm-start actions
choosing random
action in this episode is:  [[84, 122, 18, 93, 56], [62, 83, 59, 50, 24], [38, 17, 180, 23, 166], [25, 121, 35, 86, 124]]
present:  [17, 18, 23, 24, 38, 50, 56, 59, 62, 83, 84, 93, 122, 166, 180]
episode total reward is:  28.594
---------------------------------------------------------------
train episode:  6
eps in this episode is:  0.27
eps_wstart in this episode is:  0.26499999999999996
using warm-start actions
choosing ada_greedy
using warm-start actions
choosing ada_greedy
using warm-start actions
choosing max degree
using warm-start actions
choosing max degree
action in this episode is:  [[160, 1, 82, 153, 30], [49, 83, 93, 62, 63], [59, 50, 24, 95, 9], [178, 6, 91, 110, 141]]
present:  [1, 9, 24, 30, 49, 50, 59, 62, 63, 82, 83, 93, 95, 153, 160]
episode total reward is:  42.126
---------------------------------------------------------------
train episode:  7
eps in this episode is:  0.265
eps_wstart in this episode is:  0.25999999999999995
using warm-start actions
choosing random
using warm-start actions
choosing random
using warm-start actions
choosing ada_greedy
using warm-start actions
choosing max degree
action in this episode is:  [[18, 143, 87, 129, 7], [71, 144, 145, 127, 146], [160, 82, 153, 93, 62], [83, 59, 50, 24, 95]]
present:  [7, 18, 62, 71, 82, 87, 93, 127, 129, 143, 144, 145, 146, 153, 160]
episode total reward is:  33.328
---------------------------------------------------------------
train episode:  8
eps in this episode is:  0.26
eps_wstart in this episode is:  0.25499999999999995
using warm-start actions
choosing random
using warm-start actions
choosing max degree
using warm-start actions
choosing random
using warm-start actions
choosing max degree
action in this episode is:  [[11, 73, 112, 128, 39], [62, 83, 59, 93, 50], [0, 120, 157, 98, 68], [24, 95, 82, 9, 178]]
present:  [0, 11, 39, 50, 59, 62, 68, 73, 83, 93, 98, 112, 120, 128, 157]
episode total reward is:  33.125
---------------------------------------------------------------
train episode:  9
eps in this episode is:  0.255
eps_wstart in this episode is:  0.24999999999999994
using warm-start actions
choosing max degree
using warm-start actions
choosing ada_greedy
using warm-start actions
choosing ada_greedy
using warm-start actions
choosing max degree
action in this episode is:  [[62, 83, 59, 93, 50], [160, 1, 49, 82, 30], [164, 12, 153, 156, 63], [24, 95, 9, 178, 6]]
present:  [1, 12, 30, 49, 50, 59, 62, 63, 82, 83, 93, 153, 156, 160, 164]
episode total reward is:  41.37
---------------------------------------------------------------
train episode:  10
eps in this episode is:  0.25
eps_wstart in this episode is:  0.24499999999999994
using warm-start actions
choosing max degree
using warm-start actions
choosing ada_greedy
using warm-start actions
choosing random
using warm-start actions
choosing max degree
action in this episode is:  [[62, 83, 59, 93, 50], [160, 1, 2, 82, 30], [127, 161, 192, 47, 21], [24, 95, 9, 178, 6]]
present:  [1, 2, 21, 30, 47, 50, 59, 62, 82, 83, 93, 127, 160, 161, 192]
episode total reward is:  35.185
---------------------------------------------------------------
train episode:  11
eps in this episode is:  0.245
eps_wstart in this episode is:  0.23999999999999994
using warm-start actions
choosing ada_greedy
using warm-start actions
choosing random
using warm-start actions
choosing random
using warm-start actions
choosing max degree
action in this episode is:  [[160, 82, 153, 93, 30], [77, 86, 13, 41, 79], [35, 130, 98, 189, 190], [62, 83, 59, 50, 24]]
present:  [13, 30, 35, 41, 77, 79, 82, 86, 93, 98, 130, 153, 160, 189, 190]
episode total reward is:  31.13
---------------------------------------------------------------
train episode:  12
eps in this episode is:  0.24
eps_wstart in this episode is:  0.23499999999999993
using warm-start actions
choosing random
using warm-start actions
choosing max degree
using warm-start actions
choosing ada_greedy
using warm-start actions
choosing random
action in this episode is:  [[59, 72, 107, 157, 85], [62, 83, 93, 50, 24], [160, 49, 82, 153, 30], [81, 27, 103, 189, 132]]
present:  [24, 30, 49, 50, 59, 62, 72, 82, 83, 85, 93, 107, 153, 157, 160]
episode total reward is:  34.308
secondary loss is:  130.60479736328125
---------------------------------------------------------------
train episode:  13
eps in this episode is:  0.235
eps_wstart in this episode is:  0.22999999999999993
action in this episode is:  [[83, 59, 62, 93, 50], [82, 2, 24, 110, 9], [178, 60, 95, 149, 14], [190, 103, 198, 75, 6]]
present:  [2, 9, 14, 24, 50, 59, 60, 62, 82, 83, 93, 95, 110, 149, 178]
episode total reward is:  36.891
secondary loss is:  66.35221862792969
---------------------------------------------------------------
train episode:  14
eps in this episode is:  0.22999999999999998
eps_wstart in this episode is:  0.22499999999999992
choosing max degree
action in this episode is:  [[146, 83, 59, 62, 93], [50, 82, 2, 24, 110], [95, 9, 178, 6, 91], [90, 133, 184, 163, 103]]
present:  [2, 6, 9, 24, 50, 59, 62, 82, 83, 91, 93, 95, 110, 146, 178]
episode total reward is:  35.518
secondary loss is:  60.794029235839844
---------------------------------------------------------------
train episode:  15
eps in this episode is:  0.22499999999999998
eps_wstart in this episode is:  0.21999999999999992
choosing ada_greedy
action in this episode is:  [[160, 82, 153, 93, 30], [83, 59, 62, 50, 2], [24, 9, 110, 178, 95], [103, 13, 6, 75, 91]]
present:  [2, 9, 24, 30, 50, 59, 62, 82, 83, 93, 95, 110, 153, 160, 178]
episode total reward is:  39.806
secondary loss is:  36.86921691894531
---------------------------------------------------------------
train episode:  16
eps in this episode is:  0.21999999999999997
eps_wstart in this episode is:  0.2149999999999999
choosing max degree
action in this episode is:  [[83, 70, 5, 59, 68], [62, 93, 50, 82, 24], [95, 9, 178, 6, 91], [1, 2, 110, 103, 75]]
present:  [5, 6, 9, 24, 50, 59, 62, 68, 70, 82, 83, 91, 93, 95, 178]
episode total reward is:  36.954
secondary loss is:  24.809368133544922
---------------------------------------------------------------
train episode:  17
eps in this episode is:  0.21499999999999997
eps_wstart in this episode is:  0.2099999999999999
action in this episode is:  [[83, 59, 62, 93, 101], [122, 50, 138, 82, 2], [24, 110, 9, 178, 95], [103, 6, 13, 22, 75]]
present:  [2, 9, 24, 50, 59, 62, 82, 83, 93, 95, 101, 110, 122, 138, 178]
episode total reward is:  36.223
secondary loss is:  32.64277648925781
---------------------------------------------------------------
train episode:  18
eps in this episode is:  0.21
eps_wstart in this episode is:  0.2049999999999999
choosing max degree
choosing random
action in this episode is:  [[62, 83, 59, 93, 50], [82, 2, 24, 110, 9], [61, 178, 95, 6, 13], [97, 126, 195, 201, 176]]
present:  [2, 6, 9, 13, 24, 50, 59, 61, 62, 82, 83, 93, 95, 110, 178]
episode total reward is:  35.238
secondary loss is:  19.32830810546875
---------------------------------------------------------------
train episode:  19
eps in this episode is:  0.205
eps_wstart in this episode is:  0.1999999999999999
action in this episode is:  [[121, 178, 83, 59, 62], [152, 93, 50, 57, 82], [8, 2, 24, 110, 9], [95, 103, 182, 13, 6]]
present:  [2, 8, 9, 24, 50, 57, 59, 62, 82, 83, 93, 110, 121, 152, 178]
episode total reward is:  35.877
secondary loss is:  14.612459182739258
---------------------------------------------------------------
train episode:  20
eps in this episode is:  0.19999999999999998
eps_wstart in this episode is:  0.1949999999999999
choosing max degree
action in this episode is:  [[62, 83, 59, 93, 50], [76, 82, 92, 2, 24], [110, 9, 178, 95, 6], [103, 175, 13, 75, 91]]
present:  [2, 6, 9, 24, 50, 59, 62, 76, 82, 83, 92, 93, 95, 110, 178]
episode total reward is:  35.343
secondary loss is:  7.7175140380859375
---------------------------------------------------------------
train episode:  21
eps in this episode is:  0.195
eps_wstart in this episode is:  0.1899999999999999
choosing ada_greedy
action in this episode is:  [[83, 59, 62, 93, 50], [82, 73, 2, 176, 24], [160, 164, 42, 49, 153], [130, 110, 9, 178, 95]]
present:  [2, 24, 42, 49, 50, 59, 62, 73, 82, 83, 93, 153, 160, 164, 176]
episode total reward is:  38.505
secondary loss is:  2.0383217334747314
---------------------------------------------------------------
train episode:  22
eps in this episode is:  0.19
eps_wstart in this episode is:  0.1849999999999999
choosing max degree
action in this episode is:  [[83, 59, 24, 141, 62], [93, 50, 95, 82, 9], [2, 110, 168, 178, 13], [6, 103, 91, 22, 75]]
present:  [2, 9, 13, 24, 50, 59, 62, 82, 83, 93, 95, 110, 141, 168, 178]
episode total reward is:  38.441
secondary loss is:  1.1861577033996582
---------------------------------------------------------------
train episode:  23
eps in this episode is:  0.185
eps_wstart in this episode is:  0.17999999999999988
choosing max degree
action in this episode is:  [[83, 59, 62, 93, 56], [50, 24, 95, 82, 9], [2, 110, 178, 103, 61], [6, 13, 22, 75, 91]]
present:  [2, 9, 24, 50, 56, 59, 61, 62, 82, 83, 93, 95, 103, 110, 178]
episode total reward is:  36.901
secondary loss is:  0.3250414729118347
---------------------------------------------------------------
train episode:  24
eps in this episode is:  0.18
eps_wstart in this episode is:  0.17499999999999988
action in this episode is:  [[38, 83, 59, 62, 93], [50, 82, 2, 181, 24], [110, 9, 107, 178, 60], [28, 95, 6, 13, 103]]
present:  [2, 9, 24, 38, 50, 59, 60, 62, 82, 83, 93, 107, 110, 178, 181]
episode total reward is:  38.925
secondary loss is:  0.34217530488967896
---------------------------------------------------------------
train episode:  25
eps in this episode is:  0.175
eps_wstart in this episode is:  0.16999999999999987
choosing ada_greedy
choosing max degree
action in this episode is:  [[160, 49, 82, 93, 30], [162, 83, 142, 59, 6], [62, 173, 50, 2, 155], [24, 95, 9, 178, 91]]
present:  [2, 6, 30, 49, 50, 59, 62, 82, 83, 93, 142, 155, 160, 162, 173]
episode total reward is:  37.252
secondary loss is:  0.7136681079864502
---------------------------------------------------------------
train episode:  26
eps in this episode is:  0.16999999999999998
eps_wstart in this episode is:  0.16499999999999987
action in this episode is:  [[84, 83, 59, 62, 163], [93, 50, 82, 2, 24], [110, 9, 178, 95, 6], [103, 13, 131, 122, 75]]
present:  [2, 6, 9, 24, 50, 59, 62, 82, 83, 84, 93, 95, 110, 163, 178]
episode total reward is:  35.943
secondary loss is:  2.3528966903686523
---------------------------------------------------------------
train episode:  27
eps in this episode is:  0.16499999999999998
eps_wstart in this episode is:  0.15999999999999986
action in this episode is:  [[83, 59, 113, 62, 93], [50, 82, 2, 24, 110], [9, 178, 95, 6, 40], [103, 13, 75, 91, 22]]
present:  [2, 6, 9, 24, 40, 50, 59, 62, 82, 83, 93, 95, 110, 113, 178]
episode total reward is:  37.421
secondary loss is:  4.3892107009887695
---------------------------------------------------------------
train episode:  28
eps in this episode is:  0.15999999999999998
eps_wstart in this episode is:  0.15499999999999986
choosing max degree
action in this episode is:  [[144, 119, 83, 15, 59], [62, 93, 50, 82, 24], [2, 110, 9, 178, 95], [6, 91, 141, 13, 60]]
present:  [2, 9, 15, 24, 50, 59, 62, 82, 83, 93, 95, 110, 119, 144, 178]
episode total reward is:  41.145
secondary loss is:  6.508962154388428
---------------------------------------------------------------
train episode:  29
eps in this episode is:  0.155
eps_wstart in this episode is:  0.14999999999999986
action in this episode is:  [[83, 59, 62, 93, 50], [82, 2, 24, 161, 110], [178, 9, 95, 6, 13], [103, 75, 91, 22, 45]]
present:  [2, 6, 9, 13, 24, 50, 59, 62, 82, 83, 93, 95, 110, 161, 178]
episode total reward is:  37.369
secondary loss is:  3.817500114440918
---------------------------------------------------------------
train episode:  30
eps in this episode is:  0.15
eps_wstart in this episode is:  0.14499999999999985
choosing random
action in this episode is:  [[83, 59, 62, 93, 50], [82, 2, 24, 110, 142], [127, 75, 108, 187, 65], [178, 9, 95, 6, 13]]
present:  [2, 24, 50, 59, 62, 65, 75, 82, 83, 93, 108, 110, 127, 142, 187]
episode total reward is:  34.562
secondary loss is:  6.513343811035156
---------------------------------------------------------------
train episode:  31
eps in this episode is:  0.145
eps_wstart in this episode is:  0.13999999999999985
choosing random
choosing random
action in this episode is:  [[148, 91, 31, 36, 38], [183, 32, 138, 135, 51], [83, 59, 2, 62, 93], [50, 82, 24, 45, 110]]
present:  [2, 31, 32, 36, 38, 51, 59, 62, 83, 91, 93, 135, 138, 148, 183]
episode total reward is:  33.554
secondary loss is:  6.212339401245117
---------------------------------------------------------------
train episode:  32
eps in this episode is:  0.13999999999999999
eps_wstart in this episode is:  0.13499999999999984
choosing max degree
action in this episode is:  [[62, 83, 59, 93, 50], [82, 20, 2, 24, 110], [178, 9, 95, 6, 13], [60, 103, 91, 75, 113]]
present:  [2, 6, 9, 13, 20, 24, 50, 59, 62, 82, 83, 93, 95, 110, 178]
episode total reward is:  39.594
secondary loss is:  6.167680740356445
---------------------------------------------------------------
train episode:  33
eps in this episode is:  0.13499999999999998
eps_wstart in this episode is:  0.12999999999999984
action in this episode is:  [[83, 20, 173, 112, 196], [59, 62, 93, 50, 82], [2, 24, 110, 9, 178], [95, 103, 170, 6, 13]]
present:  [2, 9, 20, 24, 50, 59, 62, 82, 83, 93, 110, 112, 173, 178, 196]
episode total reward is:  36.579
secondary loss is:  7.377464771270752
---------------------------------------------------------------
train episode:  34
eps in this episode is:  0.12999999999999998
eps_wstart in this episode is:  0.12499999999999983
choosing ada_greedy
action in this episode is:  [[83, 105, 111, 59, 62], [93, 50, 82, 112, 24], [160, 2, 49, 30, 63], [9, 110, 152, 178, 143]]
present:  [2, 24, 30, 49, 50, 59, 62, 63, 82, 83, 93, 105, 111, 112, 160]
episode total reward is:  37.518
secondary loss is:  9.686859130859375
---------------------------------------------------------------
train episode:  35
eps in this episode is:  0.12499999999999997
eps_wstart in this episode is:  0.11999999999999983
action in this episode is:  [[83, 1, 59, 62, 93], [50, 82, 24, 2, 110], [9, 178, 95, 6, 13], [103, 60, 91, 75, 22]]
present:  [1, 2, 6, 9, 13, 24, 50, 59, 62, 82, 83, 93, 95, 110, 178]
episode total reward is:  39.588
secondary loss is:  3.116734504699707
---------------------------------------------------------------
train episode:  36
eps in this episode is:  0.12
eps_wstart in this episode is:  0.11499999999999982
choosing max degree
action in this episode is:  [[83, 59, 62, 43, 93], [50, 82, 2, 24, 110], [9, 178, 95, 68, 6], [91, 141, 13, 60, 75]]
present:  [2, 6, 9, 24, 43, 50, 59, 62, 68, 82, 83, 93, 95, 110, 178]
episode total reward is:  40.804
secondary loss is:  3.7147510051727295
---------------------------------------------------------------
train episode:  37
eps in this episode is:  0.11499999999999999
eps_wstart in this episode is:  0.10999999999999982
action in this episode is:  [[83, 59, 62, 93, 50], [166, 82, 2, 24, 110], [9, 178, 95, 6, 13], [103, 91, 75, 22, 141]]
present:  [2, 6, 9, 13, 24, 50, 59, 62, 82, 83, 93, 95, 110, 166, 178]
episode total reward is:  38.075
secondary loss is:  2.4988152980804443
---------------------------------------------------------------
train episode:  38
eps in this episode is:  0.10999999999999999
eps_wstart in this episode is:  0.10499999999999982
choosing max degree
action in this episode is:  [[83, 59, 62, 93, 50], [82, 2, 24, 110, 178], [95, 9, 6, 91, 141], [103, 13, 75, 61, 22]]
present:  [2, 6, 9, 24, 50, 59, 62, 82, 83, 91, 93, 95, 110, 141, 178]
episode total reward is:  37.781
secondary loss is:  1.3050339221954346
---------------------------------------------------------------
train episode:  39
eps in this episode is:  0.10499999999999998
eps_wstart in this episode is:  0.09999999999999981
action in this episode is:  [[83, 59, 62, 93, 50], [82, 2, 24, 110, 9], [178, 95, 6, 13, 91], [103, 75, 77, 22, 88]]
present:  [2, 6, 9, 13, 24, 50, 59, 62, 82, 83, 91, 93, 95, 110, 178]
episode total reward is:  37.302
secondary loss is:  0.7184920310974121
---------------------------------------------------------------
train episode:  40
eps in this episode is:  0.1
eps_wstart in this episode is:  0.0949999999999998
action in this episode is:  [[165, 83, 59, 62, 93], [50, 82, 2, 24, 110], [9, 178, 95, 6, 13], [103, 75, 109, 157, 91]]
present:  [2, 6, 9, 13, 24, 50, 59, 62, 82, 83, 93, 95, 110, 165, 178]
episode total reward is:  37.167
secondary loss is:  2.0090980529785156
---------------------------------------------------------------
train episode:  41
eps in this episode is:  0.1
eps_wstart in this episode is:  0.0899999999999998
action in this episode is:  [[83, 59, 163, 62, 93], [50, 82, 2, 24, 110], [9, 178, 95, 6, 13], [103, 75, 91, 22, 141]]
present:  [2, 6, 9, 13, 24, 50, 59, 62, 82, 83, 93, 95, 110, 163, 178]
episode total reward is:  37.936
secondary loss is:  1.254212498664856
---------------------------------------------------------------
train episode:  42
eps in this episode is:  0.1
eps_wstart in this episode is:  0.0849999999999998
action in this episode is:  [[83, 59, 109, 62, 93], [50, 82, 2, 24, 110], [9, 178, 95, 74, 6], [103, 13, 75, 91, 22]]
present:  [2, 6, 9, 24, 50, 59, 62, 74, 82, 83, 93, 95, 109, 110, 178]
episode total reward is:  37.921
secondary loss is:  1.080451250076294
---------------------------------------------------------------
train episode:  43
eps in this episode is:  0.1
eps_wstart in this episode is:  0.0799999999999998
action in this episode is:  [[83, 59, 3, 62, 93], [66, 50, 82, 2, 24], [201, 103, 110, 178, 9], [95, 13, 6, 22, 75]]
present:  [2, 3, 9, 24, 50, 59, 62, 66, 82, 83, 93, 103, 110, 178, 201]
episode total reward is:  37.589
secondary loss is:  0.5988536477088928
---------------------------------------------------------------
train episode:  44
eps in this episode is:  0.1
eps_wstart in this episode is:  0.07499999999999979
choosing max degree
action in this episode is:  [[83, 59, 62, 93, 50], [82, 2, 24, 110, 9], [178, 95, 6, 13, 91], [141, 60, 75, 156, 22]]
present:  [2, 6, 9, 13, 24, 50, 59, 62, 82, 83, 91, 93, 95, 110, 178]
episode total reward is:  41.838
secondary loss is:  0.5160353183746338
---------------------------------------------------------------
train episode:  45
eps in this episode is:  0.1
eps_wstart in this episode is:  0.06999999999999978
action in this episode is:  [[83, 59, 62, 93, 50], [82, 2, 24, 110, 9], [31, 178, 95, 6, 13], [103, 75, 91, 22, 177]]
present:  [2, 6, 9, 13, 24, 31, 50, 59, 62, 82, 83, 93, 95, 110, 178]
episode total reward is:  36.877
secondary loss is:  0.34413647651672363
---------------------------------------------------------------
train episode:  46
eps in this episode is:  0.1
eps_wstart in this episode is:  0.06499999999999978
action in this episode is:  [[83, 59, 62, 93, 50], [189, 82, 2, 24, 110], [9, 178, 95, 6, 13], [103, 75, 91, 22, 143]]
present:  [2, 6, 9, 13, 24, 50, 59, 62, 82, 83, 93, 95, 110, 178, 189]
episode total reward is:  37.141
secondary loss is:  0.9187837839126587
---------------------------------------------------------------
train episode:  47
eps in this episode is:  0.1
eps_wstart in this episode is:  0.05999999999999978
choosing max degree
action in this episode is:  [[83, 59, 62, 93, 50], [82, 2, 24, 110, 9], [95, 178, 6, 91, 141], [103, 13, 75, 22, 60]]
present:  [2, 6, 9, 24, 50, 59, 62, 82, 83, 91, 93, 95, 110, 141, 178]
episode total reward is:  40.439
secondary loss is:  1.1009458303451538
---------------------------------------------------------------
train episode:  48
eps in this episode is:  0.1
eps_wstart in this episode is:  0.054999999999999785
action in this episode is:  [[83, 59, 62, 93, 50], [112, 82, 2, 24, 110], [9, 178, 197, 95, 6], [103, 48, 13, 72, 75]]
present:  [2, 6, 9, 24, 50, 59, 62, 82, 83, 93, 95, 110, 112, 178, 197]
episode total reward is:  36.834
secondary loss is:  0.29280292987823486
---------------------------------------------------------------
train episode:  49
eps in this episode is:  0.1
eps_wstart in this episode is:  0.04999999999999979
action in this episode is:  [[83, 59, 133, 104, 62], [93, 50, 82, 2, 24], [110, 9, 178, 95, 73], [6, 13, 103, 75, 91]]
present:  [2, 9, 24, 50, 59, 62, 73, 82, 83, 93, 95, 104, 110, 133, 178]
episode total reward is:  36.243
secondary loss is:  0.7712526917457581
---------------------------------------------------------------
train episode:  50
eps in this episode is:  0.1
eps_wstart in this episode is:  0.04499999999999979
action in this episode is:  [[83, 59, 62, 93, 50], [82, 2, 24, 110, 9], [178, 95, 6, 13, 91], [103, 164, 75, 22, 141]]
present:  [2, 6, 9, 13, 24, 50, 59, 62, 82, 83, 91, 93, 95, 110, 178]
episode total reward is:  39.18
secondary loss is:  0.8569413423538208
---------------------------------------------------------------
train episode:  51
eps in this episode is:  0.1
eps_wstart in this episode is:  0.03999999999999979
action in this episode is:  [[83, 59, 62, 93, 50], [82, 2, 24, 110, 44], [9, 178, 95, 6, 13], [103, 75, 91, 161, 22]]
present:  [2, 6, 9, 13, 24, 44, 50, 59, 62, 82, 83, 93, 95, 110, 178]
episode total reward is:  37.084
secondary loss is:  1.4285235404968262
---------------------------------------------------------------
train episode:  52
eps in this episode is:  0.1
eps_wstart in this episode is:  0.034999999999999795
choosing max degree
action in this episode is:  [[83, 59, 62, 93, 50], [82, 2, 24, 110, 9], [95, 178, 6, 91, 141], [22, 103, 154, 13, 75]]
present:  [2, 6, 9, 24, 50, 59, 62, 82, 83, 91, 93, 95, 110, 141, 178]
episode total reward is:  38.086
secondary loss is:  1.1250838041305542
---------------------------------------------------------------
train episode:  53
eps in this episode is:  0.1
eps_wstart in this episode is:  0.029999999999999794
choosing max degree
action in this episode is:  [[83, 59, 62, 93, 50], [82, 2, 24, 110, 9], [178, 95, 73, 91, 6], [141, 13, 60, 75, 156]]
present:  [2, 6, 9, 24, 50, 59, 62, 73, 82, 83, 91, 93, 95, 110, 178]
episode total reward is:  40.439
secondary loss is:  0.7945667505264282
---------------------------------------------------------------
train episode:  54
eps in this episode is:  0.1
eps_wstart in this episode is:  0.024999999999999793
action in this episode is:  [[83, 59, 62, 93, 50], [82, 2, 24, 19, 110], [9, 178, 95, 6, 13], [103, 91, 75, 22, 141]]
present:  [2, 6, 9, 13, 19, 24, 50, 59, 62, 82, 83, 93, 95, 110, 178]
episode total reward is:  39.544
secondary loss is:  0.8516466021537781
---------------------------------------------------------------
train episode:  55
eps in this episode is:  0.1
eps_wstart in this episode is:  0.019999999999999792
action in this episode is:  [[170, 83, 94, 4, 59], [62, 93, 50, 82, 43], [2, 24, 20, 110, 9], [178, 95, 91, 103, 6]]
present:  [2, 4, 9, 20, 24, 43, 50, 59, 62, 82, 83, 93, 94, 110, 170]
episode total reward is:  35.788
secondary loss is:  0.6030163764953613
---------------------------------------------------------------
train episode:  56
eps in this episode is:  0.1
eps_wstart in this episode is:  0.014999999999999791
action in this episode is:  [[83, 6, 59, 62, 93], [50, 82, 2, 24, 110], [178, 9, 95, 13, 91], [103, 75, 22, 141, 20]]
present:  [2, 6, 9, 13, 24, 50, 59, 62, 82, 83, 91, 93, 95, 110, 178]
episode total reward is:  38.808
secondary loss is:  0.9729067087173462
---------------------------------------------------------------
train episode:  57
eps in this episode is:  0.1
eps_wstart in this episode is:  0.00999999999999979
action in this episode is:  [[83, 59, 62, 93, 50], [141, 82, 2, 24, 110], [9, 178, 95, 14, 6], [103, 75, 91, 13, 22]]
present:  [2, 6, 9, 14, 24, 50, 59, 62, 82, 83, 93, 95, 110, 141, 178]
episode total reward is:  38.35
secondary loss is:  0.5893374085426331
---------------------------------------------------------------
train episode:  58
eps in this episode is:  0.1
eps_wstart in this episode is:  0.00499999999999979
action in this episode is:  [[83, 59, 62, 93, 180], [50, 82, 24, 2, 110], [9, 178, 95, 6, 13], [103, 75, 22, 91, 162]]
present:  [2, 6, 9, 13, 24, 50, 59, 62, 82, 83, 93, 95, 110, 178, 180]
episode total reward is:  37.278
secondary loss is:  0.7328137159347534
---------------------------------------------------------------
train episode:  59
eps in this episode is:  0.1
eps_wstart in this episode is:  0
action in this episode is:  [[83, 59, 62, 39, 93], [50, 82, 24, 2, 110], [9, 178, 95, 6, 13], [103, 75, 91, 22, 160]]
present:  [2, 6, 9, 13, 24, 39, 50, 59, 62, 82, 83, 93, 95, 110, 178]
episode total reward is:  38.605
secondary loss is:  0.8865229487419128
---------------------------------------------------------------
train episode:  60
eps in this episode is:  0.1
eps_wstart in this episode is:  0
action in this episode is:  [[83, 59, 4, 62, 93], [50, 113, 82, 70, 2], [24, 110, 9, 191, 23], [178, 74, 95, 91, 13]]
present:  [2, 4, 9, 23, 24, 50, 59, 62, 70, 82, 83, 93, 110, 113, 191]
episode total reward is:  36.898
secondary loss is:  0.39631637930870056
---------------------------------------------------------------
train episode:  61
eps in this episode is:  0.1
eps_wstart in this episode is:  0
action in this episode is:  [[83, 80, 59, 62, 93], [50, 82, 2, 24, 110], [9, 178, 95, 6, 13], [103, 75, 91, 22, 141]]
present:  [2, 6, 9, 13, 24, 50, 59, 62, 80, 82, 83, 93, 95, 110, 178]
episode total reward is:  38.949
secondary loss is:  0.1818627417087555
---------------------------------------------------------------
train episode:  62
eps in this episode is:  0.1
eps_wstart in this episode is:  0
action in this episode is:  [[83, 59, 62, 93, 50], [15, 82, 2, 24, 110], [9, 178, 95, 6, 13], [28, 103, 142, 91, 75]]
present:  [2, 6, 9, 13, 15, 24, 50, 59, 62, 82, 83, 93, 95, 110, 178]
episode total reward is:  38.21
secondary loss is:  0.4662725627422333
---------------------------------------------------------------
train episode:  63
eps in this episode is:  0.1
eps_wstart in this episode is:  0
action in this episode is:  [[83, 59, 62, 94, 93], [50, 82, 144, 2, 119], [24, 110, 9, 178, 95], [6, 13, 103, 75, 91]]
present:  [2, 9, 24, 50, 59, 62, 82, 83, 93, 94, 95, 110, 119, 144, 178]
episode total reward is:  37.489
secondary loss is:  1.0383713245391846
---------------------------------------------------------------
train episode:  64
eps in this episode is:  0.1
eps_wstart in this episode is:  0
action in this episode is:  [[83, 59, 62, 143, 93], [50, 82, 2, 24, 110], [9, 178, 95, 6, 13], [103, 75, 74, 91, 22]]
present:  [2, 6, 9, 13, 24, 50, 59, 62, 82, 83, 93, 95, 110, 143, 178]
episode total reward is:  37.773
secondary loss is:  0.9592458009719849
---------------------------------------------------------------
train episode:  65
eps in this episode is:  0.1
eps_wstart in this episode is:  0
action in this episode is:  [[83, 59, 62, 93, 201], [50, 82, 24, 2, 110], [9, 178, 95, 6, 13], [23, 103, 91, 75, 22]]
present:  [2, 6, 9, 13, 24, 50, 59, 62, 82, 83, 93, 95, 110, 178, 201]
episode total reward is:  36.874
secondary loss is:  0.2597310245037079
---------------------------------------------------------------
train episode:  66
eps in this episode is:  0.1
eps_wstart in this episode is:  0
action in this episode is:  [[83, 59, 62, 93, 50], [82, 2, 24, 110, 9], [178, 95, 6, 13, 91], [103, 75, 22, 141, 60]]
present:  [2, 6, 9, 13, 24, 50, 59, 62, 82, 83, 91, 93, 95, 110, 178]
episode total reward is:  40.542
secondary loss is:  0.2115398347377777
---------------------------------------------------------------
train episode:  67
eps in this episode is:  0.1
eps_wstart in this episode is:  0
action in this episode is:  [[83, 59, 62, 8, 93], [50, 82, 24, 2, 110], [9, 178, 95, 6, 13], [103, 91, 22, 75, 196]]
present:  [2, 6, 8, 9, 13, 24, 50, 59, 62, 82, 83, 93, 95, 110, 178]
episode total reward is:  37.475
secondary loss is:  0.18763673305511475
---------------------------------------------------------------
train episode:  68
eps in this episode is:  0.1
eps_wstart in this episode is:  0
action in this episode is:  [[83, 59, 62, 93, 50], [82, 2, 24, 110, 9], [178, 95, 6, 13, 91], [103, 191, 75, 22, 141]]
present:  [2, 6, 9, 13, 24, 50, 59, 62, 82, 83, 91, 93, 95, 110, 178]
episode total reward is:  39.128
secondary loss is:  0.24354198575019836
---------------------------------------------------------------
train episode:  69
eps in this episode is:  0.1
eps_wstart in this episode is:  0
action in this episode is:  [[83, 59, 62, 93, 50], [82, 2, 24, 110, 9], [178, 95, 6, 13, 91], [103, 75, 22, 141, 60]]
present:  [2, 6, 9, 13, 24, 50, 59, 62, 82, 83, 91, 93, 95, 110, 178]
episode total reward is:  40.304
secondary loss is:  0.33635005354881287
---------------------------------------------------------------
train episode:  70
eps in this episode is:  0.1
eps_wstart in this episode is:  0
action in this episode is:  [[83, 59, 62, 93, 181], [4, 138, 50, 180, 82], [2, 24, 9, 110, 178], [95, 6, 113, 13, 103]]
present:  [2, 4, 9, 24, 50, 59, 62, 82, 83, 93, 110, 138, 178, 180, 181]
episode total reward is:  36.367
secondary loss is:  0.2727621793746948
---------------------------------------------------------------
train episode:  71
eps in this episode is:  0.1
eps_wstart in this episode is:  0
action in this episode is:  [[56, 83, 59, 62, 93], [50, 82, 2, 24, 110], [178, 9, 95, 6, 13], [103, 75, 91, 22, 185]]
present:  [2, 6, 9, 13, 24, 50, 56, 59, 62, 82, 83, 93, 95, 110, 178]
episode total reward is:  37.151
secondary loss is:  0.06791845709085464
---------------------------------------------------------------
train episode:  72
eps in this episode is:  0.1
eps_wstart in this episode is:  0
action in this episode is:  [[83, 59, 62, 93, 50], [82, 2, 24, 110, 9], [178, 95, 183, 6, 13], [103, 75, 91, 22, 141]]
present:  [2, 6, 9, 13, 24, 50, 59, 62, 82, 83, 93, 95, 110, 178, 183]
episode total reward is:  37.742
secondary loss is:  0.27920252084732056
---------------------------------------------------------------
train episode:  73
eps in this episode is:  0.1
eps_wstart in this episode is:  0
action in this episode is:  [[83, 70, 59, 7, 62], [93, 50, 82, 24, 2], [110, 178, 9, 95, 6], [103, 13, 189, 91, 75]]
present:  [2, 6, 7, 9, 24, 50, 59, 62, 70, 82, 83, 93, 95, 110, 178]
episode total reward is:  36.935
secondary loss is:  0.5736922025680542
---------------------------------------------------------------
train episode:  74
eps in this episode is:  0.1
eps_wstart in this episode is:  0
action in this episode is:  [[83, 59, 62, 93, 50], [82, 196, 2, 24, 110], [9, 178, 95, 6, 13], [103, 75, 91, 22, 141]]
present:  [2, 6, 9, 13, 24, 50, 59, 62, 82, 83, 93, 95, 110, 178, 196]
episode total reward is:  38.404
secondary loss is:  0.27184808254241943
---------------------------------------------------------------
train episode:  75
eps in this episode is:  0.1
eps_wstart in this episode is:  0
action in this episode is:  [[83, 59, 62, 93, 50], [82, 2, 24, 110, 9], [178, 95, 6, 13, 91], [103, 141, 75, 22, 161]]
present:  [2, 6, 9, 13, 24, 50, 59, 62, 82, 83, 91, 93, 95, 110, 178]
episode total reward is:  38.535
secondary loss is:  0.2695673406124115
---------------------------------------------------------------
train episode:  76
eps in this episode is:  0.1
eps_wstart in this episode is:  0
action in this episode is:  [[83, 59, 62, 93, 50], [82, 2, 24, 9, 143], [110, 178, 95, 103, 6], [13, 75, 91, 22, 60]]
present:  [2, 6, 9, 24, 50, 59, 62, 82, 83, 93, 95, 103, 110, 143, 178]
episode total reward is:  39.511
secondary loss is:  0.2408951073884964
---------------------------------------------------------------
train episode:  77
eps in this episode is:  0.1
eps_wstart in this episode is:  0
action in this episode is:  [[83, 59, 54, 62, 93], [50, 82, 86, 2, 24], [110, 64, 9, 143, 178], [95, 6, 13, 103, 22]]
present:  [2, 9, 24, 50, 54, 59, 62, 64, 82, 83, 86, 93, 110, 143, 178]
episode total reward is:  38.484
secondary loss is:  0.09415271133184433
---------------------------------------------------------------
train episode:  78
eps in this episode is:  0.1
eps_wstart in this episode is:  0
action in this episode is:  [[83, 59, 62, 194, 93], [50, 128, 82, 2, 24], [110, 9, 178, 95, 6], [13, 91, 103, 22, 75]]
present:  [2, 6, 9, 24, 50, 59, 62, 82, 83, 93, 95, 110, 128, 178, 194]
episode total reward is:  37.207
secondary loss is:  0.40100979804992676
---------------------------------------------------------------
train episode:  79
eps in this episode is:  0.1
eps_wstart in this episode is:  0
action in this episode is:  [[83, 59, 62, 93, 50], [82, 2, 24, 110, 9], [178, 95, 6, 13, 91], [103, 75, 22, 141, 60]]
present:  [2, 6, 9, 13, 24, 50, 59, 62, 82, 83, 91, 93, 95, 110, 178]
episode total reward is:  40.364
secondary loss is:  0.13565538823604584
---------------------------------------------------------------
train episode:  80
eps in this episode is:  0.1
eps_wstart in this episode is:  0
action in this episode is:  [[83, 59, 62, 93, 50], [82, 2, 24, 110, 9], [178, 95, 6, 13, 91], [103, 75, 22, 141, 60]]
present:  [2, 6, 9, 13, 24, 50, 59, 62, 82, 83, 91, 93, 95, 110, 178]
episode total reward is:  40.585
secondary loss is:  0.38863006234169006
---------------------------------------------------------------
train episode:  81
eps in this episode is:  0.1
eps_wstart in this episode is:  0
action in this episode is:  [[83, 59, 62, 93, 50], [82, 65, 2, 24, 186], [110, 9, 178, 95, 201], [8, 6, 13, 103, 22]]
present:  [2, 9, 24, 50, 59, 62, 65, 82, 83, 93, 95, 110, 178, 186, 201]
episode total reward is:  36.29
secondary loss is:  0.4842595160007477
---------------------------------------------------------------
train episode:  82
eps in this episode is:  0.1
eps_wstart in this episode is:  0
action in this episode is:  [[83, 59, 62, 93, 50], [178, 110, 82, 2, 24], [9, 95, 143, 6, 13], [129, 103, 75, 91, 22]]
present:  [2, 6, 9, 13, 24, 50, 59, 62, 82, 83, 93, 95, 110, 143, 178]
episode total reward is:  37.561
secondary loss is:  0.24202491343021393
---------------------------------------------------------------
train episode:  83
eps in this episode is:  0.1
eps_wstart in this episode is:  0
action in this episode is:  [[83, 59, 62, 93, 50], [82, 2, 24, 110, 9], [189, 178, 95, 6, 91], [103, 13, 75, 22, 141]]
present:  [2, 6, 9, 24, 50, 59, 62, 82, 83, 91, 93, 95, 110, 178, 189]
episode total reward is:  37.987
secondary loss is:  0.13569232821464539
---------------------------------------------------------------
train episode:  84
eps in this episode is:  0.1
eps_wstart in this episode is:  0
action in this episode is:  [[83, 59, 62, 93, 173], [50, 169, 82, 2, 24], [110, 9, 178, 95, 6], [103, 13, 91, 75, 22]]
present:  [2, 6, 9, 24, 50, 59, 62, 82, 83, 93, 95, 110, 169, 173, 178]
episode total reward is:  37.495
secondary loss is:  0.14341899752616882
---------------------------------------------------------------
train episode:  85
eps in this episode is:  0.1
eps_wstart in this episode is:  0
action in this episode is:  [[165, 83, 59, 62, 93], [50, 82, 2, 24, 110], [9, 178, 95, 6, 13], [103, 75, 22, 138, 91]]
present:  [2, 6, 9, 13, 24, 50, 59, 62, 82, 83, 93, 95, 110, 165, 178]
episode total reward is:  36.809
secondary loss is:  0.4279889464378357
---------------------------------------------------------------
train episode:  86
eps in this episode is:  0.1
eps_wstart in this episode is:  0
action in this episode is:  [[83, 59, 62, 93, 50], [114, 82, 2, 10, 24], [110, 9, 178, 95, 6], [147, 103, 200, 13, 91]]
present:  [2, 6, 9, 10, 24, 50, 59, 62, 82, 83, 93, 95, 110, 114, 178]
episode total reward is:  36.441
secondary loss is:  0.3461204171180725
---------------------------------------------------------------
train episode:  87
eps in this episode is:  0.1
eps_wstart in this episode is:  0
action in this episode is:  [[83, 59, 62, 93, 50], [82, 2, 115, 24, 110], [9, 178, 95, 6, 13], [103, 165, 91, 38, 75]]
present:  [2, 6, 9, 13, 24, 50, 59, 62, 82, 83, 93, 95, 110, 115, 178]
episode total reward is:  36.879
secondary loss is:  0.49950626492500305
---------------------------------------------------------------
train episode:  88
eps in this episode is:  0.1
eps_wstart in this episode is:  0
action in this episode is:  [[83, 59, 62, 21, 93], [50, 82, 2, 24, 110], [9, 101, 178, 95, 6], [103, 13, 45, 75, 91]]
present:  [2, 6, 9, 21, 24, 50, 59, 62, 82, 83, 93, 95, 101, 110, 178]
episode total reward is:  36.421
secondary loss is:  0.14033378660678864
---------------------------------------------------------------
train episode:  89
eps in this episode is:  0.1
eps_wstart in this episode is:  0
action in this episode is:  [[83, 59, 49, 62, 93], [50, 82, 2, 24, 110], [9, 178, 95, 148, 6], [103, 13, 75, 91, 60]]
present:  [2, 6, 9, 24, 49, 50, 59, 62, 82, 83, 93, 95, 110, 148, 178]
episode total reward is:  40.456
secondary loss is:  0.2258569598197937
---------------------------------------------------------------
train episode:  90
eps in this episode is:  0.1
eps_wstart in this episode is:  0
action in this episode is:  [[83, 59, 110, 178, 62], [19, 93, 50, 82, 24], [2, 9, 95, 13, 6], [103, 91, 75, 145, 22]]
present:  [2, 6, 9, 13, 19, 24, 50, 59, 62, 82, 83, 93, 95, 110, 178]
episode total reward is:  39.007
secondary loss is:  0.043242260813713074
---------------------------------------------------------------
train episode:  91
eps in this episode is:  0.1
eps_wstart in this episode is:  0
action in this episode is:  [[83, 59, 62, 93, 50], [187, 82, 2, 24, 110], [9, 178, 105, 95, 6], [121, 13, 103, 75, 91]]
present:  [2, 6, 9, 24, 50, 59, 62, 82, 83, 93, 95, 105, 110, 178, 187]
episode total reward is:  36.056
secondary loss is:  0.11996328830718994
---------------------------------------------------------------
train episode:  92
eps in this episode is:  0.1
eps_wstart in this episode is:  0
action in this episode is:  [[83, 1, 59, 62, 93], [50, 82, 24, 2, 110], [9, 178, 95, 6, 13], [147, 103, 75, 91, 22]]
present:  [1, 2, 6, 9, 13, 24, 50, 59, 62, 82, 83, 93, 95, 110, 178]
episode total reward is:  37.34
secondary loss is:  0.10206969082355499
---------------------------------------------------------------
train episode:  93
eps in this episode is:  0.1
eps_wstart in this episode is:  0
action in this episode is:  [[83, 45, 59, 62, 26], [93, 50, 82, 2, 24], [110, 178, 9, 95, 6], [103, 75, 91, 13, 22]]
present:  [2, 6, 9, 24, 26, 45, 50, 59, 62, 82, 83, 93, 95, 110, 178]
episode total reward is:  38.131
secondary loss is:  0.23868730664253235
---------------------------------------------------------------
train episode:  94
eps in this episode is:  0.1
eps_wstart in this episode is:  0
action in this episode is:  [[83, 59, 62, 93, 50], [92, 82, 2, 24, 110], [9, 178, 95, 6, 37], [103, 13, 75, 19, 91]]
present:  [2, 6, 9, 24, 37, 50, 59, 62, 82, 83, 92, 93, 95, 110, 178]
episode total reward is:  37.101
secondary loss is:  0.2531995475292206
---------------------------------------------------------------
train episode:  95
eps in this episode is:  0.1
eps_wstart in this episode is:  0
action in this episode is:  [[83, 59, 62, 93, 114], [50, 82, 2, 24, 110], [9, 178, 95, 6, 34], [11, 13, 146, 75, 63]]
present:  [2, 6, 9, 24, 34, 50, 59, 62, 82, 83, 93, 95, 110, 114, 178]
episode total reward is:  38.179
secondary loss is:  0.2984033524990082
---------------------------------------------------------------
train episode:  96
eps in this episode is:  0.1
eps_wstart in this episode is:  0
action in this episode is:  [[83, 59, 62, 93, 50], [82, 2, 24, 110, 9], [178, 95, 6, 13, 91], [103, 75, 22, 141, 60]]
present:  [2, 6, 9, 13, 24, 50, 59, 62, 82, 83, 91, 93, 95, 110, 178]
episode total reward is:  40.199
secondary loss is:  0.5721538066864014
---------------------------------------------------------------
train episode:  97
eps in this episode is:  0.1
eps_wstart in this episode is:  0
action in this episode is:  [[83, 59, 62, 93, 50], [82, 2, 64, 24, 110], [9, 178, 95, 6, 13], [103, 91, 124, 75, 22]]
present:  [2, 6, 9, 13, 24, 50, 59, 62, 64, 82, 83, 93, 95, 110, 178]
episode total reward is:  39.625
secondary loss is:  0.5716464519500732
---------------------------------------------------------------
train episode:  98
eps in this episode is:  0.1
eps_wstart in this episode is:  0
action in this episode is:  [[83, 59, 62, 93, 50], [82, 2, 24, 110, 9], [178, 95, 84, 6, 13], [103, 91, 75, 22, 141]]
present:  [2, 6, 9, 13, 24, 50, 59, 62, 82, 83, 84, 93, 95, 110, 178]
episode total reward is:  39.01
secondary loss is:  0.3019527494907379
---------------------------------------------------------------
train episode:  99
eps in this episode is:  0.1
eps_wstart in this episode is:  0
action in this episode is:  [[83, 59, 62, 93, 50], [82, 2, 24, 110, 9], [178, 161, 95, 183, 6], [103, 13, 75, 22, 91]]
present:  [2, 6, 9, 24, 50, 59, 62, 82, 83, 93, 95, 110, 161, 178, 183]
episode total reward is:  36.466
secondary loss is:  0.14311210811138153

---------------------------------------------------------------

runtime for training process is:  5935.723257303238




testing
---------------------------------------------------------------
test episode:  0
action in this episode is:  [[83, 59, 62, 93, 50], [82, 2, 24, 110, 9], [178, 95, 6, 13, 91], [103, 75, 22, 141, 60]]
episode total reward is:  40.686
---------------------------------------------------------------
test episode:  1
action in this episode is:  [[83, 59, 62, 93, 50], [82, 2, 24, 110, 9], [178, 95, 6, 13, 91], [103, 75, 22, 141, 60]]
episode total reward is:  40.577
---------------------------------------------------------------
test episode:  2
action in this episode is:  [[83, 59, 62, 93, 50], [82, 2, 24, 110, 9], [178, 95, 6, 13, 91], [103, 75, 22, 141, 60]]
episode total reward is:  40.483
---------------------------------------------------------------
test episode:  3
action in this episode is:  [[83, 59, 62, 93, 50], [82, 2, 24, 110, 9], [178, 95, 6, 13, 91], [103, 75, 22, 141, 60]]
episode total reward is:  40.448
---------------------------------------------------------------
test episode:  4
action in this episode is:  [[83, 59, 62, 93, 50], [82, 2, 24, 110, 9], [178, 95, 6, 13, 91], [103, 75, 22, 141, 60]]
episode total reward is:  40.178
---------------------------------------------------------------
test episode:  5
action in this episode is:  [[83, 59, 62, 93, 50], [82, 2, 24, 110, 9], [178, 95, 6, 13, 91], [103, 75, 22, 141, 60]]
episode total reward is:  40.313
---------------------------------------------------------------
test episode:  6
action in this episode is:  [[83, 59, 62, 93, 50], [82, 2, 24, 110, 9], [178, 95, 6, 13, 91], [103, 75, 22, 141, 60]]
episode total reward is:  40.488
---------------------------------------------------------------
test episode:  7
action in this episode is:  [[83, 59, 62, 93, 50], [82, 2, 24, 110, 9], [178, 95, 6, 13, 91], [103, 75, 22, 141, 60]]
episode total reward is:  40.329
---------------------------------------------------------------
test episode:  8
action in this episode is:  [[83, 59, 62, 93, 50], [82, 2, 24, 110, 9], [178, 95, 6, 13, 91], [103, 75, 22, 141, 60]]
episode total reward is:  40.254
---------------------------------------------------------------
test episode:  9
action in this episode is:  [[83, 59, 62, 93, 50], [82, 2, 24, 110, 9], [178, 95, 6, 13, 91], [103, 75, 22, 141, 60]]
episode total reward is:  40.376
---------------------------------------------------------------
test episode:  10
action in this episode is:  [[83, 59, 62, 93, 50], [82, 2, 24, 110, 9], [178, 95, 6, 13, 91], [103, 75, 22, 141, 60]]
episode total reward is:  40.474
---------------------------------------------------------------
test episode:  11
action in this episode is:  [[83, 59, 62, 93, 50], [82, 2, 24, 110, 9], [178, 95, 6, 13, 91], [103, 75, 22, 141, 60]]
episode total reward is:  40.551
---------------------------------------------------------------
test episode:  12
action in this episode is:  [[83, 59, 62, 93, 50], [82, 2, 24, 110, 9], [178, 95, 6, 13, 91], [103, 75, 22, 141, 60]]
episode total reward is:  40.761
---------------------------------------------------------------
test episode:  13
action in this episode is:  [[83, 59, 62, 93, 50], [82, 2, 24, 110, 9], [178, 95, 6, 13, 91], [103, 75, 22, 141, 60]]
episode total reward is:  40.264
---------------------------------------------------------------
test episode:  14
action in this episode is:  [[83, 59, 62, 93, 50], [82, 2, 24, 110, 9], [178, 95, 6, 13, 91], [103, 75, 22, 141, 60]]
episode total reward is:  40.418
---------------------------------------------------------------
test episode:  15
action in this episode is:  [[83, 59, 62, 93, 50], [82, 2, 24, 110, 9], [178, 95, 6, 13, 91], [103, 75, 22, 141, 60]]
episode total reward is:  40.534
---------------------------------------------------------------
test episode:  16
action in this episode is:  [[83, 59, 62, 93, 50], [82, 2, 24, 110, 9], [178, 95, 6, 13, 91], [103, 75, 22, 141, 60]]
episode total reward is:  39.958
---------------------------------------------------------------
test episode:  17
action in this episode is:  [[83, 59, 62, 93, 50], [82, 2, 24, 110, 9], [178, 95, 6, 13, 91], [103, 75, 22, 141, 60]]
episode total reward is:  40.597
---------------------------------------------------------------
test episode:  18
action in this episode is:  [[83, 59, 62, 93, 50], [82, 2, 24, 110, 9], [178, 95, 6, 13, 91], [103, 75, 22, 141, 60]]
episode total reward is:  40.75
---------------------------------------------------------------
test episode:  19
action in this episode is:  [[83, 59, 62, 93, 50], [82, 2, 24, 110, 9], [178, 95, 6, 13, 91], [103, 75, 22, 141, 60]]
episode total reward is:  40.498
---------------------------------------------------------------
test episode:  20
action in this episode is:  [[83, 59, 62, 93, 50], [82, 2, 24, 110, 9], [178, 95, 6, 13, 91], [103, 75, 22, 141, 60]]
episode total reward is:  40.304
---------------------------------------------------------------
test episode:  21
action in this episode is:  [[83, 59, 62, 93, 50], [82, 2, 24, 110, 9], [178, 95, 6, 13, 91], [103, 75, 22, 141, 60]]
episode total reward is:  40.35
---------------------------------------------------------------
test episode:  22
action in this episode is:  [[83, 59, 62, 93, 50], [82, 2, 24, 110, 9], [178, 95, 6, 13, 91], [103, 75, 22, 141, 60]]
episode total reward is:  40.572
---------------------------------------------------------------
test episode:  23
action in this episode is:  [[83, 59, 62, 93, 50], [82, 2, 24, 110, 9], [178, 95, 6, 13, 91], [103, 75, 22, 141, 60]]
episode total reward is:  40.604
---------------------------------------------------------------
test episode:  24
action in this episode is:  [[83, 59, 62, 93, 50], [82, 2, 24, 110, 9], [178, 95, 6, 13, 91], [103, 75, 22, 141, 60]]
episode total reward is:  40.493
---------------------------------------------------------------
test episode:  25
action in this episode is:  [[83, 59, 62, 93, 50], [82, 2, 24, 110, 9], [178, 95, 6, 13, 91], [103, 75, 22, 141, 60]]
episode total reward is:  40.53
---------------------------------------------------------------
test episode:  26
action in this episode is:  [[83, 59, 62, 93, 50], [82, 2, 24, 110, 9], [178, 95, 6, 13, 91], [103, 75, 22, 141, 60]]
episode total reward is:  40.374
---------------------------------------------------------------
test episode:  27
action in this episode is:  [[83, 59, 62, 93, 50], [82, 2, 24, 110, 9], [178, 95, 6, 13, 91], [103, 75, 22, 141, 60]]
episode total reward is:  40.585
---------------------------------------------------------------
test episode:  28
action in this episode is:  [[83, 59, 62, 93, 50], [82, 2, 24, 110, 9], [178, 95, 6, 13, 91], [103, 75, 22, 141, 60]]
episode total reward is:  40.716
---------------------------------------------------------------
test episode:  29
action in this episode is:  [[83, 59, 62, 93, 50], [82, 2, 24, 110, 9], [178, 95, 6, 13, 91], [103, 75, 22, 141, 60]]
episode total reward is:  40.326
---------------------------------------------------------------
test episode:  30
action in this episode is:  [[83, 59, 62, 93, 50], [82, 2, 24, 110, 9], [178, 95, 6, 13, 91], [103, 75, 22, 141, 60]]
episode total reward is:  40.898
---------------------------------------------------------------
test episode:  31
action in this episode is:  [[83, 59, 62, 93, 50], [82, 2, 24, 110, 9], [178, 95, 6, 13, 91], [103, 75, 22, 141, 60]]
episode total reward is:  40.272
---------------------------------------------------------------
test episode:  32
action in this episode is:  [[83, 59, 62, 93, 50], [82, 2, 24, 110, 9], [178, 95, 6, 13, 91], [103, 75, 22, 141, 60]]
episode total reward is:  40.591
---------------------------------------------------------------
test episode:  33
action in this episode is:  [[83, 59, 62, 93, 50], [82, 2, 24, 110, 9], [178, 95, 6, 13, 91], [103, 75, 22, 141, 60]]
episode total reward is:  40.342
---------------------------------------------------------------
test episode:  34
action in this episode is:  [[83, 59, 62, 93, 50], [82, 2, 24, 110, 9], [178, 95, 6, 13, 91], [103, 75, 22, 141, 60]]
episode total reward is:  40.35
---------------------------------------------------------------
test episode:  35
action in this episode is:  [[83, 59, 62, 93, 50], [82, 2, 24, 110, 9], [178, 95, 6, 13, 91], [103, 75, 22, 141, 60]]
episode total reward is:  40.446
---------------------------------------------------------------
test episode:  36
action in this episode is:  [[83, 59, 62, 93, 50], [82, 2, 24, 110, 9], [178, 95, 6, 13, 91], [103, 75, 22, 141, 60]]
episode total reward is:  40.556
---------------------------------------------------------------
test episode:  37
action in this episode is:  [[83, 59, 62, 93, 50], [82, 2, 24, 110, 9], [178, 95, 6, 13, 91], [103, 75, 22, 141, 60]]
episode total reward is:  40.339
---------------------------------------------------------------
test episode:  38
action in this episode is:  [[83, 59, 62, 93, 50], [82, 2, 24, 110, 9], [178, 95, 6, 13, 91], [103, 75, 22, 141, 60]]
episode total reward is:  40.681
---------------------------------------------------------------
test episode:  39
action in this episode is:  [[83, 59, 62, 93, 50], [82, 2, 24, 110, 9], [178, 95, 6, 13, 91], [103, 75, 22, 141, 60]]
episode total reward is:  40.356
---------------------------------------------------------------
test episode:  40
action in this episode is:  [[83, 59, 62, 93, 50], [82, 2, 24, 110, 9], [178, 95, 6, 13, 91], [103, 75, 22, 141, 60]]
episode total reward is:  40.298
---------------------------------------------------------------
test episode:  41
action in this episode is:  [[83, 59, 62, 93, 50], [82, 2, 24, 110, 9], [178, 95, 6, 13, 91], [103, 75, 22, 141, 60]]
episode total reward is:  41.036
---------------------------------------------------------------
test episode:  42
action in this episode is:  [[83, 59, 62, 93, 50], [82, 2, 24, 110, 9], [178, 95, 6, 13, 91], [103, 75, 22, 141, 60]]
episode total reward is:  40.469
---------------------------------------------------------------
test episode:  43
action in this episode is:  [[83, 59, 62, 93, 50], [82, 2, 24, 110, 9], [178, 95, 6, 13, 91], [103, 75, 22, 141, 60]]
episode total reward is:  40.556
---------------------------------------------------------------
test episode:  44
action in this episode is:  [[83, 59, 62, 93, 50], [82, 2, 24, 110, 9], [178, 95, 6, 13, 91], [103, 75, 22, 141, 60]]
episode total reward is:  40.561
---------------------------------------------------------------
test episode:  45
action in this episode is:  [[83, 59, 62, 93, 50], [82, 2, 24, 110, 9], [178, 95, 6, 13, 91], [103, 75, 22, 141, 60]]
episode total reward is:  40.675
---------------------------------------------------------------
test episode:  46
action in this episode is:  [[83, 59, 62, 93, 50], [82, 2, 24, 110, 9], [178, 95, 6, 13, 91], [103, 75, 22, 141, 60]]
episode total reward is:  40.245
---------------------------------------------------------------
test episode:  47
action in this episode is:  [[83, 59, 62, 93, 50], [82, 2, 24, 110, 9], [178, 95, 6, 13, 91], [103, 75, 22, 141, 60]]
episode total reward is:  40.477
---------------------------------------------------------------
test episode:  48
action in this episode is:  [[83, 59, 62, 93, 50], [82, 2, 24, 110, 9], [178, 95, 6, 13, 91], [103, 75, 22, 141, 60]]
episode total reward is:  40.657
---------------------------------------------------------------
test episode:  49
action in this episode is:  [[83, 59, 62, 93, 50], [82, 2, 24, 110, 9], [178, 95, 6, 13, 91], [103, 75, 22, 141, 60]]
episode total reward is:  40.078

---------------------------------------------------------------

average reward: 40.473479999999995
reward std: 0.19581953324426052
