chosen graph:  India
#nodes:  202
#edges:  692
cascade model is:  SC
device is:  cuda
---------------------------------------------------------------
train episode:  0
eps in this episode is:  0.3
eps_wstart in this episode is:  0.295
using warm-start actions
choosing ada_greedy
using warm-start actions
choosing random
using warm-start actions
choosing max degree
using warm-start actions
choosing random
action in this episode is:  [[1, 82, 153, 93, 30], [133, 24, 143, 61, 149], [62, 83, 59, 50, 95], [64, 10, 27, 182, 6]]
present:  [1, 24, 30, 50, 59, 61, 62, 82, 83, 93, 95, 133, 143, 149, 153]
episode total reward is:  33.311
---------------------------------------------------------------
train episode:  1
eps in this episode is:  0.295
eps_wstart in this episode is:  0.29
using warm-start actions
choosing max degree
using warm-start actions
choosing random
using warm-start actions
choosing max degree
using warm-start actions
choosing random
action in this episode is:  [[62, 83, 59, 93, 50], [127, 8, 68, 197, 14], [24, 95, 82, 9, 178], [113, 46, 36, 101, 44]]
present:  [8, 9, 14, 24, 50, 59, 62, 68, 82, 83, 93, 95, 127, 178, 197]
episode total reward is:  32.79
---------------------------------------------------------------
train episode:  2
eps in this episode is:  0.29
eps_wstart in this episode is:  0.285
using warm-start actions
choosing max degree
using warm-start actions
choosing ada_greedy
using warm-start actions
choosing random
using warm-start actions
choosing max degree
action in this episode is:  [[62, 83, 59, 93, 50], [160, 2, 49, 82, 30], [40, 31, 107, 139, 166], [24, 95, 9, 178, 6]]
present:  [2, 30, 31, 40, 49, 50, 59, 62, 82, 83, 93, 107, 139, 160, 166]
episode total reward is:  37.298
---------------------------------------------------------------
train episode:  3
eps in this episode is:  0.285
eps_wstart in this episode is:  0.27999999999999997
using warm-start actions
choosing ada_greedy
using warm-start actions
choosing max degree
using warm-start actions
choosing max degree
using warm-start actions
choosing max degree
action in this episode is:  [[160, 1, 82, 153, 30], [62, 83, 59, 93, 50], [24, 95, 9, 178, 6], [91, 110, 141, 13, 60]]
present:  [1, 6, 9, 24, 30, 50, 59, 62, 82, 83, 93, 95, 153, 160, 178]
episode total reward is:  40.82
---------------------------------------------------------------
train episode:  4
eps in this episode is:  0.27999999999999997
eps_wstart in this episode is:  0.27499999999999997
using warm-start actions
choosing random
using warm-start actions
choosing random
using warm-start actions
choosing max degree
using warm-start actions
choosing max degree
action in this episode is:  [[158, 0, 6, 39, 70], [143, 178, 50, 134, 133], [62, 83, 59, 93, 24], [95, 82, 9, 91, 110]]
present:  [0, 6, 24, 39, 50, 59, 62, 70, 83, 93, 133, 134, 143, 158, 178]
episode total reward is:  35.794
---------------------------------------------------------------
train episode:  5
eps in this episode is:  0.27499999999999997
eps_wstart in this episode is:  0.26999999999999996
using warm-start actions
choosing max degree
using warm-start actions
choosing random
using warm-start actions
choosing max degree
using warm-start actions
choosing max degree
action in this episode is:  [[62, 83, 59, 93, 50], [190, 75, 82, 151, 177], [24, 95, 9, 178, 6], [91, 110, 141, 13, 60]]
present:  [6, 9, 24, 50, 59, 62, 75, 82, 83, 93, 95, 151, 177, 178, 190]
episode total reward is:  36.977
---------------------------------------------------------------
train episode:  6
eps in this episode is:  0.27
eps_wstart in this episode is:  0.26499999999999996
using warm-start actions
choosing max degree
using warm-start actions
choosing ada_greedy
using warm-start actions
choosing ada_greedy
using warm-start actions
choosing max degree
action in this episode is:  [[62, 83, 59, 93, 50], [160, 1, 49, 82, 30], [199, 74, 42, 12, 153], [24, 95, 9, 178, 6]]
present:  [1, 12, 30, 42, 49, 50, 59, 62, 74, 82, 83, 93, 153, 160, 199]
episode total reward is:  41.493
secondary loss is:  756.635498046875
---------------------------------------------------------------
train episode:  7
eps in this episode is:  0.265
eps_wstart in this episode is:  0.25999999999999995
choosing max degree
action in this episode is:  [[77, 92, 128, 182, 192], [61, 105, 166, 196, 108], [62, 83, 59, 93, 50], [197, 200, 201, 54, 58]]
present:  [50, 59, 61, 62, 77, 83, 92, 93, 105, 108, 128, 166, 182, 192, 196]
episode total reward is:  23.436
secondary loss is:  299.0039978027344
---------------------------------------------------------------
train episode:  8
eps in this episode is:  0.26
eps_wstart in this episode is:  0.25499999999999995
choosing max degree
choosing max degree
choosing max degree
action in this episode is:  [[62, 83, 59, 93, 50], [24, 95, 82, 9, 178], [92, 182, 105, 61, 77], [6, 91, 110, 141, 13]]
present:  [9, 24, 50, 59, 61, 62, 77, 82, 83, 92, 93, 95, 105, 178, 182]
episode total reward is:  32.208
secondary loss is:  280.17657470703125
---------------------------------------------------------------
train episode:  9
eps in this episode is:  0.255
eps_wstart in this episode is:  0.24999999999999994
action in this episode is:  [[167, 92, 182, 105, 61], [166, 196, 197, 108, 58], [200, 177, 54, 192, 168], [176, 147, 72, 85, 73]]
present:  [54, 58, 61, 92, 105, 108, 166, 167, 168, 177, 182, 192, 196, 197, 200]
episode total reward is:  20.442
secondary loss is:  220.7041473388672
---------------------------------------------------------------
train episode:  10
eps in this episode is:  0.25
eps_wstart in this episode is:  0.24499999999999994
choosing random
choosing ada_greedy
choosing max degree
action in this episode is:  [[9, 78, 160, 37, 80], [1, 82, 153, 93, 30], [62, 83, 59, 50, 24], [194, 195, 92, 105, 182]]
present:  [1, 9, 24, 30, 37, 50, 59, 62, 78, 80, 82, 83, 93, 153, 160]
episode total reward is:  31.391
secondary loss is:  41.063087463378906
---------------------------------------------------------------
train episode:  11
eps in this episode is:  0.245
eps_wstart in this episode is:  0.23999999999999994
choosing max degree
action in this episode is:  [[101, 113, 92, 105, 7], [182, 61, 166, 108, 86], [62, 83, 59, 93, 50], [187, 196, 58, 197, 177]]
present:  [7, 50, 59, 61, 62, 83, 86, 92, 93, 101, 105, 108, 113, 166, 182]
episode total reward is:  24.217
secondary loss is:  170.83645629882812
---------------------------------------------------------------
train episode:  12
eps in this episode is:  0.24
eps_wstart in this episode is:  0.23499999999999993
action in this episode is:  [[92, 105, 35, 182, 61], [137, 58, 166, 196, 108], [177, 54, 197, 200, 168], [192, 22, 73, 176, 72]]
present:  [35, 54, 58, 61, 92, 105, 108, 137, 166, 168, 177, 182, 196, 197, 200]
episode total reward is:  20.632
secondary loss is:  200.17660522460938
---------------------------------------------------------------
train episode:  13
eps in this episode is:  0.235
eps_wstart in this episode is:  0.22999999999999993
action in this episode is:  [[105, 92, 182, 167, 61], [58, 108, 166, 196, 177], [197, 190, 54, 168, 192], [73, 200, 176, 72, 173]]
present:  [54, 58, 61, 92, 105, 108, 166, 167, 168, 177, 182, 190, 192, 196, 197]
episode total reward is:  20.449
secondary loss is:  198.21388244628906
---------------------------------------------------------------
train episode:  14
eps in this episode is:  0.22999999999999998
eps_wstart in this episode is:  0.22499999999999992
choosing max degree
action in this episode is:  [[105, 92, 139, 182, 61], [58, 108, 166, 177, 197], [75, 32, 196, 85, 168], [62, 83, 59, 93, 50]]
present:  [32, 58, 61, 75, 85, 92, 105, 108, 139, 166, 168, 177, 182, 196, 197]
episode total reward is:  23.856
secondary loss is:  73.62413024902344
---------------------------------------------------------------
train episode:  15
eps in this episode is:  0.22499999999999998
eps_wstart in this episode is:  0.21999999999999992
choosing ada_greedy
action in this episode is:  [[1, 82, 30, 93, 62], [105, 182, 92, 87, 61], [177, 58, 108, 166, 59], [168, 173, 196, 197, 54]]
present:  [1, 30, 58, 59, 61, 62, 82, 87, 92, 93, 105, 108, 166, 177, 182]
episode total reward is:  24.708
secondary loss is:  148.40916442871094
---------------------------------------------------------------
train episode:  16
eps in this episode is:  0.21999999999999997
eps_wstart in this episode is:  0.2149999999999999
action in this episode is:  [[0, 105, 182, 92, 94], [172, 61, 177, 58, 108], [168, 173, 166, 196, 197], [170, 171, 54, 186, 73]]
present:  [0, 58, 61, 92, 94, 105, 108, 166, 168, 172, 173, 177, 182, 196, 197]
episode total reward is:  20.902
secondary loss is:  120.4771957397461
---------------------------------------------------------------
train episode:  17
eps in this episode is:  0.21499999999999997
eps_wstart in this episode is:  0.2099999999999999
action in this episode is:  [[44, 105, 90, 182, 45], [92, 61, 173, 177, 168], [170, 58, 108, 20, 186], [65, 73, 80, 166, 54]]
present:  [20, 44, 45, 58, 61, 90, 92, 105, 108, 168, 170, 173, 177, 182, 186]
episode total reward is:  21.081
secondary loss is:  108.6978759765625
---------------------------------------------------------------
train episode:  18
eps in this episode is:  0.21
eps_wstart in this episode is:  0.2049999999999999
choosing max degree
action in this episode is:  [[18, 105, 182, 166, 173], [62, 83, 59, 93, 50], [135, 61, 92, 170, 132], [177, 168, 186, 58, 108]]
present:  [18, 50, 59, 61, 62, 83, 92, 93, 105, 132, 135, 166, 170, 173, 182]
episode total reward is:  23.899
secondary loss is:  40.485992431640625
---------------------------------------------------------------
train episode:  19
eps in this episode is:  0.205
eps_wstart in this episode is:  0.1999999999999999
choosing max degree
action in this episode is:  [[31, 105, 173, 182, 170], [61, 92, 168, 177, 124], [62, 83, 59, 93, 50], [186, 65, 134, 58, 108]]
present:  [31, 50, 59, 61, 62, 83, 92, 93, 105, 124, 168, 170, 173, 177, 182]
episode total reward is:  24.88
secondary loss is:  36.21174240112305
---------------------------------------------------------------
train episode:  20
eps in this episode is:  0.19999999999999998
eps_wstart in this episode is:  0.1949999999999999
choosing random
action in this episode is:  [[105, 173, 160, 100, 170], [45, 0, 57, 52, 113], [182, 121, 168, 186, 177], [31, 65, 61, 97, 92]]
present:  [0, 45, 52, 57, 100, 105, 113, 121, 160, 168, 170, 173, 177, 182, 186]
episode total reward is:  22.492
secondary loss is:  71.82728576660156
---------------------------------------------------------------
train episode:  21
eps in this episode is:  0.195
eps_wstart in this episode is:  0.1899999999999999
action in this episode is:  [[173, 67, 105, 170, 186], [65, 168, 182, 177, 61], [58, 92, 73, 149, 191], [108, 192, 54, 176, 197]]
present:  [58, 61, 65, 67, 73, 92, 105, 149, 168, 170, 173, 177, 182, 186, 191]
episode total reward is:  20.756
secondary loss is:  116.21826171875
---------------------------------------------------------------
train episode:  22
eps in this episode is:  0.19
eps_wstart in this episode is:  0.1849999999999999
action in this episode is:  [[173, 105, 125, 170, 186], [65, 168, 177, 182, 149], [61, 58, 73, 92, 108], [54, 192, 176, 41, 197]]
present:  [58, 61, 65, 73, 92, 105, 108, 125, 149, 168, 170, 173, 177, 182, 186]
episode total reward is:  21.009
secondary loss is:  6.505535125732422
---------------------------------------------------------------
train episode:  23
eps in this episode is:  0.185
eps_wstart in this episode is:  0.17999999999999988
action in this episode is:  [[173, 170, 105, 186, 65], [168, 177, 149, 182, 73], [58, 61, 92, 108, 41], [54, 192, 29, 176, 101]]
present:  [41, 58, 61, 65, 73, 92, 105, 108, 149, 168, 170, 173, 177, 182, 186]
episode total reward is:  21.037
secondary loss is:  35.42708969116211
---------------------------------------------------------------
train episode:  24
eps in this episode is:  0.18
eps_wstart in this episode is:  0.17499999999999988
action in this episode is:  [[173, 170, 75, 105, 186], [145, 169, 156, 104, 65], [117, 0, 168, 93, 149], [177, 73, 182, 58, 61]]
present:  [0, 65, 75, 93, 104, 105, 117, 145, 149, 156, 168, 169, 170, 173, 186]
episode total reward is:  22.983
secondary loss is:  26.457612991333008
---------------------------------------------------------------
train episode:  25
eps in this episode is:  0.175
eps_wstart in this episode is:  0.16999999999999987
action in this episode is:  [[173, 170, 65, 186, 105], [168, 149, 177, 40, 73], [4, 58, 182, 147, 29], [41, 61, 87, 123, 108]]
present:  [4, 29, 40, 58, 65, 73, 105, 147, 149, 168, 170, 173, 177, 182, 186]
episode total reward is:  21.081
secondary loss is:  12.889070510864258
---------------------------------------------------------------
train episode:  26
eps in this episode is:  0.16999999999999998
eps_wstart in this episode is:  0.16499999999999987
action in this episode is:  [[115, 173, 170, 65, 186], [105, 168, 149, 177, 73], [29, 58, 126, 182, 169], [41, 87, 61, 108, 75]]
present:  [29, 58, 65, 73, 105, 115, 126, 149, 168, 169, 170, 173, 177, 182, 186]
episode total reward is:  21.603
secondary loss is:  7.614721775054932
---------------------------------------------------------------
train episode:  27
eps in this episode is:  0.16499999999999998
eps_wstart in this episode is:  0.15999999999999986
action in this episode is:  [[173, 170, 186, 65, 105], [168, 149, 26, 177, 73], [29, 188, 169, 58, 87], [88, 75, 41, 182, 192]]
present:  [26, 29, 58, 65, 73, 87, 105, 149, 168, 169, 170, 173, 177, 186, 188]
episode total reward is:  22.038
secondary loss is:  9.335139274597168
---------------------------------------------------------------
train episode:  28
eps in this episode is:  0.15999999999999998
eps_wstart in this episode is:  0.15499999999999986
action in this episode is:  [[173, 170, 65, 186, 105], [149, 168, 145, 177, 29], [112, 169, 73, 75, 10], [31, 87, 58, 41, 32]]
present:  [10, 29, 65, 73, 75, 105, 112, 145, 149, 168, 169, 170, 173, 177, 186]
episode total reward is:  22.761
secondary loss is:  18.812973022460938
---------------------------------------------------------------
train episode:  29
eps in this episode is:  0.155
eps_wstart in this episode is:  0.14999999999999986
action in this episode is:  [[173, 7, 170, 65, 8], [186, 105, 149, 74, 168], [75, 169, 29, 31, 177], [73, 10, 87, 41, 58]]
present:  [7, 8, 29, 31, 65, 74, 75, 105, 149, 168, 169, 170, 173, 177, 186]
episode total reward is:  22.501
secondary loss is:  4.414686679840088
---------------------------------------------------------------
train episode:  30
eps in this episode is:  0.15
eps_wstart in this episode is:  0.14499999999999985
choosing max degree
action in this episode is:  [[173, 22, 170, 65, 186], [62, 83, 59, 93, 50], [139, 75, 149, 169, 105], [168, 86, 31, 29, 125]]
present:  [22, 50, 59, 62, 65, 75, 83, 93, 105, 139, 149, 169, 170, 173, 186]
episode total reward is:  27.358
secondary loss is:  4.377419948577881
---------------------------------------------------------------
train episode:  31
eps in this episode is:  0.145
eps_wstart in this episode is:  0.13999999999999985
action in this episode is:  [[173, 170, 65, 186, 75], [169, 59, 149, 31, 133], [168, 10, 123, 29, 105], [95, 87, 22, 73, 177]]
present:  [10, 29, 31, 59, 65, 75, 105, 123, 133, 149, 168, 169, 170, 173, 186]
episode total reward is:  23.213
secondary loss is:  1.3700551986694336
---------------------------------------------------------------
train episode:  32
eps in this episode is:  0.13999999999999999
eps_wstart in this episode is:  0.13499999999999984
choosing max degree
action in this episode is:  [[173, 170, 59, 75, 22], [65, 186, 169, 31, 51], [62, 83, 93, 50, 24], [95, 149, 10, 168, 29]]
present:  [22, 24, 31, 50, 51, 59, 62, 65, 75, 83, 93, 169, 170, 173, 186]
episode total reward is:  29.742
secondary loss is:  3.4208874702453613
---------------------------------------------------------------
train episode:  33
eps in this episode is:  0.13499999999999998
eps_wstart in this episode is:  0.12999999999999984
action in this episode is:  [[173, 59, 170, 75, 65], [186, 169, 31, 10, 101], [95, 149, 29, 168, 22], [87, 105, 108, 158, 73]]
present:  [10, 22, 29, 31, 59, 65, 75, 95, 101, 149, 168, 169, 170, 173, 186]
episode total reward is:  22.555
secondary loss is:  0.7651312351226807
---------------------------------------------------------------
train episode:  34
eps in this episode is:  0.12999999999999998
eps_wstart in this episode is:  0.12499999999999983
action in this episode is:  [[59, 173, 53, 170, 75], [65, 186, 169, 31, 95], [10, 199, 22, 29, 149], [168, 87, 17, 105, 158]]
present:  [10, 22, 29, 31, 53, 59, 65, 75, 95, 149, 169, 170, 173, 186, 199]
episode total reward is:  23.205
secondary loss is:  2.4188737869262695
---------------------------------------------------------------
train episode:  35
eps in this episode is:  0.12499999999999997
eps_wstart in this episode is:  0.11999999999999983
action in this episode is:  [[59, 174, 173, 75, 170], [95, 65, 169, 186, 31], [10, 22, 149, 29, 87], [168, 165, 158, 91, 105]]
present:  [10, 22, 29, 31, 59, 65, 75, 87, 95, 149, 169, 170, 173, 174, 186]
episode total reward is:  23.587
secondary loss is:  0.7079852223396301
---------------------------------------------------------------
train episode:  36
eps in this episode is:  0.12
eps_wstart in this episode is:  0.11499999999999982
choosing max degree
action in this episode is:  [[62, 83, 59, 93, 50], [173, 31, 75, 170, 65], [95, 169, 186, 163, 36], [10, 22, 182, 154, 29]]
present:  [31, 36, 50, 59, 62, 65, 75, 83, 93, 95, 163, 169, 170, 173, 186]
episode total reward is:  28.878
secondary loss is:  4.2425127029418945
---------------------------------------------------------------
train episode:  37
eps in this episode is:  0.11499999999999999
eps_wstart in this episode is:  0.10999999999999982
choosing max degree
action in this episode is:  [[59, 173, 75, 170, 95], [169, 123, 80, 31, 65], [10, 186, 199, 22, 29], [62, 83, 93, 50, 24]]
present:  [10, 22, 29, 31, 59, 65, 75, 80, 95, 123, 169, 170, 173, 186, 199]
episode total reward is:  30.323
secondary loss is:  2.1961190700531006
---------------------------------------------------------------
train episode:  38
eps in this episode is:  0.10999999999999999
eps_wstart in this episode is:  0.10499999999999982
action in this episode is:  [[59, 173, 75, 0, 170], [120, 95, 169, 31, 22], [65, 186, 10, 149, 29], [87, 91, 165, 168, 158]]
present:  [0, 10, 22, 29, 31, 59, 65, 75, 95, 120, 149, 169, 170, 173, 186]
episode total reward is:  23.464
secondary loss is:  2.7239110469818115
---------------------------------------------------------------
train episode:  39
eps in this episode is:  0.10499999999999998
eps_wstart in this episode is:  0.09999999999999981
choosing max degree
action in this episode is:  [[59, 91, 173, 75, 170], [62, 83, 93, 50, 24], [95, 22, 31, 169, 65], [186, 10, 29, 149, 165]]
present:  [22, 24, 31, 50, 59, 62, 65, 75, 83, 91, 93, 95, 169, 170, 173]
episode total reward is:  30.357
secondary loss is:  7.626996040344238
---------------------------------------------------------------
train episode:  40
eps in this episode is:  0.1
eps_wstart in this episode is:  0.0949999999999998
choosing ada_greedy
action in this episode is:  [[59, 173, 75, 170, 11], [95, 36, 22, 31, 169], [10, 65, 186, 29, 91], [160, 2, 49, 82, 30]]
present:  [10, 11, 22, 29, 31, 36, 59, 65, 75, 91, 95, 169, 170, 173, 186]
episode total reward is:  29.037
secondary loss is:  9.178398132324219
---------------------------------------------------------------
train episode:  41
eps in this episode is:  0.1
eps_wstart in this episode is:  0.0899999999999998
action in this episode is:  [[59, 173, 75, 95, 170], [31, 169, 22, 10, 65], [186, 29, 91, 83, 149], [165, 87, 158, 168, 3]]
present:  [10, 22, 29, 31, 59, 65, 75, 83, 91, 95, 149, 169, 170, 173, 186]
episode total reward is:  24.893
secondary loss is:  4.831714153289795
---------------------------------------------------------------
train episode:  42
eps in this episode is:  0.1
eps_wstart in this episode is:  0.0849999999999998
action in this episode is:  [[59, 173, 75, 95, 170], [31, 169, 22, 33, 10], [65, 186, 29, 91, 83], [149, 87, 165, 158, 3]]
present:  [10, 22, 29, 31, 33, 59, 65, 75, 83, 91, 95, 169, 170, 173, 186]
episode total reward is:  24.851
secondary loss is:  7.5164055824279785
---------------------------------------------------------------
train episode:  43
eps in this episode is:  0.1
eps_wstart in this episode is:  0.0799999999999998
action in this episode is:  [[59, 173, 75, 170, 95], [31, 169, 22, 10, 65], [186, 83, 91, 29, 149], [165, 87, 158, 168, 132]]
present:  [10, 22, 29, 31, 59, 65, 75, 83, 91, 95, 149, 169, 170, 173, 186]
episode total reward is:  24.327
secondary loss is:  8.686555862426758
---------------------------------------------------------------
train episode:  44
eps in this episode is:  0.1
eps_wstart in this episode is:  0.07499999999999979
choosing max degree
action in this episode is:  [[59, 173, 75, 95, 170], [62, 83, 93, 50, 24], [31, 169, 22, 65, 10], [186, 91, 29, 87, 149]]
present:  [10, 22, 24, 31, 50, 59, 62, 65, 75, 83, 93, 95, 169, 170, 173]
episode total reward is:  30.489
secondary loss is:  2.4282257556915283
---------------------------------------------------------------
train episode:  45
eps in this episode is:  0.1
eps_wstart in this episode is:  0.06999999999999978
action in this episode is:  [[59, 173, 75, 170, 95], [31, 169, 22, 10, 65], [186, 91, 83, 29, 72], [149, 34, 165, 87, 158]]
present:  [10, 22, 29, 31, 59, 65, 72, 75, 83, 91, 95, 169, 170, 173, 186]
episode total reward is:  24.885
secondary loss is:  2.178997039794922
---------------------------------------------------------------
train episode:  46
eps in this episode is:  0.1
eps_wstart in this episode is:  0.06499999999999978
choosing random
choosing max degree
action in this episode is:  [[85, 164, 107, 57, 145], [62, 83, 59, 93, 50], [173, 75, 95, 170, 31], [169, 10, 22, 116, 65]]
present:  [31, 50, 57, 59, 62, 75, 83, 85, 93, 95, 107, 145, 164, 170, 173]
episode total reward is:  30.185
secondary loss is:  7.490102767944336
---------------------------------------------------------------
train episode:  47
eps in this episode is:  0.1
eps_wstart in this episode is:  0.05999999999999978
action in this episode is:  [[59, 173, 75, 170, 95], [31, 169, 10, 22, 186], [65, 91, 82, 29, 149], [83, 87, 165, 158, 168]]
present:  [10, 22, 29, 31, 59, 65, 75, 82, 91, 95, 149, 169, 170, 173, 186]
episode total reward is:  26.198
secondary loss is:  2.482480764389038
---------------------------------------------------------------
train episode:  48
eps in this episode is:  0.1
eps_wstart in this episode is:  0.054999999999999785
choosing random
action in this episode is:  [[59, 173, 75, 170, 95], [31, 169, 22, 65, 10], [185, 1, 135, 46, 12], [186, 29, 91, 177, 149]]
present:  [1, 10, 12, 22, 31, 46, 59, 65, 75, 95, 135, 169, 170, 173, 185]
episode total reward is:  25.138
secondary loss is:  7.536128044128418
---------------------------------------------------------------
train episode:  49
eps in this episode is:  0.1
eps_wstart in this episode is:  0.04999999999999979
action in this episode is:  [[59, 173, 6, 75, 170], [95, 169, 22, 31, 65], [186, 120, 71, 10, 149], [29, 87, 91, 51, 165]]
present:  [6, 10, 22, 31, 59, 65, 71, 75, 95, 120, 149, 169, 170, 173, 186]
episode total reward is:  23.386
secondary loss is:  4.922301292419434
---------------------------------------------------------------
train episode:  50
eps in this episode is:  0.1
eps_wstart in this episode is:  0.04499999999999979
action in this episode is:  [[59, 173, 75, 170, 95], [31, 169, 65, 186, 10], [22, 29, 62, 149, 87], [91, 165, 168, 158, 3]]
present:  [10, 22, 29, 31, 59, 62, 65, 75, 87, 95, 149, 169, 170, 173, 186]
episode total reward is:  25.38
secondary loss is:  0.3334660232067108
---------------------------------------------------------------
train episode:  51
eps in this episode is:  0.1
eps_wstart in this episode is:  0.03999999999999979
action in this episode is:  [[187, 59, 173, 75, 170], [95, 65, 161, 1, 169], [31, 186, 10, 22, 29], [49, 149, 87, 91, 168]]
present:  [1, 10, 22, 29, 31, 59, 65, 75, 95, 161, 169, 170, 173, 186, 187]
episode total reward is:  25.098
secondary loss is:  2.697779655456543
---------------------------------------------------------------
train episode:  52
eps in this episode is:  0.1
eps_wstart in this episode is:  0.034999999999999795
action in this episode is:  [[59, 173, 75, 170, 31], [95, 65, 169, 186, 10], [22, 29, 149, 87, 91], [165, 168, 158, 3, 105]]
present:  [10, 22, 29, 31, 59, 65, 75, 87, 91, 95, 149, 169, 170, 173, 186]
episode total reward is:  23.632
secondary loss is:  6.383039951324463
---------------------------------------------------------------
train episode:  53
eps in this episode is:  0.1
eps_wstart in this episode is:  0.029999999999999794
action in this episode is:  [[59, 173, 75, 170, 31], [95, 65, 169, 186, 167], [10, 120, 22, 29, 149], [77, 87, 168, 91, 165]]
present:  [10, 22, 29, 31, 59, 65, 75, 95, 120, 149, 167, 169, 170, 173, 186]
episode total reward is:  23.544
secondary loss is:  4.739508628845215
---------------------------------------------------------------
train episode:  54
eps in this episode is:  0.1
eps_wstart in this episode is:  0.024999999999999793
action in this episode is:  [[59, 173, 170, 19, 75], [65, 95, 96, 169, 186], [31, 10, 22, 29, 149], [87, 168, 165, 105, 91]]
present:  [10, 19, 22, 29, 31, 59, 65, 75, 95, 96, 149, 169, 170, 173, 186]
episode total reward is:  23.054
secondary loss is:  4.359745979309082
---------------------------------------------------------------
train episode:  55
eps in this episode is:  0.1
eps_wstart in this episode is:  0.019999999999999792
action in this episode is:  [[59, 173, 170, 75, 65], [169, 186, 95, 31, 10], [22, 166, 29, 5, 149], [87, 168, 105, 158, 176]]
present:  [5, 10, 22, 29, 31, 59, 65, 75, 95, 149, 166, 169, 170, 173, 186]
episode total reward is:  22.878
secondary loss is:  4.017427921295166
---------------------------------------------------------------
train episode:  56
eps in this episode is:  0.1
eps_wstart in this episode is:  0.014999999999999791
action in this episode is:  [[59, 173, 170, 75, 65], [186, 169, 31, 10, 74], [95, 149, 22, 29, 112], [168, 1, 87, 105, 158]]
present:  [10, 22, 29, 31, 59, 65, 74, 75, 95, 112, 149, 169, 170, 173, 186]
episode total reward is:  24.034
secondary loss is:  2.896300792694092
---------------------------------------------------------------
train episode:  57
eps in this episode is:  0.1
eps_wstart in this episode is:  0.00999999999999979
action in this episode is:  [[173, 59, 170, 75, 65], [186, 169, 168, 31, 82], [95, 10, 149, 22, 136], [29, 87, 105, 158, 165]]
present:  [10, 22, 31, 59, 65, 75, 82, 95, 136, 149, 168, 169, 170, 173, 186]
episode total reward is:  24.733
secondary loss is:  4.542782306671143
---------------------------------------------------------------
train episode:  58
eps in this episode is:  0.1
eps_wstart in this episode is:  0.00499999999999979
action in this episode is:  [[173, 59, 170, 75, 65], [186, 169, 31, 10, 95], [149, 168, 22, 85, 29], [87, 105, 165, 73, 158]]
present:  [10, 22, 29, 31, 59, 65, 75, 85, 95, 149, 168, 169, 170, 173, 186]
episode total reward is:  23.302
secondary loss is:  3.1209769248962402
---------------------------------------------------------------
train episode:  59
eps in this episode is:  0.1
eps_wstart in this episode is:  0
action in this episode is:  [[173, 170, 59, 65, 75], [199, 186, 169, 31, 10], [95, 149, 168, 29, 22], [87, 105, 158, 73, 177]]
present:  [10, 22, 29, 31, 59, 65, 75, 95, 149, 168, 169, 170, 173, 186, 199]
episode total reward is:  23.324
secondary loss is:  2.0482470989227295
---------------------------------------------------------------
train episode:  60
eps in this episode is:  0.1
eps_wstart in this episode is:  0
action in this episode is:  [[173, 61, 39, 170, 59], [75, 85, 65, 186, 169], [31, 10, 95, 149, 168], [29, 22, 87, 105, 73]]
present:  [10, 31, 39, 59, 61, 65, 75, 85, 95, 149, 168, 169, 170, 173, 186]
episode total reward is:  23.052
secondary loss is:  0.7059264779090881
---------------------------------------------------------------
train episode:  61
eps in this episode is:  0.1
eps_wstart in this episode is:  0
action in this episode is:  [[173, 170, 65, 75, 186], [59, 28, 169, 62, 149], [31, 10, 95, 168, 29], [105, 89, 22, 87, 177]]
present:  [10, 28, 29, 31, 59, 62, 65, 75, 95, 149, 168, 169, 170, 173, 186]
episode total reward is:  24.634
secondary loss is:  0.9099806547164917
---------------------------------------------------------------
train episode:  62
eps in this episode is:  0.1
eps_wstart in this episode is:  0
action in this episode is:  [[173, 170, 65, 186, 75], [59, 169, 149, 168, 31], [10, 105, 95, 29, 87], [22, 73, 177, 158, 41]]
present:  [10, 29, 31, 59, 65, 75, 87, 95, 105, 149, 168, 169, 170, 173, 186]
episode total reward is:  23.147
secondary loss is:  1.8644545078277588
---------------------------------------------------------------
train episode:  63
eps in this episode is:  0.1
eps_wstart in this episode is:  0
action in this episode is:  [[173, 170, 65, 186, 75], [169, 59, 149, 168, 31], [10, 105, 29, 95, 156], [87, 16, 177, 14, 22]]
present:  [10, 29, 31, 59, 65, 75, 95, 105, 149, 156, 168, 169, 170, 173, 186]
episode total reward is:  23.315
secondary loss is:  0.6582959890365601
---------------------------------------------------------------
train episode:  64
eps in this episode is:  0.1
eps_wstart in this episode is:  0
action in this episode is:  [[173, 170, 24, 65, 186], [75, 149, 169, 168, 146], [31, 59, 29, 105, 87], [77, 51, 155, 10, 95]]
present:  [24, 29, 31, 59, 65, 75, 87, 105, 146, 149, 168, 169, 170, 173, 186]
episode total reward is:  22.985
secondary loss is:  1.3587701320648193
---------------------------------------------------------------
train episode:  65
eps in this episode is:  0.1
eps_wstart in this episode is:  0
action in this episode is:  [[173, 170, 65, 186, 75], [169, 149, 168, 31, 112], [105, 10, 29, 87, 95], [59, 177, 73, 22, 158]]
present:  [10, 29, 31, 65, 75, 87, 95, 105, 112, 149, 168, 169, 170, 173, 186]
episode total reward is:  22.998
secondary loss is:  0.6246684193611145
---------------------------------------------------------------
train episode:  66
eps in this episode is:  0.1
eps_wstart in this episode is:  0
action in this episode is:  [[173, 170, 65, 186, 75], [169, 149, 168, 31, 105], [29, 10, 87, 95, 177], [59, 73, 22, 148, 41]]
present:  [10, 29, 31, 65, 75, 87, 95, 105, 149, 168, 169, 170, 173, 177, 186]
episode total reward is:  23.323
secondary loss is:  0.6070907115936279
---------------------------------------------------------------
train episode:  67
eps in this episode is:  0.1
eps_wstart in this episode is:  0
action in this episode is:  [[173, 35, 170, 65, 186], [75, 42, 43, 149, 105], [194, 168, 169, 29, 31], [10, 87, 177, 95, 73]]
present:  [29, 31, 35, 42, 43, 65, 75, 105, 149, 168, 169, 170, 173, 186, 194]
episode total reward is:  22.877
secondary loss is:  2.1409239768981934
---------------------------------------------------------------
train episode:  68
eps in this episode is:  0.1
eps_wstart in this episode is:  0
action in this episode is:  [[173, 130, 170, 65, 186], [75, 149, 168, 169, 105], [29, 31, 10, 87, 76], [177, 73, 95, 22, 41]]
present:  [10, 29, 31, 65, 75, 76, 87, 105, 130, 149, 168, 169, 170, 173, 186]
episode total reward is:  22.613
secondary loss is:  2.2807180881500244
---------------------------------------------------------------
train episode:  69
eps in this episode is:  0.1
eps_wstart in this episode is:  0
action in this episode is:  [[173, 170, 65, 186, 75], [149, 168, 89, 105, 169], [29, 31, 137, 10, 87], [177, 150, 73, 95, 41]]
present:  [10, 29, 31, 65, 75, 87, 89, 105, 137, 149, 168, 169, 170, 173, 186]
episode total reward is:  22.167
secondary loss is:  2.5993943214416504
---------------------------------------------------------------
train episode:  70
eps in this episode is:  0.1
eps_wstart in this episode is:  0
action in this episode is:  [[173, 170, 65, 122, 186], [75, 172, 85, 149, 168], [169, 105, 29, 31, 10], [87, 177, 73, 95, 184]]
present:  [10, 29, 31, 65, 75, 85, 105, 122, 149, 168, 169, 170, 172, 173, 186]
episode total reward is:  22.126
secondary loss is:  1.8284589052200317
---------------------------------------------------------------
train episode:  71
eps in this episode is:  0.1
eps_wstart in this episode is:  0
action in this episode is:  [[173, 170, 65, 186, 75], [149, 168, 105, 169, 29], [31, 10, 87, 128, 177], [194, 73, 95, 41, 58]]
present:  [10, 29, 31, 65, 75, 87, 105, 128, 149, 168, 169, 170, 173, 177, 186]
episode total reward is:  22.488
secondary loss is:  0.39047881960868835
---------------------------------------------------------------
train episode:  72
eps in this episode is:  0.1
eps_wstart in this episode is:  0
action in this episode is:  [[173, 170, 65, 186, 149], [75, 168, 105, 169, 29], [31, 10, 87, 177, 108], [73, 95, 41, 58, 158]]
present:  [10, 29, 31, 65, 75, 87, 105, 108, 149, 168, 169, 170, 173, 177, 186]
episode total reward is:  22.209
secondary loss is:  1.1774766445159912
---------------------------------------------------------------
train episode:  73
eps in this episode is:  0.1
eps_wstart in this episode is:  0
action in this episode is:  [[173, 170, 65, 186, 149], [168, 75, 105, 169, 29], [31, 177, 10, 73, 77], [85, 87, 95, 41, 58]]
present:  [10, 29, 31, 65, 73, 75, 77, 105, 149, 168, 169, 170, 173, 177, 186]
episode total reward is:  22.356
secondary loss is:  0.14216583967208862
---------------------------------------------------------------
train episode:  74
eps in this episode is:  0.1
eps_wstart in this episode is:  0
action in this episode is:  [[173, 170, 65, 186, 75], [149, 105, 168, 169, 29], [31, 177, 10, 87, 73], [95, 41, 58, 22, 158]]
present:  [10, 29, 31, 65, 73, 75, 87, 105, 149, 168, 169, 170, 173, 177, 186]
episode total reward is:  22.588
secondary loss is:  0.037722669541835785
---------------------------------------------------------------
train episode:  75
eps in this episode is:  0.1
eps_wstart in this episode is:  0
action in this episode is:  [[173, 170, 65, 186, 149], [75, 168, 105, 169, 29], [31, 10, 73, 177, 87], [95, 101, 41, 58, 158]]
present:  [10, 29, 31, 65, 73, 75, 87, 105, 149, 168, 169, 170, 173, 177, 186]
episode total reward is:  22.298
secondary loss is:  0.01846376806497574
---------------------------------------------------------------
train episode:  76
eps in this episode is:  0.1
eps_wstart in this episode is:  0
action in this episode is:  [[173, 170, 65, 186, 75], [105, 149, 168, 72, 169], [29, 31, 87, 177, 10], [73, 95, 41, 58, 158]]
present:  [10, 29, 31, 65, 72, 75, 87, 105, 149, 168, 169, 170, 173, 177, 186]
episode total reward is:  22.348
secondary loss is:  0.14672033488750458
---------------------------------------------------------------
train episode:  77
eps in this episode is:  0.1
eps_wstart in this episode is:  0
action in this episode is:  [[173, 170, 65, 186, 149], [168, 75, 105, 169, 29], [31, 10, 73, 177, 87], [95, 41, 58, 158, 22]]
present:  [10, 29, 31, 65, 73, 75, 87, 105, 149, 168, 169, 170, 173, 177, 186]
episode total reward is:  22.598
secondary loss is:  0.12598291039466858
---------------------------------------------------------------
train episode:  78
eps in this episode is:  0.1
eps_wstart in this episode is:  0
action in this episode is:  [[173, 170, 65, 186, 75], [149, 178, 105, 168, 169], [29, 31, 10, 87, 177], [73, 95, 41, 58, 158]]
present:  [10, 29, 31, 65, 75, 87, 105, 149, 168, 169, 170, 173, 177, 178, 186]
episode total reward is:  22.533
secondary loss is:  0.08773194253444672
---------------------------------------------------------------
train episode:  79
eps in this episode is:  0.1
eps_wstart in this episode is:  0
action in this episode is:  [[173, 170, 65, 186, 149], [168, 75, 105, 169, 29], [31, 106, 10, 87, 177], [73, 95, 41, 58, 158]]
present:  [10, 29, 31, 65, 75, 87, 105, 106, 149, 168, 169, 170, 173, 177, 186]
episode total reward is:  22.236
secondary loss is:  2.5741565227508545
---------------------------------------------------------------
train episode:  80
eps in this episode is:  0.1
eps_wstart in this episode is:  0
action in this episode is:  [[173, 170, 65, 186, 149], [75, 168, 105, 169, 29], [10, 31, 87, 177, 73], [95, 41, 58, 158, 22]]
present:  [10, 29, 31, 65, 73, 75, 87, 105, 149, 168, 169, 170, 173, 177, 186]
episode total reward is:  22.497
secondary loss is:  0.0576493963599205
---------------------------------------------------------------
train episode:  81
eps in this episode is:  0.1
eps_wstart in this episode is:  0
action in this episode is:  [[111, 173, 170, 65, 186], [149, 168, 75, 105, 169], [29, 31, 10, 87, 177], [73, 95, 47, 41, 58]]
present:  [10, 29, 31, 65, 75, 87, 105, 111, 149, 168, 169, 170, 173, 177, 186]
episode total reward is:  22.41
secondary loss is:  0.6180431842803955
---------------------------------------------------------------
train episode:  82
eps in this episode is:  0.1
eps_wstart in this episode is:  0
action in this episode is:  [[173, 170, 65, 186, 75], [149, 168, 105, 169, 29], [31, 177, 10, 73, 87], [95, 41, 58, 158, 22]]
present:  [10, 29, 31, 65, 73, 75, 87, 105, 149, 168, 169, 170, 173, 177, 186]
episode total reward is:  22.589
secondary loss is:  2.48248028755188
---------------------------------------------------------------
train episode:  83
eps in this episode is:  0.1
eps_wstart in this episode is:  0
action in this episode is:  [[173, 170, 65, 186, 149], [75, 105, 168, 169, 29], [31, 10, 177, 73, 87], [95, 41, 58, 158, 22]]
present:  [10, 29, 31, 65, 73, 75, 87, 105, 149, 168, 169, 170, 173, 177, 186]
episode total reward is:  22.478
secondary loss is:  1.5031116008758545
---------------------------------------------------------------
train episode:  84
eps in this episode is:  0.1
eps_wstart in this episode is:  0
action in this episode is:  [[173, 170, 65, 186, 75], [16, 105, 149, 168, 12], [169, 29, 31, 10, 177], [73, 56, 87, 95, 41]]
present:  [10, 12, 16, 29, 31, 65, 75, 105, 149, 168, 169, 170, 173, 177, 186]
episode total reward is:  23.696
secondary loss is:  1.54362952709198
---------------------------------------------------------------
train episode:  85
eps in this episode is:  0.1
eps_wstart in this episode is:  0
action in this episode is:  [[173, 170, 65, 186, 75], [149, 168, 105, 169, 29], [31, 189, 177, 10, 87], [73, 95, 41, 58, 158]]
present:  [10, 29, 31, 65, 75, 87, 105, 149, 168, 169, 170, 173, 177, 186, 189]
episode total reward is:  22.377
secondary loss is:  1.4849035739898682
---------------------------------------------------------------
train episode:  86
eps in this episode is:  0.1
eps_wstart in this episode is:  0
action in this episode is:  [[173, 170, 65, 186, 75], [149, 168, 105, 169, 29], [31, 10, 161, 177, 73], [87, 95, 158, 41, 58]]
present:  [10, 29, 31, 65, 73, 75, 105, 149, 161, 168, 169, 170, 173, 177, 186]
episode total reward is:  22.296
secondary loss is:  0.7323275804519653
---------------------------------------------------------------
train episode:  87
eps in this episode is:  0.1
eps_wstart in this episode is:  0
action in this episode is:  [[173, 170, 186, 65, 62], [75, 149, 168, 105, 169], [29, 31, 10, 179, 87], [177, 73, 95, 41, 158]]
present:  [10, 29, 31, 62, 65, 75, 87, 105, 149, 168, 169, 170, 173, 179, 186]
episode total reward is:  23.592
secondary loss is:  0.033041372895240784
---------------------------------------------------------------
train episode:  88
eps in this episode is:  0.1
eps_wstart in this episode is:  0
action in this episode is:  [[173, 170, 186, 6, 65], [75, 149, 168, 169, 105], [104, 29, 31, 10, 87], [177, 73, 95, 41, 22]]
present:  [6, 10, 29, 31, 65, 75, 87, 104, 105, 149, 168, 169, 170, 173, 186]
episode total reward is:  22.627
secondary loss is:  0.03744134306907654
---------------------------------------------------------------
train episode:  89
eps in this episode is:  0.1
eps_wstart in this episode is:  0
action in this episode is:  [[173, 170, 80, 65, 186], [75, 149, 168, 169, 105], [29, 10, 31, 87, 177], [73, 95, 41, 158, 22]]
present:  [10, 29, 31, 65, 75, 80, 87, 105, 149, 168, 169, 170, 173, 177, 186]
episode total reward is:  22.551
secondary loss is:  0.5730283260345459
---------------------------------------------------------------
train episode:  90
eps in this episode is:  0.1
eps_wstart in this episode is:  0
action in this episode is:  [[173, 170, 65, 186, 39], [75, 149, 168, 169, 105], [29, 31, 10, 87, 177], [73, 95, 22, 41, 59]]
present:  [10, 29, 31, 39, 65, 75, 87, 105, 149, 168, 169, 170, 173, 177, 186]
episode total reward is:  23.305
secondary loss is:  0.2785602807998657
---------------------------------------------------------------
train episode:  91
eps in this episode is:  0.1
eps_wstart in this episode is:  0
action in this episode is:  [[173, 170, 65, 186, 75], [149, 168, 169, 105, 29], [31, 17, 10, 87, 177], [95, 73, 59, 158, 41]]
present:  [10, 17, 29, 31, 65, 75, 87, 105, 149, 168, 169, 170, 173, 177, 186]
episode total reward is:  22.878
secondary loss is:  0.7355583906173706
---------------------------------------------------------------
train episode:  92
eps in this episode is:  0.1
eps_wstart in this episode is:  0
action in this episode is:  [[173, 170, 65, 186, 142], [75, 149, 168, 169, 105], [29, 31, 89, 10, 87], [177, 95, 73, 59, 110]]
present:  [10, 29, 31, 65, 75, 87, 89, 105, 142, 149, 168, 169, 170, 173, 186]
episode total reward is:  23.051
secondary loss is:  2.0663509368896484
---------------------------------------------------------------
train episode:  93
eps in this episode is:  0.1
eps_wstart in this episode is:  0
action in this episode is:  [[89, 146, 173, 170, 65], [186, 75, 149, 168, 169], [171, 105, 31, 29, 10], [87, 95, 177, 73, 59]]
present:  [10, 29, 31, 65, 75, 89, 105, 146, 149, 168, 169, 170, 171, 173, 186]
episode total reward is:  23.19
secondary loss is:  2.2113983631134033
---------------------------------------------------------------
train episode:  94
eps in this episode is:  0.1
eps_wstart in this episode is:  0
action in this episode is:  [[173, 170, 65, 91, 186], [75, 42, 149, 66, 168], [169, 105, 29, 36, 31], [167, 10, 87, 95, 177]]
present:  [29, 31, 36, 42, 65, 66, 75, 91, 105, 149, 168, 169, 170, 173, 186]
episode total reward is:  23.663
secondary loss is:  0.5749445557594299
---------------------------------------------------------------
train episode:  95
eps in this episode is:  0.1
eps_wstart in this episode is:  0
action in this episode is:  [[173, 170, 65, 186, 75], [169, 149, 168, 105, 31], [29, 10, 63, 87, 95], [59, 177, 73, 17, 158]]
present:  [10, 29, 31, 63, 65, 75, 87, 95, 105, 149, 168, 169, 170, 173, 186]
episode total reward is:  23.166
secondary loss is:  0.5026829242706299
---------------------------------------------------------------
train episode:  96
eps in this episode is:  0.1
eps_wstart in this episode is:  0
action in this episode is:  [[173, 170, 65, 186, 75], [149, 169, 168, 31, 29], [105, 178, 10, 87, 167], [59, 95, 177, 21, 73]]
present:  [10, 29, 31, 65, 75, 87, 105, 149, 167, 168, 169, 170, 173, 178, 186]
episode total reward is:  23.368
secondary loss is:  0.20659218728542328
---------------------------------------------------------------
train episode:  97
eps in this episode is:  0.1
eps_wstart in this episode is:  0
action in this episode is:  [[173, 170, 65, 186, 75], [169, 149, 168, 105, 29], [31, 10, 59, 87, 95], [86, 177, 73, 22, 158]]
present:  [10, 29, 31, 59, 65, 75, 87, 95, 105, 149, 168, 169, 170, 173, 186]
episode total reward is:  23.063
secondary loss is:  0.12052687257528305
---------------------------------------------------------------
train episode:  98
eps in this episode is:  0.1
eps_wstart in this episode is:  0
action in this episode is:  [[173, 170, 65, 148, 186], [75, 149, 169, 24, 168], [31, 105, 29, 10, 59], [87, 95, 22, 177, 73]]
present:  [10, 24, 29, 31, 59, 65, 75, 105, 148, 149, 168, 169, 170, 173, 186]
episode total reward is:  23.884
secondary loss is:  4.759438991546631
---------------------------------------------------------------
train episode:  99
eps in this episode is:  0.1
eps_wstart in this episode is:  0
action in this episode is:  [[173, 170, 65, 186, 179], [75, 169, 149, 168, 31], [105, 10, 29, 59, 95], [87, 177, 22, 73, 41]]
present:  [10, 29, 31, 59, 65, 75, 95, 105, 149, 168, 169, 170, 173, 179, 186]
episode total reward is:  23.086
secondary loss is:  0.06749659776687622

---------------------------------------------------------------

runtime for training process is:  3535.439101934433




testing
---------------------------------------------------------------
test episode:  0
action in this episode is:  [[173, 170, 65, 186, 75], [169, 149, 168, 59, 29], [31, 105, 10, 95, 87], [177, 73, 22, 158, 41]]
episode total reward is:  23.205
---------------------------------------------------------------
test episode:  1
action in this episode is:  [[173, 170, 65, 186, 75], [169, 149, 168, 59, 29], [31, 105, 10, 95, 87], [177, 73, 22, 158, 41]]
episode total reward is:  23.126
---------------------------------------------------------------
test episode:  2
action in this episode is:  [[173, 170, 65, 186, 75], [169, 149, 168, 59, 29], [31, 105, 10, 95, 87], [177, 73, 22, 158, 41]]
episode total reward is:  22.953
---------------------------------------------------------------
test episode:  3
action in this episode is:  [[173, 170, 65, 186, 75], [169, 149, 168, 59, 29], [31, 10, 105, 95, 87], [177, 73, 22, 158, 41]]
episode total reward is:  23.017
---------------------------------------------------------------
test episode:  4
action in this episode is:  [[173, 170, 65, 186, 75], [169, 149, 168, 29, 31], [59, 105, 10, 95, 87], [177, 73, 22, 158, 41]]
episode total reward is:  23.118
---------------------------------------------------------------
test episode:  5
action in this episode is:  [[173, 170, 65, 186, 75], [169, 149, 168, 29, 59], [31, 105, 10, 95, 87], [177, 73, 22, 158, 41]]
episode total reward is:  23.065
---------------------------------------------------------------
test episode:  6
action in this episode is:  [[173, 170, 65, 186, 75], [169, 149, 168, 29, 31], [59, 105, 95, 10, 87], [177, 73, 22, 158, 41]]
episode total reward is:  23.189
---------------------------------------------------------------
test episode:  7
action in this episode is:  [[173, 170, 65, 186, 75], [169, 149, 168, 29, 31], [59, 105, 10, 95, 87], [177, 73, 22, 158, 41]]
episode total reward is:  23.109
---------------------------------------------------------------
test episode:  8
action in this episode is:  [[173, 170, 65, 186, 75], [169, 149, 168, 59, 29], [31, 105, 10, 95, 87], [177, 73, 22, 158, 41]]
episode total reward is:  22.983
---------------------------------------------------------------
test episode:  9
action in this episode is:  [[173, 170, 65, 186, 75], [169, 149, 168, 29, 31], [59, 105, 10, 95, 87], [177, 73, 22, 158, 41]]
episode total reward is:  23.136
---------------------------------------------------------------
test episode:  10
action in this episode is:  [[173, 170, 65, 186, 75], [169, 149, 168, 29, 31], [59, 105, 10, 95, 87], [177, 73, 22, 158, 41]]
episode total reward is:  23.008
---------------------------------------------------------------
test episode:  11
action in this episode is:  [[173, 170, 65, 186, 75], [169, 149, 168, 59, 29], [31, 105, 10, 95, 87], [177, 73, 22, 158, 41]]
episode total reward is:  23.094
---------------------------------------------------------------
test episode:  12
action in this episode is:  [[173, 170, 65, 186, 75], [169, 149, 168, 29, 31], [59, 105, 10, 95, 87], [177, 73, 22, 158, 41]]
episode total reward is:  23.143
---------------------------------------------------------------
test episode:  13
action in this episode is:  [[173, 170, 65, 186, 75], [169, 149, 168, 29, 31], [59, 105, 95, 10, 87], [177, 73, 22, 158, 41]]
episode total reward is:  23.182
---------------------------------------------------------------
test episode:  14
action in this episode is:  [[173, 170, 65, 186, 75], [169, 149, 168, 29, 59], [31, 105, 10, 95, 87], [177, 73, 22, 158, 41]]
episode total reward is:  23.139
---------------------------------------------------------------
test episode:  15
action in this episode is:  [[173, 170, 65, 186, 75], [169, 149, 168, 29, 31], [59, 105, 10, 95, 87], [177, 73, 22, 158, 41]]
episode total reward is:  23.124
---------------------------------------------------------------
test episode:  16
action in this episode is:  [[173, 170, 65, 186, 75], [169, 149, 168, 29, 59], [31, 10, 105, 95, 87], [177, 73, 22, 158, 41]]
episode total reward is:  23.047
---------------------------------------------------------------
test episode:  17
action in this episode is:  [[173, 170, 65, 186, 75], [169, 149, 168, 29, 31], [59, 105, 95, 10, 87], [177, 73, 22, 158, 41]]
episode total reward is:  23.149
---------------------------------------------------------------
test episode:  18
action in this episode is:  [[173, 170, 65, 186, 75], [169, 149, 168, 29, 31], [59, 105, 95, 10, 87], [177, 73, 22, 158, 41]]
episode total reward is:  23.107
---------------------------------------------------------------
test episode:  19
action in this episode is:  [[173, 170, 65, 186, 75], [169, 149, 168, 29, 31], [59, 105, 10, 95, 87], [177, 73, 22, 158, 41]]
episode total reward is:  23.096
---------------------------------------------------------------
test episode:  20
action in this episode is:  [[173, 170, 65, 186, 75], [169, 149, 168, 29, 31], [59, 105, 10, 95, 87], [177, 73, 22, 158, 41]]
episode total reward is:  23.171
---------------------------------------------------------------
test episode:  21
action in this episode is:  [[173, 170, 65, 186, 75], [169, 149, 168, 29, 31], [59, 105, 95, 10, 87], [177, 73, 22, 158, 41]]
episode total reward is:  23.145
---------------------------------------------------------------
test episode:  22
action in this episode is:  [[173, 170, 65, 186, 75], [169, 149, 168, 29, 59], [31, 105, 10, 95, 87], [177, 73, 22, 158, 41]]
episode total reward is:  22.99
---------------------------------------------------------------
test episode:  23
action in this episode is:  [[173, 170, 65, 186, 75], [169, 149, 168, 29, 31], [59, 105, 10, 95, 87], [177, 73, 22, 158, 41]]
episode total reward is:  23.188
---------------------------------------------------------------
test episode:  24
action in this episode is:  [[173, 170, 65, 186, 75], [169, 149, 168, 59, 31], [105, 10, 29, 95, 87], [177, 73, 22, 158, 41]]
episode total reward is:  22.957
---------------------------------------------------------------
test episode:  25
action in this episode is:  [[173, 170, 65, 186, 75], [169, 149, 168, 59, 29], [31, 105, 10, 95, 87], [177, 73, 22, 158, 41]]
episode total reward is:  23.099
---------------------------------------------------------------
test episode:  26
action in this episode is:  [[173, 170, 65, 186, 75], [169, 149, 168, 29, 31], [59, 105, 10, 95, 87], [177, 73, 22, 158, 41]]
episode total reward is:  23.134
---------------------------------------------------------------
test episode:  27
action in this episode is:  [[173, 170, 65, 186, 75], [169, 149, 168, 29, 59], [31, 105, 10, 95, 87], [177, 73, 22, 158, 41]]
episode total reward is:  22.98
---------------------------------------------------------------
test episode:  28
action in this episode is:  [[173, 170, 65, 186, 75], [169, 149, 168, 29, 59], [31, 105, 10, 95, 87], [177, 73, 22, 158, 41]]
episode total reward is:  23.083
---------------------------------------------------------------
test episode:  29
action in this episode is:  [[173, 170, 65, 186, 75], [169, 149, 168, 59, 29], [31, 105, 10, 95, 87], [177, 73, 22, 158, 41]]
episode total reward is:  23.096
---------------------------------------------------------------
test episode:  30
action in this episode is:  [[173, 170, 65, 186, 75], [169, 149, 168, 29, 59], [31, 105, 10, 95, 87], [177, 73, 22, 158, 41]]
episode total reward is:  23.021
---------------------------------------------------------------
test episode:  31
action in this episode is:  [[173, 170, 65, 186, 75], [169, 149, 168, 29, 59], [31, 10, 105, 95, 87], [177, 73, 22, 158, 41]]
episode total reward is:  23.148
---------------------------------------------------------------
test episode:  32
action in this episode is:  [[173, 170, 65, 186, 75], [169, 149, 168, 59, 29], [31, 10, 105, 95, 87], [177, 73, 22, 158, 41]]
episode total reward is:  23.073
---------------------------------------------------------------
test episode:  33
action in this episode is:  [[173, 170, 65, 186, 75], [169, 149, 168, 29, 59], [31, 10, 105, 95, 87], [177, 73, 22, 158, 41]]
episode total reward is:  23.055
---------------------------------------------------------------
test episode:  34
action in this episode is:  [[173, 170, 65, 186, 75], [169, 149, 168, 29, 31], [59, 105, 10, 95, 87], [177, 73, 22, 158, 41]]
episode total reward is:  23.052
---------------------------------------------------------------
test episode:  35
action in this episode is:  [[173, 170, 65, 186, 75], [169, 149, 168, 29, 59], [31, 10, 105, 95, 87], [177, 73, 22, 158, 41]]
episode total reward is:  22.953
---------------------------------------------------------------
test episode:  36
action in this episode is:  [[173, 170, 65, 186, 75], [169, 149, 168, 29, 31], [59, 105, 95, 10, 87], [177, 73, 22, 158, 41]]
episode total reward is:  23.156
---------------------------------------------------------------
test episode:  37
action in this episode is:  [[173, 170, 65, 186, 75], [169, 149, 168, 59, 29], [31, 105, 10, 95, 87], [177, 73, 22, 158, 41]]
episode total reward is:  23.055
---------------------------------------------------------------
test episode:  38
action in this episode is:  [[173, 170, 65, 186, 75], [169, 149, 168, 59, 29], [31, 105, 10, 95, 87], [177, 73, 22, 158, 41]]
episode total reward is:  23.124
---------------------------------------------------------------
test episode:  39
action in this episode is:  [[173, 170, 65, 186, 75], [169, 149, 168, 29, 31], [59, 105, 10, 95, 87], [177, 73, 22, 158, 41]]
episode total reward is:  23.122
---------------------------------------------------------------
test episode:  40
action in this episode is:  [[173, 170, 65, 186, 75], [169, 149, 168, 29, 59], [31, 105, 10, 95, 87], [177, 73, 22, 158, 41]]
episode total reward is:  23.143
---------------------------------------------------------------
test episode:  41
action in this episode is:  [[173, 170, 65, 186, 75], [169, 149, 168, 29, 31], [59, 105, 10, 95, 87], [177, 73, 22, 158, 41]]
episode total reward is:  23.016
---------------------------------------------------------------
test episode:  42
action in this episode is:  [[173, 170, 65, 186, 75], [169, 149, 168, 29, 59], [31, 10, 105, 95, 87], [177, 73, 22, 158, 41]]
episode total reward is:  23.187
---------------------------------------------------------------
test episode:  43
action in this episode is:  [[173, 170, 65, 186, 75], [169, 149, 168, 59, 29], [31, 10, 105, 95, 87], [177, 73, 22, 158, 41]]
episode total reward is:  23.164
---------------------------------------------------------------
test episode:  44
action in this episode is:  [[173, 170, 65, 186, 75], [169, 149, 168, 29, 31], [59, 105, 10, 95, 87], [177, 73, 22, 158, 41]]
episode total reward is:  23.112
---------------------------------------------------------------
test episode:  45
action in this episode is:  [[173, 170, 65, 186, 75], [169, 149, 168, 59, 29], [31, 105, 10, 95, 87], [177, 73, 22, 158, 41]]
episode total reward is:  23.192
---------------------------------------------------------------
test episode:  46
action in this episode is:  [[173, 170, 65, 186, 75], [169, 149, 168, 59, 29], [31, 105, 10, 95, 87], [177, 73, 22, 158, 41]]
episode total reward is:  23.125
---------------------------------------------------------------
test episode:  47
action in this episode is:  [[173, 170, 65, 186, 75], [169, 149, 168, 59, 29], [31, 105, 10, 95, 87], [177, 73, 22, 158, 41]]
episode total reward is:  23.065
---------------------------------------------------------------
test episode:  48
action in this episode is:  [[173, 170, 65, 186, 75], [169, 149, 168, 29, 31], [59, 105, 95, 10, 87], [177, 73, 22, 158, 41]]
episode total reward is:  23.163
---------------------------------------------------------------
test episode:  49
action in this episode is:  [[173, 170, 65, 186, 75], [169, 149, 168, 29, 31], [59, 105, 95, 10, 87], [177, 73, 22, 158, 41]]
episode total reward is:  22.94

---------------------------------------------------------------

average reward: 23.093980000000002
reward std: 0.07108009285306251
