chosen graph:  India
#nodes:  202
#edges:  692
cascade model is:  SC
device is:  cuda
---------------------------------------------------------------
train episode:  0
eps in this episode is:  0.3
eps_wstart in this episode is:  0.295
using warm-start actions
choosing ada_greedy
using warm-start actions
choosing random
using warm-start actions
choosing max degree
using warm-start actions
choosing max degree
action in this episode is:  [[160, 1, 82, 153, 30], [143, 84, 94, 123, 105], [62, 83, 59, 93, 50], [24, 95, 9, 178, 6]]
present:  [1, 30, 50, 59, 62, 82, 83, 84, 93, 94, 105, 123, 143, 153, 160]
episode total reward is:  36.278
---------------------------------------------------------------
train episode:  1
eps in this episode is:  0.295
eps_wstart in this episode is:  0.29
using warm-start actions
choosing random
using warm-start actions
choosing ada_greedy
using warm-start actions
choosing ada_greedy
using warm-start actions
choosing random
action in this episode is:  [[30, 61, 22, 77, 104], [160, 1, 82, 153, 93], [2, 49, 83, 62, 126], [63, 25, 44, 37, 63]]
present:  [1, 2, 22, 30, 49, 61, 62, 77, 82, 83, 93, 104, 126, 153, 160]
episode total reward is:  30.823
---------------------------------------------------------------
train episode:  2
eps in this episode is:  0.29
eps_wstart in this episode is:  0.285
using warm-start actions
choosing random
using warm-start actions
choosing random
using warm-start actions
choosing max degree
using warm-start actions
choosing random
action in this episode is:  [[59, 196, 127, 148, 32], [166, 103, 21, 50, 150], [62, 83, 93, 24, 95], [68, 201, 185, 31, 79]]
present:  [21, 24, 32, 50, 59, 62, 83, 93, 95, 103, 127, 148, 150, 166, 196]
episode total reward is:  29.04
---------------------------------------------------------------
train episode:  3
eps in this episode is:  0.285
eps_wstart in this episode is:  0.27999999999999997
using warm-start actions
choosing ada_greedy
using warm-start actions
choosing random
using warm-start actions
choosing random
using warm-start actions
choosing max degree
action in this episode is:  [[1, 49, 82, 93, 30], [155, 109, 173, 139, 31], [13, 170, 115, 60, 143], [62, 83, 59, 50, 24]]
present:  [1, 13, 30, 31, 49, 60, 82, 93, 109, 115, 139, 143, 155, 170, 173]
episode total reward is:  32.427
---------------------------------------------------------------
train episode:  4
eps in this episode is:  0.27999999999999997
eps_wstart in this episode is:  0.27499999999999997
using warm-start actions
choosing max degree
using warm-start actions
choosing max degree
using warm-start actions
choosing ada_greedy
using warm-start actions
choosing ada_greedy
action in this episode is:  [[62, 83, 59, 93, 50], [24, 95, 82, 9, 178], [160, 1, 2, 49, 30], [129, 164, 12, 153, 63]]
present:  [1, 2, 9, 24, 30, 49, 50, 59, 62, 82, 83, 93, 95, 160, 178]
episode total reward is:  41.88
---------------------------------------------------------------
train episode:  5
eps in this episode is:  0.27499999999999997
eps_wstart in this episode is:  0.26999999999999996
using warm-start actions
choosing max degree
using warm-start actions
choosing random
using warm-start actions
choosing ada_greedy
using warm-start actions
choosing ada_greedy
action in this episode is:  [[62, 83, 59, 93, 50], [152, 60, 23, 196, 105], [2, 49, 82, 153, 30], [160, 1, 164, 12, 63]]
present:  [2, 23, 30, 49, 50, 59, 60, 62, 82, 83, 93, 105, 152, 153, 196]
episode total reward is:  35.736
---------------------------------------------------------------
train episode:  6
eps in this episode is:  0.27
eps_wstart in this episode is:  0.26499999999999996
using warm-start actions
choosing max degree
using warm-start actions
choosing random
using warm-start actions
choosing max degree
using warm-start actions
choosing ada_greedy
action in this episode is:  [[62, 83, 59, 93, 50], [45, 102, 131, 81, 26], [24, 95, 82, 9, 178], [160, 49, 121, 30, 63]]
present:  [9, 24, 26, 45, 50, 59, 62, 81, 82, 83, 93, 95, 102, 131, 178]
episode total reward is:  38.593
secondary loss is:  3.422611713409424
---------------------------------------------------------------
train episode:  7
eps in this episode is:  0.265
eps_wstart in this episode is:  0.25999999999999995
choosing ada_greedy
action in this episode is:  [[92, 61, 190, 76, 182], [166, 200, 187, 196, 105], [1, 49, 82, 153, 30], [197, 108, 54, 147, 58]]
present:  [1, 30, 49, 61, 76, 82, 92, 105, 153, 166, 182, 187, 190, 196, 200]
episode total reward is:  24.417
secondary loss is:  0.5412669777870178
---------------------------------------------------------------
train episode:  8
eps in this episode is:  0.26
eps_wstart in this episode is:  0.25499999999999995
choosing random
action in this episode is:  [[92, 61, 49, 182, 200], [166, 196, 197, 20, 105], [143, 54, 108, 58, 76], [57, 6, 168, 136, 184]]
present:  [20, 49, 54, 58, 61, 76, 92, 105, 108, 143, 166, 182, 196, 197, 200]
episode total reward is:  21.829
secondary loss is:  0.163539320230484
---------------------------------------------------------------
train episode:  9
eps in this episode is:  0.255
eps_wstart in this episode is:  0.24999999999999994
choosing max degree
choosing random
action in this episode is:  [[92, 61, 182, 166, 200], [62, 83, 59, 93, 50], [130, 196, 197, 105, 108], [120, 25, 84, 101, 68]]
present:  [50, 59, 61, 62, 83, 92, 93, 105, 108, 130, 166, 182, 196, 197, 200]
episode total reward is:  24.233
secondary loss is:  2.2943131923675537
---------------------------------------------------------------
train episode:  10
eps in this episode is:  0.25
eps_wstart in this episode is:  0.24499999999999994
choosing max degree
action in this episode is:  [[62, 83, 59, 93, 50], [92, 61, 182, 166, 200], [196, 105, 197, 54, 108], [58, 148, 147, 104, 190]]
present:  [50, 54, 59, 61, 62, 83, 92, 93, 105, 108, 166, 182, 196, 197, 200]
episode total reward is:  22.817
secondary loss is:  3.768480062484741
---------------------------------------------------------------
train episode:  11
eps in this episode is:  0.245
eps_wstart in this episode is:  0.23999999999999994
choosing max degree
choosing max degree
choosing max degree
action in this episode is:  [[99, 92, 61, 182, 166], [62, 83, 59, 93, 50], [24, 95, 82, 9, 178], [6, 91, 110, 141, 13]]
present:  [9, 24, 50, 59, 61, 62, 82, 83, 92, 93, 95, 99, 166, 178, 182]
episode total reward is:  33.635
secondary loss is:  4.441446304321289
---------------------------------------------------------------
train episode:  12
eps in this episode is:  0.24
eps_wstart in this episode is:  0.23499999999999993
choosing random
choosing max degree
action in this episode is:  [[92, 61, 182, 124, 166], [201, 188, 85, 187, 3], [156, 196, 189, 9, 30], [62, 83, 59, 93, 50]]
present:  [3, 9, 30, 61, 85, 92, 124, 156, 166, 182, 187, 188, 189, 196, 201]
episode total reward is:  26.45
secondary loss is:  1.364087462425232
---------------------------------------------------------------
train episode:  13
eps in this episode is:  0.235
eps_wstart in this episode is:  0.22999999999999993
choosing max degree
choosing ada_greedy
choosing max degree
action in this episode is:  [[92, 61, 182, 196, 166], [62, 83, 59, 93, 50], [160, 1, 2, 49, 30], [24, 95, 82, 9, 178]]
present:  [1, 2, 30, 49, 50, 59, 61, 62, 83, 92, 93, 160, 166, 182, 196]
episode total reward is:  33.954
secondary loss is:  2.7408390045166016
---------------------------------------------------------------
train episode:  14
eps in this episode is:  0.22999999999999998
eps_wstart in this episode is:  0.22499999999999992
action in this episode is:  [[92, 182, 61, 166, 196], [87, 197, 200, 105, 54], [108, 58, 147, 163, 190], [5, 192, 33, 72, 154]]
present:  [54, 58, 61, 87, 92, 105, 108, 147, 163, 166, 182, 190, 196, 197, 200]
episode total reward is:  20.488
secondary loss is:  2.3631505966186523
---------------------------------------------------------------
train episode:  15
eps in this episode is:  0.22499999999999998
eps_wstart in this episode is:  0.21999999999999992
choosing max degree
action in this episode is:  [[92, 61, 182, 68, 166], [62, 83, 59, 93, 50], [17, 200, 196, 48, 197], [105, 54, 110, 36, 147]]
present:  [17, 48, 50, 59, 61, 62, 68, 83, 92, 93, 166, 182, 196, 197, 200]
episode total reward is:  25.529
secondary loss is:  1.9814155101776123
---------------------------------------------------------------
train episode:  16
eps in this episode is:  0.21999999999999997
eps_wstart in this episode is:  0.2149999999999999
action in this episode is:  [[92, 182, 61, 166, 152], [196, 200, 105, 33, 62], [197, 108, 54, 147, 186], [58, 192, 71, 163, 40]]
present:  [33, 54, 61, 62, 92, 105, 108, 147, 152, 166, 182, 186, 196, 197, 200]
episode total reward is:  20.998
secondary loss is:  3.750609874725342
---------------------------------------------------------------
train episode:  17
eps in this episode is:  0.21499999999999997
eps_wstart in this episode is:  0.2099999999999999
choosing max degree
action in this episode is:  [[66, 92, 134, 182, 61], [62, 83, 59, 93, 50], [166, 200, 196, 197, 105], [108, 54, 58, 23, 160]]
present:  [50, 59, 61, 62, 66, 83, 92, 93, 105, 134, 166, 182, 196, 197, 200]
episode total reward is:  24.034
secondary loss is:  1.5277940034866333
---------------------------------------------------------------
train episode:  18
eps in this episode is:  0.21
eps_wstart in this episode is:  0.2049999999999999
choosing max degree
action in this episode is:  [[92, 61, 182, 200, 166], [62, 83, 59, 93, 50], [196, 103, 105, 197, 54], [108, 192, 58, 147, 163]]
present:  [50, 54, 59, 61, 62, 83, 92, 93, 103, 105, 166, 182, 196, 197, 200]
episode total reward is:  23.294
secondary loss is:  0.4883608818054199
---------------------------------------------------------------
train episode:  19
eps in this episode is:  0.205
eps_wstart in this episode is:  0.1999999999999999
choosing random
action in this episode is:  [[92, 53, 61, 182, 166], [200, 181, 105, 196, 197], [54, 79, 108, 147, 58], [111, 169, 117, 0, 12]]
present:  [53, 54, 58, 61, 79, 92, 105, 108, 147, 166, 181, 182, 196, 197, 200]
episode total reward is:  20.885
secondary loss is:  1.7798432111740112
---------------------------------------------------------------
train episode:  20
eps in this episode is:  0.19999999999999998
eps_wstart in this episode is:  0.1949999999999999
action in this episode is:  [[92, 182, 61, 147, 200], [166, 196, 197, 105, 132], [108, 54, 58, 163, 190], [192, 33, 72, 154, 176]]
present:  [54, 58, 61, 92, 105, 108, 132, 147, 163, 166, 182, 190, 196, 197, 200]
episode total reward is:  20.441
secondary loss is:  0.4515092670917511
---------------------------------------------------------------
train episode:  21
eps in this episode is:  0.195
eps_wstart in this episode is:  0.1899999999999999
action in this episode is:  [[92, 182, 61, 166, 180], [123, 196, 200, 84, 197], [105, 108, 54, 58, 190], [147, 192, 163, 176, 33]]
present:  [54, 58, 61, 84, 92, 105, 108, 123, 166, 180, 182, 190, 196, 197, 200]
episode total reward is:  20.541
secondary loss is:  0.7117787003517151
---------------------------------------------------------------
train episode:  22
eps in this episode is:  0.19
eps_wstart in this episode is:  0.1849999999999999
action in this episode is:  [[92, 61, 182, 166, 68], [200, 196, 105, 197, 54], [108, 58, 147, 190, 192], [33, 163, 72, 154, 177]]
present:  [54, 58, 61, 68, 92, 105, 108, 147, 166, 182, 190, 192, 196, 197, 200]
episode total reward is:  20.484
secondary loss is:  2.8088202476501465
---------------------------------------------------------------
train episode:  23
eps in this episode is:  0.185
eps_wstart in this episode is:  0.17999999999999988
action in this episode is:  [[92, 61, 182, 166, 200], [105, 196, 197, 54, 108], [58, 192, 147, 190, 72], [154, 163, 33, 176, 177]]
present:  [54, 58, 61, 72, 92, 105, 108, 147, 166, 182, 190, 192, 196, 197, 200]
episode total reward is:  20.329
secondary loss is:  1.0364019870758057
---------------------------------------------------------------
train episode:  24
eps in this episode is:  0.18
eps_wstart in this episode is:  0.17499999999999988
action in this episode is:  [[92, 183, 166, 61, 182], [186, 200, 196, 197, 105], [165, 54, 75, 108, 58], [192, 21, 147, 190, 72]]
present:  [54, 58, 61, 75, 92, 105, 108, 165, 166, 182, 183, 186, 196, 197, 200]
episode total reward is:  20.708
secondary loss is:  3.2018203735351562
---------------------------------------------------------------
train episode:  25
eps in this episode is:  0.175
eps_wstart in this episode is:  0.16999999999999987
choosing ada_greedy
action in this episode is:  [[92, 61, 182, 166, 196], [127, 200, 197, 105, 54], [108, 147, 190, 58, 192], [1, 164, 153, 93, 30]]
present:  [54, 58, 61, 92, 105, 108, 127, 147, 166, 182, 190, 192, 196, 197, 200]
episode total reward is:  24.506
secondary loss is:  0.7016781568527222
---------------------------------------------------------------
train episode:  26
eps in this episode is:  0.16999999999999998
eps_wstart in this episode is:  0.16499999999999987
action in this episode is:  [[92, 61, 182, 200, 166], [196, 197, 105, 147, 108], [54, 58, 163, 192, 190], [72, 177, 33, 176, 127]]
present:  [54, 58, 61, 92, 105, 108, 147, 163, 166, 182, 190, 192, 196, 197, 200]
episode total reward is:  20.417
secondary loss is:  1.6111680269241333
---------------------------------------------------------------
train episode:  27
eps in this episode is:  0.16499999999999998
eps_wstart in this episode is:  0.15999999999999986
action in this episode is:  [[185, 92, 61, 182, 166], [196, 200, 191, 105, 197], [108, 54, 190, 192, 58], [147, 163, 154, 177, 72]]
present:  [54, 58, 61, 92, 105, 108, 166, 182, 185, 190, 191, 192, 196, 197, 200]
episode total reward is:  20.497
secondary loss is:  1.0103521347045898
---------------------------------------------------------------
train episode:  28
eps in this episode is:  0.15999999999999998
eps_wstart in this episode is:  0.15499999999999986
action in this episode is:  [[92, 125, 61, 182, 196], [166, 200, 105, 197, 108], [54, 58, 190, 192, 163], [147, 33, 72, 154, 177]]
present:  [54, 58, 61, 92, 105, 108, 125, 163, 166, 182, 190, 192, 196, 197, 200]
episode total reward is:  20.58
secondary loss is:  0.6527636647224426
---------------------------------------------------------------
train episode:  29
eps in this episode is:  0.155
eps_wstart in this episode is:  0.14999999999999986
choosing ada_greedy
action in this episode is:  [[92, 61, 182, 177, 146], [104, 166, 200, 167, 196], [197, 105, 54, 108, 5], [1, 82, 153, 93, 30]]
present:  [5, 54, 61, 92, 104, 105, 108, 146, 166, 167, 177, 182, 196, 197, 200]
episode total reward is:  24.741
secondary loss is:  2.132394552230835
---------------------------------------------------------------
train episode:  30
eps in this episode is:  0.15
eps_wstart in this episode is:  0.14499999999999985
action in this episode is:  [[92, 61, 182, 113, 47], [200, 196, 166, 105, 197], [108, 54, 58, 147, 192], [190, 163, 72, 33, 154]]
present:  [47, 54, 58, 61, 92, 105, 108, 113, 147, 166, 182, 192, 196, 197, 200]
episode total reward is:  20.46
secondary loss is:  2.3992600440979004
---------------------------------------------------------------
train episode:  31
eps in this episode is:  0.145
eps_wstart in this episode is:  0.13999999999999985
action in this episode is:  [[92, 61, 93, 182, 166], [196, 200, 197, 105, 54], [108, 58, 190, 192, 147], [72, 163, 176, 33, 177]]
present:  [54, 58, 61, 92, 93, 105, 108, 147, 166, 182, 190, 192, 196, 197, 200]
episode total reward is:  21.253
secondary loss is:  3.3869667053222656
---------------------------------------------------------------
train episode:  32
eps in this episode is:  0.13999999999999999
eps_wstart in this episode is:  0.13499999999999984
action in this episode is:  [[92, 88, 61, 182, 166], [200, 196, 197, 105, 54], [108, 139, 58, 98, 192], [147, 109, 190, 163, 177]]
present:  [54, 58, 61, 88, 92, 98, 105, 108, 139, 166, 182, 192, 196, 197, 200]
episode total reward is:  20.577
secondary loss is:  1.3178092241287231
---------------------------------------------------------------
train episode:  33
eps in this episode is:  0.13499999999999998
eps_wstart in this episode is:  0.12999999999999984
action in this episode is:  [[92, 61, 182, 166, 196], [105, 197, 200, 54, 108], [95, 93, 58, 147, 192], [121, 190, 72, 163, 176]]
present:  [54, 58, 61, 92, 93, 95, 105, 108, 147, 166, 182, 192, 196, 197, 200]
episode total reward is:  21.715
secondary loss is:  1.1949896812438965
---------------------------------------------------------------
train episode:  34
eps in this episode is:  0.12999999999999998
eps_wstart in this episode is:  0.12499999999999983
action in this episode is:  [[92, 61, 182, 166, 171], [200, 105, 196, 151, 197], [54, 110, 147, 108, 58], [163, 190, 142, 192, 33]]
present:  [54, 58, 61, 92, 105, 108, 110, 147, 151, 166, 171, 182, 196, 197, 200]
episode total reward is:  20.748
secondary loss is:  2.4472968578338623
---------------------------------------------------------------
train episode:  35
eps in this episode is:  0.12499999999999997
eps_wstart in this episode is:  0.11999999999999983
choosing ada_greedy
action in this episode is:  [[92, 182, 61, 166, 196], [200, 105, 197, 54, 108], [1, 49, 153, 93, 30], [87, 192, 58, 72, 190]]
present:  [1, 30, 49, 54, 61, 92, 93, 105, 108, 153, 166, 182, 196, 197, 200]
episode total reward is:  25.076
secondary loss is:  1.1883741617202759
---------------------------------------------------------------
train episode:  36
eps in this episode is:  0.12
eps_wstart in this episode is:  0.11499999999999982
action in this episode is:  [[92, 160, 182, 61, 200], [31, 166, 101, 178, 162], [196, 197, 105, 54, 108], [58, 163, 190, 170, 192]]
present:  [31, 54, 61, 92, 101, 105, 108, 160, 162, 166, 178, 182, 196, 197, 200]
episode total reward is:  20.974
secondary loss is:  2.80690860748291
---------------------------------------------------------------
train episode:  37
eps in this episode is:  0.11499999999999999
eps_wstart in this episode is:  0.10999999999999982
action in this episode is:  [[92, 61, 182, 166, 105], [196, 200, 197, 54, 108], [192, 58, 72, 147, 163], [190, 176, 177, 33, 55]]
present:  [54, 58, 61, 72, 92, 105, 108, 147, 163, 166, 182, 192, 196, 197, 200]
episode total reward is:  20.357
secondary loss is:  0.44781121611595154
---------------------------------------------------------------
train episode:  38
eps in this episode is:  0.10999999999999999
eps_wstart in this episode is:  0.10499999999999982
choosing random
action in this episode is:  [[92, 61, 182, 166, 200], [105, 196, 197, 193, 108], [54, 58, 192, 190, 72], [93, 69, 145, 87, 161]]
present:  [54, 58, 61, 72, 92, 105, 108, 166, 182, 190, 192, 193, 196, 197, 200]
episode total reward is:  21.617
secondary loss is:  0.6094077825546265
---------------------------------------------------------------
train episode:  39
eps in this episode is:  0.10499999999999998
eps_wstart in this episode is:  0.09999999999999981
action in this episode is:  [[201, 92, 61, 182, 166], [196, 200, 197, 105, 54], [108, 58, 192, 147, 72], [163, 133, 177, 190, 176]]
present:  [54, 58, 61, 72, 92, 105, 108, 147, 166, 182, 192, 196, 197, 200, 201]
episode total reward is:  20.399
secondary loss is:  0.3481265902519226
---------------------------------------------------------------
train episode:  40
eps in this episode is:  0.1
eps_wstart in this episode is:  0.0949999999999998
action in this episode is:  [[92, 61, 182, 166, 196], [200, 63, 105, 197, 54], [108, 58, 75, 73, 147], [163, 177, 190, 136, 192]]
present:  [54, 58, 61, 63, 73, 75, 92, 105, 108, 147, 166, 182, 196, 197, 200]
episode total reward is:  20.611
secondary loss is:  3.49690580368042
---------------------------------------------------------------
train episode:  41
eps in this episode is:  0.1
eps_wstart in this episode is:  0.0899999999999998
action in this episode is:  [[92, 61, 182, 166, 196], [105, 197, 0, 200, 54], [108, 192, 58, 147, 72], [163, 176, 177, 190, 33]]
present:  [0, 54, 58, 61, 72, 92, 105, 108, 147, 166, 182, 192, 196, 197, 200]
episode total reward is:  20.516
secondary loss is:  0.9941942095756531
---------------------------------------------------------------
train episode:  42
eps in this episode is:  0.1
eps_wstart in this episode is:  0.0849999999999998
choosing random
action in this episode is:  [[184, 130, 113, 67, 105], [92, 182, 61, 166, 196], [200, 197, 54, 108, 58], [190, 72, 147, 163, 177]]
present:  [54, 58, 61, 67, 92, 105, 108, 113, 130, 166, 182, 184, 196, 197, 200]
episode total reward is:  20.481
secondary loss is:  0.8366307616233826
---------------------------------------------------------------
train episode:  43
eps in this episode is:  0.1
eps_wstart in this episode is:  0.0799999999999998
action in this episode is:  [[92, 61, 182, 166, 16], [200, 105, 196, 197, 108], [54, 58, 192, 190, 72], [147, 163, 177, 33, 23]]
present:  [16, 54, 58, 61, 72, 92, 105, 108, 166, 182, 190, 192, 196, 197, 200]
episode total reward is:  20.507
secondary loss is:  2.5364885330200195
---------------------------------------------------------------
train episode:  44
eps in this episode is:  0.1
eps_wstart in this episode is:  0.07499999999999979
choosing max degree
action in this episode is:  [[62, 83, 59, 93, 50], [135, 92, 61, 182, 166], [105, 196, 197, 200, 108], [54, 58, 190, 147, 192]]
present:  [50, 59, 61, 62, 83, 92, 93, 105, 108, 135, 166, 182, 196, 197, 200]
episode total reward is:  23.038
secondary loss is:  1.3634185791015625
---------------------------------------------------------------
train episode:  45
eps in this episode is:  0.1
eps_wstart in this episode is:  0.06999999999999978
action in this episode is:  [[99, 92, 182, 61, 105], [200, 166, 196, 197, 54], [58, 108, 192, 147, 163], [72, 177, 100, 190, 176]]
present:  [54, 58, 61, 92, 99, 105, 108, 147, 163, 166, 182, 192, 196, 197, 200]
episode total reward is:  20.39
secondary loss is:  0.8125858902931213
---------------------------------------------------------------
train episode:  46
eps in this episode is:  0.1
eps_wstart in this episode is:  0.06499999999999978
action in this episode is:  [[92, 182, 61, 166, 196], [200, 105, 197, 108, 54], [58, 192, 72, 17, 144], [35, 75, 147, 176, 190]]
present:  [17, 54, 58, 61, 72, 92, 105, 108, 144, 166, 182, 192, 196, 197, 200]
episode total reward is:  20.587
secondary loss is:  0.8087888360023499
---------------------------------------------------------------
train episode:  47
eps in this episode is:  0.1
eps_wstart in this episode is:  0.05999999999999978
action in this episode is:  [[148, 95, 92, 61, 182], [166, 200, 105, 196, 197], [54, 108, 58, 192, 72], [117, 89, 147, 163, 177]]
present:  [54, 58, 61, 72, 92, 95, 105, 108, 148, 166, 182, 192, 196, 197, 200]
episode total reward is:  20.673
secondary loss is:  0.7704296708106995
---------------------------------------------------------------
train episode:  48
eps in this episode is:  0.1
eps_wstart in this episode is:  0.054999999999999785
action in this episode is:  [[92, 182, 61, 166, 196], [200, 105, 197, 54, 108], [58, 192, 177, 163, 147], [190, 72, 33, 176, 184]]
present:  [54, 58, 61, 92, 105, 108, 147, 163, 166, 177, 182, 192, 196, 197, 200]
episode total reward is:  20.385
secondary loss is:  4.234680652618408
---------------------------------------------------------------
train episode:  49
eps in this episode is:  0.1
eps_wstart in this episode is:  0.04999999999999979
action in this episode is:  [[92, 61, 182, 166, 196], [200, 197, 105, 108, 54], [58, 151, 180, 147, 50], [72, 190, 177, 192, 33]]
present:  [50, 54, 58, 61, 92, 105, 108, 147, 151, 166, 180, 182, 196, 197, 200]
episode total reward is:  20.566
secondary loss is:  0.9916682839393616
---------------------------------------------------------------
train episode:  50
eps in this episode is:  0.1
eps_wstart in this episode is:  0.04499999999999979
action in this episode is:  [[92, 61, 182, 166, 196], [105, 200, 197, 54, 108], [192, 58, 72, 147, 89], [64, 177, 163, 190, 62]]
present:  [54, 58, 61, 72, 89, 92, 105, 108, 147, 166, 182, 192, 196, 197, 200]
episode total reward is:  20.893
secondary loss is:  1.177229404449463
---------------------------------------------------------------
train episode:  51
eps in this episode is:  0.1
eps_wstart in this episode is:  0.03999999999999979
action in this episode is:  [[92, 182, 61, 166, 200], [105, 196, 197, 54, 108], [58, 124, 163, 192, 72], [157, 147, 177, 190, 176]]
present:  [54, 58, 61, 72, 92, 105, 108, 124, 163, 166, 182, 192, 196, 197, 200]
episode total reward is:  20.544
secondary loss is:  0.5511292219161987
---------------------------------------------------------------
train episode:  52
eps in this episode is:  0.1
eps_wstart in this episode is:  0.034999999999999795
action in this episode is:  [[92, 182, 61, 105, 166], [196, 197, 108, 184, 200], [54, 58, 192, 72, 147], [163, 176, 177, 190, 33]]
present:  [54, 58, 61, 72, 92, 105, 108, 147, 166, 182, 184, 192, 196, 197, 200]
episode total reward is:  20.344
secondary loss is:  1.924953579902649
---------------------------------------------------------------
train episode:  53
eps in this episode is:  0.1
eps_wstart in this episode is:  0.029999999999999794
action in this episode is:  [[92, 182, 61, 105, 166], [196, 200, 197, 54, 108], [58, 72, 177, 194, 147], [163, 190, 192, 176, 33]]
present:  [54, 58, 61, 72, 92, 105, 108, 147, 166, 177, 182, 194, 196, 197, 200]
episode total reward is:  20.441
secondary loss is:  2.0779078006744385
---------------------------------------------------------------
train episode:  54
eps in this episode is:  0.1
eps_wstart in this episode is:  0.024999999999999793
action in this episode is:  [[92, 61, 182, 166, 105], [196, 197, 108, 200, 54], [58, 72, 192, 147, 163], [190, 176, 139, 177, 73]]
present:  [54, 58, 61, 72, 92, 105, 108, 147, 163, 166, 182, 192, 196, 197, 200]
episode total reward is:  20.325
secondary loss is:  0.16994823515415192
---------------------------------------------------------------
train episode:  55
eps in this episode is:  0.1
eps_wstart in this episode is:  0.019999999999999792
action in this episode is:  [[172, 92, 61, 182, 105], [166, 196, 197, 200, 54], [108, 58, 72, 192, 7], [127, 147, 163, 186, 37]]
present:  [7, 54, 58, 61, 72, 92, 105, 108, 166, 172, 182, 192, 196, 197, 200]
episode total reward is:  20.661
secondary loss is:  0.2585586905479431
---------------------------------------------------------------
train episode:  56
eps in this episode is:  0.1
eps_wstart in this episode is:  0.014999999999999791
action in this episode is:  [[92, 61, 182, 200, 166], [105, 196, 197, 54, 108], [58, 192, 147, 72, 177], [163, 137, 176, 190, 33]]
present:  [54, 58, 61, 72, 92, 105, 108, 147, 166, 177, 182, 192, 196, 197, 200]
episode total reward is:  20.316
secondary loss is:  3.785487413406372
---------------------------------------------------------------
train episode:  57
eps in this episode is:  0.1
eps_wstart in this episode is:  0.00999999999999979
action in this episode is:  [[92, 61, 182, 166, 105], [196, 197, 200, 108, 54], [192, 58, 147, 177, 72], [73, 53, 163, 176, 99]]
present:  [54, 58, 61, 72, 92, 105, 108, 147, 166, 177, 182, 192, 196, 197, 200]
episode total reward is:  20.428
secondary loss is:  2.2615604400634766
---------------------------------------------------------------
train episode:  58
eps in this episode is:  0.1
eps_wstart in this episode is:  0.00499999999999979
action in this episode is:  [[92, 61, 182, 105, 166], [158, 196, 20, 200, 197], [108, 54, 58, 177, 163], [176, 30, 192, 72, 147]]
present:  [20, 54, 58, 61, 92, 105, 108, 158, 163, 166, 177, 182, 196, 197, 200]
episode total reward is:  21.428
secondary loss is:  4.591896057128906
---------------------------------------------------------------
train episode:  59
eps in this episode is:  0.1
eps_wstart in this episode is:  0
action in this episode is:  [[92, 88, 61, 182, 105], [166, 200, 196, 197, 54], [108, 58, 192, 177, 72], [147, 163, 176, 190, 175]]
present:  [54, 58, 61, 72, 88, 92, 105, 108, 166, 177, 182, 192, 196, 197, 200]
episode total reward is:  20.45
secondary loss is:  3.0338752269744873
---------------------------------------------------------------
train episode:  60
eps in this episode is:  0.1
eps_wstart in this episode is:  0
action in this episode is:  [[92, 182, 61, 105, 166], [196, 197, 200, 108, 54], [58, 72, 147, 192, 177], [163, 190, 73, 137, 176]]
present:  [54, 58, 61, 72, 92, 105, 108, 147, 166, 177, 182, 192, 196, 197, 200]
episode total reward is:  20.276
secondary loss is:  1.9335330724716187
---------------------------------------------------------------
train episode:  61
eps in this episode is:  0.1
eps_wstart in this episode is:  0
action in this episode is:  [[92, 61, 166, 182, 105], [196, 200, 197, 54, 108], [58, 177, 192, 72, 163], [33, 147, 176, 161, 190]]
present:  [54, 58, 61, 72, 92, 105, 108, 163, 166, 177, 182, 192, 196, 197, 200]
episode total reward is:  20.389
secondary loss is:  3.1913068294525146
---------------------------------------------------------------
train episode:  62
eps in this episode is:  0.1
eps_wstart in this episode is:  0
action in this episode is:  [[92, 61, 182, 166, 105], [196, 200, 54, 197, 108], [58, 147, 106, 192, 163], [190, 176, 177, 72, 33]]
present:  [54, 58, 61, 92, 105, 106, 108, 147, 163, 166, 182, 192, 196, 197, 200]
episode total reward is:  20.355
secondary loss is:  2.425177574157715
---------------------------------------------------------------
train episode:  63
eps in this episode is:  0.1
eps_wstart in this episode is:  0
action in this episode is:  [[92, 61, 121, 182, 105], [166, 196, 200, 197, 108], [54, 58, 192, 72, 1], [147, 163, 176, 177, 190]]
present:  [1, 54, 58, 61, 72, 92, 105, 108, 121, 166, 182, 192, 196, 197, 200]
episode total reward is:  21.496
secondary loss is:  3.457430124282837
---------------------------------------------------------------
train episode:  64
eps in this episode is:  0.1
eps_wstart in this episode is:  0
action in this episode is:  [[104, 92, 61, 182, 166], [196, 105, 197, 200, 54], [87, 58, 108, 147, 23], [177, 192, 131, 72, 40]]
present:  [23, 54, 58, 61, 87, 92, 104, 105, 108, 147, 166, 182, 196, 197, 200]
episode total reward is:  20.538
secondary loss is:  2.3555915355682373
---------------------------------------------------------------
train episode:  65
eps in this episode is:  0.1
eps_wstart in this episode is:  0
action in this episode is:  [[92, 61, 182, 197, 105], [166, 156, 200, 196, 54], [108, 58, 147, 177, 192], [190, 163, 72, 176, 187]]
present:  [54, 58, 61, 92, 105, 108, 147, 156, 166, 177, 182, 192, 196, 197, 200]
episode total reward is:  20.419
secondary loss is:  1.5635251998901367
---------------------------------------------------------------
train episode:  66
eps in this episode is:  0.1
eps_wstart in this episode is:  0
action in this episode is:  [[92, 61, 182, 105, 108], [166, 54, 196, 197, 200], [58, 147, 176, 163, 177], [186, 192, 72, 190, 175]]
present:  [54, 58, 61, 92, 105, 108, 147, 163, 166, 176, 177, 182, 196, 197, 200]
episode total reward is:  20.5
secondary loss is:  1.7370611429214478
---------------------------------------------------------------
train episode:  67
eps in this episode is:  0.1
eps_wstart in this episode is:  0
action in this episode is:  [[92, 61, 182, 105, 166], [196, 108, 152, 197, 200], [54, 58, 177, 192, 163], [72, 73, 147, 168, 176]]
present:  [54, 58, 61, 92, 105, 108, 152, 163, 166, 177, 182, 192, 196, 197, 200]
episode total reward is:  20.409
secondary loss is:  2.3803927898406982
---------------------------------------------------------------
train episode:  68
eps in this episode is:  0.1
eps_wstart in this episode is:  0
action in this episode is:  [[61, 92, 182, 105, 166], [196, 197, 1, 200, 108], [54, 177, 193, 58, 72], [192, 73, 147, 163, 176]]
present:  [1, 54, 58, 61, 72, 92, 105, 108, 166, 177, 182, 193, 196, 197, 200]
episode total reward is:  21.391
secondary loss is:  0.010651585645973682
---------------------------------------------------------------
train episode:  69
eps in this episode is:  0.1
eps_wstart in this episode is:  0
action in this episode is:  [[61, 92, 182, 105, 108], [196, 166, 197, 54, 200], [58, 177, 72, 192, 73], [147, 163, 139, 176, 190]]
present:  [54, 58, 61, 72, 73, 92, 105, 108, 166, 177, 182, 192, 196, 197, 200]
episode total reward is:  20.312
secondary loss is:  1.0538989305496216
---------------------------------------------------------------
train episode:  70
eps in this episode is:  0.1
eps_wstart in this episode is:  0
action in this episode is:  [[92, 61, 182, 105, 166], [196, 54, 197, 108, 200], [58, 177, 192, 73, 72], [168, 163, 55, 156, 147]]
present:  [54, 58, 61, 72, 73, 92, 105, 108, 166, 177, 182, 192, 196, 197, 200]
episode total reward is:  20.506
secondary loss is:  0.24432122707366943
---------------------------------------------------------------
train episode:  71
eps in this episode is:  0.1
eps_wstart in this episode is:  0
action in this episode is:  [[61, 92, 182, 105, 54], [196, 166, 200, 108, 197], [58, 23, 177, 73, 72], [147, 163, 192, 168, 176]]
present:  [23, 54, 58, 61, 72, 73, 92, 105, 108, 166, 177, 182, 196, 197, 200]
episode total reward is:  20.41
secondary loss is:  0.8795663714408875
---------------------------------------------------------------
train episode:  72
eps in this episode is:  0.1
eps_wstart in this episode is:  0
action in this episode is:  [[127, 92, 61, 105, 182], [108, 54, 166, 196, 197], [200, 58, 177, 72, 192], [163, 73, 176, 147, 168]]
present:  [54, 58, 61, 72, 92, 105, 108, 127, 166, 177, 182, 192, 196, 197, 200]
episode total reward is:  20.32
secondary loss is:  2.761958122253418
---------------------------------------------------------------
train episode:  73
eps in this episode is:  0.1
eps_wstart in this episode is:  0
action in this episode is:  [[92, 61, 105, 108, 182], [166, 73, 196, 54, 58], [197, 177, 200, 192, 72], [163, 137, 168, 147, 176]]
present:  [54, 58, 61, 72, 73, 92, 105, 108, 166, 177, 182, 192, 196, 197, 200]
episode total reward is:  20.309
secondary loss is:  0.38364219665527344
---------------------------------------------------------------
train episode:  74
eps in this episode is:  0.1
eps_wstart in this episode is:  0
action in this episode is:  [[132, 61, 92, 182, 105], [166, 88, 196, 54, 197], [20, 108, 200, 177, 58], [192, 73, 176, 72, 163]]
present:  [20, 54, 58, 61, 88, 92, 105, 108, 132, 166, 177, 182, 196, 197, 200]
episode total reward is:  20.449
secondary loss is:  0.19758757948875427
---------------------------------------------------------------
train episode:  75
eps in this episode is:  0.1
eps_wstart in this episode is:  0
action in this episode is:  [[33, 182, 92, 61, 105], [54, 162, 166, 196, 10], [58, 200, 197, 108, 177], [192, 72, 147, 73, 163]]
present:  [10, 33, 54, 58, 61, 92, 105, 108, 162, 166, 177, 182, 196, 197, 200]
episode total reward is:  20.462
secondary loss is:  2.6327157020568848
---------------------------------------------------------------
train episode:  76
eps in this episode is:  0.1
eps_wstart in this episode is:  0
action in this episode is:  [[61, 92, 182, 105, 166], [196, 54, 197, 108, 200], [177, 58, 72, 73, 163], [147, 192, 168, 176, 190]]
present:  [54, 58, 61, 72, 73, 92, 105, 108, 163, 166, 177, 182, 196, 197, 200]
episode total reward is:  20.325
secondary loss is:  0.9584541320800781
---------------------------------------------------------------
train episode:  77
eps in this episode is:  0.1
eps_wstart in this episode is:  0
action in this episode is:  [[75, 92, 61, 182, 105], [166, 196, 54, 108, 181], [197, 200, 58, 90, 177], [192, 72, 39, 147, 73]]
present:  [54, 58, 61, 75, 90, 92, 105, 108, 166, 177, 181, 182, 196, 197, 200]
episode total reward is:  20.717
secondary loss is:  0.12591280043125153
---------------------------------------------------------------
train episode:  78
eps in this episode is:  0.1
eps_wstart in this episode is:  0
action in this episode is:  [[92, 61, 182, 105, 166], [197, 196, 54, 200, 58], [108, 177, 192, 147, 72], [163, 73, 168, 176, 190]]
present:  [54, 58, 61, 72, 92, 105, 108, 147, 166, 177, 182, 192, 196, 197, 200]
episode total reward is:  20.347
secondary loss is:  0.2966325283050537
---------------------------------------------------------------
train episode:  79
eps in this episode is:  0.1
eps_wstart in this episode is:  0
action in this episode is:  [[92, 61, 182, 105, 108], [166, 196, 197, 30, 95], [54, 200, 58, 147, 28], [72, 170, 177, 190, 163]]
present:  [28, 30, 54, 58, 61, 92, 95, 105, 108, 147, 166, 182, 196, 197, 200]
episode total reward is:  21.57
secondary loss is:  3.2458033561706543
---------------------------------------------------------------
train episode:  80
eps in this episode is:  0.1
eps_wstart in this episode is:  0
action in this episode is:  [[92, 121, 61, 182, 105], [63, 166, 54, 196, 197], [108, 200, 58, 72, 177], [192, 176, 96, 147, 163]]
present:  [54, 58, 61, 63, 72, 92, 105, 108, 121, 166, 177, 182, 196, 197, 200]
episode total reward is:  20.641
secondary loss is:  3.0712838172912598
---------------------------------------------------------------
train episode:  81
eps in this episode is:  0.1
eps_wstart in this episode is:  0
action in this episode is:  [[61, 92, 182, 105, 166], [196, 200, 197, 108, 54], [58, 72, 160, 147, 66], [177, 163, 176, 39, 137]]
present:  [54, 58, 61, 66, 72, 92, 105, 108, 147, 160, 166, 182, 196, 197, 200]
episode total reward is:  20.474
secondary loss is:  1.0427217483520508
---------------------------------------------------------------
train episode:  82
eps in this episode is:  0.1
eps_wstart in this episode is:  0
action in this episode is:  [[184, 92, 61, 182, 105], [166, 196, 200, 54, 108], [197, 58, 192, 163, 73], [177, 72, 147, 190, 137]]
present:  [54, 58, 61, 73, 92, 105, 108, 163, 166, 182, 184, 192, 196, 197, 200]
episode total reward is:  20.334
secondary loss is:  1.956723690032959
---------------------------------------------------------------
train episode:  83
eps in this episode is:  0.1
eps_wstart in this episode is:  0
action in this episode is:  [[61, 16, 92, 182, 105], [196, 197, 166, 54, 67], [116, 200, 108, 58, 177], [72, 192, 53, 190, 20]]
present:  [16, 54, 58, 61, 67, 92, 105, 108, 116, 166, 177, 182, 196, 197, 200]
episode total reward is:  20.744
secondary loss is:  0.9648101329803467
---------------------------------------------------------------
train episode:  84
eps in this episode is:  0.1
eps_wstart in this episode is:  0
action in this episode is:  [[61, 92, 182, 105, 196], [54, 166, 200, 197, 58], [108, 72, 150, 177, 147], [163, 56, 79, 192, 73]]
present:  [54, 58, 61, 72, 92, 105, 108, 147, 150, 166, 177, 182, 196, 197, 200]
episode total reward is:  20.849
secondary loss is:  2.8757786750793457
---------------------------------------------------------------
train episode:  85
eps in this episode is:  0.1
eps_wstart in this episode is:  0
action in this episode is:  [[105, 92, 61, 182, 166], [54, 108, 196, 197, 100], [200, 58, 176, 163, 147], [177, 72, 192, 73, 168]]
present:  [54, 58, 61, 92, 100, 105, 108, 147, 163, 166, 176, 182, 196, 197, 200]
episode total reward is:  20.398
secondary loss is:  1.0751936435699463
---------------------------------------------------------------
train episode:  86
eps in this episode is:  0.1
eps_wstart in this episode is:  0
action in this episode is:  [[92, 89, 61, 182, 105], [166, 200, 95, 196, 197], [54, 58, 108, 177, 192], [72, 73, 147, 112, 163]]
present:  [54, 58, 61, 89, 92, 95, 105, 108, 166, 177, 182, 192, 196, 197, 200]
episode total reward is:  20.618
secondary loss is:  1.499891757965088
---------------------------------------------------------------
train episode:  87
eps in this episode is:  0.1
eps_wstart in this episode is:  0
action in this episode is:  [[92, 182, 61, 116, 105], [196, 54, 166, 58, 108], [197, 200, 177, 192, 168], [72, 73, 137, 147, 163]]
present:  [54, 58, 61, 92, 105, 108, 116, 166, 168, 177, 182, 192, 196, 197, 200]
episode total reward is:  20.459
secondary loss is:  3.401949405670166
---------------------------------------------------------------
train episode:  88
eps in this episode is:  0.1
eps_wstart in this episode is:  0
action in this episode is:  [[61, 92, 105, 182, 196], [54, 166, 200, 197, 58], [107, 108, 176, 73, 177], [147, 192, 162, 163, 168]]
present:  [54, 58, 61, 73, 92, 105, 107, 108, 166, 176, 177, 182, 196, 197, 200]
episode total reward is:  20.412
secondary loss is:  1.5928229093551636
---------------------------------------------------------------
train episode:  89
eps in this episode is:  0.1
eps_wstart in this episode is:  0
action in this episode is:  [[92, 61, 105, 182, 54], [166, 93, 196, 108, 58], [197, 177, 200, 72, 73], [147, 192, 163, 168, 176]]
present:  [54, 58, 61, 72, 73, 92, 93, 105, 108, 166, 177, 182, 196, 197, 200]
episode total reward is:  21.362
secondary loss is:  0.06762055307626724
---------------------------------------------------------------
train episode:  90
eps in this episode is:  0.1
eps_wstart in this episode is:  0
action in this episode is:  [[92, 61, 152, 182, 105], [166, 177, 54, 196, 58], [197, 200, 108, 192, 176], [163, 73, 72, 168, 55]]
present:  [54, 58, 61, 92, 105, 108, 152, 166, 176, 177, 182, 192, 196, 197, 200]
episode total reward is:  20.451
secondary loss is:  0.036124978214502335
---------------------------------------------------------------
train episode:  91
eps in this episode is:  0.1
eps_wstart in this episode is:  0
action in this episode is:  [[92, 182, 61, 105, 108], [177, 166, 196, 54, 58], [192, 197, 168, 200, 73], [72, 163, 147, 176, 190]]
present:  [54, 58, 61, 73, 92, 105, 108, 166, 168, 177, 182, 192, 196, 197, 200]
episode total reward is:  20.369
secondary loss is:  0.013050124980509281
---------------------------------------------------------------
train episode:  92
eps in this episode is:  0.1
eps_wstart in this episode is:  0
action in this episode is:  [[61, 92, 105, 182, 166], [54, 58, 108, 196, 177], [73, 197, 192, 200, 168], [72, 163, 147, 176, 113]]
present:  [54, 58, 61, 73, 92, 105, 108, 166, 168, 177, 182, 192, 196, 197, 200]
episode total reward is:  20.372
secondary loss is:  1.8019394874572754
---------------------------------------------------------------
train episode:  93
eps in this episode is:  0.1
eps_wstart in this episode is:  0
action in this episode is:  [[92, 105, 61, 182, 54], [166, 196, 174, 58, 108], [163, 168, 177, 197, 200], [73, 176, 122, 89, 72]]
present:  [54, 58, 61, 92, 105, 108, 163, 166, 168, 174, 177, 182, 196, 197, 200]
episode total reward is:  20.565
secondary loss is:  0.00035621217102743685
---------------------------------------------------------------
train episode:  94
eps in this episode is:  0.1
eps_wstart in this episode is:  0
action in this episode is:  [[61, 92, 150, 105, 182], [54, 166, 177, 196, 58], [108, 73, 197, 65, 72], [168, 200, 147, 192, 137]]
present:  [54, 58, 61, 65, 72, 73, 92, 105, 108, 150, 166, 177, 182, 196, 197]
episode total reward is:  20.366
secondary loss is:  1.432313323020935
---------------------------------------------------------------
train episode:  95
eps in this episode is:  0.1
eps_wstart in this episode is:  0
action in this episode is:  [[61, 105, 182, 92, 54], [108, 166, 197, 196, 58], [177, 73, 168, 200, 192], [176, 65, 72, 112, 163]]
present:  [54, 58, 61, 73, 92, 105, 108, 166, 168, 177, 182, 192, 196, 197, 200]
episode total reward is:  20.407
secondary loss is:  2.1983213424682617
---------------------------------------------------------------
train episode:  96
eps in this episode is:  0.1
eps_wstart in this episode is:  0
action in this episode is:  [[61, 182, 92, 105, 54], [196, 166, 108, 197, 58], [177, 73, 200, 168, 163], [192, 72, 147, 176, 65]]
present:  [54, 58, 61, 73, 92, 105, 108, 163, 166, 168, 177, 182, 196, 197, 200]
episode total reward is:  20.331
secondary loss is:  0.007633001543581486
---------------------------------------------------------------
train episode:  97
eps in this episode is:  0.1
eps_wstart in this episode is:  0
action in this episode is:  [[61, 92, 115, 105, 182], [166, 82, 54, 196, 197], [58, 108, 73, 125, 200], [177, 168, 72, 147, 176]]
present:  [54, 58, 61, 73, 82, 92, 105, 108, 115, 125, 166, 182, 196, 197, 200]
episode total reward is:  20.895
secondary loss is:  1.1794111728668213
---------------------------------------------------------------
train episode:  98
eps in this episode is:  0.1
eps_wstart in this episode is:  0
action in this episode is:  [[92, 61, 105, 182, 54], [108, 58, 166, 196, 173], [73, 132, 168, 197, 177], [200, 72, 176, 55, 147]]
present:  [54, 58, 61, 73, 92, 105, 108, 132, 166, 168, 173, 177, 182, 196, 197]
episode total reward is:  20.484
secondary loss is:  0.07726536691188812
---------------------------------------------------------------
train episode:  99
eps in this episode is:  0.1
eps_wstart in this episode is:  0
action in this episode is:  [[61, 92, 182, 105, 54], [58, 166, 108, 177, 196], [197, 73, 200, 72, 163], [168, 192, 176, 41, 147]]
present:  [54, 58, 61, 72, 73, 92, 105, 108, 163, 166, 177, 182, 196, 197, 200]
episode total reward is:  20.419
secondary loss is:  0.1978757083415985

---------------------------------------------------------------

runtime for training process is:  3356.8799386024475




testing
---------------------------------------------------------------
test episode:  0
action in this episode is:  [[61, 92, 105, 182, 54], [58, 166, 108, 197, 177], [196, 73, 192, 200, 168], [176, 72, 147, 137, 163]]
episode total reward is:  20.331
---------------------------------------------------------------
test episode:  1
action in this episode is:  [[61, 92, 105, 182, 54], [58, 166, 108, 197, 177], [196, 73, 192, 200, 168], [72, 147, 176, 137, 163]]
episode total reward is:  20.286
---------------------------------------------------------------
test episode:  2
action in this episode is:  [[61, 92, 105, 182, 54], [58, 166, 108, 197, 177], [196, 73, 192, 200, 168], [72, 147, 163, 176, 190]]
episode total reward is:  20.36
---------------------------------------------------------------
test episode:  3
action in this episode is:  [[61, 92, 105, 182, 54], [58, 166, 73, 108, 177], [197, 192, 196, 200, 147], [168, 65, 163, 72, 176]]
episode total reward is:  20.336
---------------------------------------------------------------
test episode:  4
action in this episode is:  [[61, 92, 105, 182, 54], [58, 166, 108, 197, 177], [196, 73, 192, 200, 168], [72, 147, 163, 176, 190]]
episode total reward is:  20.336
---------------------------------------------------------------
test episode:  5
action in this episode is:  [[61, 92, 105, 182, 54], [58, 166, 108, 197, 177], [196, 73, 192, 200, 168], [72, 147, 163, 176, 190]]
episode total reward is:  20.339
---------------------------------------------------------------
test episode:  6
action in this episode is:  [[61, 92, 105, 182, 54], [58, 166, 73, 108, 177], [197, 192, 196, 200, 147], [168, 72, 176, 137, 163]]
episode total reward is:  20.354
---------------------------------------------------------------
test episode:  7
action in this episode is:  [[61, 92, 105, 182, 54], [58, 166, 108, 197, 177], [196, 73, 192, 200, 168], [72, 147, 163, 176, 190]]
episode total reward is:  20.36
---------------------------------------------------------------
test episode:  8
action in this episode is:  [[61, 92, 105, 182, 54], [58, 166, 196, 108, 197], [177, 200, 73, 72, 147], [168, 192, 176, 65, 163]]
episode total reward is:  20.379
---------------------------------------------------------------
test episode:  9
action in this episode is:  [[61, 92, 105, 182, 54], [58, 166, 73, 108, 177], [197, 192, 196, 200, 147], [168, 72, 176, 137, 163]]
episode total reward is:  20.373
---------------------------------------------------------------
test episode:  10
action in this episode is:  [[61, 92, 105, 182, 54], [58, 166, 108, 197, 177], [196, 73, 192, 200, 168], [72, 147, 176, 137, 163]]
episode total reward is:  20.3
---------------------------------------------------------------
test episode:  11
action in this episode is:  [[61, 92, 105, 182, 54], [58, 166, 108, 197, 177], [196, 73, 192, 200, 168], [72, 176, 147, 137, 163]]
episode total reward is:  20.368
---------------------------------------------------------------
test episode:  12
action in this episode is:  [[61, 92, 105, 182, 54], [58, 166, 196, 108, 197], [177, 200, 73, 72, 147], [168, 192, 176, 163, 137]]
episode total reward is:  20.337
---------------------------------------------------------------
test episode:  13
action in this episode is:  [[61, 92, 105, 182, 54], [58, 166, 73, 108, 177], [197, 192, 196, 200, 147], [168, 65, 163, 176, 72]]
episode total reward is:  20.389
---------------------------------------------------------------
test episode:  14
action in this episode is:  [[61, 92, 105, 182, 54], [58, 166, 108, 197, 177], [196, 73, 192, 200, 168], [72, 147, 163, 176, 190]]
episode total reward is:  20.319
---------------------------------------------------------------
test episode:  15
action in this episode is:  [[61, 92, 105, 182, 54], [58, 166, 73, 108, 177], [197, 196, 72, 147, 200], [168, 192, 176, 163, 137]]
episode total reward is:  20.37
---------------------------------------------------------------
test episode:  16
action in this episode is:  [[61, 92, 105, 182, 54], [58, 166, 108, 197, 177], [196, 73, 192, 200, 168], [72, 147, 176, 137, 163]]
episode total reward is:  20.365
---------------------------------------------------------------
test episode:  17
action in this episode is:  [[61, 92, 105, 182, 54], [58, 166, 108, 197, 177], [196, 73, 72, 192, 200], [65, 163, 147, 79, 168]]
episode total reward is:  20.471
---------------------------------------------------------------
test episode:  18
action in this episode is:  [[61, 92, 105, 182, 54], [58, 166, 108, 197, 177], [196, 73, 192, 200, 168], [72, 147, 176, 137, 163]]
episode total reward is:  20.324
---------------------------------------------------------------
test episode:  19
action in this episode is:  [[61, 92, 105, 182, 54], [58, 166, 108, 197, 177], [196, 73, 72, 192, 200], [65, 163, 147, 79, 137]]
episode total reward is:  20.419
---------------------------------------------------------------
test episode:  20
action in this episode is:  [[61, 92, 105, 182, 54], [58, 166, 108, 197, 177], [196, 73, 192, 200, 168], [72, 147, 176, 137, 163]]
episode total reward is:  20.346
---------------------------------------------------------------
test episode:  21
action in this episode is:  [[61, 92, 105, 182, 54], [58, 166, 73, 108, 177], [197, 192, 196, 200, 147], [168, 65, 163, 72, 176]]
episode total reward is:  20.339
---------------------------------------------------------------
test episode:  22
action in this episode is:  [[61, 92, 105, 182, 54], [58, 166, 196, 108, 197], [177, 200, 192, 73, 72], [65, 163, 147, 79, 168]]
episode total reward is:  20.442
---------------------------------------------------------------
test episode:  23
action in this episode is:  [[61, 92, 105, 182, 54], [58, 166, 73, 108, 177], [197, 192, 196, 200, 147], [168, 65, 163, 72, 176]]
episode total reward is:  20.318
---------------------------------------------------------------
test episode:  24
action in this episode is:  [[61, 92, 105, 182, 54], [58, 166, 108, 197, 177], [196, 73, 192, 200, 168], [72, 147, 163, 176, 190]]
episode total reward is:  20.333
---------------------------------------------------------------
test episode:  25
action in this episode is:  [[61, 92, 105, 182, 54], [58, 166, 108, 197, 177], [196, 73, 192, 200, 168], [72, 147, 163, 176, 190]]
episode total reward is:  20.353
---------------------------------------------------------------
test episode:  26
action in this episode is:  [[61, 92, 105, 182, 54], [58, 166, 108, 197, 177], [196, 73, 192, 200, 168], [72, 147, 176, 137, 163]]
episode total reward is:  20.309
---------------------------------------------------------------
test episode:  27
action in this episode is:  [[61, 92, 105, 182, 54], [58, 166, 108, 197, 177], [196, 73, 192, 200, 168], [72, 147, 176, 137, 163]]
episode total reward is:  20.331
---------------------------------------------------------------
test episode:  28
action in this episode is:  [[61, 92, 105, 182, 54], [58, 166, 73, 108, 177], [197, 192, 196, 200, 147], [168, 72, 176, 79, 163]]
episode total reward is:  20.427
---------------------------------------------------------------
test episode:  29
action in this episode is:  [[61, 92, 105, 182, 54], [58, 166, 73, 108, 177], [197, 192, 196, 200, 147], [168, 65, 163, 72, 176]]
episode total reward is:  20.373
---------------------------------------------------------------
test episode:  30
action in this episode is:  [[61, 92, 105, 182, 54], [58, 166, 108, 197, 177], [196, 73, 192, 200, 168], [72, 147, 176, 137, 163]]
episode total reward is:  20.351
---------------------------------------------------------------
test episode:  31
action in this episode is:  [[61, 92, 105, 182, 54], [58, 166, 73, 108, 177], [197, 192, 196, 200, 147], [168, 65, 163, 72, 176]]
episode total reward is:  20.348
---------------------------------------------------------------
test episode:  32
action in this episode is:  [[61, 92, 105, 182, 54], [58, 166, 108, 197, 177], [196, 73, 192, 200, 168], [72, 147, 176, 137, 163]]
episode total reward is:  20.331
---------------------------------------------------------------
test episode:  33
action in this episode is:  [[61, 92, 105, 182, 54], [58, 166, 108, 197, 177], [196, 73, 192, 200, 168], [72, 147, 176, 137, 163]]
episode total reward is:  20.317
---------------------------------------------------------------
test episode:  34
action in this episode is:  [[61, 92, 105, 182, 54], [58, 166, 108, 197, 177], [196, 73, 192, 200, 168], [176, 72, 147, 137, 163]]
episode total reward is:  20.31
---------------------------------------------------------------
test episode:  35
action in this episode is:  [[61, 92, 105, 182, 54], [58, 166, 108, 197, 177], [196, 73, 192, 200, 168], [72, 147, 163, 176, 190]]
episode total reward is:  20.376
---------------------------------------------------------------
test episode:  36
action in this episode is:  [[61, 92, 105, 182, 54], [58, 166, 108, 197, 177], [196, 73, 192, 200, 168], [176, 72, 147, 137, 163]]
episode total reward is:  20.352
---------------------------------------------------------------
test episode:  37
action in this episode is:  [[61, 92, 105, 182, 54], [58, 166, 73, 108, 177], [197, 196, 72, 147, 200], [168, 192, 176, 163, 137]]
episode total reward is:  20.33
---------------------------------------------------------------
test episode:  38
action in this episode is:  [[61, 92, 105, 182, 54], [58, 166, 108, 197, 177], [196, 73, 192, 200, 168], [72, 147, 176, 137, 163]]
episode total reward is:  20.314
---------------------------------------------------------------
test episode:  39
action in this episode is:  [[61, 92, 105, 182, 54], [58, 166, 73, 108, 177], [197, 192, 196, 200, 147], [168, 65, 163, 176, 72]]
episode total reward is:  20.368
---------------------------------------------------------------
test episode:  40
action in this episode is:  [[61, 92, 105, 182, 54], [58, 166, 108, 197, 177], [196, 73, 192, 200, 168], [72, 147, 176, 137, 163]]
episode total reward is:  20.326
---------------------------------------------------------------
test episode:  41
action in this episode is:  [[61, 92, 105, 182, 54], [58, 166, 108, 197, 177], [196, 73, 192, 200, 168], [72, 147, 176, 137, 163]]
episode total reward is:  20.325
---------------------------------------------------------------
test episode:  42
action in this episode is:  [[61, 92, 105, 182, 54], [58, 166, 108, 197, 177], [196, 73, 192, 200, 168], [176, 72, 147, 137, 163]]
episode total reward is:  20.361
---------------------------------------------------------------
test episode:  43
action in this episode is:  [[61, 92, 105, 182, 54], [58, 166, 196, 108, 197], [177, 200, 73, 147, 168], [72, 163, 192, 176, 55]]
episode total reward is:  20.367
---------------------------------------------------------------
test episode:  44
action in this episode is:  [[61, 92, 105, 182, 54], [58, 166, 196, 108, 197], [177, 200, 192, 73, 72], [65, 163, 147, 168, 176]]
episode total reward is:  20.383
---------------------------------------------------------------
test episode:  45
action in this episode is:  [[61, 92, 105, 182, 54], [58, 166, 108, 197, 177], [196, 73, 192, 200, 168], [72, 147, 163, 176, 190]]
episode total reward is:  20.329
---------------------------------------------------------------
test episode:  46
action in this episode is:  [[61, 92, 105, 182, 54], [58, 166, 108, 197, 177], [196, 73, 192, 200, 168], [72, 147, 176, 137, 163]]
episode total reward is:  20.317
---------------------------------------------------------------
test episode:  47
action in this episode is:  [[61, 92, 105, 182, 54], [58, 166, 108, 197, 177], [196, 73, 72, 192, 200], [65, 163, 147, 79, 168]]
episode total reward is:  20.428
---------------------------------------------------------------
test episode:  48
action in this episode is:  [[61, 92, 105, 182, 54], [58, 166, 196, 108, 197], [177, 200, 73, 72, 147], [168, 192, 176, 163, 137]]
episode total reward is:  20.35
---------------------------------------------------------------
test episode:  49
action in this episode is:  [[61, 92, 105, 182, 54], [58, 166, 73, 108, 177], [197, 196, 72, 147, 200], [168, 192, 176, 163, 137]]
episode total reward is:  20.356

---------------------------------------------------------------

average reward: 20.35252
reward std: 0.03659084038389941
