chosen graph:  India
#nodes:  202
#edges:  692
cascade model is:  SC
device is:  cuda
---------------------------------------------------------------
train episode:  0
eps in this episode is:  0.3
eps_wstart in this episode is:  0.295
using warm-start actions
choosing lazy_ada_greedy
using warm-start actions
choosing lazy_ada_greedy
using warm-start actions
choosing lazy_ada_greedy
using warm-start actions
choosing lazy_ada_greedy
action in this episode is:  [[160, 2, 82, 153, 30], [1, 49, 156, 93, 62], [164, 12, 115, 59, 63], [8, 110, 111, 83, 126]]
present:  [1, 2, 12, 30, 49, 59, 62, 63, 82, 93, 115, 153, 156, 160, 164]
episode total reward is:  37.88
---------------------------------------------------------------
train episode:  1
eps in this episode is:  0.295
eps_wstart in this episode is:  0.29
using warm-start actions
choosing random
using warm-start actions
choosing lazy_ada_greedy
using warm-start actions
choosing lazy_ada_greedy
using warm-start actions
choosing lazy_ada_greedy
action in this episode is:  [[87, 112, 88, 153, 151], [160, 1, 82, 93, 30], [2, 42, 49, 83, 62], [12, 81, 59, 189, 63]]
present:  [1, 2, 30, 42, 49, 62, 82, 83, 87, 88, 93, 112, 151, 153, 160]
episode total reward is:  37.622
---------------------------------------------------------------
train episode:  2
eps in this episode is:  0.29
eps_wstart in this episode is:  0.285
using warm-start actions
choosing random
using warm-start actions
choosing lazy_ada_greedy
using warm-start actions
choosing lazy_ada_greedy
using warm-start actions
choosing max degree
action in this episode is:  [[80, 100, 72, 36, 136], [1, 49, 82, 93, 30], [160, 2, 12, 153, 62], [83, 59, 50, 24, 95]]
present:  [1, 2, 12, 30, 36, 49, 62, 72, 80, 82, 93, 100, 136, 153, 160]
episode total reward is:  37.186
---------------------------------------------------------------
train episode:  3
eps in this episode is:  0.285
eps_wstart in this episode is:  0.27999999999999997
using warm-start actions
choosing lazy_ada_greedy
using warm-start actions
choosing random
using warm-start actions
choosing lazy_ada_greedy
using warm-start actions
choosing random
action in this episode is:  [[1, 82, 153, 93, 30], [92, 160, 54, 112, 111], [12, 141, 49, 56, 62], [78, 195, 135, 67, 172]]
present:  [1, 12, 30, 49, 54, 56, 62, 82, 92, 93, 111, 112, 141, 153, 160]
episode total reward is:  30.228
---------------------------------------------------------------
train episode:  4
eps in this episode is:  0.27999999999999997
eps_wstart in this episode is:  0.27499999999999997
using warm-start actions
choosing max degree
using warm-start actions
choosing max degree
using warm-start actions
choosing lazy_ada_greedy
using warm-start actions
choosing lazy_ada_greedy
action in this episode is:  [[62, 83, 59, 93, 50], [24, 95, 82, 9, 178], [160, 1, 49, 153, 30], [2, 8, 42, 74, 12]]
present:  [1, 9, 24, 30, 49, 50, 59, 62, 82, 83, 93, 95, 153, 160, 178]
episode total reward is:  41.347
---------------------------------------------------------------
train episode:  5
eps in this episode is:  0.27499999999999997
eps_wstart in this episode is:  0.26999999999999996
using warm-start actions
choosing max degree
using warm-start actions
choosing max degree
using warm-start actions
choosing max degree
using warm-start actions
choosing lazy_ada_greedy
action in this episode is:  [[62, 83, 59, 93, 50], [24, 95, 82, 9, 178], [6, 91, 110, 141, 13], [2, 12, 49, 153, 30]]
present:  [6, 9, 13, 24, 50, 59, 62, 82, 83, 91, 93, 95, 110, 141, 178]
episode total reward is:  41.549
---------------------------------------------------------------
train episode:  6
eps in this episode is:  0.27
eps_wstart in this episode is:  0.26499999999999996
using warm-start actions
choosing random
using warm-start actions
choosing lazy_ada_greedy
using warm-start actions
choosing lazy_ada_greedy
using warm-start actions
choosing random
action in this episode is:  [[33, 109, 143, 25, 138], [160, 1, 82, 153, 62], [2, 12, 49, 93, 63], [73, 141, 131, 135, 199]]
present:  [1, 2, 12, 25, 33, 49, 62, 63, 82, 93, 109, 138, 143, 153, 160]
episode total reward is:  32.506
---------------------------------------------------------------
train episode:  7
eps in this episode is:  0.265
eps_wstart in this episode is:  0.25999999999999995
using warm-start actions
choosing lazy_ada_greedy
using warm-start actions
choosing random
using warm-start actions
choosing lazy_ada_greedy
using warm-start actions
choosing max degree
action in this episode is:  [[12, 82, 153, 93, 30], [160, 101, 163, 35, 196], [1, 74, 49, 62, 63], [83, 59, 50, 24, 95]]
present:  [1, 12, 30, 35, 49, 62, 63, 74, 82, 93, 101, 153, 160, 163, 196]
episode total reward is:  37.333
---------------------------------------------------------------
train episode:  8
eps in this episode is:  0.26
eps_wstart in this episode is:  0.25499999999999995
using warm-start actions
choosing lazy_ada_greedy
using warm-start actions
choosing random
using warm-start actions
choosing random
using warm-start actions
choosing random
action in this episode is:  [[160, 1, 82, 153, 30], [100, 165, 171, 11, 199], [6, 177, 62, 141, 92], [181, 10, 200, 156, 113]]
present:  [1, 6, 11, 30, 62, 82, 92, 100, 141, 153, 160, 165, 171, 177, 199]
episode total reward is:  26.662
---------------------------------------------------------------
train episode:  9
eps in this episode is:  0.255
eps_wstart in this episode is:  0.24999999999999994
using warm-start actions
choosing lazy_ada_greedy
using warm-start actions
choosing lazy_ada_greedy
using warm-start actions
choosing lazy_ada_greedy
using warm-start actions
choosing random
action in this episode is:  [[1, 82, 153, 93, 30], [160, 49, 156, 62, 63], [129, 2, 74, 81, 83], [76, 198, 106, 70, 193]]
present:  [1, 2, 30, 49, 62, 63, 74, 81, 82, 83, 93, 129, 153, 156, 160]
episode total reward is:  33.877
---------------------------------------------------------------
train episode:  10
eps in this episode is:  0.25
eps_wstart in this episode is:  0.24499999999999994
using warm-start actions
choosing lazy_ada_greedy
using warm-start actions
choosing lazy_ada_greedy
using warm-start actions
choosing random
using warm-start actions
choosing random
action in this episode is:  [[160, 1, 82, 153, 30], [2, 49, 93, 62, 63], [145, 125, 97, 42, 88], [100, 102, 196, 47, 17]]
present:  [1, 2, 30, 42, 49, 62, 63, 82, 88, 93, 97, 125, 145, 153, 160]
episode total reward is:  32.334
---------------------------------------------------------------
train episode:  11
eps in this episode is:  0.245
eps_wstart in this episode is:  0.23999999999999994
using warm-start actions
choosing lazy_ada_greedy
using warm-start actions
choosing lazy_ada_greedy
using warm-start actions
choosing lazy_ada_greedy
using warm-start actions
choosing max degree
action in this episode is:  [[1, 82, 153, 93, 30], [160, 49, 83, 62, 63], [2, 167, 42, 12, 156], [59, 50, 24, 95, 9]]
present:  [1, 2, 12, 30, 42, 49, 62, 63, 82, 83, 93, 153, 156, 160, 167]
episode total reward is:  42.385
---------------------------------------------------------------
train episode:  12
eps in this episode is:  0.24
eps_wstart in this episode is:  0.23499999999999993
using warm-start actions
choosing random
using warm-start actions
choosing lazy_ada_greedy
using warm-start actions
choosing lazy_ada_greedy
using warm-start actions
choosing max degree
action in this episode is:  [[116, 149, 10, 180, 116], [160, 82, 153, 93, 30], [1, 2, 12, 49, 62], [83, 59, 50, 24, 95]]
present:  [1, 2, 10, 12, 30, 49, 62, 82, 93, 116, 149, 153, 160, 180]
episode total reward is:  35.923
secondary loss is:  678.95263671875
---------------------------------------------------------------
train episode:  13
eps in this episode is:  0.235
eps_wstart in this episode is:  0.22999999999999993
choosing max degree
action in this episode is:  [[16, 83, 59, 62, 93], [50, 24, 95, 82, 9], [2, 14, 178, 110, 103], [190, 60, 141, 6, 107]]
present:  [2, 9, 14, 16, 24, 50, 59, 62, 82, 83, 93, 95, 103, 110, 178]
episode total reward is:  37.762
secondary loss is:  491.6527099609375
---------------------------------------------------------------
train episode:  14
eps in this episode is:  0.22999999999999998
eps_wstart in this episode is:  0.22499999999999992
action in this episode is:  [[17, 83, 59, 62, 93], [51, 82, 2, 50, 24], [178, 110, 9, 95, 6], [60, 13, 103, 156, 141]]
present:  [2, 6, 9, 17, 24, 50, 51, 59, 62, 82, 83, 93, 95, 110, 178]
episode total reward is:  40.568
secondary loss is:  320.94915771484375
---------------------------------------------------------------
train episode:  15
eps in this episode is:  0.22499999999999998
eps_wstart in this episode is:  0.21999999999999992
choosing lazy_ada_greedy
action in this episode is:  [[83, 59, 62, 93, 82], [160, 1, 49, 153, 30], [50, 2, 24, 178, 9], [47, 110, 95, 6, 13]]
present:  [1, 2, 9, 24, 30, 49, 50, 59, 62, 82, 83, 93, 153, 160, 178]
episode total reward is:  39.32
secondary loss is:  256.30352783203125
---------------------------------------------------------------
train episode:  16
eps in this episode is:  0.21999999999999997
eps_wstart in this episode is:  0.2149999999999999
action in this episode is:  [[83, 59, 62, 93, 176], [39, 82, 2, 50, 24], [178, 9, 20, 110, 95], [60, 6, 94, 13, 103]]
present:  [2, 9, 20, 24, 39, 50, 59, 62, 82, 83, 93, 95, 110, 176, 178]
episode total reward is:  40.274
secondary loss is:  343.5758361816406
---------------------------------------------------------------
train episode:  17
eps in this episode is:  0.21499999999999997
eps_wstart in this episode is:  0.2099999999999999
action in this episode is:  [[83, 62, 59, 93, 82], [2, 10, 107, 49, 50], [24, 178, 110, 9, 95], [44, 6, 60, 13, 141]]
present:  [2, 9, 10, 24, 49, 50, 59, 62, 82, 83, 93, 95, 107, 110, 178]
episode total reward is:  40.963
secondary loss is:  226.89535522460938
---------------------------------------------------------------
train episode:  18
eps in this episode is:  0.21
eps_wstart in this episode is:  0.2049999999999999
action in this episode is:  [[83, 59, 62, 93, 82], [2, 50, 85, 24, 178], [113, 110, 9, 95, 6], [13, 146, 60, 141, 81]]
present:  [2, 6, 9, 24, 50, 59, 62, 82, 83, 85, 93, 95, 110, 113, 178]
episode total reward is:  40.189
secondary loss is:  261.72125244140625
---------------------------------------------------------------
train episode:  19
eps in this episode is:  0.205
eps_wstart in this episode is:  0.1999999999999999
choosing random
action in this episode is:  [[83, 59, 62, 93, 82], [38, 2, 43, 50, 24], [178, 9, 154, 110, 95], [172, 169, 69, 179, 52]]
present:  [2, 9, 24, 38, 43, 50, 59, 62, 82, 83, 93, 95, 110, 154, 178]
episode total reward is:  34.774
secondary loss is:  250.52120971679688
---------------------------------------------------------------
train episode:  20
eps in this episode is:  0.19999999999999998
eps_wstart in this episode is:  0.1949999999999999
action in this episode is:  [[83, 59, 105, 62, 93], [82, 26, 2, 50, 31], [144, 24, 48, 178, 106], [110, 9, 45, 6, 13]]
present:  [2, 24, 26, 31, 48, 50, 59, 62, 82, 83, 93, 105, 106, 144, 178]
episode total reward is:  34.01
secondary loss is:  275.4315185546875
---------------------------------------------------------------
train episode:  21
eps in this episode is:  0.195
eps_wstart in this episode is:  0.1899999999999999
action in this episode is:  [[28, 152, 83, 164, 59], [97, 62, 93, 82, 50], [2, 24, 151, 178, 110], [9, 95, 6, 36, 61]]
present:  [2, 24, 28, 50, 59, 62, 82, 83, 93, 97, 110, 151, 152, 164, 178]
episode total reward is:  35.072
secondary loss is:  241.89996337890625
---------------------------------------------------------------
train episode:  22
eps in this episode is:  0.19
eps_wstart in this episode is:  0.1849999999999999
action in this episode is:  [[83, 59, 62, 93, 82], [2, 139, 50, 24, 178], [74, 110, 192, 9, 120], [95, 6, 60, 13, 141]]
present:  [2, 9, 24, 50, 59, 62, 74, 82, 83, 93, 110, 120, 139, 178, 192]
episode total reward is:  39.325
secondary loss is:  117.52470397949219
---------------------------------------------------------------
train episode:  23
eps in this episode is:  0.185
eps_wstart in this episode is:  0.17999999999999988
choosing random
action in this episode is:  [[5, 181, 95, 108, 43], [83, 59, 62, 93, 82], [2, 129, 24, 50, 178], [110, 9, 60, 103, 45]]
present:  [2, 5, 24, 43, 50, 59, 62, 82, 83, 93, 95, 108, 129, 178, 181]
episode total reward is:  36.068
secondary loss is:  167.51531982421875
---------------------------------------------------------------
train episode:  24
eps in this episode is:  0.18
eps_wstart in this episode is:  0.17499999999999988
choosing lazy_ada_greedy
action in this episode is:  [[83, 59, 62, 93, 82], [2, 50, 24, 178, 95], [160, 12, 49, 153, 30], [9, 110, 60, 6, 13]]
present:  [2, 12, 24, 30, 49, 50, 59, 62, 82, 83, 93, 95, 153, 160, 178]
episode total reward is:  42.594
secondary loss is:  57.720916748046875
---------------------------------------------------------------
train episode:  25
eps in this episode is:  0.175
eps_wstart in this episode is:  0.16999999999999987
choosing lazy_ada_greedy
action in this episode is:  [[83, 59, 62, 93, 82], [2, 50, 24, 178, 95], [1, 74, 153, 30, 63], [9, 80, 110, 60, 131]]
present:  [1, 2, 24, 30, 50, 59, 62, 63, 74, 82, 83, 93, 95, 153, 178]
episode total reward is:  41.949
secondary loss is:  125.1734848022461
---------------------------------------------------------------
train episode:  26
eps in this episode is:  0.16999999999999998
eps_wstart in this episode is:  0.16499999999999987
choosing lazy_ada_greedy
action in this episode is:  [[160, 1, 82, 93, 30], [83, 59, 62, 26, 50], [58, 24, 2, 178, 6], [110, 95, 9, 103, 130]]
present:  [1, 2, 6, 24, 26, 30, 50, 58, 59, 62, 82, 83, 93, 160, 178]
episode total reward is:  37.311
secondary loss is:  85.83296966552734
---------------------------------------------------------------
train episode:  27
eps in this episode is:  0.16499999999999998
eps_wstart in this episode is:  0.15999999999999986
action in this episode is:  [[104, 83, 59, 62, 93], [82, 2, 50, 24, 178], [9, 110, 23, 95, 60], [13, 141, 6, 103, 156]]
present:  [2, 9, 23, 24, 50, 59, 60, 62, 82, 83, 93, 95, 104, 110, 178]
episode total reward is:  39.838
secondary loss is:  70.34431457519531
---------------------------------------------------------------
train episode:  28
eps in this episode is:  0.15999999999999998
eps_wstart in this episode is:  0.15499999999999986
action in this episode is:  [[83, 59, 62, 93, 82], [2, 50, 24, 178, 95], [9, 110, 60, 6, 13], [141, 103, 156, 12, 91]]
present:  [2, 6, 9, 13, 24, 50, 59, 60, 62, 82, 83, 93, 95, 110, 178]
episode total reward is:  42.127
secondary loss is:  55.12377166748047
---------------------------------------------------------------
train episode:  29
eps in this episode is:  0.155
eps_wstart in this episode is:  0.14999999999999986
choosing random
choosing lazy_ada_greedy
action in this episode is:  [[66, 169, 152, 178, 182], [83, 59, 62, 93, 39], [2, 12, 82, 153, 30], [50, 24, 9, 110, 6]]
present:  [2, 12, 30, 39, 59, 62, 66, 82, 83, 93, 152, 153, 169, 178, 182]
episode total reward is:  36.642
secondary loss is:  78.84486389160156
---------------------------------------------------------------
train episode:  30
eps in this episode is:  0.15
eps_wstart in this episode is:  0.14499999999999985
action in this episode is:  [[83, 59, 62, 93, 82], [21, 2, 50, 24, 178], [9, 110, 81, 60, 95], [141, 139, 13, 6, 156]]
present:  [2, 9, 21, 24, 50, 59, 60, 62, 81, 82, 83, 93, 95, 110, 178]
episode total reward is:  39.412
secondary loss is:  28.902650833129883
---------------------------------------------------------------
train episode:  31
eps in this episode is:  0.145
eps_wstart in this episode is:  0.13999999999999985
choosing lazy_ada_greedy
action in this episode is:  [[83, 59, 62, 38, 93], [82, 2, 24, 50, 178], [9, 14, 110, 60, 95], [160, 49, 153, 156, 30]]
present:  [2, 9, 14, 24, 38, 50, 59, 60, 62, 82, 83, 93, 95, 110, 178]
episode total reward is:  40.962
secondary loss is:  29.920330047607422
---------------------------------------------------------------
train episode:  32
eps in this episode is:  0.13999999999999999
eps_wstart in this episode is:  0.13499999999999984
choosing lazy_ada_greedy
choosing lazy_ada_greedy
action in this episode is:  [[196, 83, 152, 59, 62], [160, 82, 153, 93, 63], [2, 24, 50, 178, 95], [199, 74, 12, 49, 30]]
present:  [2, 24, 50, 59, 62, 63, 82, 83, 93, 95, 152, 153, 160, 178, 196]
episode total reward is:  41.401
secondary loss is:  36.18964385986328
---------------------------------------------------------------
train episode:  33
eps in this episode is:  0.13499999999999998
eps_wstart in this episode is:  0.12999999999999984
choosing lazy_ada_greedy
choosing max degree
action in this episode is:  [[1, 82, 153, 93, 62], [83, 59, 50, 24, 95], [2, 178, 9, 110, 60], [127, 6, 141, 13, 12]]
present:  [1, 2, 9, 24, 50, 59, 60, 62, 82, 83, 93, 95, 110, 153, 178]
episode total reward is:  40.187
secondary loss is:  17.14620590209961
---------------------------------------------------------------
train episode:  34
eps in this episode is:  0.12999999999999998
eps_wstart in this episode is:  0.12499999999999983
choosing lazy_ada_greedy
action in this episode is:  [[83, 59, 62, 93, 82], [160, 12, 153, 30, 63], [2, 24, 50, 178, 95], [9, 60, 6, 13, 110]]
present:  [2, 12, 24, 30, 50, 59, 62, 63, 82, 83, 93, 95, 153, 160, 178]
episode total reward is:  44.276
secondary loss is:  13.998785018920898
---------------------------------------------------------------
train episode:  35
eps in this episode is:  0.12499999999999997
eps_wstart in this episode is:  0.11999999999999983
choosing max degree
action in this episode is:  [[83, 59, 62, 93, 2], [24, 82, 50, 178, 95], [9, 60, 110, 6, 13], [91, 141, 75, 156, 22]]
present:  [2, 6, 9, 13, 24, 50, 59, 60, 62, 82, 83, 93, 95, 110, 178]
episode total reward is:  42.013
secondary loss is:  13.731319427490234
---------------------------------------------------------------
train episode:  36
eps in this episode is:  0.12
eps_wstart in this episode is:  0.11499999999999982
choosing lazy_ada_greedy
action in this episode is:  [[160, 1, 82, 93, 30], [83, 59, 62, 50, 24], [178, 2, 9, 60, 95], [58, 103, 110, 6, 141]]
present:  [1, 2, 9, 24, 30, 50, 59, 60, 62, 82, 83, 93, 95, 160, 178]
episode total reward is:  38.808
secondary loss is:  6.745224952697754
---------------------------------------------------------------
train episode:  37
eps in this episode is:  0.11499999999999999
eps_wstart in this episode is:  0.10999999999999982
action in this episode is:  [[83, 59, 79, 62, 93], [2, 82, 24, 50, 178], [9, 108, 110, 161, 95], [6, 12, 60, 141, 13]]
present:  [2, 9, 24, 50, 59, 62, 79, 82, 83, 93, 95, 108, 110, 161, 178]
episode total reward is:  38.661
secondary loss is:  6.237165927886963
---------------------------------------------------------------
train episode:  38
eps in this episode is:  0.10999999999999999
eps_wstart in this episode is:  0.10499999999999982
action in this episode is:  [[83, 59, 81, 62, 93], [24, 82, 2, 50, 16], [178, 95, 25, 60, 9], [110, 141, 12, 6, 156]]
present:  [2, 9, 16, 24, 25, 50, 59, 60, 62, 81, 82, 83, 93, 95, 178]
episode total reward is:  41.729
secondary loss is:  3.775907516479492
---------------------------------------------------------------
train episode:  39
eps in this episode is:  0.10499999999999998
eps_wstart in this episode is:  0.09999999999999981
action in this episode is:  [[83, 59, 62, 93, 82], [2, 24, 50, 178, 95], [9, 60, 173, 110, 6], [141, 12, 13, 103, 156]]
present:  [2, 6, 9, 24, 50, 59, 60, 62, 82, 83, 93, 95, 110, 173, 178]
episode total reward is:  41.543
secondary loss is:  2.88177490234375
---------------------------------------------------------------
train episode:  40
eps in this episode is:  0.1
eps_wstart in this episode is:  0.0949999999999998
action in this episode is:  [[59, 83, 62, 93, 82], [2, 24, 50, 95, 178], [9, 60, 6, 110, 13], [12, 141, 156, 105, 103]]
present:  [2, 6, 9, 13, 24, 50, 59, 60, 62, 82, 83, 93, 95, 110, 178]
episode total reward is:  40.344
secondary loss is:  0.9952293634414673
---------------------------------------------------------------
train episode:  41
eps in this episode is:  0.1
eps_wstart in this episode is:  0.0899999999999998
choosing lazy_ada_greedy
choosing lazy_ada_greedy
action in this episode is:  [[83, 76, 59, 62, 93], [1, 42, 82, 30, 63], [49, 24, 50, 95, 2], [160, 129, 8, 12, 153]]
present:  [1, 2, 24, 30, 42, 49, 50, 59, 62, 63, 76, 82, 83, 93, 95]
episode total reward is:  41.836
secondary loss is:  1.3060541152954102
---------------------------------------------------------------
train episode:  42
eps in this episode is:  0.1
eps_wstart in this episode is:  0.0849999999999998
choosing max degree
action in this episode is:  [[62, 83, 59, 93, 50], [2, 24, 82, 178, 95], [9, 51, 60, 110, 6], [141, 96, 12, 13, 156]]
present:  [2, 6, 9, 24, 50, 51, 59, 60, 62, 82, 83, 93, 95, 110, 178]
episode total reward is:  41.062
secondary loss is:  0.7493892312049866
---------------------------------------------------------------
train episode:  43
eps in this episode is:  0.1
eps_wstart in this episode is:  0.0799999999999998
action in this episode is:  [[83, 59, 62, 93, 82], [2, 24, 50, 178, 95], [9, 60, 6, 110, 12], [141, 13, 156, 91, 103]]
present:  [2, 6, 9, 12, 24, 50, 59, 60, 62, 82, 83, 93, 95, 110, 178]
episode total reward is:  42.217
secondary loss is:  0.9445922374725342
---------------------------------------------------------------
train episode:  44
eps in this episode is:  0.1
eps_wstart in this episode is:  0.07499999999999979
choosing max degree
action in this episode is:  [[62, 83, 59, 93, 50], [2, 82, 24, 178, 95], [9, 60, 6, 110, 13], [141, 12, 156, 49, 91]]
present:  [2, 6, 9, 13, 24, 50, 59, 60, 62, 82, 83, 93, 95, 110, 178]
episode total reward is:  43.195
secondary loss is:  0.8248649835586548
---------------------------------------------------------------
train episode:  45
eps in this episode is:  0.1
eps_wstart in this episode is:  0.06999999999999978
choosing max degree
action in this episode is:  [[81, 83, 59, 62, 93], [194, 24, 2, 50, 82], [95, 9, 178, 6, 91], [60, 110, 141, 13, 156]]
present:  [2, 6, 9, 24, 50, 59, 62, 81, 82, 83, 91, 93, 95, 178, 194]
episode total reward is:  41.189
secondary loss is:  1.8766227960586548
---------------------------------------------------------------
train episode:  46
eps in this episode is:  0.1
eps_wstart in this episode is:  0.06499999999999978
action in this episode is:  [[83, 59, 62, 93, 50], [2, 82, 24, 178, 95], [9, 60, 6, 13, 110], [141, 12, 156, 91, 136]]
present:  [2, 6, 9, 13, 24, 50, 59, 60, 62, 82, 83, 93, 95, 110, 178]
episode total reward is:  42.833
secondary loss is:  1.365865707397461
---------------------------------------------------------------
train episode:  47
eps in this episode is:  0.1
eps_wstart in this episode is:  0.05999999999999978
action in this episode is:  [[59, 83, 62, 93, 50], [128, 82, 2, 24, 178], [60, 9, 6, 95, 141], [110, 12, 13, 22, 136]]
present:  [2, 6, 9, 24, 50, 59, 60, 62, 82, 83, 93, 95, 128, 141, 178]
episode total reward is:  41.489
secondary loss is:  3.2430930137634277
---------------------------------------------------------------
train episode:  48
eps in this episode is:  0.1
eps_wstart in this episode is:  0.054999999999999785
action in this episode is:  [[83, 59, 62, 93, 50], [2, 82, 24, 178, 6], [60, 110, 9, 95, 12], [141, 13, 156, 91, 103]]
present:  [2, 6, 9, 12, 24, 50, 59, 60, 62, 82, 83, 93, 95, 110, 178]
episode total reward is:  41.852
secondary loss is:  2.298740863800049
---------------------------------------------------------------
train episode:  49
eps in this episode is:  0.1
eps_wstart in this episode is:  0.04999999999999979
action in this episode is:  [[83, 59, 62, 93, 52], [2, 152, 24, 92, 163], [50, 178, 82, 95, 9], [110, 60, 6, 103, 12]]
present:  [2, 9, 24, 50, 52, 59, 62, 82, 83, 92, 93, 95, 152, 163, 178]
episode total reward is:  35.652
secondary loss is:  3.038400650024414
---------------------------------------------------------------
train episode:  50
eps in this episode is:  0.1
eps_wstart in this episode is:  0.04499999999999979
action in this episode is:  [[147, 142, 59, 83, 62], [93, 2, 50, 82, 24], [178, 9, 60, 95, 6], [110, 12, 13, 103, 136]]
present:  [2, 6, 9, 24, 50, 59, 60, 62, 82, 83, 93, 95, 142, 147, 178]
episode total reward is:  38.945
secondary loss is:  5.408943176269531
---------------------------------------------------------------
train episode:  51
eps in this episode is:  0.1
eps_wstart in this episode is:  0.03999999999999979
action in this episode is:  [[83, 59, 62, 93, 82], [2, 24, 50, 99, 95], [178, 60, 9, 110, 6], [12, 141, 27, 174, 156]]
present:  [2, 6, 9, 24, 50, 59, 60, 62, 82, 83, 93, 95, 99, 110, 178]
episode total reward is:  41.011
secondary loss is:  1.2250521183013916
---------------------------------------------------------------
train episode:  52
eps in this episode is:  0.1
eps_wstart in this episode is:  0.034999999999999795
action in this episode is:  [[83, 59, 103, 62, 93], [2, 44, 48, 24, 50], [82, 25, 108, 137, 178], [60, 95, 6, 141, 9]]
present:  [2, 24, 25, 44, 48, 50, 59, 62, 82, 83, 93, 103, 108, 137, 178]
episode total reward is:  36.283
secondary loss is:  7.426164150238037
---------------------------------------------------------------
train episode:  53
eps in this episode is:  0.1
eps_wstart in this episode is:  0.029999999999999794
action in this episode is:  [[83, 59, 62, 93, 50], [2, 82, 24, 178, 95], [9, 60, 6, 110, 141], [12, 13, 68, 156, 91]]
present:  [2, 6, 9, 24, 50, 59, 60, 62, 82, 83, 93, 95, 110, 141, 178]
episode total reward is:  43.419
secondary loss is:  4.315009117126465
---------------------------------------------------------------
train episode:  54
eps in this episode is:  0.1
eps_wstart in this episode is:  0.024999999999999793
action in this episode is:  [[59, 83, 62, 93, 82], [106, 24, 2, 161, 50], [178, 60, 9, 95, 141], [12, 6, 7, 110, 13]]
present:  [2, 9, 24, 50, 59, 60, 62, 82, 83, 93, 95, 106, 141, 161, 178]
episode total reward is:  40.74
secondary loss is:  5.236047267913818
---------------------------------------------------------------
train episode:  55
eps in this episode is:  0.1
eps_wstart in this episode is:  0.019999999999999792
action in this episode is:  [[83, 59, 62, 93, 50], [24, 2, 82, 148, 178], [9, 6, 60, 95, 110], [12, 81, 141, 156, 13]]
present:  [2, 6, 9, 24, 50, 59, 60, 62, 82, 83, 93, 95, 110, 148, 178]
episode total reward is:  42.403
secondary loss is:  3.460693120956421
---------------------------------------------------------------
train episode:  56
eps in this episode is:  0.1
eps_wstart in this episode is:  0.014999999999999791
action in this episode is:  [[83, 59, 62, 93, 162], [2, 24, 50, 128, 82], [178, 95, 60, 9, 6], [141, 110, 13, 156, 12]]
present:  [2, 6, 9, 24, 50, 59, 60, 62, 82, 83, 93, 95, 128, 162, 178]
episode total reward is:  40.774
secondary loss is:  4.040440082550049
---------------------------------------------------------------
train episode:  57
eps in this episode is:  0.1
eps_wstart in this episode is:  0.00999999999999979
action in this episode is:  [[83, 59, 62, 93, 50], [2, 24, 82, 178, 60], [95, 110, 6, 9, 12], [141, 156, 13, 7, 103]]
present:  [2, 6, 9, 12, 24, 50, 59, 60, 62, 82, 83, 93, 95, 110, 178]
episode total reward is:  41.87
secondary loss is:  3.9763545989990234
---------------------------------------------------------------
train episode:  58
eps in this episode is:  0.1
eps_wstart in this episode is:  0.00499999999999979
action in this episode is:  [[83, 59, 62, 93, 50], [2, 24, 82, 178, 6], [9, 60, 95, 12, 110], [141, 13, 156, 103, 7]]
present:  [2, 6, 9, 12, 24, 50, 59, 60, 62, 82, 83, 93, 95, 110, 178]
episode total reward is:  41.56
secondary loss is:  1.2433345317840576
---------------------------------------------------------------
train episode:  59
eps in this episode is:  0.1
eps_wstart in this episode is:  0
action in this episode is:  [[83, 59, 62, 93, 50], [2, 24, 82, 178, 6], [9, 60, 95, 110, 132], [12, 141, 105, 13, 7]]
present:  [2, 6, 9, 24, 50, 59, 60, 62, 82, 83, 93, 95, 110, 132, 178]
episode total reward is:  39.049
secondary loss is:  6.503066539764404
---------------------------------------------------------------
train episode:  60
eps in this episode is:  0.1
eps_wstart in this episode is:  0
action in this episode is:  [[59, 83, 62, 93, 154], [24, 58, 50, 82, 178], [2, 9, 6, 31, 13], [110, 12, 20, 95, 141]]
present:  [2, 6, 9, 13, 24, 31, 50, 58, 59, 62, 82, 83, 93, 154, 178]
episode total reward is:  38.013
secondary loss is:  2.7988057136535645
---------------------------------------------------------------
train episode:  61
eps in this episode is:  0.1
eps_wstart in this episode is:  0
action in this episode is:  [[83, 59, 62, 93, 50], [82, 2, 24, 178, 95], [9, 60, 6, 141, 110], [12, 13, 7, 103, 136]]
present:  [2, 6, 9, 24, 50, 59, 60, 62, 82, 83, 93, 95, 110, 141, 178]
episode total reward is:  41.498
secondary loss is:  3.061005115509033
---------------------------------------------------------------
train episode:  62
eps in this episode is:  0.1
eps_wstart in this episode is:  0
action in this episode is:  [[59, 83, 62, 128, 93], [2, 24, 50, 90, 82], [178, 9, 60, 31, 95], [110, 12, 141, 156, 6]]
present:  [2, 9, 24, 31, 50, 59, 60, 62, 82, 83, 90, 93, 95, 128, 178]
episode total reward is:  39.238
secondary loss is:  4.157502174377441
---------------------------------------------------------------
train episode:  63
eps in this episode is:  0.1
eps_wstart in this episode is:  0
action in this episode is:  [[73, 83, 59, 31, 62], [93, 122, 24, 82, 50], [2, 60, 178, 9, 13], [6, 95, 110, 141, 5]]
present:  [2, 9, 13, 24, 31, 50, 59, 60, 62, 73, 82, 83, 93, 122, 178]
episode total reward is:  38.349
secondary loss is:  4.934375286102295
---------------------------------------------------------------
train episode:  64
eps in this episode is:  0.1
eps_wstart in this episode is:  0
action in this episode is:  [[83, 59, 62, 93, 50], [2, 82, 24, 186, 178], [9, 60, 6, 141, 110], [95, 12, 13, 174, 7]]
present:  [2, 6, 9, 24, 50, 59, 60, 62, 82, 83, 93, 110, 141, 178, 186]
episode total reward is:  41.5
secondary loss is:  5.290792465209961
---------------------------------------------------------------
train episode:  65
eps in this episode is:  0.1
eps_wstart in this episode is:  0
action in this episode is:  [[83, 59, 62, 93, 82], [2, 150, 24, 50, 178], [9, 60, 6, 95, 141], [12, 13, 103, 110, 156]]
present:  [2, 6, 9, 24, 50, 59, 60, 62, 82, 83, 93, 95, 141, 150, 178]
episode total reward is:  41.455
secondary loss is:  1.3052828311920166
---------------------------------------------------------------
train episode:  66
eps in this episode is:  0.1
eps_wstart in this episode is:  0
action in this episode is:  [[59, 83, 62, 93, 82], [24, 153, 2, 50, 178], [9, 60, 6, 71, 128], [95, 110, 141, 12, 13]]
present:  [2, 6, 9, 24, 50, 59, 60, 62, 71, 82, 83, 93, 128, 153, 178]
episode total reward is:  40.613
secondary loss is:  1.5125436782836914
---------------------------------------------------------------
train episode:  67
eps in this episode is:  0.1
eps_wstart in this episode is:  0
action in this episode is:  [[83, 59, 62, 96, 93], [2, 24, 82, 50, 97], [178, 95, 9, 60, 6], [12, 141, 110, 103, 13]]
present:  [2, 6, 9, 24, 50, 59, 60, 62, 82, 83, 93, 95, 96, 97, 178]
episode total reward is:  40.1
secondary loss is:  1.813073992729187
---------------------------------------------------------------
train episode:  68
eps in this episode is:  0.1
eps_wstart in this episode is:  0
action in this episode is:  [[83, 59, 62, 93, 50], [2, 82, 24, 178, 95], [60, 9, 6, 110, 141], [12, 13, 68, 55, 91]]
present:  [2, 6, 9, 24, 50, 59, 60, 62, 82, 83, 93, 95, 110, 141, 178]
episode total reward is:  41.794
secondary loss is:  0.6996186971664429
---------------------------------------------------------------
train episode:  69
eps in this episode is:  0.1
eps_wstart in this episode is:  0
action in this episode is:  [[83, 59, 62, 93, 82], [24, 2, 50, 33, 178], [9, 60, 95, 141, 6], [110, 12, 103, 13, 136]]
present:  [2, 6, 9, 24, 33, 50, 59, 60, 62, 82, 83, 93, 95, 141, 178]
episode total reward is:  40.456
secondary loss is:  1.7163214683532715
---------------------------------------------------------------
train episode:  70
eps in this episode is:  0.1
eps_wstart in this episode is:  0
action in this episode is:  [[83, 59, 62, 93, 50], [2, 82, 24, 178, 95], [9, 60, 6, 110, 13], [12, 141, 156, 91, 68]]
present:  [2, 6, 9, 13, 24, 50, 59, 60, 62, 82, 83, 93, 95, 110, 178]
episode total reward is:  43.29
secondary loss is:  0.18917717039585114
---------------------------------------------------------------
train episode:  71
eps in this episode is:  0.1
eps_wstart in this episode is:  0
action in this episode is:  [[192, 83, 59, 62, 93], [16, 2, 24, 82, 50], [178, 95, 60, 9, 110], [141, 12, 156, 6, 13]]
present:  [2, 9, 16, 24, 50, 59, 60, 62, 82, 83, 93, 95, 110, 178, 192]
episode total reward is:  42.072
secondary loss is:  0.2920118272304535
---------------------------------------------------------------
train episode:  72
eps in this episode is:  0.1
eps_wstart in this episode is:  0
action in this episode is:  [[83, 59, 62, 93, 82], [2, 24, 50, 178, 95], [9, 60, 6, 110, 12], [141, 156, 25, 13, 103]]
present:  [2, 6, 9, 12, 24, 50, 59, 60, 62, 82, 83, 93, 95, 110, 178]
episode total reward is:  42.526
secondary loss is:  0.5133244395256042
---------------------------------------------------------------
train episode:  73
eps in this episode is:  0.1
eps_wstart in this episode is:  0
action in this episode is:  [[59, 83, 62, 93, 178], [2, 188, 24, 50, 82], [9, 6, 60, 95, 110], [141, 12, 13, 156, 91]]
present:  [2, 6, 9, 24, 50, 59, 60, 62, 82, 83, 93, 95, 110, 178, 188]
episode total reward is:  41.675
secondary loss is:  0.21533864736557007
---------------------------------------------------------------
train episode:  74
eps in this episode is:  0.1
eps_wstart in this episode is:  0
action in this episode is:  [[83, 59, 62, 93, 63], [2, 24, 82, 50, 95], [80, 178, 9, 60, 110], [141, 6, 43, 12, 13]]
present:  [2, 9, 24, 50, 59, 60, 62, 63, 80, 82, 83, 93, 95, 110, 178]
episode total reward is:  42.506
secondary loss is:  1.5541114807128906
---------------------------------------------------------------
train episode:  75
eps in this episode is:  0.1
eps_wstart in this episode is:  0
action in this episode is:  [[83, 59, 62, 93, 50], [2, 82, 24, 178, 6], [60, 9, 95, 13, 110], [12, 141, 103, 171, 156]]
present:  [2, 6, 9, 13, 24, 50, 59, 60, 62, 82, 83, 93, 95, 110, 178]
episode total reward is:  41.528
secondary loss is:  0.6748790740966797
---------------------------------------------------------------
train episode:  76
eps in this episode is:  0.1
eps_wstart in this episode is:  0
action in this episode is:  [[83, 59, 62, 93, 82], [24, 2, 139, 50, 178], [9, 60, 31, 6, 95], [110, 141, 12, 162, 13]]
present:  [2, 6, 9, 24, 31, 50, 59, 60, 62, 82, 83, 93, 95, 139, 178]
episode total reward is:  39.778
secondary loss is:  0.2728555500507355
---------------------------------------------------------------
train episode:  77
eps in this episode is:  0.1
eps_wstart in this episode is:  0
action in this episode is:  [[59, 83, 62, 93, 50], [82, 2, 24, 178, 6], [9, 60, 13, 95, 110], [12, 141, 156, 103, 112]]
present:  [2, 6, 9, 13, 24, 50, 59, 60, 62, 82, 83, 93, 95, 110, 178]
episode total reward is:  42.029
secondary loss is:  0.2944289445877075
---------------------------------------------------------------
train episode:  78
eps in this episode is:  0.1
eps_wstart in this episode is:  0
action in this episode is:  [[59, 3, 83, 19, 62], [86, 93, 2, 50, 91], [24, 82, 178, 95, 60], [69, 30, 9, 13, 110]]
present:  [2, 3, 19, 24, 50, 59, 60, 62, 82, 83, 86, 91, 93, 95, 178]
episode total reward is:  39.311
secondary loss is:  0.42686477303504944
---------------------------------------------------------------
train episode:  79
eps in this episode is:  0.1
eps_wstart in this episode is:  0
action in this episode is:  [[83, 59, 62, 93, 82], [2, 24, 50, 178, 95], [9, 60, 6, 110, 13], [141, 12, 103, 91, 156]]
present:  [2, 6, 9, 13, 24, 50, 59, 60, 62, 82, 83, 93, 95, 110, 178]
episode total reward is:  42.523
secondary loss is:  0.4506114721298218
---------------------------------------------------------------
train episode:  80
eps in this episode is:  0.1
eps_wstart in this episode is:  0
action in this episode is:  [[83, 71, 59, 62, 93], [2, 24, 82, 50, 178], [9, 60, 6, 95, 110], [12, 141, 13, 155, 156]]
present:  [2, 6, 9, 24, 50, 59, 60, 62, 71, 82, 83, 93, 95, 110, 178]
episode total reward is:  41.327
secondary loss is:  0.5537211894989014
---------------------------------------------------------------
train episode:  81
eps in this episode is:  0.1
eps_wstart in this episode is:  0
action in this episode is:  [[83, 59, 62, 93, 50], [2, 24, 82, 178, 6], [60, 12, 95, 9, 110], [141, 13, 156, 91, 49]]
present:  [2, 6, 9, 12, 24, 50, 59, 60, 62, 82, 83, 93, 95, 110, 178]
episode total reward is:  42.981
secondary loss is:  0.23587307333946228
---------------------------------------------------------------
train episode:  82
eps in this episode is:  0.1
eps_wstart in this episode is:  0
action in this episode is:  [[59, 83, 191, 62, 93], [24, 82, 50, 2, 95], [0, 6, 9, 60, 110], [178, 187, 141, 12, 91]]
present:  [0, 2, 6, 9, 24, 50, 59, 60, 62, 82, 83, 93, 95, 110, 191]
episode total reward is:  39.93
secondary loss is:  0.4046615958213806
---------------------------------------------------------------
train episode:  83
eps in this episode is:  0.1
eps_wstart in this episode is:  0
action in this episode is:  [[83, 59, 62, 93, 82], [2, 24, 50, 178, 95], [6, 9, 60, 110, 13], [12, 141, 156, 103, 91]]
present:  [2, 6, 9, 13, 24, 50, 59, 60, 62, 82, 83, 93, 95, 110, 178]
episode total reward is:  42.14
secondary loss is:  0.7342904210090637
---------------------------------------------------------------
train episode:  84
eps in this episode is:  0.1
eps_wstart in this episode is:  0
action in this episode is:  [[59, 83, 62, 93, 82], [178, 24, 2, 50, 9], [60, 116, 95, 110, 6], [12, 141, 13, 156, 103]]
present:  [2, 6, 9, 24, 50, 59, 60, 62, 82, 83, 93, 95, 110, 116, 178]
episode total reward is:  41.426
secondary loss is:  0.562515139579773
---------------------------------------------------------------
train episode:  85
eps in this episode is:  0.1
eps_wstart in this episode is:  0
action in this episode is:  [[59, 83, 62, 93, 82], [2, 24, 50, 178, 95], [6, 9, 158, 60, 110], [141, 12, 13, 103, 156]]
present:  [2, 6, 9, 24, 50, 59, 60, 62, 82, 83, 93, 95, 110, 158, 178]
episode total reward is:  41.29
secondary loss is:  0.9815220832824707
---------------------------------------------------------------
train episode:  86
eps in this episode is:  0.1
eps_wstart in this episode is:  0
action in this episode is:  [[83, 59, 62, 93, 82], [24, 2, 151, 50, 178], [167, 9, 60, 95, 6], [110, 128, 88, 141, 12]]
present:  [2, 6, 9, 24, 50, 59, 60, 62, 82, 83, 93, 95, 151, 167, 178]
episode total reward is:  38.871
secondary loss is:  0.646452784538269
---------------------------------------------------------------
train episode:  87
eps in this episode is:  0.1
eps_wstart in this episode is:  0
action in this episode is:  [[83, 59, 62, 93, 50], [2, 82, 24, 117, 178], [9, 60, 95, 6, 110], [141, 11, 12, 13, 103]]
present:  [2, 6, 9, 24, 50, 59, 60, 62, 82, 83, 93, 95, 110, 117, 178]
episode total reward is:  39.268
secondary loss is:  0.7028432488441467
---------------------------------------------------------------
train episode:  88
eps in this episode is:  0.1
eps_wstart in this episode is:  0
action in this episode is:  [[97, 59, 83, 62, 93], [24, 2, 50, 82, 178], [9, 60, 6, 95, 13], [110, 12, 103, 141, 156]]
present:  [2, 6, 9, 13, 24, 50, 59, 60, 62, 82, 83, 93, 95, 97, 178]
episode total reward is:  41.738
secondary loss is:  1.0311044454574585
---------------------------------------------------------------
train episode:  89
eps in this episode is:  0.1
eps_wstart in this episode is:  0
action in this episode is:  [[83, 59, 10, 62, 93], [2, 24, 50, 178, 82], [6, 9, 60, 95, 13], [110, 103, 141, 156, 12]]
present:  [2, 6, 9, 10, 13, 24, 50, 59, 60, 62, 82, 83, 93, 95, 178]
episode total reward is:  42.14
secondary loss is:  0.919795036315918
---------------------------------------------------------------
train episode:  90
eps in this episode is:  0.1
eps_wstart in this episode is:  0
action in this episode is:  [[83, 59, 62, 170, 93], [174, 2, 50, 24, 44], [82, 178, 9, 60, 121], [103, 3, 6, 110, 141]]
present:  [2, 9, 24, 44, 50, 59, 60, 62, 82, 83, 93, 121, 170, 174, 178]
episode total reward is:  36.844
secondary loss is:  0.7105215787887573
---------------------------------------------------------------
train episode:  91
eps in this episode is:  0.1
eps_wstart in this episode is:  0
action in this episode is:  [[59, 83, 62, 46, 93], [2, 24, 50, 187, 82], [178, 95, 9, 60, 6], [110, 141, 103, 12, 13]]
present:  [2, 6, 9, 24, 46, 50, 59, 60, 62, 82, 83, 93, 95, 178, 187]
episode total reward is:  40.044
secondary loss is:  0.7982288599014282
---------------------------------------------------------------
train episode:  92
eps in this episode is:  0.1
eps_wstart in this episode is:  0
action in this episode is:  [[83, 59, 62, 93, 82], [153, 2, 24, 50, 178], [9, 60, 6, 95, 12], [110, 103, 138, 141, 124]]
present:  [2, 6, 9, 12, 24, 50, 59, 60, 62, 82, 83, 93, 95, 153, 178]
episode total reward is:  39.344
secondary loss is:  0.4373026490211487
---------------------------------------------------------------
train episode:  93
eps in this episode is:  0.1
eps_wstart in this episode is:  0
action in this episode is:  [[83, 59, 62, 93, 82], [90, 2, 24, 50, 178], [9, 60, 95, 6, 13], [110, 103, 141, 12, 156]]
present:  [2, 6, 9, 13, 24, 50, 59, 60, 62, 82, 83, 90, 93, 95, 178]
episode total reward is:  40.875
secondary loss is:  0.506499707698822
---------------------------------------------------------------
train episode:  94
eps in this episode is:  0.1
eps_wstart in this episode is:  0
action in this episode is:  [[59, 83, 93, 75, 62], [24, 50, 82, 2, 178], [9, 60, 155, 6, 95], [110, 141, 103, 12, 13]]
present:  [2, 6, 9, 24, 50, 59, 60, 62, 75, 82, 83, 93, 95, 155, 178]
episode total reward is:  40.284
secondary loss is:  0.38702160120010376
---------------------------------------------------------------
train episode:  95
eps in this episode is:  0.1
eps_wstart in this episode is:  0
action in this episode is:  [[83, 59, 62, 93, 82], [2, 24, 111, 50, 178], [9, 60, 95, 110, 176], [12, 141, 6, 13, 22]]
present:  [2, 9, 24, 50, 59, 60, 62, 82, 83, 93, 95, 110, 111, 176, 178]
episode total reward is:  41.069
secondary loss is:  0.3136886954307556
---------------------------------------------------------------
train episode:  96
eps in this episode is:  0.1
eps_wstart in this episode is:  0
action in this episode is:  [[83, 59, 62, 93, 82], [143, 2, 24, 50, 178], [9, 6, 60, 95, 110], [12, 201, 13, 141, 103]]
present:  [2, 6, 9, 24, 50, 59, 60, 62, 82, 83, 93, 95, 110, 143, 178]
episode total reward is:  40.261
secondary loss is:  1.34921395778656
---------------------------------------------------------------
train episode:  97
eps in this episode is:  0.1
eps_wstart in this episode is:  0
action in this episode is:  [[42, 83, 59, 107, 38], [62, 136, 93, 50, 82], [2, 24, 95, 178, 6], [60, 9, 141, 79, 12]]
present:  [2, 6, 24, 38, 42, 50, 59, 62, 82, 83, 93, 95, 107, 136, 178]
episode total reward is:  39.64
secondary loss is:  0.4048576354980469
---------------------------------------------------------------
train episode:  98
eps in this episode is:  0.1
eps_wstart in this episode is:  0
action in this episode is:  [[83, 59, 62, 93, 82], [2, 91, 24, 50, 95], [9, 60, 110, 178, 6], [141, 12, 13, 156, 103]]
present:  [2, 6, 9, 24, 50, 59, 60, 62, 82, 83, 91, 93, 95, 110, 178]
episode total reward is:  42.109
secondary loss is:  0.3145467936992645
---------------------------------------------------------------
train episode:  99
eps in this episode is:  0.1
eps_wstart in this episode is:  0
action in this episode is:  [[83, 59, 62, 40, 93], [191, 24, 2, 50, 82], [150, 178, 95, 9, 6], [60, 12, 103, 110, 141]]
present:  [2, 6, 9, 24, 40, 50, 59, 62, 82, 83, 93, 95, 150, 178, 191]
episode total reward is:  38.831
secondary loss is:  0.4412061870098114

---------------------------------------------------------------

runtime for training process is:  6238.576310873032




testing
---------------------------------------------------------------
test episode:  0
action in this episode is:  [[83, 59, 62, 93, 50], [82, 2, 24, 178, 60], [95, 9, 6, 13, 110], [141, 12, 103, 156, 91]]
episode total reward is:  42.412
---------------------------------------------------------------
test episode:  1
action in this episode is:  [[83, 59, 62, 93, 50], [82, 2, 24, 178, 60], [95, 9, 6, 13, 110], [141, 12, 103, 156, 91]]
episode total reward is:  42.399
---------------------------------------------------------------
test episode:  2
action in this episode is:  [[83, 59, 62, 93, 50], [82, 2, 24, 178, 60], [95, 9, 6, 13, 110], [141, 12, 103, 156, 91]]
episode total reward is:  41.88
---------------------------------------------------------------
test episode:  3
action in this episode is:  [[83, 59, 62, 93, 50], [82, 2, 24, 178, 60], [95, 9, 6, 13, 110], [141, 12, 103, 156, 91]]
episode total reward is:  42.144
---------------------------------------------------------------
test episode:  4
action in this episode is:  [[83, 59, 62, 93, 50], [82, 2, 24, 178, 60], [95, 9, 6, 13, 110], [141, 12, 103, 156, 91]]
episode total reward is:  42.302
---------------------------------------------------------------
test episode:  5
action in this episode is:  [[83, 59, 62, 93, 50], [82, 2, 24, 178, 60], [95, 9, 6, 13, 110], [141, 12, 103, 156, 91]]
episode total reward is:  41.865
---------------------------------------------------------------
test episode:  6
action in this episode is:  [[83, 59, 62, 93, 50], [82, 2, 24, 178, 60], [95, 9, 6, 13, 110], [141, 12, 103, 156, 91]]
episode total reward is:  42.029
---------------------------------------------------------------
test episode:  7
action in this episode is:  [[83, 59, 62, 93, 50], [82, 2, 24, 178, 60], [95, 9, 6, 13, 110], [141, 12, 103, 156, 91]]
episode total reward is:  42.098
---------------------------------------------------------------
test episode:  8
action in this episode is:  [[83, 59, 62, 93, 50], [82, 2, 24, 178, 60], [95, 9, 6, 13, 110], [141, 12, 103, 156, 91]]
episode total reward is:  42.445
---------------------------------------------------------------
test episode:  9
action in this episode is:  [[83, 59, 62, 93, 50], [82, 2, 24, 178, 60], [95, 9, 6, 13, 110], [141, 12, 103, 156, 91]]
episode total reward is:  42.109
---------------------------------------------------------------
test episode:  10
action in this episode is:  [[83, 59, 62, 93, 50], [82, 2, 24, 178, 60], [95, 9, 6, 13, 110], [141, 12, 103, 156, 91]]
episode total reward is:  42.102
---------------------------------------------------------------
test episode:  11
action in this episode is:  [[83, 59, 62, 93, 50], [82, 2, 24, 178, 60], [95, 9, 6, 13, 110], [141, 12, 103, 156, 91]]
episode total reward is:  41.727
---------------------------------------------------------------
test episode:  12
action in this episode is:  [[83, 59, 62, 93, 50], [82, 2, 24, 178, 60], [95, 9, 6, 13, 110], [141, 12, 103, 156, 91]]
episode total reward is:  42.265
---------------------------------------------------------------
test episode:  13
action in this episode is:  [[83, 59, 62, 93, 50], [82, 2, 24, 178, 60], [95, 9, 6, 13, 110], [141, 12, 103, 156, 91]]
episode total reward is:  42.017
---------------------------------------------------------------
test episode:  14
action in this episode is:  [[83, 59, 62, 93, 50], [82, 2, 24, 178, 60], [95, 9, 6, 13, 110], [141, 12, 103, 156, 91]]
episode total reward is:  42.288
---------------------------------------------------------------
test episode:  15
action in this episode is:  [[83, 59, 62, 93, 50], [82, 2, 24, 178, 60], [95, 9, 6, 13, 110], [141, 12, 103, 156, 91]]
episode total reward is:  41.932
---------------------------------------------------------------
test episode:  16
action in this episode is:  [[83, 59, 62, 93, 50], [82, 2, 24, 178, 60], [95, 9, 6, 13, 110], [141, 12, 103, 156, 91]]
episode total reward is:  42.356
---------------------------------------------------------------
test episode:  17
action in this episode is:  [[83, 59, 62, 93, 50], [82, 2, 24, 178, 60], [95, 9, 6, 13, 110], [141, 12, 103, 156, 91]]
episode total reward is:  42.045
---------------------------------------------------------------
test episode:  18
action in this episode is:  [[83, 59, 62, 93, 50], [82, 2, 24, 178, 60], [95, 9, 6, 13, 110], [141, 12, 103, 156, 91]]
episode total reward is:  42.145
---------------------------------------------------------------
test episode:  19
action in this episode is:  [[83, 59, 62, 93, 50], [82, 2, 24, 178, 60], [95, 9, 6, 13, 110], [141, 12, 103, 156, 91]]
episode total reward is:  41.813

---------------------------------------------------------------

average reward: 42.11865
reward std: 0.20494810928622842
