selected graph:  India
#nodes:  202
#edges:  692
----------------------------------------------
episode:  0
reward:  38.783
invited:  [[160, 82, 153, 93, 62], [1, 42, 49, 156, 30], [2, 74, 12, 110, 63], [164, 167, 83, 56, 59]]
present:  [160, 82, 153, 93, 62, 1, 42, 49, 156, 30, 2, 74, 12, 110, 63, 164, 167, 83, 56, 59]
----------------------------------------------
episode:  1
reward:  37.841
invited:  [[160, 82, 153, 93, 30], [1, 2, 49, 62, 63], [164, 74, 12, 83, 156], [129, 34, 8, 81, 56]]
present:  [160, 82, 153, 93, 30, 1, 2, 49, 62, 63, 164, 74, 12, 83, 156, 129, 34, 8, 81, 56]
----------------------------------------------
episode:  2
reward:  40.705
invited:  [[160, 1, 82, 153, 30], [8, 12, 93, 62, 63], [2, 42, 49, 83, 59], [167, 74, 50, 121, 156]]
present:  [160, 1, 82, 153, 30, 8, 12, 93, 62, 63, 2, 42, 49, 83, 59, 167, 74, 50, 121, 156]
----------------------------------------------
episode:  3
reward:  40.833
invited:  [[1, 82, 153, 93, 30], [160, 2, 12, 49, 62], [8, 42, 83, 156, 63], [74, 56, 24, 59, 60]]
present:  [1, 82, 153, 93, 30, 160, 2, 12, 49, 62, 8, 42, 83, 156, 63, 74, 56, 24, 59, 60]
----------------------------------------------
episode:  4
reward:  40.496
invited:  [[160, 1, 82, 93, 30], [42, 12, 49, 153, 62], [2, 103, 83, 156, 63], [164, 8, 74, 50, 59]]
present:  [160, 1, 82, 93, 30, 42, 12, 49, 153, 62, 2, 103, 83, 156, 63, 164, 8, 74, 50, 59]
----------------------------------------------
episode:  5
reward:  37.242
invited:  [[160, 1, 82, 153, 30], [12, 49, 93, 62, 63], [129, 2, 83, 116, 156], [164, 74, 111, 56, 60]]
present:  [160, 1, 82, 153, 30, 12, 49, 93, 62, 63, 129, 2, 83, 116, 156, 164, 74, 111, 56, 60]
----------------------------------------------
episode:  6
reward:  37.489
invited:  [[82, 30, 153, 93, 62], [160, 1, 8, 42, 49], [2, 74, 156, 189, 63], [164, 167, 12, 83, 121]]
present:  [82, 30, 153, 93, 62, 160, 1, 8, 42, 49, 2, 74, 156, 189, 63, 164, 167, 12, 83, 121]
----------------------------------------------
episode:  7
reward:  38.015
invited:  [[160, 1, 82, 93, 30], [12, 49, 153, 62, 63], [129, 2, 164, 74, 156], [167, 8, 42, 115, 56]]
present:  [160, 1, 82, 93, 30, 12, 49, 153, 62, 63, 129, 2, 164, 74, 156, 167, 8, 42, 115, 56]
----------------------------------------------
episode:  8
reward:  40.634
invited:  [[160, 82, 153, 93, 30], [1, 12, 49, 62, 63], [2, 164, 8, 42, 59], [129, 199, 74, 83, 56]]
present:  [160, 82, 153, 93, 30, 1, 12, 49, 62, 63, 2, 164, 8, 42, 59, 129, 199, 74, 83, 56]
----------------------------------------------
episode:  9
reward:  39.272
invited:  [[160, 2, 82, 93, 30], [1, 8, 49, 153, 62], [7, 12, 83, 63, 191], [164, 74, 42, 59, 156]]
present:  [160, 2, 82, 93, 30, 1, 8, 49, 153, 62, 7, 12, 83, 63, 191, 164, 74, 42, 59, 156]
----------------------------------------------
episode:  10
reward:  37.519
invited:  [[160, 1, 82, 153, 30], [2, 12, 49, 93, 62], [164, 140, 83, 156, 63], [129, 36, 74, 56, 59]]
present:  [160, 1, 82, 153, 30, 2, 12, 49, 93, 62, 164, 140, 83, 156, 63, 129, 36, 74, 56, 59]
----------------------------------------------
episode:  11
reward:  38.216
invited:  [[160, 1, 82, 93, 30], [12, 49, 83, 153, 156], [2, 199, 62, 126, 63], [164, 36, 42, 115, 59]]
present:  [160, 1, 82, 93, 30, 12, 49, 83, 153, 156, 2, 199, 62, 126, 63, 164, 36, 42, 115, 59]
----------------------------------------------
episode:  12
reward:  35.829
invited:  [[160, 1, 12, 82, 93], [2, 49, 30, 153, 62], [164, 42, 156, 124, 63], [0, 8, 115, 56, 59]]
present:  [160, 1, 12, 82, 93, 2, 49, 30, 153, 62, 164, 42, 156, 124, 63, 0, 8, 115, 56, 59]
----------------------------------------------
episode:  13
reward:  36.437
invited:  [[160, 1, 82, 153, 30], [2, 49, 93, 62, 63], [129, 42, 74, 12, 156], [164, 36, 9, 83, 121]]
present:  [160, 1, 82, 153, 30, 2, 49, 93, 62, 63, 129, 42, 74, 12, 156, 164, 36, 9, 83, 121]
----------------------------------------------
episode:  14
reward:  40.541
invited:  [[160, 82, 153, 93, 30], [1, 49, 83, 59, 62], [129, 164, 103, 50, 63], [2, 42, 74, 12, 156]]
present:  [160, 82, 153, 93, 30, 1, 49, 83, 59, 62, 129, 164, 103, 50, 63, 2, 42, 74, 12, 156]
----------------------------------------------
episode:  15
reward:  39.31
invited:  [[160, 1, 82, 93, 30], [49, 56, 153, 62, 63], [2, 199, 74, 12, 59], [64, 164, 8, 83, 22]]
present:  [160, 1, 82, 93, 30, 49, 56, 153, 62, 63, 2, 199, 74, 12, 59, 64, 164, 8, 83, 22]
----------------------------------------------
episode:  16
reward:  38.713
invited:  [[160, 82, 153, 93, 30], [1, 2, 49, 62, 63], [129, 164, 199, 8, 12], [48, 83, 116, 59, 156]]
present:  [160, 82, 153, 93, 30, 1, 2, 49, 62, 63, 129, 164, 199, 8, 12, 48, 83, 116, 59, 156]
----------------------------------------------
episode:  17
reward:  38.324
invited:  [[160, 1, 82, 153, 30], [12, 49, 93, 62, 63], [32, 2, 8, 42, 110], [164, 199, 167, 74, 83]]
present:  [160, 1, 82, 153, 30, 12, 49, 93, 62, 63, 32, 2, 8, 42, 110, 164, 199, 167, 74, 83]
----------------------------------------------
episode:  18
reward:  39.597
invited:  [[2, 49, 82, 93, 30], [160, 1, 74, 153, 62], [164, 12, 83, 59, 63], [129, 167, 42, 115, 156]]
present:  [2, 49, 82, 93, 30, 160, 1, 74, 153, 62, 164, 12, 83, 59, 63, 129, 167, 42, 115, 156]
----------------------------------------------
episode:  19
reward:  39.665
invited:  [[1, 82, 153, 93, 30], [160, 42, 49, 50, 62], [2, 8, 12, 126, 63], [129, 199, 74, 83, 156]]
present:  [1, 82, 153, 93, 30, 160, 42, 49, 50, 62, 2, 8, 12, 126, 63, 129, 199, 74, 83, 156]
----------------------------------------------
episode:  20
reward:  36.066
invited:  [[2, 82, 153, 93, 30], [160, 1, 49, 62, 63], [74, 42, 12, 81, 126], [164, 83, 22, 156, 31]]
present:  [2, 82, 153, 93, 30, 160, 1, 49, 62, 63, 74, 42, 12, 81, 126, 164, 83, 22, 156, 31]
----------------------------------------------
episode:  21
reward:  39.981
invited:  [[160, 1, 49, 82, 30], [2, 12, 153, 93, 62], [36, 8, 42, 83, 56], [167, 50, 59, 156, 63]]
present:  [160, 1, 49, 82, 30, 2, 12, 153, 93, 62, 36, 8, 42, 83, 56, 167, 50, 59, 156, 63]
----------------------------------------------
episode:  22
reward:  38.12
invited:  [[160, 1, 82, 93, 30], [12, 49, 153, 62, 63], [129, 2, 8, 83, 156], [164, 74, 121, 59, 125]]
present:  [160, 1, 82, 93, 30, 12, 49, 153, 62, 63, 129, 2, 8, 83, 156, 164, 74, 121, 59, 125]
----------------------------------------------
episode:  23
reward:  38.926
invited:  [[1, 82, 153, 93, 30], [160, 42, 12, 59, 62], [140, 49, 115, 83, 63], [129, 2, 164, 74, 156]]
present:  [1, 82, 153, 93, 30, 160, 42, 12, 59, 62, 140, 49, 115, 83, 63, 129, 2, 164, 74, 156]
----------------------------------------------
episode:  24
reward:  38.563
invited:  [[1, 82, 153, 93, 30], [160, 74, 12, 49, 62], [2, 36, 42, 83, 63], [34, 103, 81, 121, 59]]
present:  [1, 82, 153, 93, 30, 160, 74, 12, 49, 62, 2, 36, 42, 83, 63, 34, 103, 81, 121, 59]
----------------------------------------------
episode:  25
reward:  39.15
invited:  [[160, 2, 49, 82, 93], [12, 30, 153, 62, 63], [1, 129, 8, 56, 156], [164, 74, 83, 115, 59]]
present:  [160, 2, 49, 82, 93, 12, 30, 153, 62, 63, 1, 129, 8, 56, 156, 164, 74, 83, 115, 59]
----------------------------------------------
episode:  26
reward:  38.686
invited:  [[160, 1, 82, 153, 30], [12, 49, 93, 62, 63], [2, 42, 74, 83, 59], [129, 115, 22, 56, 156]]
present:  [160, 1, 82, 153, 30, 12, 49, 93, 62, 63, 2, 42, 74, 83, 59, 129, 115, 22, 56, 156]
----------------------------------------------
episode:  27
reward:  38.622
invited:  [[160, 1, 82, 93, 30], [42, 15, 49, 153, 62], [2, 12, 83, 56, 63], [164, 36, 8, 74, 60]]
present:  [160, 1, 82, 93, 30, 42, 15, 49, 153, 62, 2, 12, 83, 56, 63, 164, 36, 8, 74, 60]
----------------------------------------------
episode:  28
reward:  39.781
invited:  [[160, 1, 82, 153, 30], [42, 49, 50, 83, 93], [2, 12, 56, 62, 63], [164, 167, 74, 59, 124]]
present:  [160, 1, 82, 153, 30, 42, 49, 50, 83, 93, 2, 12, 56, 62, 63, 164, 167, 74, 59, 124]
----------------------------------------------
episode:  29
reward:  37.291
invited:  [[160, 1, 82, 153, 30], [12, 49, 59, 93, 62], [129, 2, 36, 68, 63], [164, 8, 111, 56, 60]]
present:  [160, 1, 82, 153, 30, 12, 49, 59, 93, 62, 129, 2, 36, 68, 63, 164, 8, 111, 56, 60]
----------------------------------------------
episode:  30
reward:  38.293
invited:  [[160, 1, 82, 153, 30], [12, 49, 83, 93, 62], [2, 164, 36, 156, 63], [8, 74, 84, 59, 60]]
present:  [160, 1, 82, 153, 30, 12, 49, 83, 93, 62, 2, 164, 36, 156, 63, 8, 74, 84, 59, 60]
----------------------------------------------
episode:  31
reward:  39.071
invited:  [[160, 49, 82, 93, 30], [129, 1, 2, 153, 62], [164, 42, 12, 83, 63], [36, 8, 74, 50, 60]]
present:  [160, 49, 82, 93, 30, 129, 1, 2, 153, 62, 164, 42, 12, 83, 63, 36, 8, 74, 50, 60]
----------------------------------------------
episode:  32
reward:  37.881
invited:  [[1, 164, 82, 93, 30], [160, 12, 49, 153, 62], [2, 60, 83, 156, 63], [36, 74, 42, 115, 56]]
present:  [1, 164, 82, 93, 30, 160, 12, 49, 153, 62, 2, 60, 83, 156, 63, 36, 74, 42, 115, 56]
----------------------------------------------
episode:  33
reward:  38.739
invited:  [[160, 1, 82, 153, 93], [2, 110, 49, 83, 30], [42, 74, 12, 62, 63], [129, 199, 140, 59, 125]]
present:  [160, 1, 82, 153, 93, 2, 110, 49, 83, 30, 42, 74, 12, 62, 63, 129, 199, 140, 59, 125]
----------------------------------------------
episode:  34
reward:  39.007
invited:  [[160, 1, 82, 153, 30], [129, 49, 156, 93, 62], [2, 164, 42, 12, 63], [199, 74, 115, 83, 60]]
present:  [160, 1, 82, 153, 30, 129, 49, 156, 93, 62, 2, 164, 42, 12, 63, 199, 74, 115, 83, 60]
----------------------------------------------
episode:  35
reward:  37.254
invited:  [[160, 1, 82, 153, 93], [49, 50, 83, 30, 62], [2, 199, 42, 12, 189], [129, 164, 74, 140, 56]]
present:  [160, 1, 82, 153, 93, 49, 50, 83, 30, 62, 2, 199, 42, 12, 189, 129, 164, 74, 140, 56]
----------------------------------------------
episode:  36
reward:  38.128
invited:  [[160, 1, 82, 93, 30], [49, 83, 153, 62, 63], [129, 2, 164, 42, 12], [36, 103, 8, 115, 156]]
present:  [160, 1, 82, 93, 30, 49, 83, 153, 62, 63, 129, 2, 164, 42, 12, 36, 103, 8, 115, 156]
----------------------------------------------
episode:  37
reward:  37.833
invited:  [[160, 1, 82, 93, 30], [164, 49, 153, 62, 63], [2, 36, 42, 140, 59], [129, 167, 12, 141, 156]]
present:  [160, 1, 82, 93, 30, 164, 49, 153, 62, 63, 2, 36, 42, 140, 59, 129, 167, 12, 141, 156]
----------------------------------------------
episode:  38
reward:  38.084
invited:  [[160, 82, 153, 93, 30], [1, 2, 42, 49, 62], [199, 12, 110, 121, 63], [129, 164, 74, 81, 83]]
present:  [160, 82, 153, 93, 30, 1, 2, 42, 49, 62, 199, 12, 110, 121, 63, 129, 164, 74, 81, 83]
----------------------------------------------
episode:  39
reward:  38.635
invited:  [[160, 1, 82, 153, 30], [12, 49, 93, 62, 63], [2, 164, 8, 115, 83], [129, 74, 121, 59, 156]]
present:  [160, 1, 82, 153, 30, 12, 49, 93, 62, 63, 2, 164, 8, 115, 83, 129, 74, 121, 59, 156]
----------------------------------------------
episode:  40
reward:  41.647
invited:  [[160, 1, 82, 93, 30], [42, 15, 153, 62, 63], [2, 49, 50, 59, 60], [68, 167, 12, 83, 156]]
present:  [160, 1, 82, 93, 30, 42, 15, 153, 62, 63, 2, 49, 50, 59, 60, 68, 167, 12, 83, 156]
----------------------------------------------
episode:  41
reward:  39.291
invited:  [[160, 82, 153, 93, 30], [1, 2, 49, 62, 63], [42, 12, 83, 59, 124], [34, 8, 74, 141, 56]]
present:  [160, 82, 153, 93, 30, 1, 2, 49, 62, 63, 42, 12, 83, 59, 124, 34, 8, 74, 141, 56]
----------------------------------------------
episode:  42
reward:  38.941
invited:  [[160, 1, 82, 153, 30], [2, 67, 49, 83, 93], [199, 12, 148, 62, 63], [164, 8, 74, 115, 59]]
present:  [160, 1, 82, 153, 30, 2, 67, 49, 83, 93, 199, 12, 148, 62, 63, 164, 8, 74, 115, 59]
----------------------------------------------
episode:  43
reward:  37.548
invited:  [[160, 49, 82, 153, 93], [1, 8, 30, 156, 62], [2, 74, 12, 115, 63], [164, 36, 167, 42, 59]]
present:  [160, 49, 82, 153, 93, 1, 8, 30, 156, 62, 2, 74, 12, 115, 63, 164, 36, 167, 42, 59]
----------------------------------------------
episode:  44
reward:  38.579
invited:  [[160, 1, 12, 82, 93], [49, 30, 153, 62, 63], [2, 36, 42, 43, 178], [164, 68, 74, 83, 60]]
present:  [160, 1, 12, 82, 93, 49, 30, 153, 62, 63, 2, 36, 42, 43, 178, 164, 68, 74, 83, 60]
----------------------------------------------
episode:  45
reward:  38.022
invited:  [[160, 49, 82, 93, 30], [1, 42, 153, 124, 62], [2, 8, 74, 83, 156], [164, 12, 115, 22, 63]]
present:  [160, 49, 82, 93, 30, 1, 42, 153, 124, 62, 2, 8, 74, 83, 156, 164, 12, 115, 22, 63]
----------------------------------------------
episode:  46
reward:  36.882
invited:  [[160, 82, 153, 93, 62], [1, 74, 49, 30, 63], [129, 2, 12, 115, 156], [8, 81, 83, 116, 121]]
present:  [160, 82, 153, 93, 62, 1, 74, 49, 30, 63, 129, 2, 12, 115, 156, 8, 81, 83, 116, 121]
----------------------------------------------
episode:  47
reward:  38.457
invited:  [[160, 1, 82, 93, 30], [2, 12, 49, 153, 62], [164, 8, 42, 83, 63], [111, 156, 59, 188, 31]]
present:  [160, 1, 82, 93, 30, 2, 12, 49, 153, 62, 164, 8, 42, 83, 63, 111, 156, 59, 188, 31]
----------------------------------------------
episode:  48
reward:  39.406
invited:  [[160, 1, 82, 153, 30], [2, 103, 42, 93, 62], [36, 49, 50, 156, 63], [129, 164, 74, 83, 59]]
present:  [160, 1, 82, 153, 30, 2, 103, 42, 93, 62, 36, 49, 50, 156, 63, 129, 164, 74, 83, 59]
----------------------------------------------
episode:  49
reward:  38.453
invited:  [[160, 1, 82, 93, 30], [36, 49, 50, 153, 59], [2, 8, 42, 12, 62], [164, 167, 74, 141, 83]]
present:  [160, 1, 82, 93, 30, 36, 49, 50, 153, 59, 2, 8, 42, 12, 62, 164, 167, 74, 141, 83]
average reward for ada_greedy policy is: 38.61596, std is: 1.2061168593465559
