selected graph:  India
#nodes:  202
#edges:  692
----------------------------------------------
episode:  0
reward:  38.316
invited:  [[160, 1, 82, 93, 30], [164, 12, 153, 62, 63], [2, 8, 49, 83, 156], [129, 74, 42, 56, 126]]
present:  [160, 1, 82, 93, 30, 164, 12, 153, 62, 63, 2, 8, 49, 83, 156, 129, 74, 42, 56, 126]
----------------------------------------------
episode:  1
reward:  37.45
invited:  [[1, 82, 153, 93, 30], [160, 2, 49, 156, 62], [8, 12, 83, 59, 63], [164, 36, 199, 74, 140]]
present:  [1, 82, 153, 93, 30, 160, 2, 49, 156, 62, 8, 12, 83, 59, 63, 164, 36, 199, 74, 140]
----------------------------------------------
episode:  2
reward:  40.155
invited:  [[1, 49, 82, 93, 30], [160, 74, 42, 153, 62], [2, 50, 83, 156, 63], [164, 8, 12, 116, 59]]
present:  [1, 49, 82, 93, 30, 160, 74, 42, 153, 62, 2, 50, 83, 156, 63, 164, 8, 12, 116, 59]
----------------------------------------------
episode:  3
reward:  39.92
invited:  [[160, 1, 82, 153, 30], [164, 12, 49, 93, 62], [2, 8, 83, 156, 63], [129, 74, 42, 115, 59]]
present:  [160, 1, 82, 153, 30, 164, 12, 49, 93, 62, 2, 8, 83, 156, 63, 129, 74, 42, 115, 59]
----------------------------------------------
episode:  4
reward:  40.729
invited:  [[160, 82, 153, 93, 30], [1, 12, 49, 62, 63], [2, 164, 42, 83, 59], [129, 8, 140, 50, 156]]
present:  [160, 82, 153, 93, 30, 1, 12, 49, 62, 63, 2, 164, 42, 83, 59, 129, 8, 140, 50, 156]
----------------------------------------------
episode:  5
reward:  37.2
invited:  [[160, 82, 153, 93, 30], [1, 2, 49, 156, 62], [8, 74, 12, 115, 63], [36, 42, 81, 83, 56]]
present:  [160, 82, 153, 93, 30, 1, 2, 49, 156, 62, 8, 74, 12, 115, 63, 36, 42, 81, 83, 56]
----------------------------------------------
episode:  6
reward:  39.648
invited:  [[160, 1, 82, 153, 93], [12, 49, 83, 30, 62], [2, 8, 74, 156, 63], [129, 164, 56, 59, 60]]
present:  [160, 1, 82, 153, 93, 12, 49, 83, 30, 62, 2, 8, 74, 156, 63, 129, 164, 56, 59, 60]
----------------------------------------------
episode:  7
reward:  38.683
invited:  [[160, 82, 153, 93, 30], [1, 2, 12, 49, 62], [164, 83, 156, 189, 63], [199, 8, 42, 74, 50]]
present:  [160, 82, 153, 93, 30, 1, 2, 12, 49, 62, 164, 83, 156, 189, 63, 199, 8, 42, 74, 50]
----------------------------------------------
episode:  8
reward:  39.799
invited:  [[160, 82, 153, 93, 30], [1, 2, 164, 49, 62], [8, 74, 12, 83, 63], [167, 42, 56, 59, 156]]
present:  [160, 82, 153, 93, 30, 1, 2, 164, 49, 62, 8, 74, 12, 83, 63, 167, 42, 56, 59, 156]
----------------------------------------------
episode:  9
reward:  38.936
invited:  [[1, 82, 153, 93, 30], [160, 164, 12, 49, 62], [2, 167, 8, 42, 63], [129, 140, 121, 59, 156]]
present:  [1, 82, 153, 93, 30, 160, 164, 12, 49, 62, 2, 167, 8, 42, 63, 129, 140, 121, 59, 156]
----------------------------------------------
episode:  10
reward:  39.392
invited:  [[160, 82, 153, 93, 30], [1, 8, 49, 62, 63], [2, 164, 42, 12, 83], [167, 115, 148, 59, 156]]
present:  [160, 82, 153, 93, 30, 1, 8, 49, 62, 63, 2, 164, 42, 12, 83, 167, 115, 148, 59, 156]
----------------------------------------------
episode:  11
reward:  39.835
invited:  [[160, 82, 153, 93, 30], [1, 164, 12, 49, 62], [2, 8, 42, 59, 63], [74, 60, 83, 56, 156]]
present:  [160, 82, 153, 93, 30, 1, 164, 12, 49, 62, 2, 8, 42, 59, 63, 74, 60, 83, 56, 156]
----------------------------------------------
episode:  12
reward:  37.407
invited:  [[160, 1, 82, 153, 93], [129, 49, 30, 59, 62], [2, 42, 74, 12, 63], [141, 81, 56, 156, 126]]
present:  [160, 1, 82, 153, 93, 129, 49, 30, 59, 62, 2, 42, 74, 12, 63, 141, 81, 56, 156, 126]
----------------------------------------------
episode:  13
reward:  39.851
invited:  [[1, 82, 153, 93, 30], [160, 2, 49, 62, 63], [74, 12, 60, 83, 156], [129, 167, 8, 81, 59]]
present:  [1, 82, 153, 93, 30, 160, 2, 49, 62, 63, 74, 12, 60, 83, 156, 129, 167, 8, 81, 59]
----------------------------------------------
episode:  14
reward:  39.472
invited:  [[160, 1, 82, 153, 30], [12, 49, 83, 93, 62], [2, 164, 74, 156, 63], [8, 42, 115, 56, 59]]
present:  [160, 1, 82, 153, 30, 12, 49, 83, 93, 62, 2, 164, 74, 156, 63, 8, 42, 115, 56, 59]
----------------------------------------------
episode:  15
reward:  39.564
invited:  [[160, 49, 82, 153, 93], [1, 12, 83, 30, 62], [2, 164, 59, 156, 63], [8, 74, 42, 111, 115]]
present:  [160, 49, 82, 153, 93, 1, 12, 83, 30, 62, 2, 164, 59, 156, 63, 8, 74, 42, 111, 115]
----------------------------------------------
episode:  16
reward:  39.275
invited:  [[160, 1, 82, 153, 93], [49, 83, 30, 62, 63], [129, 2, 164, 42, 12], [8, 74, 50, 56, 156]]
present:  [160, 1, 82, 153, 93, 49, 83, 30, 62, 63, 129, 2, 164, 42, 12, 8, 74, 50, 56, 156]
----------------------------------------------
episode:  17
reward:  39.815
invited:  [[160, 82, 153, 93, 30], [1, 12, 49, 62, 63], [2, 164, 42, 59, 156], [199, 8, 74, 83, 115]]
present:  [160, 82, 153, 93, 30, 1, 12, 49, 62, 63, 2, 164, 42, 59, 156, 199, 8, 74, 83, 115]
----------------------------------------------
episode:  18
reward:  37.729
invited:  [[160, 82, 153, 93, 30], [1, 2, 49, 62, 63], [164, 199, 42, 12, 83], [34, 8, 74, 156, 125]]
present:  [160, 82, 153, 93, 30, 1, 2, 49, 62, 63, 164, 199, 42, 12, 83, 34, 8, 74, 156, 125]
----------------------------------------------
episode:  19
reward:  39.503
invited:  [[160, 1, 82, 153, 30], [12, 49, 93, 62, 63], [2, 36, 74, 59, 60], [167, 8, 42, 83, 156]]
present:  [160, 1, 82, 153, 30, 12, 49, 93, 62, 63, 2, 36, 74, 59, 60, 167, 8, 42, 83, 156]
----------------------------------------------
episode:  20
reward:  40.047
invited:  [[49, 82, 153, 93, 30], [160, 1, 12, 62, 63], [129, 2, 8, 42, 74], [164, 83, 56, 59, 156]]
present:  [49, 82, 153, 93, 30, 160, 1, 12, 62, 63, 129, 2, 8, 42, 74, 164, 83, 56, 59, 156]
----------------------------------------------
episode:  21
reward:  37.247
invited:  [[160, 1, 82, 153, 93], [49, 83, 30, 156, 62], [2, 74, 42, 12, 63], [164, 36, 50, 22, 56]]
present:  [160, 1, 82, 153, 93, 49, 83, 30, 156, 62, 2, 74, 42, 12, 63, 164, 36, 50, 22, 56]
----------------------------------------------
episode:  22
reward:  38.581
invited:  [[160, 82, 153, 93, 30], [1, 42, 12, 49, 62], [2, 8, 83, 22, 63], [164, 74, 60, 115, 156]]
present:  [160, 82, 153, 93, 30, 1, 42, 12, 49, 62, 2, 8, 83, 22, 63, 164, 74, 60, 115, 156]
----------------------------------------------
episode:  23
reward:  39.557
invited:  [[160, 1, 82, 153, 93], [12, 49, 30, 156, 62], [2, 42, 178, 83, 63], [129, 164, 115, 56, 59]]
present:  [160, 1, 82, 153, 93, 12, 49, 30, 156, 62, 2, 42, 178, 83, 63, 129, 164, 115, 56, 59]
----------------------------------------------
episode:  24
reward:  40.226
invited:  [[160, 1, 82, 93, 30], [49, 83, 153, 62, 63], [129, 2, 42, 12, 156], [164, 74, 140, 50, 59]]
present:  [160, 1, 82, 93, 30, 49, 83, 153, 62, 63, 129, 2, 42, 12, 156, 164, 74, 140, 50, 59]
----------------------------------------------
episode:  25
reward:  38.496
invited:  [[160, 82, 153, 93, 30], [1, 2, 164, 49, 62], [8, 42, 12, 83, 63], [34, 115, 22, 59, 156]]
present:  [160, 82, 153, 93, 30, 1, 2, 164, 49, 62, 8, 42, 12, 83, 63, 34, 115, 22, 59, 156]
----------------------------------------------
episode:  26
reward:  39.711
invited:  [[1, 82, 153, 93, 30], [160, 2, 42, 49, 62], [74, 12, 83, 59, 63], [129, 164, 8, 115, 156]]
present:  [1, 82, 153, 93, 30, 160, 2, 42, 49, 62, 74, 12, 83, 59, 63, 129, 164, 8, 115, 156]
----------------------------------------------
episode:  27
reward:  37.225
invited:  [[160, 1, 82, 153, 93], [12, 49, 30, 62, 63], [2, 164, 36, 42, 115], [74, 110, 83, 121, 156]]
present:  [160, 1, 82, 153, 93, 12, 49, 30, 62, 63, 2, 164, 36, 42, 115, 74, 110, 83, 121, 156]
----------------------------------------------
episode:  28
reward:  39.208
invited:  [[82, 30, 153, 93, 62], [160, 1, 42, 12, 49], [2, 199, 8, 74, 63], [129, 164, 83, 56, 156]]
present:  [82, 30, 153, 93, 62, 160, 1, 42, 12, 49, 2, 199, 8, 74, 63, 129, 164, 83, 56, 156]
----------------------------------------------
episode:  29
reward:  38.138
invited:  [[160, 82, 153, 93, 30], [1, 2, 42, 49, 62], [164, 199, 12, 83, 63], [129, 167, 8, 140, 189]]
present:  [160, 82, 153, 93, 30, 1, 2, 42, 49, 62, 164, 199, 12, 83, 63, 129, 167, 8, 140, 189]
----------------------------------------------
episode:  30
reward:  39.914
invited:  [[1, 82, 153, 93, 30], [160, 2, 49, 62, 63], [164, 8, 42, 12, 156], [129, 74, 141, 83, 59]]
present:  [1, 82, 153, 93, 30, 160, 2, 49, 62, 63, 164, 8, 42, 12, 156, 129, 74, 141, 83, 59]
----------------------------------------------
episode:  31
reward:  39.108
invited:  [[160, 1, 82, 93, 30], [49, 153, 156, 62, 63], [2, 8, 74, 83, 59], [164, 199, 42, 12, 22]]
present:  [160, 1, 82, 93, 30, 49, 153, 156, 62, 63, 2, 8, 74, 83, 59, 164, 199, 42, 12, 22]
----------------------------------------------
episode:  32
reward:  38.088
invited:  [[160, 1, 82, 153, 30], [2, 49, 93, 62, 63], [164, 8, 12, 110, 60], [74, 42, 83, 116, 156]]
present:  [160, 1, 82, 153, 30, 2, 49, 93, 62, 63, 164, 8, 12, 110, 60, 74, 42, 83, 116, 156]
----------------------------------------------
episode:  33
reward:  38.437
invited:  [[160, 1, 82, 93, 30], [12, 49, 153, 62, 63], [129, 2, 140, 59, 156], [164, 74, 83, 115, 121]]
present:  [160, 1, 82, 93, 30, 12, 49, 153, 62, 63, 129, 2, 140, 59, 156, 164, 74, 83, 115, 121]
----------------------------------------------
episode:  34
reward:  39.194
invited:  [[160, 82, 153, 93, 30], [1, 42, 12, 49, 62], [2, 164, 83, 156, 63], [129, 199, 115, 59, 126]]
present:  [160, 82, 153, 93, 30, 1, 42, 12, 49, 62, 2, 164, 83, 156, 63, 129, 199, 115, 59, 126]
----------------------------------------------
episode:  35
reward:  38.519
invited:  [[160, 1, 82, 153, 93], [164, 42, 49, 30, 62], [2, 8, 12, 56, 63], [129, 50, 83, 116, 156]]
present:  [160, 1, 82, 153, 93, 164, 42, 49, 30, 62, 2, 8, 12, 56, 63, 129, 50, 83, 116, 156]
----------------------------------------------
episode:  36
reward:  40.077
invited:  [[160, 1, 82, 153, 30], [164, 49, 93, 62, 63], [129, 2, 12, 83, 59], [8, 74, 42, 140, 60]]
present:  [160, 1, 82, 153, 30, 164, 49, 93, 62, 63, 129, 2, 12, 83, 59, 8, 74, 42, 140, 60]
----------------------------------------------
episode:  37
reward:  39.033
invited:  [[160, 82, 153, 93, 30], [1, 12, 49, 83, 62], [2, 164, 8, 42, 63], [167, 60, 59, 156, 31]]
present:  [160, 82, 153, 93, 30, 1, 12, 49, 83, 62, 2, 164, 8, 42, 63, 167, 60, 59, 156, 31]
----------------------------------------------
episode:  38
reward:  37.51
invited:  [[160, 82, 153, 93, 30], [1, 12, 49, 62, 63], [2, 164, 8, 74, 56], [129, 42, 60, 156, 189]]
present:  [160, 82, 153, 93, 30, 1, 12, 49, 62, 63, 2, 164, 8, 74, 56, 129, 42, 60, 156, 189]
----------------------------------------------
episode:  39
reward:  39.132
invited:  [[160, 2, 82, 93, 30], [164, 49, 153, 62, 63], [1, 74, 83, 56, 156], [129, 12, 115, 59, 60]]
present:  [160, 2, 82, 93, 30, 164, 49, 153, 62, 63, 1, 74, 83, 56, 156, 129, 12, 115, 59, 60]
----------------------------------------------
episode:  40
reward:  37.985
invited:  [[160, 1, 82, 93, 30], [74, 49, 153, 62, 63], [2, 199, 42, 56, 125], [164, 8, 12, 83, 116]]
present:  [160, 1, 82, 93, 30, 74, 49, 153, 62, 63, 2, 199, 42, 56, 125, 164, 8, 12, 83, 116]
----------------------------------------------
episode:  41
reward:  38.384
invited:  [[160, 1, 82, 153, 93], [164, 42, 49, 30, 62], [2, 140, 12, 156, 63], [74, 110, 83, 56, 59]]
present:  [160, 1, 82, 153, 93, 164, 42, 49, 30, 62, 2, 140, 12, 156, 63, 74, 110, 83, 56, 59]
----------------------------------------------
episode:  42
reward:  39.861
invited:  [[1, 82, 153, 93, 30], [160, 12, 49, 62, 63], [129, 2, 164, 83, 59], [8, 74, 42, 115, 156]]
present:  [1, 82, 153, 93, 30, 160, 12, 49, 62, 63, 129, 2, 164, 83, 59, 8, 74, 42, 115, 156]
----------------------------------------------
episode:  43
reward:  37.112
invited:  [[160, 1, 82, 153, 93], [12, 49, 30, 62, 63], [2, 164, 74, 83, 156], [32, 129, 8, 140, 56]]
present:  [160, 1, 82, 153, 93, 12, 49, 30, 62, 63, 2, 164, 74, 83, 156, 32, 129, 8, 140, 56]
----------------------------------------------
episode:  44
reward:  39.149
invited:  [[1, 82, 153, 93, 30], [160, 2, 12, 49, 62], [199, 8, 83, 156, 63], [164, 74, 42, 140, 59]]
present:  [1, 82, 153, 93, 30, 160, 2, 12, 49, 62, 199, 8, 83, 156, 63, 164, 74, 42, 140, 59]
----------------------------------------------
episode:  45
reward:  39.125
invited:  [[1, 49, 82, 93, 30], [160, 12, 50, 153, 62], [129, 2, 74, 83, 63], [8, 42, 115, 56, 156]]
present:  [1, 49, 82, 93, 30, 160, 12, 50, 153, 62, 129, 2, 74, 83, 63, 8, 42, 115, 56, 156]
----------------------------------------------
episode:  46
reward:  39.815
invited:  [[160, 1, 82, 93, 30], [12, 49, 153, 62, 63], [129, 2, 8, 83, 156], [164, 42, 74, 115, 59]]
present:  [160, 1, 82, 93, 30, 12, 49, 153, 62, 63, 129, 2, 8, 83, 156, 164, 42, 74, 115, 59]
----------------------------------------------
episode:  47
reward:  39.853
invited:  [[160, 1, 82, 153, 30], [12, 49, 93, 62, 63], [129, 2, 74, 50, 59], [164, 167, 42, 140, 83]]
present:  [160, 1, 82, 153, 30, 12, 49, 93, 62, 63, 129, 2, 74, 50, 59, 164, 167, 42, 140, 83]
----------------------------------------------
episode:  48
reward:  38.199
invited:  [[160, 1, 82, 153, 93], [2, 199, 49, 56, 30], [8, 12, 156, 62, 63], [129, 164, 74, 42, 115]]
present:  [160, 1, 82, 153, 93, 2, 199, 49, 56, 30, 8, 12, 156, 62, 63, 129, 164, 74, 42, 115]
----------------------------------------------
episode:  49
reward:  39.71
invited:  [[160, 1, 82, 153, 93], [74, 49, 30, 62, 63], [2, 167, 42, 83, 156], [164, 199, 8, 12, 59]]
present:  [160, 1, 82, 153, 93, 74, 49, 30, 62, 63, 2, 167, 42, 83, 156, 164, 199, 8, 12, 59]
average reward for ada_greedy policy is: 38.9864, std is: 0.9434466174617405
