something is happening
selected graph:  Exhibition
#nodes:  410
#edges:  2765
----------------------------------------------
episode:  0
reward:  21.093
invited:  [[180, 297, 298, 221, 154], [142, 31, 145, 359, 169], [103, 361, 205, 21, 27], [255, 305, 18, 256, 185]]
present:  [180, 297, 298, 221, 154, 142, 31, 145, 359, 169, 103, 361, 205, 21, 27, 255, 305, 18, 256, 185]
----------------------------------------------
episode:  1
reward:  20.879
invited:  [[345, 89, 233, 306, 182], [217, 26, 189, 157, 248], [367, 338, 285, 199, 73], [230, 373, 102, 331, 336]]
present:  [345, 89, 233, 306, 182, 217, 26, 189, 157, 248, 367, 338, 285, 199, 73, 230, 373, 102, 331, 336]
----------------------------------------------
episode:  2
reward:  23.317
invited:  [[239, 158, 49, 365, 103], [86, 38, 94, 202, 287], [227, 15, 47, 332, 306], [210, 99, 408, 8, 321]]
present:  [239, 158, 49, 365, 103, 86, 38, 94, 202, 287, 227, 15, 47, 332, 306, 210, 99, 408, 8, 321]
----------------------------------------------
episode:  3
reward:  21.079
invited:  [[183, 309, 206, 196, 327], [343, 220, 357, 42, 371], [302, 307, 21, 82, 260], [341, 404, 102, 119, 197]]
present:  [183, 309, 206, 196, 327, 343, 220, 357, 42, 371, 302, 307, 21, 82, 260, 341, 404, 102, 119, 197]
----------------------------------------------
episode:  4
reward:  22.125
invited:  [[273, 375, 156, 150, 252], [225, 112, 49, 385, 379], [229, 293, 27, 192, 318], [397, 133, 212, 19, 39]]
present:  [273, 375, 156, 150, 252, 225, 112, 49, 385, 379, 229, 293, 27, 192, 318, 397, 133, 212, 19, 39]
----------------------------------------------
episode:  5
reward:  21.068
invited:  [[64, 117, 337, 373, 134], [291, 8, 139, 191, 391], [167, 273, 61, 394, 280], [292, 221, 164, 351, 168]]
present:  [64, 117, 337, 373, 134, 291, 8, 139, 191, 391, 167, 273, 61, 394, 280, 292, 221, 164, 351, 168]
----------------------------------------------
episode:  6
reward:  21.969
invited:  [[323, 396, 168, 392, 356], [222, 355, 238, 169, 30], [50, 74, 340, 199, 320], [389, 201, 128, 100, 156]]
present:  [323, 396, 168, 392, 356, 222, 355, 238, 169, 30, 50, 74, 340, 199, 320, 389, 201, 128, 100, 156]
----------------------------------------------
episode:  7
reward:  21.682
invited:  [[136, 53, 62, 243, 285], [163, 215, 181, 250, 374], [39, 271, 319, 192, 278], [35, 387, 194, 294, 286]]
present:  [136, 53, 62, 243, 285, 163, 215, 181, 250, 374, 39, 271, 319, 192, 278, 35, 387, 194, 294, 286]
----------------------------------------------
episode:  8
reward:  21.779
invited:  [[92, 118, 88, 331, 199], [387, 58, 357, 236, 195], [317, 61, 19, 75, 299], [197, 229, 389, 281, 184]]
present:  [92, 118, 88, 331, 199, 387, 58, 357, 236, 195, 317, 61, 19, 75, 299, 197, 229, 389, 281, 184]
----------------------------------------------
episode:  9
reward:  21.267
invited:  [[238, 167, 345, 168, 48], [305, 398, 156, 2, 396], [61, 3, 273, 315, 295], [362, 368, 158, 93, 279]]
present:  [238, 167, 345, 168, 48, 305, 398, 156, 2, 396, 61, 3, 273, 315, 295, 362, 368, 158, 93, 279]
----------------------------------------------
episode:  10
reward:  21.705
invited:  [[155, 201, 72, 163, 97], [330, 362, 265, 108, 261], [135, 337, 119, 94, 129], [5, 296, 378, 304, 208]]
present:  [155, 201, 72, 163, 97, 330, 362, 265, 108, 261, 135, 337, 119, 94, 129, 5, 296, 378, 304, 208]
----------------------------------------------
episode:  11
reward:  20.921
invited:  [[134, 181, 36, 57, 155], [402, 11, 18, 52, 217], [213, 114, 239, 154, 177], [167, 255, 243, 194, 245]]
present:  [134, 181, 36, 57, 155, 402, 11, 18, 52, 217, 213, 114, 239, 154, 177, 167, 255, 243, 194, 245]
----------------------------------------------
episode:  12
reward:  22.943
invited:  [[251, 290, 75, 74, 173], [121, 36, 337, 330, 93], [146, 77, 362, 265, 241], [108, 259, 279, 285, 364]]
present:  [251, 290, 75, 74, 173, 121, 36, 337, 330, 93, 146, 77, 362, 265, 241, 108, 259, 279, 285, 364]
----------------------------------------------
episode:  13
reward:  21.222
invited:  [[298, 261, 246, 148, 98], [181, 99, 393, 407, 8], [237, 323, 37, 96, 313], [213, 140, 145, 293, 220]]
present:  [298, 261, 246, 148, 98, 181, 99, 393, 407, 8, 237, 323, 37, 96, 313, 213, 140, 145, 293, 220]
----------------------------------------------
episode:  14
reward:  24.153
invited:  [[108, 4, 328, 388, 350], [402, 368, 200, 32, 316], [236, 401, 263, 221, 290], [301, 73, 133, 197, 9]]
present:  [108, 4, 328, 388, 350, 402, 368, 200, 32, 316, 236, 401, 263, 221, 290, 301, 73, 133, 197, 9]
----------------------------------------------
episode:  15
reward:  21.217
invited:  [[37, 234, 268, 62, 335], [364, 215, 378, 58, 329], [173, 281, 243, 71, 334], [11, 72, 328, 287, 275]]
present:  [37, 234, 268, 62, 335, 364, 215, 378, 58, 329, 173, 281, 243, 71, 334, 11, 72, 328, 287, 275]
----------------------------------------------
episode:  16
reward:  22.91
invited:  [[75, 13, 209, 388, 68], [382, 193, 233, 164, 169], [321, 220, 319, 161, 378], [390, 248, 352, 145, 224]]
present:  [75, 13, 209, 388, 68, 382, 193, 233, 164, 169, 321, 220, 319, 161, 378, 390, 248, 352, 145, 224]
----------------------------------------------
episode:  17
reward:  22.321
invited:  [[72, 31, 354, 318, 288], [152, 242, 269, 224, 60], [38, 158, 56, 202, 102], [21, 227, 197, 140, 94]]
present:  [72, 31, 354, 318, 288, 152, 242, 269, 224, 60, 38, 158, 56, 202, 102, 21, 227, 197, 140, 94]
----------------------------------------------
episode:  18
reward:  23.019
invited:  [[125, 361, 355, 337, 334], [201, 145, 319, 215, 126], [77, 122, 185, 23, 349], [390, 80, 292, 365, 299]]
present:  [125, 361, 355, 337, 334, 201, 145, 319, 215, 126, 77, 122, 185, 23, 349, 390, 80, 292, 365, 299]
----------------------------------------------
episode:  19
reward:  21.27
invited:  [[350, 79, 23, 375, 197], [41, 220, 230, 240, 191], [119, 326, 181, 157, 400], [146, 332, 246, 356, 358]]
present:  [350, 79, 23, 375, 197, 41, 220, 230, 240, 191, 119, 326, 181, 157, 400, 146, 332, 246, 356, 358]
average reward for random policy is: 21.89695, std is: 0.9088123279863668
total runtime for action selection is: 0.0012209415435791016, total runtime for env.step is: 0.0002770423889160156
something is happening
selected graph:  India
#nodes:  202
#edges:  692
----------------------------------------------
episode:  0
reward:  15.697
invited:  [[62, 83], [59, 93], [50, 24], [95, 82]]
present:  [62, 83, 59, 93, 50, 24, 95, 82]
----------------------------------------------
episode:  1
reward:  15.527
invited:  [[62, 83], [59, 93], [50, 24], [95, 82]]
present:  [62, 83, 59, 93, 50, 24, 95, 82]
----------------------------------------------
episode:  2
reward:  15.476
invited:  [[62, 83], [59, 93], [50, 24], [95, 82]]
present:  [62, 83, 59, 93, 50, 24, 95, 82]
----------------------------------------------
episode:  3
reward:  15.513
invited:  [[62, 83], [59, 93], [50, 24], [95, 82]]
present:  [62, 83, 59, 93, 50, 24, 95, 82]
----------------------------------------------
episode:  4
reward:  15.449
invited:  [[62, 83], [59, 93], [50, 24], [95, 82]]
present:  [62, 83, 59, 93, 50, 24, 95, 82]
----------------------------------------------
episode:  5
reward:  15.59
invited:  [[62, 83], [59, 93], [50, 24], [95, 82]]
present:  [62, 83, 59, 93, 50, 24, 95, 82]
----------------------------------------------
episode:  6
reward:  15.391
invited:  [[62, 83], [59, 93], [50, 24], [95, 82]]
present:  [62, 83, 59, 93, 50, 24, 95, 82]
----------------------------------------------
episode:  7
reward:  15.477
invited:  [[62, 83], [59, 93], [50, 24], [95, 82]]
present:  [62, 83, 59, 93, 50, 24, 95, 82]
----------------------------------------------
episode:  8
reward:  15.509
invited:  [[62, 83], [59, 93], [50, 24], [95, 82]]
present:  [62, 83, 59, 93, 50, 24, 95, 82]
----------------------------------------------
episode:  9
reward:  15.594
invited:  [[62, 83], [59, 93], [50, 24], [95, 82]]
present:  [62, 83, 59, 93, 50, 24, 95, 82]
----------------------------------------------
episode:  10
reward:  15.268
invited:  [[62, 83], [59, 93], [50, 24], [95, 82]]
present:  [62, 83, 59, 93, 50, 24, 95, 82]
----------------------------------------------
episode:  11
reward:  15.405
invited:  [[62, 83], [59, 93], [50, 24], [95, 82]]
present:  [62, 83, 59, 93, 50, 24, 95, 82]
----------------------------------------------
episode:  12
reward:  15.508
invited:  [[62, 83], [59, 93], [50, 24], [95, 82]]
present:  [62, 83, 59, 93, 50, 24, 95, 82]
----------------------------------------------
episode:  13
reward:  15.394
invited:  [[62, 83], [59, 93], [50, 24], [95, 82]]
present:  [62, 83, 59, 93, 50, 24, 95, 82]
----------------------------------------------
episode:  14
reward:  15.4
invited:  [[62, 83], [59, 93], [50, 24], [95, 82]]
present:  [62, 83, 59, 93, 50, 24, 95, 82]
----------------------------------------------
episode:  15
reward:  15.49
invited:  [[62, 83], [59, 93], [50, 24], [95, 82]]
present:  [62, 83, 59, 93, 50, 24, 95, 82]
----------------------------------------------
episode:  16
reward:  15.475
invited:  [[62, 83], [59, 93], [50, 24], [95, 82]]
present:  [62, 83, 59, 93, 50, 24, 95, 82]
----------------------------------------------
episode:  17
reward:  15.373
invited:  [[62, 83], [59, 93], [50, 24], [95, 82]]
present:  [62, 83, 59, 93, 50, 24, 95, 82]
----------------------------------------------
episode:  18
reward:  15.417
invited:  [[62, 83], [59, 93], [50, 24], [95, 82]]
present:  [62, 83, 59, 93, 50, 24, 95, 82]
----------------------------------------------
episode:  19
reward:  15.49
invited:  [[62, 83], [59, 93], [50, 24], [95, 82]]
present:  [62, 83, 59, 93, 50, 24, 95, 82]
average reward for maxdegree policy is: 15.47215, std is: 0.0907718431012611
total runtime for action selection is: 0.005587339401245117, total runtime for env.step is: 0.0002923011779785156
