something is happening
selected graph:  India
#nodes:  202
#edges:  692
----------------------------------------------
episode:  0
reward:  9.607
invited:  [[113, 153], [193, 98], [31, 194], [3, 165]]
present:  [113, 153, 193, 98, 31, 194, 3, 165]
----------------------------------------------
episode:  1
reward:  9.895
invited:  [[101, 36], [124, 60], [192, 120], [21, 82]]
present:  [101, 36, 124, 60, 192, 120, 21, 82]
----------------------------------------------
episode:  2
reward:  9.739
invited:  [[137, 6], [82, 186], [104, 123], [45, 39]]
present:  [137, 6, 82, 186, 104, 123, 45, 39]
----------------------------------------------
episode:  3
reward:  9.051
invited:  [[10, 97], [86, 116], [50, 44], [159, 141]]
present:  [10, 97, 86, 116, 50, 44, 159, 141]
----------------------------------------------
episode:  4
reward:  8.751
invited:  [[27, 94], [190, 92], [21, 16], [6, 197]]
present:  [27, 94, 190, 92, 21, 16, 6, 197]
----------------------------------------------
episode:  5
reward:  8.588
invited:  [[171, 169], [54, 51], [194, 172], [100, 116]]
present:  [171, 169, 54, 51, 194, 172, 100, 116]
----------------------------------------------
episode:  6
reward:  8.649
invited:  [[137, 147], [17, 78], [57, 15], [94, 100]]
present:  [137, 147, 17, 78, 57, 15, 94, 100]
----------------------------------------------
episode:  7
reward:  8.646
invited:  [[95, 23], [90, 61], [21, 46], [89, 173]]
present:  [95, 23, 90, 61, 21, 46, 89, 173]
----------------------------------------------
episode:  8
reward:  9.24
invited:  [[115, 97], [150, 37], [116, 58], [0, 59]]
present:  [115, 97, 150, 37, 116, 58, 0, 59]
----------------------------------------------
episode:  9
reward:  9.0
invited:  [[97, 104], [72, 83], [91, 124], [115, 17]]
present:  [97, 104, 72, 83, 91, 124, 115, 17]
----------------------------------------------
episode:  10
reward:  9.877
invited:  [[108, 82], [24, 73], [138, 29], [127, 27]]
present:  [108, 82, 24, 73, 138, 29, 127, 27]
----------------------------------------------
episode:  11
reward:  9.078
invited:  [[136, 166], [14, 39], [186, 12], [179, 161]]
present:  [136, 166, 14, 39, 186, 12, 179, 161]
----------------------------------------------
episode:  12
reward:  9.566
invited:  [[44, 88], [184, 1], [187, 23], [43, 65]]
present:  [44, 88, 184, 1, 187, 23, 43, 65]
----------------------------------------------
episode:  13
reward:  9.939
invited:  [[38, 12], [47, 22], [140, 44], [89, 116]]
present:  [38, 12, 47, 22, 140, 44, 89, 116]
----------------------------------------------
episode:  14
reward:  9.107
invited:  [[178, 16], [87, 188], [45, 107], [199, 151]]
present:  [178, 16, 87, 188, 45, 107, 199, 151]
----------------------------------------------
episode:  15
reward:  8.321
invited:  [[177, 86], [8, 197], [11, 66], [105, 147]]
present:  [177, 86, 8, 197, 11, 66, 105, 147]
----------------------------------------------
episode:  16
reward:  8.871
invited:  [[191, 14], [27, 91], [94, 129], [77, 152]]
present:  [191, 14, 27, 91, 94, 129, 77, 152]
----------------------------------------------
episode:  17
reward:  10.78
invited:  [[59, 1], [82, 100], [174, 197], [18, 86]]
present:  [59, 1, 82, 100, 174, 197, 18, 86]
----------------------------------------------
episode:  18
reward:  8.447
invited:  [[200, 16], [113, 143], [105, 169], [11, 64]]
present:  [200, 16, 113, 143, 105, 169, 11, 64]
----------------------------------------------
episode:  19
reward:  8.961
invited:  [[124, 175], [20, 164], [91, 44], [13, 132]]
present:  [124, 175, 20, 164, 91, 44, 13, 132]
average reward for random policy is: 9.205650000000002, std is: 0.6063155346022401
total runtime for action selection is: 0.0015714168548583984, total runtime for env.step is: 0.0003027915954589844
something is happening
selected graph:  India
#nodes:  202
#edges:  692
----------------------------------------------
episode:  0
reward:  15.4
invited:  [[62, 83], [59, 93], [50, 24], [95, 82]]
present:  [62, 83, 59, 93, 50, 24, 95, 82]
----------------------------------------------
episode:  1
reward:  15.497
invited:  [[62, 83], [59, 93], [50, 24], [95, 82]]
present:  [62, 83, 59, 93, 50, 24, 95, 82]
----------------------------------------------
episode:  2
reward:  15.46
invited:  [[62, 83], [59, 93], [50, 24], [95, 82]]
present:  [62, 83, 59, 93, 50, 24, 95, 82]
----------------------------------------------
episode:  3
reward:  15.282
invited:  [[62, 83], [59, 93], [50, 24], [95, 82]]
present:  [62, 83, 59, 93, 50, 24, 95, 82]
----------------------------------------------
episode:  4
reward:  15.469
invited:  [[62, 83], [59, 93], [50, 24], [95, 82]]
present:  [62, 83, 59, 93, 50, 24, 95, 82]
----------------------------------------------
episode:  5
reward:  15.634
invited:  [[62, 83], [59, 93], [50, 24], [95, 82]]
present:  [62, 83, 59, 93, 50, 24, 95, 82]
----------------------------------------------
episode:  6
reward:  15.521
invited:  [[62, 83], [59, 93], [50, 24], [95, 82]]
present:  [62, 83, 59, 93, 50, 24, 95, 82]
----------------------------------------------
episode:  7
reward:  15.465
invited:  [[62, 83], [59, 93], [50, 24], [95, 82]]
present:  [62, 83, 59, 93, 50, 24, 95, 82]
----------------------------------------------
episode:  8
reward:  15.373
invited:  [[62, 83], [59, 93], [50, 24], [95, 82]]
present:  [62, 83, 59, 93, 50, 24, 95, 82]
----------------------------------------------
episode:  9
reward:  15.545
invited:  [[62, 83], [59, 93], [50, 24], [95, 82]]
present:  [62, 83, 59, 93, 50, 24, 95, 82]
----------------------------------------------
episode:  10
reward:  15.316
invited:  [[62, 83], [59, 93], [50, 24], [95, 82]]
present:  [62, 83, 59, 93, 50, 24, 95, 82]
----------------------------------------------
episode:  11
reward:  15.199
invited:  [[62, 83], [59, 93], [50, 24], [95, 82]]
present:  [62, 83, 59, 93, 50, 24, 95, 82]
----------------------------------------------
episode:  12
reward:  15.451
invited:  [[62, 83], [59, 93], [50, 24], [95, 82]]
present:  [62, 83, 59, 93, 50, 24, 95, 82]
----------------------------------------------
episode:  13
reward:  15.445
invited:  [[62, 83], [59, 93], [50, 24], [95, 82]]
present:  [62, 83, 59, 93, 50, 24, 95, 82]
----------------------------------------------
episode:  14
reward:  15.438
invited:  [[62, 83], [59, 93], [50, 24], [95, 82]]
present:  [62, 83, 59, 93, 50, 24, 95, 82]
----------------------------------------------
episode:  15
reward:  15.512
invited:  [[62, 83], [59, 93], [50, 24], [95, 82]]
present:  [62, 83, 59, 93, 50, 24, 95, 82]
----------------------------------------------
episode:  16
reward:  15.476
invited:  [[62, 83], [59, 93], [50, 24], [95, 82]]
present:  [62, 83, 59, 93, 50, 24, 95, 82]
----------------------------------------------
episode:  17
reward:  15.562
invited:  [[62, 83], [59, 93], [50, 24], [95, 82]]
present:  [62, 83, 59, 93, 50, 24, 95, 82]
----------------------------------------------
episode:  18
reward:  15.494
invited:  [[62, 83], [59, 93], [50, 24], [95, 82]]
present:  [62, 83, 59, 93, 50, 24, 95, 82]
----------------------------------------------
episode:  19
reward:  15.557
invited:  [[62, 83], [59, 93], [50, 24], [95, 82]]
present:  [62, 83, 59, 93, 50, 24, 95, 82]
average reward for maxdegree policy is: 15.4548, std is: 0.09964567225926074
total runtime for action selection is: 0.005389690399169922, total runtime for env.step is: 0.000270843505859375
