something is happening
selected graph:  India
#nodes:  202
#edges:  692
----------------------------------------------
episode:  0
reward:  35.916
invited:  [[82, 30, 93, 62, 63], [6, 12, 172, 109, 83], [2, 35, 78, 23, 24], [136, 50, 53, 60, 95]]
present:  [82, 30, 93, 62, 63, 6, 12, 172, 109, 83, 2, 35, 78, 23, 24, 136, 50, 53, 60, 95]
----------------------------------------------
episode:  1
reward:  31.481
invited:  [[7, 111, 79, 153, 93], [1, 33, 112, 49, 146], [160, 9, 178, 83, 26], [136, 140, 147, 121, 125]]
present:  [7, 111, 79, 153, 93, 1, 33, 112, 49, 146, 160, 9, 178, 83, 26, 136, 140, 147, 121, 125]
----------------------------------------------
episode:  2
reward:  36.678
invited:  [[199, 49, 82, 153, 93], [129, 2, 68, 8, 12], [5, 42, 113, 124, 62], [39, 179, 119, 59, 63]]
present:  [199, 49, 82, 153, 93, 129, 2, 68, 8, 12, 5, 42, 113, 124, 62, 39, 179, 119, 59, 63]
----------------------------------------------
episode:  3
reward:  36.963
invited:  [[194, 2, 53, 26, 93], [74, 62, 124, 30, 63], [160, 64, 164, 59, 95], [107, 174, 16, 85, 60]]
present:  [194, 2, 53, 26, 93, 74, 62, 124, 30, 63, 160, 64, 164, 59, 95, 107, 174, 16, 85, 60]
----------------------------------------------
episode:  4
reward:  33.914
invited:  [[4, 82, 153, 93, 30], [160, 66, 49, 189, 62], [97, 2, 42, 12, 60], [101, 199, 47, 112, 51]]
present:  [4, 82, 153, 93, 30, 160, 66, 49, 189, 62, 97, 2, 42, 12, 60, 101, 199, 47, 112, 51]
----------------------------------------------
episode:  5
reward:  34.121
invited:  [[12, 82, 53, 93, 62], [1, 199, 42, 83, 63], [160, 162, 71, 105, 77], [129, 198, 16, 146, 89]]
present:  [12, 82, 53, 93, 62, 1, 199, 42, 83, 63, 160, 162, 71, 105, 77, 129, 198, 16, 146, 89]
----------------------------------------------
episode:  6
reward:  32.778
invited:  [[49, 178, 184, 93, 62], [1, 8, 51, 63, 159], [160, 138, 153, 187, 95], [27, 74, 56, 91, 94]]
present:  [49, 178, 184, 93, 62, 1, 8, 51, 63, 159, 160, 138, 153, 187, 95, 27, 74, 56, 91, 94]
----------------------------------------------
episode:  7
reward:  32.05
invited:  [[107, 143, 124, 93, 191], [101, 45, 110, 83, 22], [35, 163, 8, 12, 87], [109, 178, 154, 62, 95]]
present:  [107, 143, 124, 93, 191, 101, 45, 110, 83, 22, 35, 163, 8, 12, 87, 109, 178, 154, 62, 95]
----------------------------------------------
episode:  8
reward:  36.888
invited:  [[1, 82, 62, 30, 63], [103, 42, 80, 81, 93], [129, 2, 74, 149, 59], [163, 24, 26, 60, 125]]
present:  [1, 82, 62, 30, 63, 103, 42, 80, 81, 93, 129, 2, 74, 149, 59, 163, 24, 26, 60, 125]
----------------------------------------------
episode:  9
reward:  34.155
invited:  [[1, 82, 153, 93, 30], [5, 103, 49, 59, 62], [160, 36, 101, 110, 183], [130, 81, 148, 87, 63]]
present:  [1, 82, 153, 93, 30, 5, 103, 49, 59, 62, 160, 36, 101, 110, 183, 130, 81, 148, 87, 63]
----------------------------------------------
episode:  10
reward:  34.664
invited:  [[160, 0, 50, 153, 93], [178, 30, 24, 124, 62], [64, 129, 6, 139, 53], [108, 141, 28, 95, 63]]
present:  [160, 0, 50, 153, 93, 178, 30, 24, 124, 62, 64, 129, 6, 139, 53, 108, 141, 28, 95, 63]
----------------------------------------------
episode:  11
reward:  32.033
invited:  [[17, 82, 30, 93, 62], [164, 8, 74, 12, 141], [165, 134, 10, 21, 124], [129, 179, 121, 27, 95]]
present:  [17, 82, 30, 93, 62, 164, 8, 74, 12, 141, 165, 134, 10, 21, 124, 129, 179, 121, 27, 95]
----------------------------------------------
episode:  12
reward:  30.028
invited:  [[110, 49, 153, 59, 93], [160, 65, 70, 14, 124], [2, 5, 42, 140, 121], [170, 171, 176, 149, 23]]
present:  [110, 49, 153, 59, 93, 160, 65, 70, 14, 124, 2, 5, 42, 140, 121, 170, 171, 176, 149, 23]
----------------------------------------------
episode:  13
reward:  32.975
invited:  [[1, 49, 82, 153, 93], [6, 199, 30, 126, 62], [133, 155, 13, 59, 156], [9, 76, 47, 116, 60]]
present:  [1, 49, 82, 153, 93, 6, 199, 30, 126, 62, 133, 155, 13, 59, 156, 9, 76, 47, 116, 60]
----------------------------------------------
episode:  14
reward:  32.334
invited:  [[12, 52, 22, 93, 62], [160, 36, 90, 63, 191], [15, 18, 149, 153, 30], [64, 34, 38, 166, 178]]
present:  [12, 52, 22, 93, 62, 160, 36, 90, 63, 191, 15, 18, 149, 153, 30, 64, 34, 38, 166, 178]
----------------------------------------------
episode:  15
reward:  36.748
invited:  [[1, 101, 15, 93, 30], [199, 50, 82, 149, 62], [6, 42, 77, 46, 178], [44, 78, 19, 83, 63]]
present:  [1, 101, 15, 93, 30, 199, 50, 82, 149, 62, 6, 42, 77, 46, 178, 44, 78, 19, 83, 63]
----------------------------------------------
episode:  16
reward:  31.521
invited:  [[35, 48, 123, 93, 30], [2, 139, 174, 145, 124], [129, 71, 184, 62, 63], [160, 34, 67, 109, 84]]
present:  [35, 48, 123, 93, 30, 2, 139, 174, 145, 124, 129, 71, 184, 62, 63, 160, 34, 67, 109, 84]
----------------------------------------------
episode:  17
reward:  35.484
invited:  [[2, 22, 59, 93, 30], [78, 82, 152, 187, 62], [74, 83, 89, 63, 95], [101, 113, 84, 60, 125]]
present:  [2, 22, 59, 93, 30, 78, 82, 152, 187, 62, 74, 83, 89, 63, 95, 101, 113, 84, 60, 125]
----------------------------------------------
episode:  18
reward:  34.051
invited:  [[106, 12, 82, 153, 93], [36, 169, 170, 137, 18], [2, 152, 24, 30, 95], [42, 178, 127, 62, 63]]
present:  [106, 12, 82, 153, 93, 36, 169, 170, 137, 18, 2, 152, 24, 30, 95, 42, 178, 127, 62, 63]
----------------------------------------------
episode:  19
reward:  35.583
invited:  [[2, 82, 83, 180, 63], [106, 49, 178, 56, 93], [98, 164, 36, 185, 62], [119, 184, 89, 24, 95]]
present:  [2, 82, 83, 180, 63, 106, 49, 178, 56, 93, 98, 164, 36, 185, 62, 119, 184, 89, 24, 95]
average reward for ada_greedy policy is: 34.01825, std is: 2.0243991670369748
total runtime for action selection is: 1117.987453699112, total runtime for env.step is: 0.0016787052154541016
