selected graph:  Exhibition
graph size:  410
----------------------------------------------
episode:  0
reward:  53.52
invited:  [[346, 112, 188, 124, 82, 397], [8, 190, 116, 183, 85, 79], [300, 53, 46, 268, 351, 231], [58, 333, 91, 80, 299, 353]]
present:  [346, 112, 188, 124, 82, 397, 8, 190, 116, 183, 85, 79, 300, 53, 46, 268, 351, 231, 58, 333, 91, 80, 299, 353]
----------------------------------------------
episode:  1
reward:  56.015
invited:  [[251, 277, 34, 194, 311, 244], [138, 247, 170, 199, 308, 382], [75, 63, 80, 88, 339, 86], [387, 72, 139, 371, 178, 403]]
present:  [251, 277, 34, 194, 311, 244, 138, 247, 170, 199, 308, 382, 75, 63, 80, 88, 339, 86, 387, 72, 139, 371, 178, 403]
----------------------------------------------
episode:  2
reward:  52.851
invited:  [[108, 196, 322, 20, 125, 230], [314, 278, 16, 70, 262, 111], [45, 10, 71, 6, 122, 94], [321, 398, 313, 32, 279, 89]]
present:  [108, 196, 322, 20, 125, 230, 314, 278, 16, 70, 262, 111, 45, 10, 71, 6, 122, 94, 321, 398, 313, 32, 279, 89]
----------------------------------------------
episode:  3
reward:  34.146
invited:  [[137, 225, 157, 310, 249, 386], [48, 72, 297, 227, 372, 406], [388, 355, 229, 108, 292, 89], [290, 260, 151, 4, 392, 219]]
present:  [137, 225, 157, 310, 249, 386, 48, 72, 297, 227, 372, 406, 388, 355, 229, 108, 292, 89, 290, 260, 151, 4, 392, 219]
----------------------------------------------
episode:  4
reward:  35.453
invited:  [[168, 210, 217, 342, 69, 276], [119, 370, 358, 63, 47, 61], [376, 99, 362, 269, 406, 271], [310, 408, 94, 401, 144, 303]]
present:  [168, 210, 217, 342, 69, 276, 119, 370, 358, 63, 47, 61, 376, 99, 362, 269, 406, 271, 310, 408, 94, 401, 144, 303]
----------------------------------------------
episode:  5
reward:  63.616
invited:  [[281, 331, 343, 178, 163, 249], [334, 260, 24, 272, 3, 130], [70, 328, 218, 384, 360, 403], [353, 127, 171, 325, 365, 216]]
present:  [281, 331, 343, 178, 163, 249, 334, 260, 24, 272, 3, 130, 70, 328, 218, 384, 360, 403, 353, 127, 171, 325, 365, 216]
----------------------------------------------
episode:  6
reward:  64.618
invited:  [[56, 226, 231, 264, 44, 131], [30, 280, 35, 276, 95, 326], [295, 173, 225, 88, 65, 342], [273, 245, 396, 83, 309, 140]]
present:  [56, 226, 231, 264, 44, 131, 30, 280, 35, 276, 95, 326, 295, 173, 225, 88, 65, 342, 273, 245, 396, 83, 309, 140]
----------------------------------------------
episode:  7
reward:  100.637
invited:  [[234, 180, 65, 22, 0, 394], [106, 222, 282, 305, 350, 226], [133, 309, 58, 69, 327, 9], [84, 86, 392, 258, 287, 78]]
present:  [234, 180, 65, 22, 0, 394, 106, 222, 282, 305, 350, 226, 133, 309, 58, 69, 327, 9, 84, 86, 392, 258, 287, 78]
----------------------------------------------
episode:  8
reward:  97.252
invited:  [[181, 123, 264, 257, 365, 312], [298, 326, 100, 287, 233, 403], [32, 281, 7, 115, 283, 11], [240, 245, 398, 213, 0, 209]]
present:  [181, 123, 264, 257, 365, 312, 298, 326, 100, 287, 233, 403, 32, 281, 7, 115, 283, 11, 240, 245, 398, 213, 0, 209]
----------------------------------------------
episode:  9
reward:  74.894
invited:  [[391, 408, 87, 173, 88, 379], [20, 287, 280, 44, 193, 306], [259, 249, 362, 155, 365, 296], [366, 299, 3, 33, 266, 136]]
present:  [391, 408, 87, 173, 88, 379, 20, 287, 280, 44, 193, 306, 259, 249, 362, 155, 365, 296, 366, 299, 3, 33, 266, 136]
----------------------------------------------
episode:  10
reward:  67.207
invited:  [[34, 361, 10, 236, 362, 379], [198, 37, 56, 195, 186, 159], [243, 262, 78, 317, 28, 115], [372, 323, 4, 165, 176, 145]]
present:  [34, 361, 10, 236, 362, 379, 198, 37, 56, 195, 186, 159, 243, 262, 78, 317, 28, 115, 372, 323, 4, 165, 176, 145]
----------------------------------------------
episode:  11
reward:  94.144
invited:  [[297, 345, 387, 290, 83, 173], [222, 359, 75, 190, 308, 197], [120, 163, 130, 276, 328, 233], [252, 333, 291, 170, 174, 214]]
present:  [297, 345, 387, 290, 83, 173, 222, 359, 75, 190, 308, 197, 120, 163, 130, 276, 328, 233, 252, 333, 291, 170, 174, 214]
----------------------------------------------
episode:  12
reward:  65.424
invited:  [[242, 128, 334, 350, 369, 274], [75, 180, 398, 315, 119, 48], [143, 406, 251, 169, 188, 355], [311, 238, 240, 72, 299, 0]]
present:  [242, 128, 334, 350, 369, 274, 75, 180, 398, 315, 119, 48, 143, 406, 251, 169, 188, 355, 311, 238, 240, 72, 299, 0]
----------------------------------------------
episode:  13
reward:  69.244
invited:  [[98, 224, 326, 327, 28, 153], [380, 263, 212, 53, 244, 387], [240, 247, 18, 258, 14, 11], [97, 134, 122, 77, 33, 17]]
present:  [98, 224, 326, 327, 28, 153, 380, 263, 212, 53, 244, 387, 240, 247, 18, 258, 14, 11, 97, 134, 122, 77, 33, 17]
----------------------------------------------
episode:  14
reward:  88.301
invited:  [[55, 248, 108, 32, 115, 375], [179, 290, 281, 279, 56, 253], [376, 137, 310, 337, 409, 289], [29, 203, 252, 210, 112, 271]]
present:  [55, 248, 108, 32, 115, 375, 179, 290, 281, 279, 56, 253, 376, 137, 310, 337, 409, 289, 29, 203, 252, 210, 112, 271]
----------------------------------------------
episode:  15
reward:  75.923
invited:  [[207, 90, 342, 335, 339, 370], [261, 341, 16, 74, 150, 323], [234, 94, 359, 86, 298, 281], [237, 179, 351, 392, 64, 259]]
present:  [207, 90, 342, 335, 339, 370, 261, 341, 16, 74, 150, 323, 234, 94, 359, 86, 298, 281, 237, 179, 351, 392, 64, 259]
----------------------------------------------
episode:  16
reward:  65.511
invited:  [[48, 379, 168, 403, 402, 113], [61, 342, 281, 163, 240, 247], [170, 380, 306, 326, 407, 141], [182, 277, 166, 127, 104, 350]]
present:  [48, 379, 168, 403, 402, 113, 61, 342, 281, 163, 240, 247, 170, 380, 306, 326, 407, 141, 182, 277, 166, 127, 104, 350]
----------------------------------------------
episode:  17
reward:  76.337
invited:  [[318, 104, 12, 393, 370, 164], [85, 44, 377, 10, 258, 68], [225, 381, 121, 346, 214, 40], [268, 114, 342, 4, 50, 347]]
present:  [318, 104, 12, 393, 370, 164, 85, 44, 377, 10, 258, 68, 225, 381, 121, 346, 214, 40, 268, 114, 342, 4, 50, 347]
----------------------------------------------
episode:  18
reward:  95.516
invited:  [[118, 5, 200, 284, 176, 140], [223, 57, 149, 186, 124, 231], [101, 138, 148, 305, 203, 352], [261, 238, 64, 164, 285, 265]]
present:  [118, 5, 200, 284, 176, 140, 223, 57, 149, 186, 124, 231, 101, 138, 148, 305, 203, 352, 261, 238, 64, 164, 285, 265]
----------------------------------------------
episode:  19
reward:  71.058
invited:  [[155, 12, 87, 202, 115, 134], [399, 216, 358, 116, 99, 65], [5, 13, 339, 348, 336, 45], [386, 285, 141, 56, 387, 254]]
present:  [155, 12, 87, 202, 115, 134, 399, 216, 358, 116, 99, 65, 5, 13, 339, 348, 336, 45, 386, 285, 141, 56, 387, 254]
----------------------------------------------
episode:  20
reward:  75.678
invited:  [[275, 142, 223, 207, 187, 78], [314, 65, 317, 67, 246, 158], [226, 278, 41, 409, 105, 205], [347, 301, 190, 210, 287, 380]]
present:  [275, 142, 223, 207, 187, 78, 314, 65, 317, 67, 246, 158, 226, 278, 41, 409, 105, 205, 347, 301, 190, 210, 287, 380]
----------------------------------------------
episode:  21
reward:  71.482
invited:  [[354, 162, 95, 121, 344, 213], [131, 130, 50, 56, 85, 211], [355, 223, 329, 155, 174, 312], [360, 29, 193, 122, 272, 253]]
present:  [354, 162, 95, 121, 344, 213, 131, 130, 50, 56, 85, 211, 355, 223, 329, 155, 174, 312, 360, 29, 193, 122, 272, 253]
----------------------------------------------
episode:  22
reward:  81.473
invited:  [[406, 257, 347, 290, 162, 148], [222, 313, 18, 348, 247, 129], [395, 65, 288, 227, 132, 265], [91, 231, 332, 273, 380, 157]]
present:  [406, 257, 347, 290, 162, 148, 222, 313, 18, 348, 247, 129, 395, 65, 288, 227, 132, 265, 91, 231, 332, 273, 380, 157]
----------------------------------------------
episode:  23
reward:  97.775
invited:  [[125, 99, 380, 274, 351, 208], [362, 178, 147, 38, 66, 114], [160, 342, 101, 242, 129, 18], [144, 293, 7, 153, 309, 267]]
present:  [125, 99, 380, 274, 351, 208, 362, 178, 147, 38, 66, 114, 160, 342, 101, 242, 129, 18, 144, 293, 7, 153, 309, 267]
----------------------------------------------
episode:  24
reward:  69.766
invited:  [[84, 289, 140, 171, 219, 163], [358, 151, 96, 220, 79, 148], [178, 30, 285, 179, 231, 176], [108, 297, 284, 216, 197, 41]]
present:  [84, 289, 140, 171, 219, 163, 358, 151, 96, 220, 79, 148, 178, 30, 285, 179, 231, 176, 108, 297, 284, 216, 197, 41]
----------------------------------------------
episode:  25
reward:  75.031
invited:  [[380, 113, 376, 223, 310, 121], [197, 226, 114, 64, 298, 273], [361, 198, 401, 388, 294, 358], [248, 43, 393, 23, 268, 359]]
present:  [380, 113, 376, 223, 310, 121, 197, 226, 114, 64, 298, 273, 361, 198, 401, 388, 294, 358, 248, 43, 393, 23, 268, 359]
----------------------------------------------
episode:  26
reward:  70.104
invited:  [[20, 233, 36, 305, 407, 194], [270, 125, 160, 173, 296, 156], [229, 38, 111, 48, 43, 272], [373, 382, 110, 204, 319, 40]]
present:  [20, 233, 36, 305, 407, 194, 270, 125, 160, 173, 296, 156, 229, 38, 111, 48, 43, 272, 373, 382, 110, 204, 319, 40]
----------------------------------------------
episode:  27
reward:  94.812
invited:  [[204, 214, 245, 140, 188, 205], [396, 123, 117, 265, 347, 6], [399, 7, 173, 324, 378, 159], [121, 58, 237, 376, 99, 392]]
present:  [204, 214, 245, 140, 188, 205, 396, 123, 117, 265, 347, 6, 399, 7, 173, 324, 378, 159, 121, 58, 237, 376, 99, 392]
----------------------------------------------
episode:  28
reward:  34.349
invited:  [[53, 176, 85, 353, 29, 253], [137, 333, 25, 44, 178, 106], [397, 339, 223, 358, 388, 342], [114, 271, 43, 398, 112, 10]]
present:  [53, 176, 85, 353, 29, 253, 137, 333, 25, 44, 178, 106, 397, 339, 223, 358, 388, 342, 114, 271, 43, 398, 112, 10]
----------------------------------------------
episode:  29
reward:  78.143
invited:  [[16, 6, 45, 23, 91, 363], [228, 66, 211, 233, 218, 391], [250, 78, 73, 237, 38, 98], [255, 371, 324, 284, 74, 117]]
present:  [16, 6, 45, 23, 91, 363, 228, 66, 211, 233, 218, 391, 250, 78, 73, 237, 38, 98, 255, 371, 324, 284, 74, 117]
----------------------------------------------
episode:  30
reward:  34.032
invited:  [[106, 147, 402, 169, 24, 48], [389, 342, 361, 11, 203, 265], [349, 397, 382, 189, 178, 390], [333, 83, 324, 399, 235, 287]]
present:  [106, 147, 402, 169, 24, 48, 389, 342, 361, 11, 203, 265, 349, 397, 382, 189, 178, 390, 333, 83, 324, 399, 235, 287]
----------------------------------------------
episode:  31
reward:  75.674
invited:  [[110, 84, 220, 388, 74, 49], [320, 62, 344, 18, 262, 61], [103, 387, 393, 200, 203, 172], [272, 33, 350, 408, 9, 27]]
present:  [110, 84, 220, 388, 74, 49, 320, 62, 344, 18, 262, 61, 103, 387, 393, 200, 203, 172, 272, 33, 350, 408, 9, 27]
----------------------------------------------
episode:  32
reward:  58.543
invited:  [[331, 371, 171, 347, 367, 267], [270, 222, 302, 397, 116, 172], [242, 47, 150, 117, 163, 76], [40, 113, 244, 372, 153, 390]]
present:  [331, 371, 171, 347, 367, 267, 270, 222, 302, 397, 116, 172, 242, 47, 150, 117, 163, 76, 40, 113, 244, 372, 153, 390]
----------------------------------------------
episode:  33
reward:  63.778
invited:  [[138, 37, 6, 296, 289, 187], [345, 17, 130, 390, 334, 155], [344, 356, 353, 393, 113, 366], [271, 200, 297, 90, 141, 241]]
present:  [138, 37, 6, 296, 289, 187, 345, 17, 130, 390, 334, 155, 344, 356, 353, 393, 113, 366, 271, 200, 297, 90, 141, 241]
----------------------------------------------
episode:  34
reward:  96.304
invited:  [[377, 138, 295, 95, 252, 109], [32, 341, 18, 52, 391, 140], [4, 99, 383, 179, 124, 243], [194, 207, 311, 166, 404, 151]]
present:  [377, 138, 295, 95, 252, 109, 32, 341, 18, 52, 391, 140, 4, 99, 383, 179, 124, 243, 194, 207, 311, 166, 404, 151]
----------------------------------------------
episode:  35
reward:  72.055
invited:  [[213, 151, 44, 27, 162, 323], [142, 258, 366, 50, 241, 24], [121, 295, 376, 296, 333, 184], [22, 70, 141, 211, 110, 314]]
present:  [213, 151, 44, 27, 162, 323, 142, 258, 366, 50, 241, 24, 121, 295, 376, 296, 333, 184, 22, 70, 141, 211, 110, 314]
----------------------------------------------
episode:  36
reward:  43.334
invited:  [[28, 134, 358, 399, 12, 348], [27, 108, 384, 383, 144, 20], [149, 235, 151, 195, 344, 251], [337, 393, 173, 46, 298, 214]]
present:  [28, 134, 358, 399, 12, 348, 27, 108, 384, 383, 144, 20, 149, 235, 151, 195, 344, 251, 337, 393, 173, 46, 298, 214]
----------------------------------------------
episode:  37
reward:  49.136
invited:  [[121, 288, 399, 44, 374, 20], [94, 273, 173, 223, 376, 279], [58, 160, 304, 114, 353, 92], [159, 8, 226, 396, 192, 45]]
present:  [121, 288, 399, 44, 374, 20, 94, 273, 173, 223, 376, 279, 58, 160, 304, 114, 353, 92, 159, 8, 226, 396, 192, 45]
----------------------------------------------
episode:  38
reward:  70.168
invited:  [[327, 44, 246, 370, 387, 205], [29, 96, 116, 128, 51, 192], [204, 150, 233, 392, 183, 291], [227, 397, 405, 52, 209, 376]]
present:  [327, 44, 246, 370, 387, 205, 29, 96, 116, 128, 51, 192, 204, 150, 233, 392, 183, 291, 227, 397, 405, 52, 209, 376]
----------------------------------------------
episode:  39
reward:  103.553
invited:  [[90, 270, 11, 255, 302, 20], [115, 205, 247, 362, 287, 126], [108, 164, 375, 272, 378, 299], [4, 196, 358, 217, 277, 282]]
present:  [90, 270, 11, 255, 302, 20, 115, 205, 247, 362, 287, 126, 108, 164, 375, 272, 378, 299, 4, 196, 358, 217, 277, 282]
----------------------------------------------
episode:  40
reward:  54.291
invited:  [[275, 232, 217, 141, 407, 189], [185, 126, 408, 206, 122, 50], [102, 146, 28, 393, 316, 153], [90, 319, 396, 161, 157, 383]]
present:  [275, 232, 217, 141, 407, 189, 185, 126, 408, 206, 122, 50, 102, 146, 28, 393, 316, 153, 90, 319, 396, 161, 157, 383]
----------------------------------------------
episode:  41
reward:  66.115
invited:  [[98, 358, 347, 15, 110, 326], [401, 133, 287, 111, 324, 216], [215, 370, 201, 328, 199, 298], [270, 129, 226, 202, 8, 26]]
present:  [98, 358, 347, 15, 110, 326, 401, 133, 287, 111, 324, 216, 215, 370, 201, 328, 199, 298, 270, 129, 226, 202, 8, 26]
----------------------------------------------
episode:  42
reward:  67.515
invited:  [[283, 131, 53, 287, 224, 261], [149, 355, 204, 30, 78, 397], [41, 180, 210, 73, 33, 136], [87, 304, 220, 212, 286, 394]]
present:  [283, 131, 53, 287, 224, 261, 149, 355, 204, 30, 78, 397, 41, 180, 210, 73, 33, 136, 87, 304, 220, 212, 286, 394]
----------------------------------------------
episode:  43
reward:  67.561
invited:  [[241, 299, 339, 398, 159, 311], [308, 68, 90, 64, 247, 255], [82, 31, 300, 407, 358, 189], [163, 264, 168, 263, 333, 384]]
present:  [241, 299, 339, 398, 159, 311, 308, 68, 90, 64, 247, 255, 82, 31, 300, 407, 358, 189, 163, 264, 168, 263, 333, 384]
----------------------------------------------
episode:  44
reward:  98.7
invited:  [[104, 268, 333, 212, 270, 182], [275, 258, 105, 331, 173, 313], [238, 86, 83, 343, 335, 403], [154, 124, 293, 279, 340, 381]]
present:  [104, 268, 333, 212, 270, 182, 275, 258, 105, 331, 173, 313, 238, 86, 83, 343, 335, 403, 154, 124, 293, 279, 340, 381]
----------------------------------------------
episode:  45
reward:  54.125
invited:  [[207, 109, 255, 111, 66, 399], [340, 82, 325, 50, 312, 221], [290, 328, 322, 296, 77, 293], [1, 407, 298, 140, 166, 288]]
present:  [207, 109, 255, 111, 66, 399, 340, 82, 325, 50, 312, 221, 290, 328, 322, 296, 77, 293, 1, 407, 298, 140, 166, 288]
----------------------------------------------
episode:  46
reward:  60.492
invited:  [[75, 49, 59, 223, 265, 28], [69, 383, 215, 15, 202, 52], [239, 263, 87, 54, 401, 10], [369, 83, 356, 293, 65, 347]]
present:  [75, 49, 59, 223, 265, 28, 69, 383, 215, 15, 202, 52, 239, 263, 87, 54, 401, 10, 369, 83, 356, 293, 65, 347]
----------------------------------------------
episode:  47
reward:  43.606
invited:  [[353, 247, 317, 48, 250, 241], [373, 323, 226, 181, 400, 119], [175, 139, 390, 333, 4, 339], [66, 28, 329, 359, 231, 88]]
present:  [353, 247, 317, 48, 250, 241, 373, 323, 226, 181, 400, 119, 175, 139, 390, 333, 4, 339, 66, 28, 329, 359, 231, 88]
----------------------------------------------
episode:  48
reward:  95.146
invited:  [[181, 338, 175, 242, 353, 319], [233, 304, 391, 23, 86, 99], [325, 401, 159, 324, 93, 122], [104, 206, 245, 198, 257, 150]]
present:  [181, 338, 175, 242, 353, 319, 233, 304, 391, 23, 86, 99, 325, 401, 159, 324, 93, 122, 104, 206, 245, 198, 257, 150]
----------------------------------------------
episode:  49
reward:  80.643
invited:  [[243, 124, 255, 398, 67, 299], [123, 103, 337, 178, 32, 231], [44, 151, 154, 162, 115, 226], [149, 110, 30, 157, 28, 35]]
present:  [243, 124, 255, 398, 67, 299, 123, 103, 337, 178, 32, 231, 44, 151, 154, 162, 115, 226, 149, 110, 30, 157, 28, 35]
average reward for random policy is: 70.10102, std is: 18.423811611596555
