selected graph:  Hospital
graph size:  75
----------------------------------------------
episode:  0
reward:  52.303
invited:  [[61], [23], [29], [9]]
present:  [61, 23, 29, 9]
----------------------------------------------
episode:  1
reward:  61.547
invited:  [[23], [56], [26], [21]]
present:  [23, 56, 26, 21]
----------------------------------------------
episode:  2
reward:  61.182
invited:  [[65], [9], [0], [24]]
present:  [65, 9, 0, 24]
----------------------------------------------
episode:  3
reward:  61.952
invited:  [[59], [25], [12], [20]]
present:  [59, 25, 12, 20]
----------------------------------------------
episode:  4
reward:  63.75
invited:  [[13], [3], [14], [52]]
present:  [13, 3, 14, 52]
----------------------------------------------
episode:  5
reward:  53.548
invited:  [[0], [51], [55], [69]]
present:  [0, 51, 55, 69]
----------------------------------------------
episode:  6
reward:  54.138
invited:  [[16], [37], [44], [59]]
present:  [16, 37, 44, 59]
----------------------------------------------
episode:  7
reward:  59.906
invited:  [[54], [44], [57], [61]]
present:  [54, 44, 57, 61]
----------------------------------------------
episode:  8
reward:  30.443
invited:  [[28], [61], [41], [69]]
present:  [28, 61, 41, 69]
----------------------------------------------
episode:  9
reward:  45.867
invited:  [[61], [42], [49], [70]]
present:  [61, 42, 49, 70]
----------------------------------------------
episode:  10
reward:  62.815
invited:  [[32], [67], [0], [34]]
present:  [32, 67, 0, 34]
----------------------------------------------
episode:  11
reward:  56.737
invited:  [[31], [28], [71], [25]]
present:  [31, 28, 71, 25]
----------------------------------------------
episode:  12
reward:  19.397
invited:  [[41], [64], [14], [72]]
present:  [41, 64, 14, 72]
----------------------------------------------
episode:  13
reward:  61.1
invited:  [[28], [56], [16], [19]]
present:  [28, 56, 16, 19]
----------------------------------------------
episode:  14
reward:  39.782
invited:  [[5], [36], [26], [29]]
present:  [5, 36, 26, 29]
----------------------------------------------
episode:  15
reward:  63.971
invited:  [[39], [11], [46], [57]]
present:  [39, 11, 46, 57]
----------------------------------------------
episode:  16
reward:  63.327
invited:  [[63], [37], [30], [2]]
present:  [63, 37, 30, 2]
----------------------------------------------
episode:  17
reward:  58.252
invited:  [[37], [73], [4], [69]]
present:  [37, 73, 4, 69]
----------------------------------------------
episode:  18
reward:  45.995
invited:  [[71], [63], [40], [34]]
present:  [71, 63, 40, 34]
----------------------------------------------
episode:  19
reward:  64.166
invited:  [[13], [34], [15], [73]]
present:  [13, 34, 15, 73]
----------------------------------------------
episode:  20
reward:  63.203
invited:  [[23], [46], [9], [18]]
present:  [23, 46, 9, 18]
----------------------------------------------
episode:  21
reward:  54.242
invited:  [[27], [66], [18], [5]]
present:  [27, 66, 18, 5]
----------------------------------------------
episode:  22
reward:  62.783
invited:  [[53], [63], [33], [50]]
present:  [53, 63, 33, 50]
----------------------------------------------
episode:  23
reward:  57.691
invited:  [[25], [27], [0], [61]]
present:  [25, 27, 0, 61]
----------------------------------------------
episode:  24
reward:  59.891
invited:  [[5], [50], [3], [16]]
present:  [5, 50, 3, 16]
----------------------------------------------
episode:  25
reward:  55.286
invited:  [[10], [70], [61], [55]]
present:  [10, 70, 61, 55]
----------------------------------------------
episode:  26
reward:  49.832
invited:  [[23], [18], [25], [41]]
present:  [23, 18, 25, 41]
----------------------------------------------
episode:  27
reward:  60.452
invited:  [[47], [59], [3], [34]]
present:  [47, 59, 3, 34]
----------------------------------------------
episode:  28
reward:  64.121
invited:  [[9], [13], [20], [43]]
present:  [9, 13, 20, 43]
----------------------------------------------
episode:  29
reward:  59.408
invited:  [[59], [52], [2], [27]]
present:  [59, 52, 2, 27]
----------------------------------------------
episode:  30
reward:  63.876
invited:  [[31], [45], [49], [17]]
present:  [31, 45, 49, 17]
----------------------------------------------
episode:  31
reward:  59.991
invited:  [[26], [39], [3], [41]]
present:  [26, 39, 3, 41]
----------------------------------------------
episode:  32
reward:  53.449
invited:  [[53], [40], [64], [28]]
present:  [53, 40, 64, 28]
----------------------------------------------
episode:  33
reward:  53.42
invited:  [[57], [64], [62], [29]]
present:  [57, 64, 62, 29]
----------------------------------------------
episode:  34
reward:  44.36
invited:  [[59], [32], [42], [56]]
present:  [59, 32, 42, 56]
----------------------------------------------
episode:  35
reward:  60.817
invited:  [[70], [37], [3], [50]]
present:  [70, 37, 3, 50]
----------------------------------------------
episode:  36
reward:  60.084
invited:  [[39], [34], [29], [26]]
present:  [39, 34, 29, 26]
----------------------------------------------
episode:  37
reward:  60.4
invited:  [[29], [52], [62], [28]]
present:  [29, 52, 62, 28]
----------------------------------------------
episode:  38
reward:  62.523
invited:  [[67], [21], [39], [16]]
present:  [67, 21, 39, 16]
----------------------------------------------
episode:  39
reward:  62.044
invited:  [[33], [63], [56], [9]]
present:  [33, 63, 56, 9]
----------------------------------------------
episode:  40
reward:  60.568
invited:  [[5], [16], [59], [8]]
present:  [5, 16, 59, 8]
----------------------------------------------
episode:  41
reward:  63.534
invited:  [[52], [30], [24], [13]]
present:  [52, 30, 24, 13]
----------------------------------------------
episode:  42
reward:  60.055
invited:  [[59], [73], [58], [3]]
present:  [59, 73, 58, 3]
----------------------------------------------
episode:  43
reward:  62.675
invited:  [[49], [41], [8], [20]]
present:  [49, 41, 8, 20]
----------------------------------------------
episode:  44
reward:  59.314
invited:  [[71], [12], [49], [23]]
present:  [71, 12, 49, 23]
----------------------------------------------
episode:  45
reward:  53.897
invited:  [[72], [35], [63], [47]]
present:  [72, 35, 63, 47]
----------------------------------------------
episode:  46
reward:  22.168
invited:  [[42], [59], [14], [66]]
present:  [42, 59, 14, 66]
----------------------------------------------
episode:  47
reward:  48.707
invited:  [[12], [67], [23], [65]]
present:  [12, 67, 23, 65]
----------------------------------------------
episode:  48
reward:  55.863
invited:  [[73], [68], [21], [19]]
present:  [73, 68, 21, 19]
----------------------------------------------
episode:  49
reward:  31.843
invited:  [[12], [65], [42], [5]]
present:  [12, 65, 42, 5]
average reward for random policy is: 55.333499999999994, std is: 10.435783808128644
selected graph:  Hospital
graph size:  75
----------------------------------------------
episode:  0
reward:  64.318
invited:  [[11], [15], [10], [13]]
present:  [11, 15, 10, 13]
----------------------------------------------
episode:  1
reward:  64.193
invited:  [[11], [15], [10], [13]]
present:  [11, 15, 10, 13]
----------------------------------------------
episode:  2
reward:  64.187
invited:  [[11], [15], [10], [13]]
present:  [11, 15, 10, 13]
----------------------------------------------
episode:  3
reward:  64.319
invited:  [[11], [15], [10], [13]]
present:  [11, 15, 10, 13]
----------------------------------------------
episode:  4
reward:  64.317
invited:  [[11], [15], [10], [13]]
present:  [11, 15, 10, 13]
----------------------------------------------
episode:  5
reward:  64.251
invited:  [[11], [15], [10], [13]]
present:  [11, 15, 10, 13]
----------------------------------------------
episode:  6
reward:  63.984
invited:  [[11], [15], [10], [13]]
present:  [11, 15, 10, 13]
----------------------------------------------
episode:  7
reward:  64.213
invited:  [[11], [15], [10], [13]]
present:  [11, 15, 10, 13]
----------------------------------------------
episode:  8
reward:  64.191
invited:  [[11], [15], [10], [13]]
present:  [11, 15, 10, 13]
----------------------------------------------
episode:  9
reward:  64.259
invited:  [[11], [15], [10], [13]]
present:  [11, 15, 10, 13]
----------------------------------------------
episode:  10
reward:  64.284
invited:  [[11], [15], [10], [13]]
present:  [11, 15, 10, 13]
----------------------------------------------
episode:  11
reward:  64.158
invited:  [[11], [15], [10], [13]]
present:  [11, 15, 10, 13]
----------------------------------------------
episode:  12
reward:  64.129
invited:  [[11], [15], [10], [13]]
present:  [11, 15, 10, 13]
----------------------------------------------
episode:  13
reward:  64.052
invited:  [[11], [15], [10], [13]]
present:  [11, 15, 10, 13]
----------------------------------------------
episode:  14
reward:  64.113
invited:  [[11], [15], [10], [13]]
present:  [11, 15, 10, 13]
----------------------------------------------
episode:  15
reward:  64.219
invited:  [[11], [15], [10], [13]]
present:  [11, 15, 10, 13]
----------------------------------------------
episode:  16
reward:  64.281
invited:  [[11], [15], [10], [13]]
present:  [11, 15, 10, 13]
----------------------------------------------
episode:  17
reward:  64.211
invited:  [[11], [15], [10], [13]]
present:  [11, 15, 10, 13]
----------------------------------------------
episode:  18
reward:  64.094
invited:  [[11], [15], [10], [13]]
present:  [11, 15, 10, 13]
----------------------------------------------
episode:  19
reward:  64.244
invited:  [[11], [15], [10], [13]]
present:  [11, 15, 10, 13]
----------------------------------------------
episode:  20
reward:  64.062
invited:  [[11], [15], [10], [13]]
present:  [11, 15, 10, 13]
----------------------------------------------
episode:  21
reward:  64.227
invited:  [[11], [15], [10], [13]]
present:  [11, 15, 10, 13]
----------------------------------------------
episode:  22
reward:  64.445
invited:  [[11], [15], [10], [13]]
present:  [11, 15, 10, 13]
----------------------------------------------
episode:  23
reward:  63.964
invited:  [[11], [15], [10], [13]]
present:  [11, 15, 10, 13]
----------------------------------------------
episode:  24
reward:  64.037
invited:  [[11], [15], [10], [13]]
present:  [11, 15, 10, 13]
----------------------------------------------
episode:  25
reward:  64.219
invited:  [[11], [15], [10], [13]]
present:  [11, 15, 10, 13]
----------------------------------------------
episode:  26
reward:  64.058
invited:  [[11], [15], [10], [13]]
present:  [11, 15, 10, 13]
----------------------------------------------
episode:  27
reward:  64.093
invited:  [[11], [15], [10], [13]]
present:  [11, 15, 10, 13]
----------------------------------------------
episode:  28
reward:  64.249
invited:  [[11], [15], [10], [13]]
present:  [11, 15, 10, 13]
----------------------------------------------
episode:  29
reward:  64.334
invited:  [[11], [15], [10], [13]]
present:  [11, 15, 10, 13]
----------------------------------------------
episode:  30
reward:  64.108
invited:  [[11], [15], [10], [13]]
present:  [11, 15, 10, 13]
----------------------------------------------
episode:  31
reward:  64.121
invited:  [[11], [15], [10], [13]]
present:  [11, 15, 10, 13]
----------------------------------------------
episode:  32
reward:  64.242
invited:  [[11], [15], [10], [13]]
present:  [11, 15, 10, 13]
----------------------------------------------
episode:  33
reward:  64.231
invited:  [[11], [15], [10], [13]]
present:  [11, 15, 10, 13]
----------------------------------------------
episode:  34
reward:  64.166
invited:  [[11], [15], [10], [13]]
present:  [11, 15, 10, 13]
----------------------------------------------
episode:  35
reward:  64.118
invited:  [[11], [15], [10], [13]]
present:  [11, 15, 10, 13]
----------------------------------------------
episode:  36
reward:  64.013
invited:  [[11], [15], [10], [13]]
present:  [11, 15, 10, 13]
----------------------------------------------
episode:  37
reward:  64.283
invited:  [[11], [15], [10], [13]]
present:  [11, 15, 10, 13]
----------------------------------------------
episode:  38
reward:  64.165
invited:  [[11], [15], [10], [13]]
present:  [11, 15, 10, 13]
----------------------------------------------
episode:  39
reward:  64.05
invited:  [[11], [15], [10], [13]]
present:  [11, 15, 10, 13]
----------------------------------------------
episode:  40
reward:  64.062
invited:  [[11], [15], [10], [13]]
present:  [11, 15, 10, 13]
----------------------------------------------
episode:  41
reward:  64.355
invited:  [[11], [15], [10], [13]]
present:  [11, 15, 10, 13]
----------------------------------------------
episode:  42
reward:  64.039
invited:  [[11], [15], [10], [13]]
present:  [11, 15, 10, 13]
----------------------------------------------
episode:  43
reward:  64.109
invited:  [[11], [15], [10], [13]]
present:  [11, 15, 10, 13]
----------------------------------------------
episode:  44
reward:  64.322
invited:  [[11], [15], [10], [13]]
present:  [11, 15, 10, 13]
----------------------------------------------
episode:  45
reward:  64.153
invited:  [[11], [15], [10], [13]]
present:  [11, 15, 10, 13]
----------------------------------------------
episode:  46
reward:  64.352
invited:  [[11], [15], [10], [13]]
present:  [11, 15, 10, 13]
----------------------------------------------
episode:  47
reward:  64.17
invited:  [[11], [15], [10], [13]]
present:  [11, 15, 10, 13]
----------------------------------------------
episode:  48
reward:  64.246
invited:  [[11], [15], [10], [13]]
present:  [11, 15, 10, 13]
----------------------------------------------
episode:  49
reward:  64.27
invited:  [[11], [15], [10], [13]]
present:  [11, 15, 10, 13]
average reward for maxdegree policy is: 64.18560000000001, std is: 0.10759479541316062
selected graph:  Hospital
graph size:  75
----------------------------------------------
episode:  0
reward:  64.212
invited:  [[15], [0], [46], [52]]
present:  [15, 0, 46, 52]
----------------------------------------------
episode:  1
reward:  63.841
invited:  [[7], [17], [12], [62]]
present:  [7, 17, 12, 62]
----------------------------------------------
episode:  2
reward:  64.203
invited:  [[4], [16], [57], [48]]
present:  [4, 16, 57, 48]
----------------------------------------------
episode:  3
reward:  64.06
invited:  [[7], [10], [3], [6]]
present:  [7, 10, 3, 6]
----------------------------------------------
episode:  4
reward:  64.129
invited:  [[11], [16], [7], [18]]
present:  [11, 16, 7, 18]
----------------------------------------------
episode:  5
reward:  64.378
invited:  [[0], [43], [37], [11]]
present:  [0, 43, 37, 11]
----------------------------------------------
episode:  6
reward:  61.377
invited:  [[46], [55], [60], [63]]
present:  [46, 55, 60, 63]
----------------------------------------------
episode:  7
reward:  61.96
invited:  [[28], [1], [61], [21]]
present:  [28, 1, 61, 21]
----------------------------------------------
episode:  8
reward:  60.395
invited:  [[26], [51], [17], [5]]
present:  [26, 51, 17, 5]
----------------------------------------------
episode:  9
reward:  63.82
invited:  [[49], [33], [57], [0]]
present:  [49, 33, 57, 0]
----------------------------------------------
episode:  10
reward:  63.292
invited:  [[15], [25], [18], [22]]
present:  [15, 25, 18, 22]
----------------------------------------------
episode:  11
reward:  63.855
invited:  [[47], [43], [6], [53]]
present:  [47, 43, 6, 53]
----------------------------------------------
episode:  12
reward:  63.993
invited:  [[15], [52], [4], [1]]
present:  [15, 52, 4, 1]
----------------------------------------------
episode:  13
reward:  64.157
invited:  [[0], [8], [12], [15]]
present:  [0, 8, 12, 15]
----------------------------------------------
episode:  14
reward:  64.091
invited:  [[7], [16], [43], [9]]
present:  [7, 16, 43, 9]
----------------------------------------------
episode:  15
reward:  64.314
invited:  [[7], [11], [45], [73]]
present:  [7, 11, 45, 73]
----------------------------------------------
episode:  16
reward:  64.067
invited:  [[3], [2], [4], [28]]
present:  [3, 2, 4, 28]
----------------------------------------------
episode:  17
reward:  64.191
invited:  [[1], [13], [8], [26]]
present:  [1, 13, 8, 26]
----------------------------------------------
episode:  18
reward:  61.91
invited:  [[1], [11], [51], [6]]
present:  [1, 11, 51, 6]
----------------------------------------------
episode:  19
reward:  62.145
invited:  [[58], [32], [27], [18]]
present:  [58, 32, 27, 18]
----------------------------------------------
episode:  20
reward:  63.9
invited:  [[13], [51], [8], [20]]
present:  [13, 51, 8, 20]
----------------------------------------------
episode:  21
reward:  64.292
invited:  [[43], [53], [11], [26]]
present:  [43, 53, 11, 26]
----------------------------------------------
episode:  22
reward:  63.319
invited:  [[10], [16], [52], [31]]
present:  [10, 16, 52, 31]
----------------------------------------------
episode:  23
reward:  63.659
invited:  [[63], [7], [46], [24]]
present:  [63, 7, 46, 24]
----------------------------------------------
episode:  24
reward:  63.989
invited:  [[8], [15], [0], [46]]
present:  [8, 15, 0, 46]
----------------------------------------------
episode:  25
reward:  63.616
invited:  [[49], [45], [47], [22]]
present:  [49, 45, 47, 22]
----------------------------------------------
episode:  26
reward:  61.826
invited:  [[8], [20], [35], [31]]
present:  [8, 20, 35, 31]
----------------------------------------------
episode:  27
reward:  63.638
invited:  [[8], [73], [13], [19]]
present:  [8, 73, 13, 19]
----------------------------------------------
episode:  28
reward:  63.305
invited:  [[45], [17], [71], [73]]
present:  [45, 17, 71, 73]
----------------------------------------------
episode:  29
reward:  53.505
invited:  [[8], [51], [61], [5]]
present:  [8, 51, 61, 5]
----------------------------------------------
episode:  30
reward:  63.773
invited:  [[39], [34], [8], [9]]
present:  [39, 34, 8, 9]
----------------------------------------------
episode:  31
reward:  63.868
invited:  [[16], [35], [43], [26]]
present:  [16, 35, 43, 26]
----------------------------------------------
episode:  32
reward:  64.048
invited:  [[0], [2], [54], [12]]
present:  [0, 2, 54, 12]
----------------------------------------------
episode:  33
reward:  63.915
invited:  [[57], [11], [7], [37]]
present:  [57, 11, 7, 37]
----------------------------------------------
episode:  34
reward:  64.337
invited:  [[10], [57], [16], [8]]
present:  [10, 57, 16, 8]
----------------------------------------------
episode:  35
reward:  64.122
invited:  [[0], [7], [12], [37]]
present:  [0, 7, 12, 37]
----------------------------------------------
episode:  36
reward:  63.936
invited:  [[7], [6], [13], [32]]
present:  [7, 6, 13, 32]
----------------------------------------------
episode:  37
reward:  63.372
invited:  [[45], [25], [13], [64]]
present:  [45, 25, 13, 64]
----------------------------------------------
episode:  38
reward:  64.397
invited:  [[45], [8], [54], [11]]
present:  [45, 8, 54, 11]
----------------------------------------------
episode:  39
reward:  64.158
invited:  [[66], [7], [0], [10]]
present:  [66, 7, 0, 10]
----------------------------------------------
episode:  40
reward:  64.132
invited:  [[43], [12], [26], [57]]
present:  [43, 12, 26, 57]
----------------------------------------------
episode:  41
reward:  64.384
invited:  [[0], [16], [8], [21]]
present:  [0, 16, 8, 21]
----------------------------------------------
episode:  42
reward:  63.831
invited:  [[15], [22], [11], [57]]
present:  [15, 22, 11, 57]
----------------------------------------------
episode:  43
reward:  62.34
invited:  [[71], [26], [10], [32]]
present:  [71, 26, 10, 32]
----------------------------------------------
episode:  44
reward:  64.105
invited:  [[9], [13], [0], [45]]
present:  [9, 13, 0, 45]
----------------------------------------------
episode:  45
reward:  62.901
invited:  [[37], [13], [32], [14]]
present:  [37, 13, 32, 14]
----------------------------------------------
episode:  46
reward:  64.075
invited:  [[10], [6], [53], [9]]
present:  [10, 6, 53, 9]
----------------------------------------------
episode:  47
reward:  63.889
invited:  [[38], [9], [0], [45]]
present:  [38, 9, 0, 45]
----------------------------------------------
episode:  48
reward:  63.704
invited:  [[1], [57], [15], [6]]
present:  [1, 57, 15, 6]
----------------------------------------------
episode:  49
reward:  63.416
invited:  [[47], [48], [15], [37]]
present:  [47, 48, 15, 37]
average reward for ada_greedy policy is: 63.402840000000005, std is: 1.6536589413781788
