selected graph:  India
#nodes:  202
#edges:  692
----------------------------------------------
episode:  0
reward:  42.086
invited:  [[62, 83, 59, 93, 50], [24, 95, 82, 9, 178], [6, 91, 110, 141, 13], [60, 75, 156, 2, 22]]
present:  [62, 83, 59, 93, 50, 24, 95, 82, 9, 178, 6, 91, 110, 141, 13, 60, 75, 156, 2, 22]
----------------------------------------------
episode:  1
reward:  41.395
invited:  [[62, 83, 59, 93, 50], [24, 95, 82, 9, 178], [6, 91, 110, 141, 13], [60, 75, 156, 2, 22]]
present:  [62, 83, 59, 93, 50, 24, 95, 82, 9, 178, 6, 91, 110, 141, 13, 60, 75, 156, 2, 22]
----------------------------------------------
episode:  2
reward:  42.043
invited:  [[62, 83, 59, 93, 50], [24, 95, 82, 9, 178], [6, 91, 110, 141, 13], [60, 75, 156, 2, 22]]
present:  [62, 83, 59, 93, 50, 24, 95, 82, 9, 178, 6, 91, 110, 141, 13, 60, 75, 156, 2, 22]
----------------------------------------------
episode:  3
reward:  41.972
invited:  [[62, 83, 59, 93, 50], [24, 95, 82, 9, 178], [6, 91, 110, 141, 13], [60, 75, 156, 2, 22]]
present:  [62, 83, 59, 93, 50, 24, 95, 82, 9, 178, 6, 91, 110, 141, 13, 60, 75, 156, 2, 22]
----------------------------------------------
episode:  4
reward:  41.562
invited:  [[62, 83, 59, 93, 50], [24, 95, 82, 9, 178], [6, 91, 110, 141, 13], [60, 75, 156, 2, 22]]
present:  [62, 83, 59, 93, 50, 24, 95, 82, 9, 178, 6, 91, 110, 141, 13, 60, 75, 156, 2, 22]
----------------------------------------------
episode:  5
reward:  41.847
invited:  [[62, 83, 59, 93, 50], [24, 95, 82, 9, 178], [6, 91, 110, 141, 13], [60, 75, 156, 2, 22]]
present:  [62, 83, 59, 93, 50, 24, 95, 82, 9, 178, 6, 91, 110, 141, 13, 60, 75, 156, 2, 22]
----------------------------------------------
episode:  6
reward:  41.742
invited:  [[62, 83, 59, 93, 50], [24, 95, 82, 9, 178], [6, 91, 110, 141, 13], [60, 75, 156, 2, 22]]
present:  [62, 83, 59, 93, 50, 24, 95, 82, 9, 178, 6, 91, 110, 141, 13, 60, 75, 156, 2, 22]
----------------------------------------------
episode:  7
reward:  41.648
invited:  [[62, 83, 59, 93, 50], [24, 95, 82, 9, 178], [6, 91, 110, 141, 13], [60, 75, 156, 2, 22]]
present:  [62, 83, 59, 93, 50, 24, 95, 82, 9, 178, 6, 91, 110, 141, 13, 60, 75, 156, 2, 22]
----------------------------------------------
episode:  8
reward:  42.382
invited:  [[62, 83, 59, 93, 50], [24, 95, 82, 9, 178], [6, 91, 110, 141, 13], [60, 75, 156, 2, 22]]
present:  [62, 83, 59, 93, 50, 24, 95, 82, 9, 178, 6, 91, 110, 141, 13, 60, 75, 156, 2, 22]
----------------------------------------------
episode:  9
reward:  41.963
invited:  [[62, 83, 59, 93, 50], [24, 95, 82, 9, 178], [6, 91, 110, 141, 13], [60, 75, 156, 2, 22]]
present:  [62, 83, 59, 93, 50, 24, 95, 82, 9, 178, 6, 91, 110, 141, 13, 60, 75, 156, 2, 22]
----------------------------------------------
episode:  10
reward:  42.115
invited:  [[62, 83, 59, 93, 50], [24, 95, 82, 9, 178], [6, 91, 110, 141, 13], [60, 75, 156, 2, 22]]
present:  [62, 83, 59, 93, 50, 24, 95, 82, 9, 178, 6, 91, 110, 141, 13, 60, 75, 156, 2, 22]
----------------------------------------------
episode:  11
reward:  41.697
invited:  [[62, 83, 59, 93, 50], [24, 95, 82, 9, 178], [6, 91, 110, 141, 13], [60, 75, 156, 2, 22]]
present:  [62, 83, 59, 93, 50, 24, 95, 82, 9, 178, 6, 91, 110, 141, 13, 60, 75, 156, 2, 22]
----------------------------------------------
episode:  12
reward:  41.784
invited:  [[62, 83, 59, 93, 50], [24, 95, 82, 9, 178], [6, 91, 110, 141, 13], [60, 75, 156, 2, 22]]
present:  [62, 83, 59, 93, 50, 24, 95, 82, 9, 178, 6, 91, 110, 141, 13, 60, 75, 156, 2, 22]
----------------------------------------------
episode:  13
reward:  41.554
invited:  [[62, 83, 59, 93, 50], [24, 95, 82, 9, 178], [6, 91, 110, 141, 13], [60, 75, 156, 2, 22]]
present:  [62, 83, 59, 93, 50, 24, 95, 82, 9, 178, 6, 91, 110, 141, 13, 60, 75, 156, 2, 22]
----------------------------------------------
episode:  14
reward:  42.11
invited:  [[62, 83, 59, 93, 50], [24, 95, 82, 9, 178], [6, 91, 110, 141, 13], [60, 75, 156, 2, 22]]
present:  [62, 83, 59, 93, 50, 24, 95, 82, 9, 178, 6, 91, 110, 141, 13, 60, 75, 156, 2, 22]
----------------------------------------------
episode:  15
reward:  41.898
invited:  [[62, 83, 59, 93, 50], [24, 95, 82, 9, 178], [6, 91, 110, 141, 13], [60, 75, 156, 2, 22]]
present:  [62, 83, 59, 93, 50, 24, 95, 82, 9, 178, 6, 91, 110, 141, 13, 60, 75, 156, 2, 22]
----------------------------------------------
episode:  16
reward:  41.741
invited:  [[62, 83, 59, 93, 50], [24, 95, 82, 9, 178], [6, 91, 110, 141, 13], [60, 75, 156, 2, 22]]
present:  [62, 83, 59, 93, 50, 24, 95, 82, 9, 178, 6, 91, 110, 141, 13, 60, 75, 156, 2, 22]
----------------------------------------------
episode:  17
reward:  41.75
invited:  [[62, 83, 59, 93, 50], [24, 95, 82, 9, 178], [6, 91, 110, 141, 13], [60, 75, 156, 2, 22]]
present:  [62, 83, 59, 93, 50, 24, 95, 82, 9, 178, 6, 91, 110, 141, 13, 60, 75, 156, 2, 22]
----------------------------------------------
episode:  18
reward:  42.14
invited:  [[62, 83, 59, 93, 50], [24, 95, 82, 9, 178], [6, 91, 110, 141, 13], [60, 75, 156, 2, 22]]
present:  [62, 83, 59, 93, 50, 24, 95, 82, 9, 178, 6, 91, 110, 141, 13, 60, 75, 156, 2, 22]
----------------------------------------------
episode:  19
reward:  42.223
invited:  [[62, 83, 59, 93, 50], [24, 95, 82, 9, 178], [6, 91, 110, 141, 13], [60, 75, 156, 2, 22]]
present:  [62, 83, 59, 93, 50, 24, 95, 82, 9, 178, 6, 91, 110, 141, 13, 60, 75, 156, 2, 22]
----------------------------------------------
episode:  20
reward:  41.708
invited:  [[62, 83, 59, 93, 50], [24, 95, 82, 9, 178], [6, 91, 110, 141, 13], [60, 75, 156, 2, 22]]
present:  [62, 83, 59, 93, 50, 24, 95, 82, 9, 178, 6, 91, 110, 141, 13, 60, 75, 156, 2, 22]
----------------------------------------------
episode:  21
reward:  42.241
invited:  [[62, 83, 59, 93, 50], [24, 95, 82, 9, 178], [6, 91, 110, 141, 13], [60, 75, 156, 2, 22]]
present:  [62, 83, 59, 93, 50, 24, 95, 82, 9, 178, 6, 91, 110, 141, 13, 60, 75, 156, 2, 22]
----------------------------------------------
episode:  22
reward:  41.984
invited:  [[62, 83, 59, 93, 50], [24, 95, 82, 9, 178], [6, 91, 110, 141, 13], [60, 75, 156, 2, 22]]
present:  [62, 83, 59, 93, 50, 24, 95, 82, 9, 178, 6, 91, 110, 141, 13, 60, 75, 156, 2, 22]
----------------------------------------------
episode:  23
reward:  41.673
invited:  [[62, 83, 59, 93, 50], [24, 95, 82, 9, 178], [6, 91, 110, 141, 13], [60, 75, 156, 2, 22]]
present:  [62, 83, 59, 93, 50, 24, 95, 82, 9, 178, 6, 91, 110, 141, 13, 60, 75, 156, 2, 22]
----------------------------------------------
episode:  24
reward:  42.056
invited:  [[62, 83, 59, 93, 50], [24, 95, 82, 9, 178], [6, 91, 110, 141, 13], [60, 75, 156, 2, 22]]
present:  [62, 83, 59, 93, 50, 24, 95, 82, 9, 178, 6, 91, 110, 141, 13, 60, 75, 156, 2, 22]
----------------------------------------------
episode:  25
reward:  42.015
invited:  [[62, 83, 59, 93, 50], [24, 95, 82, 9, 178], [6, 91, 110, 141, 13], [60, 75, 156, 2, 22]]
present:  [62, 83, 59, 93, 50, 24, 95, 82, 9, 178, 6, 91, 110, 141, 13, 60, 75, 156, 2, 22]
----------------------------------------------
episode:  26
reward:  41.975
invited:  [[62, 83, 59, 93, 50], [24, 95, 82, 9, 178], [6, 91, 110, 141, 13], [60, 75, 156, 2, 22]]
present:  [62, 83, 59, 93, 50, 24, 95, 82, 9, 178, 6, 91, 110, 141, 13, 60, 75, 156, 2, 22]
----------------------------------------------
episode:  27
reward:  41.88
invited:  [[62, 83, 59, 93, 50], [24, 95, 82, 9, 178], [6, 91, 110, 141, 13], [60, 75, 156, 2, 22]]
present:  [62, 83, 59, 93, 50, 24, 95, 82, 9, 178, 6, 91, 110, 141, 13, 60, 75, 156, 2, 22]
----------------------------------------------
episode:  28
reward:  42.329
invited:  [[62, 83, 59, 93, 50], [24, 95, 82, 9, 178], [6, 91, 110, 141, 13], [60, 75, 156, 2, 22]]
present:  [62, 83, 59, 93, 50, 24, 95, 82, 9, 178, 6, 91, 110, 141, 13, 60, 75, 156, 2, 22]
----------------------------------------------
episode:  29
reward:  42.036
invited:  [[62, 83, 59, 93, 50], [24, 95, 82, 9, 178], [6, 91, 110, 141, 13], [60, 75, 156, 2, 22]]
present:  [62, 83, 59, 93, 50, 24, 95, 82, 9, 178, 6, 91, 110, 141, 13, 60, 75, 156, 2, 22]
----------------------------------------------
episode:  30
reward:  41.767
invited:  [[62, 83, 59, 93, 50], [24, 95, 82, 9, 178], [6, 91, 110, 141, 13], [60, 75, 156, 2, 22]]
present:  [62, 83, 59, 93, 50, 24, 95, 82, 9, 178, 6, 91, 110, 141, 13, 60, 75, 156, 2, 22]
----------------------------------------------
episode:  31
reward:  42.044
invited:  [[62, 83, 59, 93, 50], [24, 95, 82, 9, 178], [6, 91, 110, 141, 13], [60, 75, 156, 2, 22]]
present:  [62, 83, 59, 93, 50, 24, 95, 82, 9, 178, 6, 91, 110, 141, 13, 60, 75, 156, 2, 22]
----------------------------------------------
episode:  32
reward:  41.491
invited:  [[62, 83, 59, 93, 50], [24, 95, 82, 9, 178], [6, 91, 110, 141, 13], [60, 75, 156, 2, 22]]
present:  [62, 83, 59, 93, 50, 24, 95, 82, 9, 178, 6, 91, 110, 141, 13, 60, 75, 156, 2, 22]
----------------------------------------------
episode:  33
reward:  41.628
invited:  [[62, 83, 59, 93, 50], [24, 95, 82, 9, 178], [6, 91, 110, 141, 13], [60, 75, 156, 2, 22]]
present:  [62, 83, 59, 93, 50, 24, 95, 82, 9, 178, 6, 91, 110, 141, 13, 60, 75, 156, 2, 22]
----------------------------------------------
episode:  34
reward:  41.538
invited:  [[62, 83, 59, 93, 50], [24, 95, 82, 9, 178], [6, 91, 110, 141, 13], [60, 75, 156, 2, 22]]
present:  [62, 83, 59, 93, 50, 24, 95, 82, 9, 178, 6, 91, 110, 141, 13, 60, 75, 156, 2, 22]
----------------------------------------------
episode:  35
reward:  41.597
invited:  [[62, 83, 59, 93, 50], [24, 95, 82, 9, 178], [6, 91, 110, 141, 13], [60, 75, 156, 2, 22]]
present:  [62, 83, 59, 93, 50, 24, 95, 82, 9, 178, 6, 91, 110, 141, 13, 60, 75, 156, 2, 22]
----------------------------------------------
episode:  36
reward:  41.749
invited:  [[62, 83, 59, 93, 50], [24, 95, 82, 9, 178], [6, 91, 110, 141, 13], [60, 75, 156, 2, 22]]
present:  [62, 83, 59, 93, 50, 24, 95, 82, 9, 178, 6, 91, 110, 141, 13, 60, 75, 156, 2, 22]
----------------------------------------------
episode:  37
reward:  42.176
invited:  [[62, 83, 59, 93, 50], [24, 95, 82, 9, 178], [6, 91, 110, 141, 13], [60, 75, 156, 2, 22]]
present:  [62, 83, 59, 93, 50, 24, 95, 82, 9, 178, 6, 91, 110, 141, 13, 60, 75, 156, 2, 22]
----------------------------------------------
episode:  38
reward:  41.902
invited:  [[62, 83, 59, 93, 50], [24, 95, 82, 9, 178], [6, 91, 110, 141, 13], [60, 75, 156, 2, 22]]
present:  [62, 83, 59, 93, 50, 24, 95, 82, 9, 178, 6, 91, 110, 141, 13, 60, 75, 156, 2, 22]
----------------------------------------------
episode:  39
reward:  42.247
invited:  [[62, 83, 59, 93, 50], [24, 95, 82, 9, 178], [6, 91, 110, 141, 13], [60, 75, 156, 2, 22]]
present:  [62, 83, 59, 93, 50, 24, 95, 82, 9, 178, 6, 91, 110, 141, 13, 60, 75, 156, 2, 22]
----------------------------------------------
episode:  40
reward:  41.684
invited:  [[62, 83, 59, 93, 50], [24, 95, 82, 9, 178], [6, 91, 110, 141, 13], [60, 75, 156, 2, 22]]
present:  [62, 83, 59, 93, 50, 24, 95, 82, 9, 178, 6, 91, 110, 141, 13, 60, 75, 156, 2, 22]
----------------------------------------------
episode:  41
reward:  41.836
invited:  [[62, 83, 59, 93, 50], [24, 95, 82, 9, 178], [6, 91, 110, 141, 13], [60, 75, 156, 2, 22]]
present:  [62, 83, 59, 93, 50, 24, 95, 82, 9, 178, 6, 91, 110, 141, 13, 60, 75, 156, 2, 22]
----------------------------------------------
episode:  42
reward:  41.746
invited:  [[62, 83, 59, 93, 50], [24, 95, 82, 9, 178], [6, 91, 110, 141, 13], [60, 75, 156, 2, 22]]
present:  [62, 83, 59, 93, 50, 24, 95, 82, 9, 178, 6, 91, 110, 141, 13, 60, 75, 156, 2, 22]
----------------------------------------------
episode:  43
reward:  41.992
invited:  [[62, 83, 59, 93, 50], [24, 95, 82, 9, 178], [6, 91, 110, 141, 13], [60, 75, 156, 2, 22]]
present:  [62, 83, 59, 93, 50, 24, 95, 82, 9, 178, 6, 91, 110, 141, 13, 60, 75, 156, 2, 22]
----------------------------------------------
episode:  44
reward:  41.659
invited:  [[62, 83, 59, 93, 50], [24, 95, 82, 9, 178], [6, 91, 110, 141, 13], [60, 75, 156, 2, 22]]
present:  [62, 83, 59, 93, 50, 24, 95, 82, 9, 178, 6, 91, 110, 141, 13, 60, 75, 156, 2, 22]
----------------------------------------------
episode:  45
reward:  41.782
invited:  [[62, 83, 59, 93, 50], [24, 95, 82, 9, 178], [6, 91, 110, 141, 13], [60, 75, 156, 2, 22]]
present:  [62, 83, 59, 93, 50, 24, 95, 82, 9, 178, 6, 91, 110, 141, 13, 60, 75, 156, 2, 22]
----------------------------------------------
episode:  46
reward:  41.691
invited:  [[62, 83, 59, 93, 50], [24, 95, 82, 9, 178], [6, 91, 110, 141, 13], [60, 75, 156, 2, 22]]
present:  [62, 83, 59, 93, 50, 24, 95, 82, 9, 178, 6, 91, 110, 141, 13, 60, 75, 156, 2, 22]
----------------------------------------------
episode:  47
reward:  41.823
invited:  [[62, 83, 59, 93, 50], [24, 95, 82, 9, 178], [6, 91, 110, 141, 13], [60, 75, 156, 2, 22]]
present:  [62, 83, 59, 93, 50, 24, 95, 82, 9, 178, 6, 91, 110, 141, 13, 60, 75, 156, 2, 22]
----------------------------------------------
episode:  48
reward:  42.044
invited:  [[62, 83, 59, 93, 50], [24, 95, 82, 9, 178], [6, 91, 110, 141, 13], [60, 75, 156, 2, 22]]
present:  [62, 83, 59, 93, 50, 24, 95, 82, 9, 178, 6, 91, 110, 141, 13, 60, 75, 156, 2, 22]
----------------------------------------------
episode:  49
reward:  42.071
invited:  [[62, 83, 59, 93, 50], [24, 95, 82, 9, 178], [6, 91, 110, 141, 13], [60, 75, 156, 2, 22]]
present:  [62, 83, 59, 93, 50, 24, 95, 82, 9, 178, 6, 91, 110, 141, 13, 60, 75, 156, 2, 22]
average reward for maxdegree policy is: 41.88031999999999, std is: 0.23006229069536765
