something is happening
selected graph:  India
#nodes:  202
#edges:  692
----------------------------------------------
episode:  0
reward:  36.138
invited:  [[1, 49, 82, 93, 30], [198, 50, 51, 83, 62], [136, 169, 44, 15, 153], [112, 52, 24, 57, 156]]
present:  [1, 49, 82, 93, 30, 198, 50, 51, 83, 62, 136, 169, 44, 15, 153, 112, 52, 24, 57, 156]
----------------------------------------------
episode:  1
reward:  39.235
invited:  [[1, 178, 82, 93, 62], [48, 49, 180, 84, 63], [38, 199, 50, 148, 95], [164, 42, 12, 83, 156]]
present:  [1, 178, 82, 93, 62, 48, 49, 180, 84, 63, 38, 199, 50, 148, 95, 164, 42, 12, 83, 156]
----------------------------------------------
episode:  2
reward:  39.048
invited:  [[2, 78, 82, 153, 93], [49, 26, 59, 60, 30], [48, 85, 56, 124, 63], [99, 199, 112, 178, 62]]
present:  [2, 78, 82, 153, 93, 49, 26, 59, 60, 30, 48, 85, 56, 124, 63, 99, 199, 112, 178, 62]
----------------------------------------------
episode:  3
reward:  34.124
invited:  [[1, 80, 82, 153, 30], [42, 49, 93, 62, 159], [129, 15, 178, 25, 29], [160, 68, 111, 121, 60]]
present:  [1, 80, 82, 153, 30, 42, 49, 93, 62, 159, 129, 15, 178, 25, 29, 160, 68, 111, 121, 60]
----------------------------------------------
episode:  4
reward:  37.103
invited:  [[6, 80, 82, 153, 93], [2, 13, 89, 123, 62], [36, 9, 110, 19, 63], [64, 66, 195, 68, 98]]
present:  [6, 80, 82, 153, 93, 2, 13, 89, 123, 62, 36, 9, 110, 19, 63, 64, 66, 195, 68, 98]
----------------------------------------------
episode:  5
reward:  32.615
invited:  [[160, 82, 56, 93, 31], [32, 2, 66, 124, 191], [101, 109, 77, 60, 63], [130, 198, 57, 29, 62]]
present:  [160, 82, 56, 93, 31, 32, 2, 66, 124, 191, 101, 109, 77, 60, 63, 130, 198, 57, 29, 62]
----------------------------------------------
episode:  6
reward:  40.055
invited:  [[112, 178, 93, 62, 95], [101, 82, 124, 63, 191], [64, 165, 73, 83, 84], [2, 164, 141, 50, 153]]
present:  [112, 178, 93, 62, 95, 101, 82, 124, 63, 191, 64, 165, 73, 83, 84, 2, 164, 141, 50, 153]
----------------------------------------------
episode:  7
reward:  37.106
invited:  [[160, 1, 140, 93, 30], [36, 110, 49, 62, 63], [42, 173, 178, 82, 23], [136, 74, 15, 29, 95]]
present:  [160, 1, 140, 93, 30, 36, 110, 49, 62, 63, 42, 173, 178, 82, 23, 136, 74, 15, 29, 95]
----------------------------------------------
episode:  8
reward:  37.851
invited:  [[160, 2, 80, 82, 115], [76, 49, 30, 93, 62], [169, 138, 178, 83, 60], [129, 164, 103, 59, 63]]
present:  [160, 2, 80, 82, 115, 76, 49, 30, 93, 62, 169, 138, 178, 83, 60, 129, 164, 103, 59, 63]
----------------------------------------------
episode:  9
reward:  35.847
invited:  [[160, 49, 93, 62, 63], [99, 134, 199, 12, 95], [129, 110, 178, 180, 153], [15, 16, 147, 58, 59]]
present:  [160, 49, 93, 62, 63, 99, 134, 199, 12, 95, 129, 110, 178, 180, 153, 15, 16, 147, 58, 59]
----------------------------------------------
episode:  10
reward:  34.121
invited:  [[49, 82, 62, 30, 63], [2, 74, 113, 56, 153], [64, 68, 132, 6, 89], [35, 199, 170, 12, 181]]
present:  [49, 82, 62, 30, 63, 2, 74, 113, 56, 153, 64, 68, 132, 6, 89, 35, 199, 170, 12, 181]
----------------------------------------------
episode:  11
reward:  37.026
invited:  [[160, 82, 153, 156, 93], [167, 42, 74, 83, 30], [1, 136, 44, 13, 59], [68, 60, 112, 26, 124]]
present:  [160, 82, 153, 156, 93, 167, 42, 74, 83, 30, 1, 136, 44, 13, 59, 68, 60, 112, 26, 124]
----------------------------------------------
episode:  12
reward:  40.305
invited:  [[1, 199, 153, 93, 30], [2, 42, 178, 62, 63], [64, 129, 66, 164, 184], [198, 15, 112, 82, 83]]
present:  [1, 199, 153, 93, 30, 2, 42, 178, 62, 63, 64, 129, 66, 164, 184, 198, 15, 112, 82, 83]
----------------------------------------------
episode:  13
reward:  35.226
invited:  [[12, 49, 82, 153, 93], [64, 2, 68, 59, 60], [0, 80, 50, 26, 188], [7, 39, 179, 123, 29]]
present:  [12, 49, 82, 153, 93, 64, 2, 68, 59, 60, 0, 80, 50, 26, 188, 7, 39, 179, 123, 29]
----------------------------------------------
episode:  14
reward:  38.616
invited:  [[160, 82, 178, 186, 93], [151, 62, 59, 30, 63], [65, 2, 67, 201, 191], [68, 42, 172, 83, 95]]
present:  [160, 82, 178, 186, 93, 151, 62, 59, 30, 63, 65, 2, 67, 201, 191, 68, 42, 172, 83, 95]
----------------------------------------------
episode:  15
reward:  33.629
invited:  [[134, 9, 82, 93, 62], [0, 140, 22, 152, 95], [39, 106, 44, 141, 178], [160, 12, 15, 151, 63]]
present:  [134, 9, 82, 93, 62, 0, 140, 22, 152, 95, 39, 106, 44, 141, 178, 160, 12, 15, 151, 63]
----------------------------------------------
episode:  16
reward:  31.955
invited:  [[160, 49, 82, 93, 29], [0, 2, 44, 61, 159], [32, 7, 12, 78, 178], [64, 39, 73, 63, 31]]
present:  [160, 49, 82, 93, 29, 0, 2, 44, 61, 159, 32, 7, 12, 78, 178, 64, 39, 73, 63, 31]
----------------------------------------------
episode:  17
reward:  34.007
invited:  [[160, 78, 82, 93, 30], [199, 49, 18, 91, 124], [1, 74, 111, 112, 83], [34, 76, 110, 88, 62]]
present:  [160, 78, 82, 93, 30, 199, 49, 18, 91, 124, 1, 74, 111, 112, 83, 34, 76, 110, 88, 62]
----------------------------------------------
episode:  18
reward:  36.42
invited:  [[1, 12, 82, 153, 30], [199, 72, 178, 93, 62], [71, 74, 111, 83, 124], [160, 193, 168, 59, 63]]
present:  [1, 12, 82, 153, 30, 199, 72, 178, 93, 62, 71, 74, 111, 83, 124, 160, 193, 168, 59, 63]
----------------------------------------------
episode:  19
reward:  39.435
invited:  [[49, 82, 50, 153, 62], [8, 140, 121, 59, 93], [103, 42, 78, 83, 63], [160, 2, 101, 136, 123]]
present:  [49, 82, 50, 153, 62, 8, 140, 121, 59, 93, 103, 42, 78, 83, 63, 160, 2, 101, 136, 123]
average reward for ada_greedy policy is: 36.493100000000005, std is: 2.45674495827304
total runtime for action selection is: 2282.6208810806274, total runtime for env.step is: 0.0013911724090576172
