something is happening
selected graph:  India
#nodes:  202
#edges:  692
----------------------------------------------
episode:  0
reward:  15.613
invited:  [[160, 82], [153, 93], [1, 62], [2, 30]]
present:  [160, 82, 153, 93, 1, 62, 2, 30]
----------------------------------------------
episode:  1
reward:  15.671
invited:  [[82, 93], [160, 30], [1, 153], [49, 2]]
present:  [82, 93, 160, 30, 1, 153, 49, 2]
----------------------------------------------
episode:  2
reward:  16.071
invited:  [[153, 82], [1, 30], [160, 93], [49, 62]]
present:  [153, 82, 1, 30, 160, 93, 49, 62]
----------------------------------------------
episode:  3
reward:  16.13
invited:  [[82, 30], [153, 1], [160, 49], [93, 62]]
present:  [82, 30, 153, 1, 160, 49, 93, 62]
----------------------------------------------
episode:  4
reward:  15.59
invited:  [[82, 93], [1, 30], [49, 164], [160, 153]]
present:  [82, 93, 1, 30, 49, 164, 160, 153]
----------------------------------------------
episode:  5
reward:  15.557
invited:  [[82, 93], [2, 30], [160, 153], [1, 49]]
present:  [82, 93, 2, 30, 160, 153, 1, 49]
----------------------------------------------
episode:  6
reward:  16.732
invited:  [[160, 93], [82, 30], [153, 1], [62, 63]]
present:  [160, 93, 82, 30, 153, 1, 62, 63]
----------------------------------------------
episode:  7
reward:  15.268
invited:  [[153, 82], [160, 93], [2, 30], [1, 12]]
present:  [153, 82, 160, 93, 2, 30, 1, 12]
----------------------------------------------
episode:  8
reward:  16.18
invited:  [[160, 93], [49, 82], [153, 30], [1, 62]]
present:  [160, 93, 49, 82, 153, 30, 1, 62]
----------------------------------------------
episode:  9
reward:  15.385
invited:  [[82, 30], [160, 93], [153, 2], [49, 156]]
present:  [82, 30, 160, 93, 153, 2, 49, 156]
----------------------------------------------
episode:  10
reward:  16.174
invited:  [[82, 93], [1, 30], [160, 153], [49, 62]]
present:  [82, 93, 1, 30, 160, 153, 49, 62]
----------------------------------------------
episode:  11
reward:  16.071
invited:  [[82, 93], [153, 1], [160, 30], [49, 62]]
present:  [82, 93, 153, 1, 160, 30, 49, 62]
----------------------------------------------
episode:  12
reward:  15.823
invited:  [[160, 82], [1, 93], [153, 49], [83, 30]]
present:  [160, 82, 1, 93, 153, 49, 83, 30]
----------------------------------------------
episode:  13
reward:  15.775
invited:  [[82, 30], [1, 93], [160, 2], [153, 199]]
present:  [82, 30, 1, 93, 160, 2, 153, 199]
----------------------------------------------
episode:  14
reward:  16.313
invited:  [[1, 82], [160, 153], [93, 30], [42, 62]]
present:  [1, 82, 160, 153, 93, 30, 42, 62]
----------------------------------------------
episode:  15
reward:  15.601
invited:  [[82, 93], [160, 30], [1, 153], [49, 2]]
present:  [82, 93, 160, 30, 1, 153, 49, 2]
----------------------------------------------
episode:  16
reward:  16.042
invited:  [[82, 30], [160, 93], [49, 153], [1, 62]]
present:  [82, 30, 160, 93, 49, 153, 1, 62]
----------------------------------------------
episode:  17
reward:  15.859
invited:  [[1, 82], [160, 93], [153, 30], [49, 83]]
present:  [1, 82, 160, 93, 153, 30, 49, 83]
----------------------------------------------
episode:  18
reward:  15.629
invited:  [[82, 30], [153, 93], [1, 49], [160, 2]]
present:  [82, 30, 153, 93, 1, 49, 160, 2]
----------------------------------------------
episode:  19
reward:  15.187
invited:  [[160, 82], [93, 30], [49, 153], [1, 22]]
present:  [160, 82, 93, 30, 49, 153, 1, 22]
average reward for lazy_ada_greedy policy is: 15.833549999999999, std is: 0.3719648471294027
total runtime for action selection is: 402.50545835494995, total runtime for env.step is: 0.0009732246398925781
