selected graph:  India
#nodes:  202
#edges:  692
----------------------------------------------
episode:  0
reward:  41.838
invited:  [[62, 83, 59, 93, 50], [24, 95, 82, 9, 178], [6, 91, 110, 141, 13], [60, 75, 156, 2, 22]]
present:  [62, 83, 59, 93, 50, 24, 95, 82, 9, 178, 6, 91, 110, 141, 13, 60, 75, 156, 2, 22]
----------------------------------------------
episode:  1
reward:  42.123
invited:  [[62, 83, 59, 93, 50], [24, 95, 82, 9, 178], [6, 91, 110, 141, 13], [60, 75, 156, 2, 22]]
present:  [62, 83, 59, 93, 50, 24, 95, 82, 9, 178, 6, 91, 110, 141, 13, 60, 75, 156, 2, 22]
----------------------------------------------
episode:  2
reward:  42.007
invited:  [[62, 83, 59, 93, 50], [24, 95, 82, 9, 178], [6, 91, 110, 141, 13], [60, 75, 156, 2, 22]]
present:  [62, 83, 59, 93, 50, 24, 95, 82, 9, 178, 6, 91, 110, 141, 13, 60, 75, 156, 2, 22]
----------------------------------------------
episode:  3
reward:  41.706
invited:  [[62, 83, 59, 93, 50], [24, 95, 82, 9, 178], [6, 91, 110, 141, 13], [60, 75, 156, 2, 22]]
present:  [62, 83, 59, 93, 50, 24, 95, 82, 9, 178, 6, 91, 110, 141, 13, 60, 75, 156, 2, 22]
----------------------------------------------
episode:  4
reward:  42.264
invited:  [[62, 83, 59, 93, 50], [24, 95, 82, 9, 178], [6, 91, 110, 141, 13], [60, 75, 156, 2, 22]]
present:  [62, 83, 59, 93, 50, 24, 95, 82, 9, 178, 6, 91, 110, 141, 13, 60, 75, 156, 2, 22]
----------------------------------------------
episode:  5
reward:  41.982
invited:  [[62, 83, 59, 93, 50], [24, 95, 82, 9, 178], [6, 91, 110, 141, 13], [60, 75, 156, 2, 22]]
present:  [62, 83, 59, 93, 50, 24, 95, 82, 9, 178, 6, 91, 110, 141, 13, 60, 75, 156, 2, 22]
----------------------------------------------
episode:  6
reward:  42.003
invited:  [[62, 83, 59, 93, 50], [24, 95, 82, 9, 178], [6, 91, 110, 141, 13], [60, 75, 156, 2, 22]]
present:  [62, 83, 59, 93, 50, 24, 95, 82, 9, 178, 6, 91, 110, 141, 13, 60, 75, 156, 2, 22]
----------------------------------------------
episode:  7
reward:  41.917
invited:  [[62, 83, 59, 93, 50], [24, 95, 82, 9, 178], [6, 91, 110, 141, 13], [60, 75, 156, 2, 22]]
present:  [62, 83, 59, 93, 50, 24, 95, 82, 9, 178, 6, 91, 110, 141, 13, 60, 75, 156, 2, 22]
----------------------------------------------
episode:  8
reward:  41.488
invited:  [[62, 83, 59, 93, 50], [24, 95, 82, 9, 178], [6, 91, 110, 141, 13], [60, 75, 156, 2, 22]]
present:  [62, 83, 59, 93, 50, 24, 95, 82, 9, 178, 6, 91, 110, 141, 13, 60, 75, 156, 2, 22]
----------------------------------------------
episode:  9
reward:  41.74
invited:  [[62, 83, 59, 93, 50], [24, 95, 82, 9, 178], [6, 91, 110, 141, 13], [60, 75, 156, 2, 22]]
present:  [62, 83, 59, 93, 50, 24, 95, 82, 9, 178, 6, 91, 110, 141, 13, 60, 75, 156, 2, 22]
----------------------------------------------
episode:  10
reward:  41.236
invited:  [[62, 83, 59, 93, 50], [24, 95, 82, 9, 178], [6, 91, 110, 141, 13], [60, 75, 156, 2, 22]]
present:  [62, 83, 59, 93, 50, 24, 95, 82, 9, 178, 6, 91, 110, 141, 13, 60, 75, 156, 2, 22]
----------------------------------------------
episode:  11
reward:  41.97
invited:  [[62, 83, 59, 93, 50], [24, 95, 82, 9, 178], [6, 91, 110, 141, 13], [60, 75, 156, 2, 22]]
present:  [62, 83, 59, 93, 50, 24, 95, 82, 9, 178, 6, 91, 110, 141, 13, 60, 75, 156, 2, 22]
----------------------------------------------
episode:  12
reward:  41.826
invited:  [[62, 83, 59, 93, 50], [24, 95, 82, 9, 178], [6, 91, 110, 141, 13], [60, 75, 156, 2, 22]]
present:  [62, 83, 59, 93, 50, 24, 95, 82, 9, 178, 6, 91, 110, 141, 13, 60, 75, 156, 2, 22]
----------------------------------------------
episode:  13
reward:  42.143
invited:  [[62, 83, 59, 93, 50], [24, 95, 82, 9, 178], [6, 91, 110, 141, 13], [60, 75, 156, 2, 22]]
present:  [62, 83, 59, 93, 50, 24, 95, 82, 9, 178, 6, 91, 110, 141, 13, 60, 75, 156, 2, 22]
----------------------------------------------
episode:  14
reward:  41.488
invited:  [[62, 83, 59, 93, 50], [24, 95, 82, 9, 178], [6, 91, 110, 141, 13], [60, 75, 156, 2, 22]]
present:  [62, 83, 59, 93, 50, 24, 95, 82, 9, 178, 6, 91, 110, 141, 13, 60, 75, 156, 2, 22]
----------------------------------------------
episode:  15
reward:  42.025
invited:  [[62, 83, 59, 93, 50], [24, 95, 82, 9, 178], [6, 91, 110, 141, 13], [60, 75, 156, 2, 22]]
present:  [62, 83, 59, 93, 50, 24, 95, 82, 9, 178, 6, 91, 110, 141, 13, 60, 75, 156, 2, 22]
----------------------------------------------
episode:  16
reward:  41.596
invited:  [[62, 83, 59, 93, 50], [24, 95, 82, 9, 178], [6, 91, 110, 141, 13], [60, 75, 156, 2, 22]]
present:  [62, 83, 59, 93, 50, 24, 95, 82, 9, 178, 6, 91, 110, 141, 13, 60, 75, 156, 2, 22]
----------------------------------------------
episode:  17
reward:  42.397
invited:  [[62, 83, 59, 93, 50], [24, 95, 82, 9, 178], [6, 91, 110, 141, 13], [60, 75, 156, 2, 22]]
present:  [62, 83, 59, 93, 50, 24, 95, 82, 9, 178, 6, 91, 110, 141, 13, 60, 75, 156, 2, 22]
----------------------------------------------
episode:  18
reward:  42.191
invited:  [[62, 83, 59, 93, 50], [24, 95, 82, 9, 178], [6, 91, 110, 141, 13], [60, 75, 156, 2, 22]]
present:  [62, 83, 59, 93, 50, 24, 95, 82, 9, 178, 6, 91, 110, 141, 13, 60, 75, 156, 2, 22]
----------------------------------------------
episode:  19
reward:  41.78
invited:  [[62, 83, 59, 93, 50], [24, 95, 82, 9, 178], [6, 91, 110, 141, 13], [60, 75, 156, 2, 22]]
present:  [62, 83, 59, 93, 50, 24, 95, 82, 9, 178, 6, 91, 110, 141, 13, 60, 75, 156, 2, 22]
----------------------------------------------
episode:  20
reward:  41.92
invited:  [[62, 83, 59, 93, 50], [24, 95, 82, 9, 178], [6, 91, 110, 141, 13], [60, 75, 156, 2, 22]]
present:  [62, 83, 59, 93, 50, 24, 95, 82, 9, 178, 6, 91, 110, 141, 13, 60, 75, 156, 2, 22]
----------------------------------------------
episode:  21
reward:  42.081
invited:  [[62, 83, 59, 93, 50], [24, 95, 82, 9, 178], [6, 91, 110, 141, 13], [60, 75, 156, 2, 22]]
present:  [62, 83, 59, 93, 50, 24, 95, 82, 9, 178, 6, 91, 110, 141, 13, 60, 75, 156, 2, 22]
----------------------------------------------
episode:  22
reward:  42.095
invited:  [[62, 83, 59, 93, 50], [24, 95, 82, 9, 178], [6, 91, 110, 141, 13], [60, 75, 156, 2, 22]]
present:  [62, 83, 59, 93, 50, 24, 95, 82, 9, 178, 6, 91, 110, 141, 13, 60, 75, 156, 2, 22]
----------------------------------------------
episode:  23
reward:  42.138
invited:  [[62, 83, 59, 93, 50], [24, 95, 82, 9, 178], [6, 91, 110, 141, 13], [60, 75, 156, 2, 22]]
present:  [62, 83, 59, 93, 50, 24, 95, 82, 9, 178, 6, 91, 110, 141, 13, 60, 75, 156, 2, 22]
----------------------------------------------
episode:  24
reward:  41.978
invited:  [[62, 83, 59, 93, 50], [24, 95, 82, 9, 178], [6, 91, 110, 141, 13], [60, 75, 156, 2, 22]]
present:  [62, 83, 59, 93, 50, 24, 95, 82, 9, 178, 6, 91, 110, 141, 13, 60, 75, 156, 2, 22]
----------------------------------------------
episode:  25
reward:  41.734
invited:  [[62, 83, 59, 93, 50], [24, 95, 82, 9, 178], [6, 91, 110, 141, 13], [60, 75, 156, 2, 22]]
present:  [62, 83, 59, 93, 50, 24, 95, 82, 9, 178, 6, 91, 110, 141, 13, 60, 75, 156, 2, 22]
----------------------------------------------
episode:  26
reward:  42.006
invited:  [[62, 83, 59, 93, 50], [24, 95, 82, 9, 178], [6, 91, 110, 141, 13], [60, 75, 156, 2, 22]]
present:  [62, 83, 59, 93, 50, 24, 95, 82, 9, 178, 6, 91, 110, 141, 13, 60, 75, 156, 2, 22]
----------------------------------------------
episode:  27
reward:  42.301
invited:  [[62, 83, 59, 93, 50], [24, 95, 82, 9, 178], [6, 91, 110, 141, 13], [60, 75, 156, 2, 22]]
present:  [62, 83, 59, 93, 50, 24, 95, 82, 9, 178, 6, 91, 110, 141, 13, 60, 75, 156, 2, 22]
----------------------------------------------
episode:  28
reward:  41.945
invited:  [[62, 83, 59, 93, 50], [24, 95, 82, 9, 178], [6, 91, 110, 141, 13], [60, 75, 156, 2, 22]]
present:  [62, 83, 59, 93, 50, 24, 95, 82, 9, 178, 6, 91, 110, 141, 13, 60, 75, 156, 2, 22]
----------------------------------------------
episode:  29
reward:  42.154
invited:  [[62, 83, 59, 93, 50], [24, 95, 82, 9, 178], [6, 91, 110, 141, 13], [60, 75, 156, 2, 22]]
present:  [62, 83, 59, 93, 50, 24, 95, 82, 9, 178, 6, 91, 110, 141, 13, 60, 75, 156, 2, 22]
----------------------------------------------
episode:  30
reward:  41.491
invited:  [[62, 83, 59, 93, 50], [24, 95, 82, 9, 178], [6, 91, 110, 141, 13], [60, 75, 156, 2, 22]]
present:  [62, 83, 59, 93, 50, 24, 95, 82, 9, 178, 6, 91, 110, 141, 13, 60, 75, 156, 2, 22]
----------------------------------------------
episode:  31
reward:  41.928
invited:  [[62, 83, 59, 93, 50], [24, 95, 82, 9, 178], [6, 91, 110, 141, 13], [60, 75, 156, 2, 22]]
present:  [62, 83, 59, 93, 50, 24, 95, 82, 9, 178, 6, 91, 110, 141, 13, 60, 75, 156, 2, 22]
----------------------------------------------
episode:  32
reward:  41.44
invited:  [[62, 83, 59, 93, 50], [24, 95, 82, 9, 178], [6, 91, 110, 141, 13], [60, 75, 156, 2, 22]]
present:  [62, 83, 59, 93, 50, 24, 95, 82, 9, 178, 6, 91, 110, 141, 13, 60, 75, 156, 2, 22]
----------------------------------------------
episode:  33
reward:  42.34
invited:  [[62, 83, 59, 93, 50], [24, 95, 82, 9, 178], [6, 91, 110, 141, 13], [60, 75, 156, 2, 22]]
present:  [62, 83, 59, 93, 50, 24, 95, 82, 9, 178, 6, 91, 110, 141, 13, 60, 75, 156, 2, 22]
----------------------------------------------
episode:  34
reward:  41.711
invited:  [[62, 83, 59, 93, 50], [24, 95, 82, 9, 178], [6, 91, 110, 141, 13], [60, 75, 156, 2, 22]]
present:  [62, 83, 59, 93, 50, 24, 95, 82, 9, 178, 6, 91, 110, 141, 13, 60, 75, 156, 2, 22]
----------------------------------------------
episode:  35
reward:  41.618
invited:  [[62, 83, 59, 93, 50], [24, 95, 82, 9, 178], [6, 91, 110, 141, 13], [60, 75, 156, 2, 22]]
present:  [62, 83, 59, 93, 50, 24, 95, 82, 9, 178, 6, 91, 110, 141, 13, 60, 75, 156, 2, 22]
----------------------------------------------
episode:  36
reward:  42.026
invited:  [[62, 83, 59, 93, 50], [24, 95, 82, 9, 178], [6, 91, 110, 141, 13], [60, 75, 156, 2, 22]]
present:  [62, 83, 59, 93, 50, 24, 95, 82, 9, 178, 6, 91, 110, 141, 13, 60, 75, 156, 2, 22]
----------------------------------------------
episode:  37
reward:  42.168
invited:  [[62, 83, 59, 93, 50], [24, 95, 82, 9, 178], [6, 91, 110, 141, 13], [60, 75, 156, 2, 22]]
present:  [62, 83, 59, 93, 50, 24, 95, 82, 9, 178, 6, 91, 110, 141, 13, 60, 75, 156, 2, 22]
----------------------------------------------
episode:  38
reward:  41.974
invited:  [[62, 83, 59, 93, 50], [24, 95, 82, 9, 178], [6, 91, 110, 141, 13], [60, 75, 156, 2, 22]]
present:  [62, 83, 59, 93, 50, 24, 95, 82, 9, 178, 6, 91, 110, 141, 13, 60, 75, 156, 2, 22]
----------------------------------------------
episode:  39
reward:  41.978
invited:  [[62, 83, 59, 93, 50], [24, 95, 82, 9, 178], [6, 91, 110, 141, 13], [60, 75, 156, 2, 22]]
present:  [62, 83, 59, 93, 50, 24, 95, 82, 9, 178, 6, 91, 110, 141, 13, 60, 75, 156, 2, 22]
----------------------------------------------
episode:  40
reward:  41.946
invited:  [[62, 83, 59, 93, 50], [24, 95, 82, 9, 178], [6, 91, 110, 141, 13], [60, 75, 156, 2, 22]]
present:  [62, 83, 59, 93, 50, 24, 95, 82, 9, 178, 6, 91, 110, 141, 13, 60, 75, 156, 2, 22]
----------------------------------------------
episode:  41
reward:  41.848
invited:  [[62, 83, 59, 93, 50], [24, 95, 82, 9, 178], [6, 91, 110, 141, 13], [60, 75, 156, 2, 22]]
present:  [62, 83, 59, 93, 50, 24, 95, 82, 9, 178, 6, 91, 110, 141, 13, 60, 75, 156, 2, 22]
----------------------------------------------
episode:  42
reward:  42.072
invited:  [[62, 83, 59, 93, 50], [24, 95, 82, 9, 178], [6, 91, 110, 141, 13], [60, 75, 156, 2, 22]]
present:  [62, 83, 59, 93, 50, 24, 95, 82, 9, 178, 6, 91, 110, 141, 13, 60, 75, 156, 2, 22]
----------------------------------------------
episode:  43
reward:  42.042
invited:  [[62, 83, 59, 93, 50], [24, 95, 82, 9, 178], [6, 91, 110, 141, 13], [60, 75, 156, 2, 22]]
present:  [62, 83, 59, 93, 50, 24, 95, 82, 9, 178, 6, 91, 110, 141, 13, 60, 75, 156, 2, 22]
----------------------------------------------
episode:  44
reward:  41.704
invited:  [[62, 83, 59, 93, 50], [24, 95, 82, 9, 178], [6, 91, 110, 141, 13], [60, 75, 156, 2, 22]]
present:  [62, 83, 59, 93, 50, 24, 95, 82, 9, 178, 6, 91, 110, 141, 13, 60, 75, 156, 2, 22]
----------------------------------------------
episode:  45
reward:  42.235
invited:  [[62, 83, 59, 93, 50], [24, 95, 82, 9, 178], [6, 91, 110, 141, 13], [60, 75, 156, 2, 22]]
present:  [62, 83, 59, 93, 50, 24, 95, 82, 9, 178, 6, 91, 110, 141, 13, 60, 75, 156, 2, 22]
----------------------------------------------
episode:  46
reward:  41.948
invited:  [[62, 83, 59, 93, 50], [24, 95, 82, 9, 178], [6, 91, 110, 141, 13], [60, 75, 156, 2, 22]]
present:  [62, 83, 59, 93, 50, 24, 95, 82, 9, 178, 6, 91, 110, 141, 13, 60, 75, 156, 2, 22]
----------------------------------------------
episode:  47
reward:  41.733
invited:  [[62, 83, 59, 93, 50], [24, 95, 82, 9, 178], [6, 91, 110, 141, 13], [60, 75, 156, 2, 22]]
present:  [62, 83, 59, 93, 50, 24, 95, 82, 9, 178, 6, 91, 110, 141, 13, 60, 75, 156, 2, 22]
----------------------------------------------
episode:  48
reward:  41.965
invited:  [[62, 83, 59, 93, 50], [24, 95, 82, 9, 178], [6, 91, 110, 141, 13], [60, 75, 156, 2, 22]]
present:  [62, 83, 59, 93, 50, 24, 95, 82, 9, 178, 6, 91, 110, 141, 13, 60, 75, 156, 2, 22]
----------------------------------------------
episode:  49
reward:  41.533
invited:  [[62, 83, 59, 93, 50], [24, 95, 82, 9, 178], [6, 91, 110, 141, 13], [60, 75, 156, 2, 22]]
present:  [62, 83, 59, 93, 50, 24, 95, 82, 9, 178, 6, 91, 110, 141, 13, 60, 75, 156, 2, 22]
average reward for maxdegree policy is: 41.91544, std is: 0.2503010315600003
