something is happening
selected graph:  India
#nodes:  202
#edges:  692
----------------------------------------------
episode:  0
reward:  35.712
invited:  [[160, 82, 153, 93, 30], [1, 49, 178, 124, 62], [199, 8, 40, 45, 95], [167, 42, 146, 185, 158]]
present:  [160, 82, 153, 93, 30, 1, 49, 178, 124, 62, 199, 8, 40, 45, 95, 167, 42, 146, 185, 158]
----------------------------------------------
episode:  1
reward:  40.409
invited:  [[160, 82, 124, 93, 191], [98, 13, 83, 153, 95], [42, 15, 49, 26, 62], [145, 178, 24, 30, 63]]
present:  [160, 82, 124, 93, 191, 98, 13, 83, 153, 95, 42, 15, 49, 26, 62, 145, 178, 24, 30, 63]
----------------------------------------------
episode:  2
reward:  35.572
invited:  [[1, 35, 82, 93, 30], [160, 34, 199, 108, 153], [171, 49, 123, 62, 63], [106, 107, 81, 178, 180]]
present:  [1, 35, 82, 93, 30, 160, 34, 199, 108, 153, 171, 49, 123, 62, 63, 106, 107, 81, 178, 180]
----------------------------------------------
episode:  3
reward:  39.909
invited:  [[160, 62, 93, 30, 63], [2, 7, 42, 49, 82], [113, 81, 83, 56, 121], [75, 140, 12, 50, 59]]
present:  [160, 62, 93, 30, 63, 2, 7, 42, 49, 82, 113, 81, 83, 56, 121, 75, 140, 12, 50, 59]
----------------------------------------------
episode:  4
reward:  41.956
invited:  [[2, 82, 153, 93, 30], [8, 136, 12, 83, 124], [49, 178, 50, 59, 95], [15, 80, 90, 62, 63]]
present:  [2, 82, 153, 93, 30, 8, 136, 12, 83, 124, 49, 178, 50, 59, 95, 15, 80, 90, 62, 63]
----------------------------------------------
episode:  5
reward:  40.396
invited:  [[82, 83, 124, 93, 30], [34, 35, 42, 12, 191], [8, 178, 153, 156, 62], [101, 103, 15, 95, 63]]
present:  [82, 83, 124, 93, 30, 34, 35, 42, 12, 191, 8, 178, 153, 156, 62, 101, 103, 15, 95, 63]
----------------------------------------------
episode:  6
reward:  36.621
invited:  [[160, 82, 153, 93, 30], [1, 191, 178, 62, 95], [135, 40, 42, 124, 63], [76, 109, 80, 18, 24]]
present:  [160, 82, 153, 93, 30, 1, 191, 178, 62, 95, 135, 40, 42, 124, 63, 76, 109, 80, 18, 24]
----------------------------------------------
episode:  7
reward:  38.504
invited:  [[2, 30, 153, 93, 62], [49, 50, 91, 28, 63], [8, 178, 83, 150, 59], [103, 170, 149, 24, 95]]
present:  [2, 30, 153, 93, 62, 49, 50, 91, 28, 63, 8, 178, 83, 150, 59, 103, 170, 149, 24, 95]
----------------------------------------------
episode:  8
reward:  39.111
invited:  [[160, 1, 82, 93, 30], [199, 78, 49, 153, 62], [99, 42, 178, 83, 124], [67, 106, 15, 22, 59]]
present:  [160, 1, 82, 93, 30, 199, 78, 49, 153, 62, 99, 42, 178, 83, 124, 67, 106, 15, 22, 59]
----------------------------------------------
episode:  9
reward:  41.639
invited:  [[42, 82, 30, 93, 62], [160, 1, 178, 83, 63], [64, 2, 67, 53, 24], [149, 89, 90, 95, 191]]
present:  [42, 82, 30, 93, 62, 160, 1, 178, 83, 63, 64, 2, 67, 53, 24, 149, 89, 90, 95, 191]
----------------------------------------------
episode:  10
reward:  39.563
invited:  [[1, 199, 82, 93, 30], [134, 178, 153, 62, 63], [9, 42, 108, 83, 120], [136, 12, 49, 50, 95]]
present:  [1, 199, 82, 93, 30, 134, 178, 153, 62, 63, 9, 42, 108, 83, 120, 136, 12, 49, 50, 95]
----------------------------------------------
episode:  11
reward:  45.148
invited:  [[160, 1, 82, 153, 30], [199, 59, 93, 62, 63], [64, 2, 49, 178, 83], [42, 174, 50, 24, 95]]
present:  [160, 1, 82, 153, 30, 199, 59, 93, 62, 63, 64, 2, 49, 178, 83, 42, 174, 50, 24, 95]
----------------------------------------------
episode:  12
reward:  40.582
invited:  [[160, 1, 62, 93, 30], [64, 2, 112, 178, 63], [164, 167, 42, 49, 24], [111, 82, 83, 59, 94]]
present:  [160, 1, 62, 93, 30, 64, 2, 112, 178, 63, 164, 167, 42, 49, 24, 111, 82, 83, 59, 94]
----------------------------------------------
episode:  13
reward:  40.307
invited:  [[178, 82, 153, 93, 62], [2, 69, 89, 30, 63], [0, 67, 199, 42, 95], [171, 111, 83, 121, 59]]
present:  [178, 82, 153, 93, 62, 2, 69, 89, 30, 63, 0, 67, 199, 42, 95, 171, 111, 83, 121, 59]
----------------------------------------------
episode:  14
reward:  37.796
invited:  [[160, 82, 93, 30, 191], [1, 80, 49, 153, 95], [2, 69, 15, 62, 63], [128, 99, 103, 42, 83]]
present:  [160, 82, 93, 30, 191, 1, 80, 49, 153, 95, 2, 69, 15, 62, 63, 128, 99, 103, 42, 83]
----------------------------------------------
episode:  15
reward:  36.516
invited:  [[160, 36, 49, 93, 30], [137, 11, 83, 62, 63], [196, 134, 6, 50, 59], [64, 2, 198, 110, 15]]
present:  [160, 36, 49, 93, 30, 137, 11, 83, 62, 63, 196, 134, 6, 50, 59, 64, 2, 198, 110, 15]
----------------------------------------------
episode:  16
reward:  42.479
invited:  [[1, 78, 82, 93, 30], [32, 49, 83, 153, 59], [198, 42, 50, 62, 63], [64, 160, 178, 88, 95]]
present:  [1, 78, 82, 93, 30, 32, 49, 83, 153, 59, 198, 42, 50, 62, 63, 64, 160, 178, 88, 95]
----------------------------------------------
episode:  17
reward:  41.543
invited:  [[64, 2, 80, 82, 63], [72, 42, 49, 178, 62], [15, 83, 89, 59, 60], [110, 148, 124, 93, 191]]
present:  [64, 2, 80, 82, 63, 72, 42, 49, 178, 62, 15, 83, 89, 59, 60, 110, 148, 124, 93, 191]
----------------------------------------------
episode:  18
reward:  38.015
invited:  [[1, 82, 84, 153, 93], [8, 12, 112, 178, 62], [64, 2, 199, 184, 63], [59, 91, 107, 80, 123]]
present:  [1, 82, 84, 153, 93, 8, 12, 112, 178, 62, 64, 2, 199, 184, 63, 59, 91, 107, 80, 123]
----------------------------------------------
episode:  19
reward:  39.621
invited:  [[82, 153, 124, 93, 30], [160, 49, 83, 62, 63], [1, 98, 42, 111, 178], [112, 115, 148, 60, 95]]
present:  [82, 153, 124, 93, 30, 160, 49, 83, 62, 63, 1, 98, 42, 111, 178, 112, 115, 148, 60, 95]
average reward for ada_greedy policy is: 39.56995, std is: 2.3697864349978883
total runtime for action selection is: 4636.812269449234, total runtime for env.step is: 0.00180816650390625
