selected graph:  India
#nodes:  202
#edges:  692
----------------------------------------------
episode:  0
reward:  41.559
invited:  [[62, 83, 59, 93, 50], [24, 95, 82, 9, 178], [6, 91, 110, 141, 13], [60, 75, 156, 2, 22]]
present:  [62, 83, 59, 93, 50, 24, 95, 82, 9, 178, 6, 91, 110, 141, 13, 60, 75, 156, 2, 22]
----------------------------------------------
episode:  1
reward:  41.863
invited:  [[62, 83, 59, 93, 50], [24, 95, 82, 9, 178], [6, 91, 110, 141, 13], [60, 75, 156, 2, 22]]
present:  [62, 83, 59, 93, 50, 24, 95, 82, 9, 178, 6, 91, 110, 141, 13, 60, 75, 156, 2, 22]
----------------------------------------------
episode:  2
reward:  41.585
invited:  [[62, 83, 59, 93, 50], [24, 95, 82, 9, 178], [6, 91, 110, 141, 13], [60, 75, 156, 2, 22]]
present:  [62, 83, 59, 93, 50, 24, 95, 82, 9, 178, 6, 91, 110, 141, 13, 60, 75, 156, 2, 22]
----------------------------------------------
episode:  3
reward:  41.974
invited:  [[62, 83, 59, 93, 50], [24, 95, 82, 9, 178], [6, 91, 110, 141, 13], [60, 75, 156, 2, 22]]
present:  [62, 83, 59, 93, 50, 24, 95, 82, 9, 178, 6, 91, 110, 141, 13, 60, 75, 156, 2, 22]
----------------------------------------------
episode:  4
reward:  41.791
invited:  [[62, 83, 59, 93, 50], [24, 95, 82, 9, 178], [6, 91, 110, 141, 13], [60, 75, 156, 2, 22]]
present:  [62, 83, 59, 93, 50, 24, 95, 82, 9, 178, 6, 91, 110, 141, 13, 60, 75, 156, 2, 22]
----------------------------------------------
episode:  5
reward:  41.706
invited:  [[62, 83, 59, 93, 50], [24, 95, 82, 9, 178], [6, 91, 110, 141, 13], [60, 75, 156, 2, 22]]
present:  [62, 83, 59, 93, 50, 24, 95, 82, 9, 178, 6, 91, 110, 141, 13, 60, 75, 156, 2, 22]
----------------------------------------------
episode:  6
reward:  42.119
invited:  [[62, 83, 59, 93, 50], [24, 95, 82, 9, 178], [6, 91, 110, 141, 13], [60, 75, 156, 2, 22]]
present:  [62, 83, 59, 93, 50, 24, 95, 82, 9, 178, 6, 91, 110, 141, 13, 60, 75, 156, 2, 22]
----------------------------------------------
episode:  7
reward:  41.29
invited:  [[62, 83, 59, 93, 50], [24, 95, 82, 9, 178], [6, 91, 110, 141, 13], [60, 75, 156, 2, 22]]
present:  [62, 83, 59, 93, 50, 24, 95, 82, 9, 178, 6, 91, 110, 141, 13, 60, 75, 156, 2, 22]
----------------------------------------------
episode:  8
reward:  41.851
invited:  [[62, 83, 59, 93, 50], [24, 95, 82, 9, 178], [6, 91, 110, 141, 13], [60, 75, 156, 2, 22]]
present:  [62, 83, 59, 93, 50, 24, 95, 82, 9, 178, 6, 91, 110, 141, 13, 60, 75, 156, 2, 22]
----------------------------------------------
episode:  9
reward:  42.048
invited:  [[62, 83, 59, 93, 50], [24, 95, 82, 9, 178], [6, 91, 110, 141, 13], [60, 75, 156, 2, 22]]
present:  [62, 83, 59, 93, 50, 24, 95, 82, 9, 178, 6, 91, 110, 141, 13, 60, 75, 156, 2, 22]
----------------------------------------------
episode:  10
reward:  41.856
invited:  [[62, 83, 59, 93, 50], [24, 95, 82, 9, 178], [6, 91, 110, 141, 13], [60, 75, 156, 2, 22]]
present:  [62, 83, 59, 93, 50, 24, 95, 82, 9, 178, 6, 91, 110, 141, 13, 60, 75, 156, 2, 22]
----------------------------------------------
episode:  11
reward:  41.917
invited:  [[62, 83, 59, 93, 50], [24, 95, 82, 9, 178], [6, 91, 110, 141, 13], [60, 75, 156, 2, 22]]
present:  [62, 83, 59, 93, 50, 24, 95, 82, 9, 178, 6, 91, 110, 141, 13, 60, 75, 156, 2, 22]
----------------------------------------------
episode:  12
reward:  41.712
invited:  [[62, 83, 59, 93, 50], [24, 95, 82, 9, 178], [6, 91, 110, 141, 13], [60, 75, 156, 2, 22]]
present:  [62, 83, 59, 93, 50, 24, 95, 82, 9, 178, 6, 91, 110, 141, 13, 60, 75, 156, 2, 22]
----------------------------------------------
episode:  13
reward:  42.138
invited:  [[62, 83, 59, 93, 50], [24, 95, 82, 9, 178], [6, 91, 110, 141, 13], [60, 75, 156, 2, 22]]
present:  [62, 83, 59, 93, 50, 24, 95, 82, 9, 178, 6, 91, 110, 141, 13, 60, 75, 156, 2, 22]
----------------------------------------------
episode:  14
reward:  42.065
invited:  [[62, 83, 59, 93, 50], [24, 95, 82, 9, 178], [6, 91, 110, 141, 13], [60, 75, 156, 2, 22]]
present:  [62, 83, 59, 93, 50, 24, 95, 82, 9, 178, 6, 91, 110, 141, 13, 60, 75, 156, 2, 22]
----------------------------------------------
episode:  15
reward:  41.68
invited:  [[62, 83, 59, 93, 50], [24, 95, 82, 9, 178], [6, 91, 110, 141, 13], [60, 75, 156, 2, 22]]
present:  [62, 83, 59, 93, 50, 24, 95, 82, 9, 178, 6, 91, 110, 141, 13, 60, 75, 156, 2, 22]
----------------------------------------------
episode:  16
reward:  41.469
invited:  [[62, 83, 59, 93, 50], [24, 95, 82, 9, 178], [6, 91, 110, 141, 13], [60, 75, 156, 2, 22]]
present:  [62, 83, 59, 93, 50, 24, 95, 82, 9, 178, 6, 91, 110, 141, 13, 60, 75, 156, 2, 22]
----------------------------------------------
episode:  17
reward:  41.828
invited:  [[62, 83, 59, 93, 50], [24, 95, 82, 9, 178], [6, 91, 110, 141, 13], [60, 75, 156, 2, 22]]
present:  [62, 83, 59, 93, 50, 24, 95, 82, 9, 178, 6, 91, 110, 141, 13, 60, 75, 156, 2, 22]
----------------------------------------------
episode:  18
reward:  41.546
invited:  [[62, 83, 59, 93, 50], [24, 95, 82, 9, 178], [6, 91, 110, 141, 13], [60, 75, 156, 2, 22]]
present:  [62, 83, 59, 93, 50, 24, 95, 82, 9, 178, 6, 91, 110, 141, 13, 60, 75, 156, 2, 22]
----------------------------------------------
episode:  19
reward:  41.86
invited:  [[62, 83, 59, 93, 50], [24, 95, 82, 9, 178], [6, 91, 110, 141, 13], [60, 75, 156, 2, 22]]
present:  [62, 83, 59, 93, 50, 24, 95, 82, 9, 178, 6, 91, 110, 141, 13, 60, 75, 156, 2, 22]
----------------------------------------------
episode:  20
reward:  42.087
invited:  [[62, 83, 59, 93, 50], [24, 95, 82, 9, 178], [6, 91, 110, 141, 13], [60, 75, 156, 2, 22]]
present:  [62, 83, 59, 93, 50, 24, 95, 82, 9, 178, 6, 91, 110, 141, 13, 60, 75, 156, 2, 22]
----------------------------------------------
episode:  21
reward:  41.592
invited:  [[62, 83, 59, 93, 50], [24, 95, 82, 9, 178], [6, 91, 110, 141, 13], [60, 75, 156, 2, 22]]
present:  [62, 83, 59, 93, 50, 24, 95, 82, 9, 178, 6, 91, 110, 141, 13, 60, 75, 156, 2, 22]
----------------------------------------------
episode:  22
reward:  41.934
invited:  [[62, 83, 59, 93, 50], [24, 95, 82, 9, 178], [6, 91, 110, 141, 13], [60, 75, 156, 2, 22]]
present:  [62, 83, 59, 93, 50, 24, 95, 82, 9, 178, 6, 91, 110, 141, 13, 60, 75, 156, 2, 22]
----------------------------------------------
episode:  23
reward:  42.232
invited:  [[62, 83, 59, 93, 50], [24, 95, 82, 9, 178], [6, 91, 110, 141, 13], [60, 75, 156, 2, 22]]
present:  [62, 83, 59, 93, 50, 24, 95, 82, 9, 178, 6, 91, 110, 141, 13, 60, 75, 156, 2, 22]
----------------------------------------------
episode:  24
reward:  41.708
invited:  [[62, 83, 59, 93, 50], [24, 95, 82, 9, 178], [6, 91, 110, 141, 13], [60, 75, 156, 2, 22]]
present:  [62, 83, 59, 93, 50, 24, 95, 82, 9, 178, 6, 91, 110, 141, 13, 60, 75, 156, 2, 22]
----------------------------------------------
episode:  25
reward:  42.062
invited:  [[62, 83, 59, 93, 50], [24, 95, 82, 9, 178], [6, 91, 110, 141, 13], [60, 75, 156, 2, 22]]
present:  [62, 83, 59, 93, 50, 24, 95, 82, 9, 178, 6, 91, 110, 141, 13, 60, 75, 156, 2, 22]
----------------------------------------------
episode:  26
reward:  42.129
invited:  [[62, 83, 59, 93, 50], [24, 95, 82, 9, 178], [6, 91, 110, 141, 13], [60, 75, 156, 2, 22]]
present:  [62, 83, 59, 93, 50, 24, 95, 82, 9, 178, 6, 91, 110, 141, 13, 60, 75, 156, 2, 22]
----------------------------------------------
episode:  27
reward:  42.38
invited:  [[62, 83, 59, 93, 50], [24, 95, 82, 9, 178], [6, 91, 110, 141, 13], [60, 75, 156, 2, 22]]
present:  [62, 83, 59, 93, 50, 24, 95, 82, 9, 178, 6, 91, 110, 141, 13, 60, 75, 156, 2, 22]
----------------------------------------------
episode:  28
reward:  42.185
invited:  [[62, 83, 59, 93, 50], [24, 95, 82, 9, 178], [6, 91, 110, 141, 13], [60, 75, 156, 2, 22]]
present:  [62, 83, 59, 93, 50, 24, 95, 82, 9, 178, 6, 91, 110, 141, 13, 60, 75, 156, 2, 22]
----------------------------------------------
episode:  29
reward:  41.861
invited:  [[62, 83, 59, 93, 50], [24, 95, 82, 9, 178], [6, 91, 110, 141, 13], [60, 75, 156, 2, 22]]
present:  [62, 83, 59, 93, 50, 24, 95, 82, 9, 178, 6, 91, 110, 141, 13, 60, 75, 156, 2, 22]
----------------------------------------------
episode:  30
reward:  41.821
invited:  [[62, 83, 59, 93, 50], [24, 95, 82, 9, 178], [6, 91, 110, 141, 13], [60, 75, 156, 2, 22]]
present:  [62, 83, 59, 93, 50, 24, 95, 82, 9, 178, 6, 91, 110, 141, 13, 60, 75, 156, 2, 22]
----------------------------------------------
episode:  31
reward:  42.287
invited:  [[62, 83, 59, 93, 50], [24, 95, 82, 9, 178], [6, 91, 110, 141, 13], [60, 75, 156, 2, 22]]
present:  [62, 83, 59, 93, 50, 24, 95, 82, 9, 178, 6, 91, 110, 141, 13, 60, 75, 156, 2, 22]
----------------------------------------------
episode:  32
reward:  41.863
invited:  [[62, 83, 59, 93, 50], [24, 95, 82, 9, 178], [6, 91, 110, 141, 13], [60, 75, 156, 2, 22]]
present:  [62, 83, 59, 93, 50, 24, 95, 82, 9, 178, 6, 91, 110, 141, 13, 60, 75, 156, 2, 22]
----------------------------------------------
episode:  33
reward:  41.911
invited:  [[62, 83, 59, 93, 50], [24, 95, 82, 9, 178], [6, 91, 110, 141, 13], [60, 75, 156, 2, 22]]
present:  [62, 83, 59, 93, 50, 24, 95, 82, 9, 178, 6, 91, 110, 141, 13, 60, 75, 156, 2, 22]
----------------------------------------------
episode:  34
reward:  41.767
invited:  [[62, 83, 59, 93, 50], [24, 95, 82, 9, 178], [6, 91, 110, 141, 13], [60, 75, 156, 2, 22]]
present:  [62, 83, 59, 93, 50, 24, 95, 82, 9, 178, 6, 91, 110, 141, 13, 60, 75, 156, 2, 22]
----------------------------------------------
episode:  35
reward:  42.003
invited:  [[62, 83, 59, 93, 50], [24, 95, 82, 9, 178], [6, 91, 110, 141, 13], [60, 75, 156, 2, 22]]
present:  [62, 83, 59, 93, 50, 24, 95, 82, 9, 178, 6, 91, 110, 141, 13, 60, 75, 156, 2, 22]
----------------------------------------------
episode:  36
reward:  41.924
invited:  [[62, 83, 59, 93, 50], [24, 95, 82, 9, 178], [6, 91, 110, 141, 13], [60, 75, 156, 2, 22]]
present:  [62, 83, 59, 93, 50, 24, 95, 82, 9, 178, 6, 91, 110, 141, 13, 60, 75, 156, 2, 22]
----------------------------------------------
episode:  37
reward:  42.041
invited:  [[62, 83, 59, 93, 50], [24, 95, 82, 9, 178], [6, 91, 110, 141, 13], [60, 75, 156, 2, 22]]
present:  [62, 83, 59, 93, 50, 24, 95, 82, 9, 178, 6, 91, 110, 141, 13, 60, 75, 156, 2, 22]
----------------------------------------------
episode:  38
reward:  41.716
invited:  [[62, 83, 59, 93, 50], [24, 95, 82, 9, 178], [6, 91, 110, 141, 13], [60, 75, 156, 2, 22]]
present:  [62, 83, 59, 93, 50, 24, 95, 82, 9, 178, 6, 91, 110, 141, 13, 60, 75, 156, 2, 22]
----------------------------------------------
episode:  39
reward:  41.943
invited:  [[62, 83, 59, 93, 50], [24, 95, 82, 9, 178], [6, 91, 110, 141, 13], [60, 75, 156, 2, 22]]
present:  [62, 83, 59, 93, 50, 24, 95, 82, 9, 178, 6, 91, 110, 141, 13, 60, 75, 156, 2, 22]
----------------------------------------------
episode:  40
reward:  41.543
invited:  [[62, 83, 59, 93, 50], [24, 95, 82, 9, 178], [6, 91, 110, 141, 13], [60, 75, 156, 2, 22]]
present:  [62, 83, 59, 93, 50, 24, 95, 82, 9, 178, 6, 91, 110, 141, 13, 60, 75, 156, 2, 22]
----------------------------------------------
episode:  41
reward:  42.051
invited:  [[62, 83, 59, 93, 50], [24, 95, 82, 9, 178], [6, 91, 110, 141, 13], [60, 75, 156, 2, 22]]
present:  [62, 83, 59, 93, 50, 24, 95, 82, 9, 178, 6, 91, 110, 141, 13, 60, 75, 156, 2, 22]
----------------------------------------------
episode:  42
reward:  41.656
invited:  [[62, 83, 59, 93, 50], [24, 95, 82, 9, 178], [6, 91, 110, 141, 13], [60, 75, 156, 2, 22]]
present:  [62, 83, 59, 93, 50, 24, 95, 82, 9, 178, 6, 91, 110, 141, 13, 60, 75, 156, 2, 22]
----------------------------------------------
episode:  43
reward:  41.517
invited:  [[62, 83, 59, 93, 50], [24, 95, 82, 9, 178], [6, 91, 110, 141, 13], [60, 75, 156, 2, 22]]
present:  [62, 83, 59, 93, 50, 24, 95, 82, 9, 178, 6, 91, 110, 141, 13, 60, 75, 156, 2, 22]
----------------------------------------------
episode:  44
reward:  41.638
invited:  [[62, 83, 59, 93, 50], [24, 95, 82, 9, 178], [6, 91, 110, 141, 13], [60, 75, 156, 2, 22]]
present:  [62, 83, 59, 93, 50, 24, 95, 82, 9, 178, 6, 91, 110, 141, 13, 60, 75, 156, 2, 22]
----------------------------------------------
episode:  45
reward:  41.954
invited:  [[62, 83, 59, 93, 50], [24, 95, 82, 9, 178], [6, 91, 110, 141, 13], [60, 75, 156, 2, 22]]
present:  [62, 83, 59, 93, 50, 24, 95, 82, 9, 178, 6, 91, 110, 141, 13, 60, 75, 156, 2, 22]
----------------------------------------------
episode:  46
reward:  41.936
invited:  [[62, 83, 59, 93, 50], [24, 95, 82, 9, 178], [6, 91, 110, 141, 13], [60, 75, 156, 2, 22]]
present:  [62, 83, 59, 93, 50, 24, 95, 82, 9, 178, 6, 91, 110, 141, 13, 60, 75, 156, 2, 22]
----------------------------------------------
episode:  47
reward:  42.006
invited:  [[62, 83, 59, 93, 50], [24, 95, 82, 9, 178], [6, 91, 110, 141, 13], [60, 75, 156, 2, 22]]
present:  [62, 83, 59, 93, 50, 24, 95, 82, 9, 178, 6, 91, 110, 141, 13, 60, 75, 156, 2, 22]
----------------------------------------------
episode:  48
reward:  41.856
invited:  [[62, 83, 59, 93, 50], [24, 95, 82, 9, 178], [6, 91, 110, 141, 13], [60, 75, 156, 2, 22]]
present:  [62, 83, 59, 93, 50, 24, 95, 82, 9, 178, 6, 91, 110, 141, 13, 60, 75, 156, 2, 22]
----------------------------------------------
episode:  49
reward:  41.887
invited:  [[62, 83, 59, 93, 50], [24, 95, 82, 9, 178], [6, 91, 110, 141, 13], [60, 75, 156, 2, 22]]
present:  [62, 83, 59, 93, 50, 24, 95, 82, 9, 178, 6, 91, 110, 141, 13, 60, 75, 156, 2, 22]
average reward for maxdegree policy is: 41.86694000000001, std is: 0.22377778352642602
