selected graph:  India
#nodes:  202
#edges:  692
----------------------------------------------
episode:  0
reward:  39.155
invited:  [[1, 140, 82, 93, 30], [48, 49, 153, 62, 63], [160, 2, 74, 56, 59], [164, 50, 83, 121, 156]]
present:  [1, 140, 82, 93, 30, 48, 49, 153, 62, 63, 160, 2, 74, 56, 59, 164, 50, 83, 121, 156]
----------------------------------------------
episode:  1
reward:  35.192
invited:  [[160, 1, 82, 153, 30], [97, 49, 50, 93, 191], [2, 164, 136, 62, 63], [34, 36, 8, 141, 22]]
present:  [160, 1, 82, 153, 30, 97, 49, 50, 93, 191, 2, 164, 136, 62, 63, 34, 36, 8, 141, 22]
----------------------------------------------
episode:  2
reward:  39.332
invited:  [[1, 49, 82, 153, 30], [160, 50, 93, 62, 63], [129, 2, 12, 83, 59], [194, 68, 8, 74, 22]]
present:  [1, 49, 82, 153, 30, 160, 50, 93, 62, 63, 129, 2, 12, 83, 59, 194, 68, 8, 74, 22]
----------------------------------------------
episode:  3
reward:  37.087
invited:  [[160, 1, 82, 93, 30], [2, 49, 153, 62, 63], [129, 42, 12, 81, 56], [167, 9, 83, 90, 156]]
present:  [160, 1, 82, 93, 30, 2, 49, 153, 62, 63, 129, 42, 12, 81, 56, 167, 9, 83, 90, 156]
----------------------------------------------
episode:  4
reward:  35.944
invited:  [[160, 1, 82, 153, 93], [199, 8, 49, 121, 30], [129, 2, 12, 62, 63], [36, 7, 42, 116, 126]]
present:  [160, 1, 82, 153, 93, 199, 8, 49, 121, 30, 129, 2, 12, 62, 63, 36, 7, 42, 116, 126]
----------------------------------------------
episode:  5
reward:  38.791
invited:  [[1, 30, 153, 93, 62], [160, 2, 42, 82, 59], [8, 12, 49, 81, 121], [67, 83, 116, 125, 63]]
present:  [1, 30, 153, 93, 62, 160, 2, 42, 82, 59, 8, 12, 49, 81, 121, 67, 83, 116, 125, 63]
----------------------------------------------
episode:  6
reward:  37.549
invited:  [[160, 1, 82, 153, 30], [8, 49, 93, 62, 63], [2, 42, 83, 52, 59], [164, 74, 44, 56, 121]]
present:  [160, 1, 82, 153, 30, 8, 49, 93, 62, 63, 2, 42, 83, 52, 59, 164, 74, 44, 56, 121]
----------------------------------------------
episode:  7
reward:  38.797
invited:  [[160, 1, 82, 153, 30], [12, 49, 93, 62, 63], [164, 15, 178, 83, 25], [2, 8, 74, 46, 59]]
present:  [160, 1, 82, 153, 30, 12, 49, 93, 62, 63, 164, 15, 178, 83, 25, 2, 8, 74, 46, 59]
----------------------------------------------
episode:  8
reward:  37.325
invited:  [[160, 1, 82, 93, 30], [80, 153, 26, 156, 62], [2, 8, 12, 49, 115], [164, 102, 74, 59, 63]]
present:  [160, 1, 82, 93, 30, 80, 153, 26, 156, 62, 2, 8, 12, 49, 115, 164, 102, 74, 59, 63]
----------------------------------------------
episode:  9
reward:  36.856
invited:  [[160, 1, 82, 153, 30], [2, 49, 59, 93, 62], [42, 74, 12, 141, 22], [164, 36, 8, 156, 63]]
present:  [160, 1, 82, 153, 30, 2, 49, 59, 93, 62, 42, 74, 12, 141, 22, 164, 36, 8, 156, 63]
----------------------------------------------
episode:  10
reward:  38.25
invited:  [[82, 22, 153, 93, 62], [160, 1, 49, 30, 191], [2, 42, 74, 50, 83], [12, 146, 59, 156, 31]]
present:  [82, 22, 153, 93, 62, 160, 1, 49, 30, 191, 2, 42, 74, 50, 83, 12, 146, 59, 156, 31]
----------------------------------------------
episode:  11
reward:  39.376
invited:  [[1, 82, 153, 93, 30], [160, 141, 49, 62, 63], [2, 164, 7, 74, 59], [64, 80, 50, 83, 188]]
present:  [1, 82, 153, 93, 30, 160, 141, 49, 62, 63, 2, 164, 7, 74, 59, 64, 80, 50, 83, 188]
----------------------------------------------
episode:  12
reward:  40.258
invited:  [[160, 1, 82, 93, 30], [165, 178, 153, 62, 63], [74, 12, 49, 83, 56], [64, 2, 199, 140, 59]]
present:  [160, 1, 82, 93, 30, 165, 178, 153, 62, 63, 74, 12, 49, 83, 56, 64, 2, 199, 140, 59]
----------------------------------------------
episode:  13
reward:  38.198
invited:  [[1, 49, 82, 93, 62], [160, 2, 153, 30, 63], [32, 15, 56, 59, 156], [129, 199, 8, 167, 12]]
present:  [1, 49, 82, 93, 62, 160, 2, 153, 30, 63, 32, 15, 56, 59, 156, 129, 199, 8, 167, 12]
----------------------------------------------
episode:  14
reward:  38.47
invited:  [[160, 1, 82, 93, 30], [42, 49, 83, 153, 62], [164, 36, 199, 74, 63], [129, 2, 12, 111, 56]]
present:  [160, 1, 82, 93, 30, 42, 49, 83, 153, 62, 164, 36, 199, 74, 63, 129, 2, 12, 111, 56]
----------------------------------------------
episode:  15
reward:  40.014
invited:  [[160, 1, 82, 93, 30], [2, 49, 153, 62, 63], [164, 8, 12, 50, 83], [129, 74, 43, 59, 191]]
present:  [160, 1, 82, 93, 30, 2, 49, 153, 62, 63, 164, 8, 12, 50, 83, 129, 74, 43, 59, 191]
----------------------------------------------
episode:  16
reward:  37.953
invited:  [[160, 1, 82, 153, 30], [74, 60, 93, 62, 63], [2, 164, 12, 49, 59], [0, 129, 199, 8, 50]]
present:  [160, 1, 82, 153, 30, 74, 60, 93, 62, 63, 2, 164, 12, 49, 59, 0, 129, 199, 8, 50]
----------------------------------------------
episode:  17
reward:  37.381
invited:  [[160, 1, 82, 153, 30], [32, 2, 49, 93, 62], [67, 8, 42, 83, 63], [74, 12, 81, 189, 125]]
present:  [160, 1, 82, 153, 30, 32, 2, 49, 93, 62, 67, 8, 42, 83, 63, 74, 12, 81, 189, 125]
----------------------------------------------
episode:  18
reward:  38.941
invited:  [[160, 1, 82, 153, 30], [42, 49, 93, 62, 63], [66, 2, 8, 74, 59], [129, 35, 164, 12, 60]]
present:  [160, 1, 82, 153, 30, 42, 49, 93, 62, 63, 66, 2, 8, 74, 59, 129, 35, 164, 12, 60]
----------------------------------------------
episode:  19
reward:  39.799
invited:  [[160, 1, 82, 153, 30], [199, 74, 49, 93, 62], [2, 164, 42, 140, 156], [129, 50, 83, 59, 63]]
present:  [160, 1, 82, 153, 30, 199, 74, 49, 93, 62, 2, 164, 42, 140, 156, 129, 50, 83, 59, 63]
----------------------------------------------
episode:  20
reward:  39.151
invited:  [[8, 49, 82, 30, 62], [1, 12, 153, 93, 63], [160, 2, 107, 83, 59], [199, 74, 42, 156, 188]]
present:  [8, 49, 82, 30, 62, 1, 12, 153, 93, 63, 160, 2, 107, 83, 59, 199, 74, 42, 156, 188]
----------------------------------------------
episode:  21
reward:  36.409
invited:  [[160, 82, 153, 93, 30], [1, 49, 27, 62, 63], [2, 12, 13, 178, 126], [6, 9, 42, 11, 22]]
present:  [160, 82, 153, 93, 30, 1, 49, 27, 62, 63, 2, 12, 13, 178, 126, 6, 9, 42, 11, 22]
----------------------------------------------
episode:  22
reward:  38.535
invited:  [[160, 82, 30, 93, 62], [1, 74, 83, 153, 63], [2, 42, 115, 59, 31], [164, 12, 15, 49, 156]]
present:  [160, 82, 30, 93, 62, 1, 74, 83, 153, 63, 2, 42, 115, 59, 31, 164, 12, 15, 49, 156]
----------------------------------------------
episode:  23
reward:  36.184
invited:  [[160, 1, 82, 153, 30], [74, 12, 49, 56, 93], [36, 15, 121, 62, 63], [2, 164, 7, 59, 126]]
present:  [160, 1, 82, 153, 30, 74, 12, 49, 56, 93, 36, 15, 121, 62, 63, 2, 164, 7, 59, 126]
----------------------------------------------
episode:  24
reward:  39.238
invited:  [[160, 1, 49, 82, 30], [2, 12, 153, 93, 62], [164, 8, 56, 59, 63], [66, 42, 111, 143, 83]]
present:  [160, 1, 49, 82, 30, 2, 12, 153, 93, 62, 164, 8, 56, 59, 63, 66, 42, 111, 143, 83]
----------------------------------------------
episode:  25
reward:  36.762
invited:  [[1, 49, 82, 153, 30], [160, 12, 59, 93, 62], [2, 164, 8, 115, 63], [3, 36, 7, 26, 60]]
present:  [1, 49, 82, 153, 30, 160, 12, 59, 93, 62, 2, 164, 8, 115, 63, 3, 36, 7, 26, 60]
----------------------------------------------
episode:  26
reward:  38.622
invited:  [[160, 1, 82, 153, 93], [12, 49, 30, 62, 63], [2, 36, 37, 42, 83], [199, 8, 121, 59, 156]]
present:  [160, 1, 82, 153, 93, 12, 49, 30, 62, 63, 2, 36, 37, 42, 83, 199, 8, 121, 59, 156]
----------------------------------------------
episode:  27
reward:  38.813
invited:  [[160, 82, 153, 93, 30], [1, 2, 83, 156, 62], [129, 42, 12, 49, 124], [36, 167, 8, 110, 50]]
present:  [160, 82, 153, 93, 30, 1, 2, 83, 156, 62, 129, 42, 12, 49, 124, 36, 167, 8, 110, 50]
----------------------------------------------
episode:  28
reward:  43.053
invited:  [[160, 1, 49, 82, 30], [129, 50, 153, 93, 62], [2, 68, 83, 59, 63], [9, 42, 12, 178, 60]]
present:  [160, 1, 49, 82, 30, 129, 50, 153, 93, 62, 2, 68, 83, 59, 63, 9, 42, 12, 178, 60]
----------------------------------------------
episode:  29
reward:  38.303
invited:  [[160, 82, 153, 93, 30], [1, 164, 49, 62, 63], [2, 66, 78, 81, 59], [129, 8, 12, 50, 188]]
present:  [160, 82, 153, 93, 30, 1, 164, 49, 62, 63, 2, 66, 78, 81, 59, 129, 8, 12, 50, 188]
----------------------------------------------
episode:  30
reward:  37.299
invited:  [[1, 82, 153, 93, 30], [160, 7, 49, 156, 62], [2, 42, 12, 115, 59], [129, 103, 8, 88, 63]]
present:  [1, 82, 153, 93, 30, 160, 7, 49, 156, 62, 2, 42, 12, 115, 59, 129, 103, 8, 88, 63]
----------------------------------------------
episode:  31
reward:  40.051
invited:  [[160, 1, 82, 93, 30], [2, 12, 153, 60, 62], [8, 74, 49, 156, 63], [164, 42, 178, 83, 124]]
present:  [160, 1, 82, 93, 30, 2, 12, 153, 60, 62, 8, 74, 49, 156, 63, 164, 42, 178, 83, 124]
----------------------------------------------
episode:  32
reward:  37.729
invited:  [[160, 1, 82, 93, 30], [32, 49, 56, 153, 62], [2, 8, 74, 156, 63], [164, 12, 83, 90, 60]]
present:  [160, 1, 82, 93, 30, 32, 49, 56, 153, 62, 2, 8, 74, 156, 63, 164, 12, 83, 90, 60]
----------------------------------------------
episode:  33
reward:  38.018
invited:  [[160, 1, 82, 153, 30], [2, 49, 115, 148, 93], [12, 83, 116, 62, 63], [36, 8, 42, 26, 59]]
present:  [160, 1, 82, 153, 30, 2, 49, 115, 148, 93, 12, 83, 116, 62, 63, 36, 8, 42, 26, 59]
----------------------------------------------
episode:  34
reward:  39.208
invited:  [[160, 82, 153, 93, 30], [1, 12, 49, 62, 63], [2, 8, 74, 83, 116], [129, 167, 199, 15, 59]]
present:  [160, 82, 153, 93, 30, 1, 12, 49, 62, 63, 2, 8, 74, 83, 116, 129, 167, 199, 15, 59]
----------------------------------------------
episode:  35
reward:  35.294
invited:  [[160, 82, 30, 93, 62], [1, 36, 140, 22, 63], [121, 164, 42, 49, 153], [2, 74, 12, 13, 156]]
present:  [160, 82, 30, 93, 62, 1, 36, 140, 22, 63, 121, 164, 42, 49, 153, 2, 74, 12, 13, 156]
----------------------------------------------
episode:  36
reward:  40.162
invited:  [[82, 30, 153, 93, 62], [160, 1, 12, 15, 83], [8, 42, 49, 156, 63], [2, 36, 50, 148, 59]]
present:  [82, 30, 153, 93, 62, 160, 1, 12, 15, 83, 8, 42, 49, 156, 63, 2, 36, 50, 148, 59]
----------------------------------------------
episode:  37
reward:  37.879
invited:  [[160, 1, 82, 153, 30], [49, 56, 156, 93, 62], [129, 2, 164, 12, 63], [8, 44, 83, 24, 89]]
present:  [160, 1, 82, 153, 30, 49, 56, 156, 93, 62, 129, 2, 164, 12, 63, 8, 44, 83, 24, 89]
----------------------------------------------
episode:  38
reward:  39.414
invited:  [[160, 6, 199, 15, 93], [1, 82, 30, 153, 62], [2, 42, 74, 49, 63], [12, 141, 111, 83, 59]]
present:  [160, 6, 199, 15, 93, 1, 82, 30, 153, 62, 2, 42, 74, 49, 63, 12, 141, 111, 83, 59]
----------------------------------------------
episode:  39
reward:  38.804
invited:  [[160, 1, 2, 82, 93], [83, 30, 153, 156, 62], [42, 12, 15, 49, 63], [164, 75, 121, 59, 60]]
present:  [160, 1, 2, 82, 93, 83, 30, 153, 156, 62, 42, 12, 15, 49, 63, 164, 75, 121, 59, 60]
----------------------------------------------
episode:  40
reward:  37.816
invited:  [[160, 1, 82, 153, 30], [2, 36, 93, 62, 63], [12, 13, 49, 83, 31], [178, 115, 50, 56, 59]]
present:  [160, 1, 82, 153, 30, 2, 36, 93, 62, 63, 12, 13, 49, 83, 31, 178, 115, 50, 56, 59]
----------------------------------------------
episode:  41
reward:  37.387
invited:  [[160, 1, 82, 153, 93], [2, 12, 49, 30, 62], [128, 68, 74, 156, 63], [164, 42, 15, 83, 121]]
present:  [160, 1, 82, 153, 93, 2, 12, 49, 30, 62, 128, 68, 74, 156, 63, 164, 42, 15, 83, 121]
----------------------------------------------
episode:  42
reward:  35.669
invited:  [[1, 82, 153, 93, 30], [160, 164, 7, 49, 91], [48, 81, 50, 115, 62], [2, 12, 83, 156, 125]]
present:  [1, 82, 153, 93, 30, 160, 164, 7, 49, 91, 48, 81, 50, 115, 62, 2, 12, 83, 156, 125]
----------------------------------------------
episode:  43
reward:  38.236
invited:  [[160, 1, 82, 153, 30], [42, 49, 93, 62, 63], [2, 67, 12, 83, 22], [32, 129, 26, 59, 31]]
present:  [160, 1, 82, 153, 30, 42, 49, 93, 62, 63, 2, 67, 12, 83, 22, 32, 129, 26, 59, 31]
----------------------------------------------
episode:  44
reward:  36.926
invited:  [[160, 82, 153, 93, 30], [136, 42, 49, 125, 62], [1, 74, 84, 91, 63], [2, 68, 50, 156, 191]]
present:  [160, 82, 153, 93, 30, 136, 42, 49, 125, 62, 1, 74, 84, 91, 63, 2, 68, 50, 156, 191]
----------------------------------------------
episode:  45
reward:  38.033
invited:  [[1, 82, 153, 93, 30], [160, 36, 49, 62, 63], [2, 34, 110, 50, 59], [42, 12, 80, 115, 84]]
present:  [1, 82, 153, 93, 30, 160, 36, 49, 62, 63, 2, 34, 110, 50, 59, 42, 12, 80, 115, 84]
----------------------------------------------
episode:  46
reward:  39.101
invited:  [[160, 1, 82, 153, 30], [164, 199, 42, 93, 62], [8, 74, 12, 49, 83], [2, 13, 59, 124, 63]]
present:  [160, 1, 82, 153, 30, 164, 199, 42, 93, 62, 8, 74, 12, 49, 83, 2, 13, 59, 124, 63]
----------------------------------------------
episode:  47
reward:  35.703
invited:  [[160, 1, 153, 93, 30], [2, 49, 82, 62, 63], [102, 74, 42, 15, 115], [164, 36, 8, 12, 189]]
present:  [160, 1, 153, 93, 30, 2, 49, 82, 62, 63, 102, 74, 42, 15, 115, 164, 36, 8, 12, 189]
----------------------------------------------
episode:  48
reward:  40.997
invited:  [[160, 1, 82, 153, 30], [42, 49, 59, 93, 62], [64, 74, 12, 83, 63], [129, 2, 164, 8, 56]]
present:  [160, 1, 82, 153, 30, 42, 49, 59, 93, 62, 64, 74, 12, 83, 63, 129, 2, 164, 8, 56]
----------------------------------------------
episode:  49
reward:  39.608
invited:  [[160, 1, 82, 93, 62], [2, 49, 153, 59, 30], [12, 50, 83, 125, 63], [129, 164, 167, 42, 74]]
present:  [160, 1, 82, 93, 62, 2, 49, 153, 59, 30, 12, 50, 83, 125, 63, 129, 164, 167, 42, 74]
average reward for ada_greedy policy is: 38.26144, std is: 1.5160378248579418
