selected graph:  India
#nodes:  202
#edges:  692
----------------------------------------------
episode:  0
reward:  23.182
invited:  [[54, 76, 2, 194, 157], [78, 1, 133, 173, 124], [71, 65, 86, 158, 74], [113, 179, 18, 111, 105]]
present:  [54, 76, 2, 194, 157, 78, 1, 133, 173, 124, 71, 65, 86, 158, 74, 113, 179, 18, 111, 105]
----------------------------------------------
episode:  1
reward:  24.884
invited:  [[166, 129, 96, 31, 30], [16, 35, 95, 198, 110], [148, 36, 14, 197, 163], [109, 167, 164, 85, 87]]
present:  [166, 129, 96, 31, 30, 16, 35, 95, 198, 110, 148, 36, 14, 197, 163, 109, 167, 164, 85, 87]
----------------------------------------------
episode:  2
reward:  25.348
invited:  [[81, 141, 157, 18, 198], [41, 107, 136, 161, 113], [49, 26, 88, 82, 165], [48, 195, 46, 99, 193]]
present:  [81, 141, 157, 18, 198, 41, 107, 136, 161, 113, 49, 26, 88, 82, 165, 48, 195, 46, 99, 193]
----------------------------------------------
episode:  3
reward:  23.409
invited:  [[86, 59, 165, 19, 155], [13, 145, 178, 25, 23], [158, 90, 106, 142, 175], [108, 195, 170, 124, 116]]
present:  [86, 59, 165, 19, 155, 13, 145, 178, 25, 23, 158, 90, 106, 142, 175, 108, 195, 170, 124, 116]
----------------------------------------------
episode:  4
reward:  22.987
invited:  [[5, 139, 152, 83, 184], [107, 78, 29, 133, 177], [138, 40, 58, 186, 47], [117, 86, 156, 155, 14]]
present:  [5, 139, 152, 83, 184, 107, 78, 29, 133, 177, 138, 40, 58, 186, 47, 117, 86, 156, 155, 14]
----------------------------------------------
episode:  5
reward:  22.121
invited:  [[66, 61, 86, 57, 145], [58, 107, 45, 75, 64], [36, 108, 119, 43, 105], [23, 180, 33, 125, 171]]
present:  [66, 61, 86, 57, 145, 58, 107, 45, 75, 64, 36, 108, 119, 43, 105, 23, 180, 33, 125, 171]
----------------------------------------------
episode:  6
reward:  23.147
invited:  [[169, 191, 80, 59, 97], [25, 71, 115, 92, 131], [199, 196, 66, 27, 163], [34, 11, 22, 149, 81]]
present:  [169, 191, 80, 59, 97, 25, 71, 115, 92, 131, 199, 196, 66, 27, 163, 34, 11, 22, 149, 81]
----------------------------------------------
episode:  7
reward:  23.316
invited:  [[2, 114, 193, 164, 43], [22, 176, 40, 172, 169], [191, 47, 149, 29, 145], [189, 96, 61, 12, 0]]
present:  [2, 114, 193, 164, 43, 22, 176, 40, 172, 169, 191, 47, 149, 29, 145, 189, 96, 61, 12, 0]
----------------------------------------------
episode:  8
reward:  25.401
invited:  [[95, 9, 4, 30, 50], [183, 174, 190, 132, 45], [131, 79, 55, 113, 84], [58, 199, 34, 93, 106]]
present:  [95, 9, 4, 30, 50, 183, 174, 190, 132, 45, 131, 79, 55, 113, 84, 58, 199, 34, 93, 106]
----------------------------------------------
episode:  9
reward:  26.374
invited:  [[172, 111, 118, 62, 39], [83, 201, 187, 189, 127], [78, 94, 37, 10, 113], [1, 85, 153, 26, 177]]
present:  [172, 111, 118, 62, 39, 83, 201, 187, 189, 127, 78, 94, 37, 10, 113, 1, 85, 153, 26, 177]
----------------------------------------------
episode:  10
reward:  23.624
invited:  [[20, 100, 176, 73, 153], [6, 107, 171, 139, 177], [10, 158, 83, 25, 108], [3, 109, 84, 58, 151]]
present:  [20, 100, 176, 73, 153, 6, 107, 171, 139, 177, 10, 158, 83, 25, 108, 3, 109, 84, 58, 151]
----------------------------------------------
episode:  11
reward:  23.08
invited:  [[49, 64, 121, 157, 179], [65, 76, 98, 99, 92], [192, 126, 193, 176, 186], [136, 118, 87, 139, 144]]
present:  [49, 64, 121, 157, 179, 65, 76, 98, 99, 92, 192, 126, 193, 176, 186, 136, 118, 87, 139, 144]
----------------------------------------------
episode:  12
reward:  23.054
invited:  [[171, 188, 101, 192, 53], [196, 55, 46, 90, 24], [59, 185, 17, 100, 81], [25, 170, 64, 133, 198]]
present:  [171, 188, 101, 192, 53, 196, 55, 46, 90, 24, 59, 185, 17, 100, 81, 25, 170, 64, 133, 198]
----------------------------------------------
episode:  13
reward:  24.312
invited:  [[192, 54, 104, 117, 83], [0, 156, 162, 44, 1], [170, 24, 65, 10, 41], [190, 151, 128, 39, 186]]
present:  [192, 54, 104, 117, 83, 0, 156, 162, 44, 1, 170, 24, 65, 10, 41, 190, 151, 128, 39, 186]
----------------------------------------------
episode:  14
reward:  24.91
invited:  [[82, 40, 61, 173, 13], [143, 63, 76, 113, 179], [64, 112, 169, 98, 104], [138, 196, 0, 83, 60]]
present:  [82, 40, 61, 173, 13, 143, 63, 76, 113, 179, 64, 112, 169, 98, 104, 138, 196, 0, 83, 60]
----------------------------------------------
episode:  15
reward:  24.485
invited:  [[176, 184, 201, 143, 5], [119, 117, 149, 31, 156], [42, 200, 7, 124, 131], [112, 197, 118, 93, 163]]
present:  [176, 184, 201, 143, 5, 119, 117, 149, 31, 156, 42, 200, 7, 124, 131, 112, 197, 118, 93, 163]
----------------------------------------------
episode:  16
reward:  25.403
invited:  [[30, 81, 31, 139, 133], [146, 8, 194, 137, 136], [75, 160, 77, 55, 66], [188, 134, 164, 49, 54]]
present:  [30, 81, 31, 139, 133, 146, 8, 194, 137, 136, 75, 160, 77, 55, 66, 188, 134, 164, 49, 54]
----------------------------------------------
episode:  17
reward:  24.491
invited:  [[26, 189, 104, 165, 110], [61, 48, 126, 19, 172], [52, 167, 53, 196, 180], [60, 38, 30, 13, 29]]
present:  [26, 189, 104, 165, 110, 61, 48, 126, 19, 172, 52, 167, 53, 196, 180, 60, 38, 30, 13, 29]
----------------------------------------------
episode:  18
reward:  24.573
invited:  [[178, 130, 129, 36, 123], [28, 170, 165, 67, 117], [166, 14, 52, 193, 81], [116, 62, 152, 7, 122]]
present:  [178, 130, 129, 36, 123, 28, 170, 165, 67, 117, 166, 14, 52, 193, 81, 116, 62, 152, 7, 122]
----------------------------------------------
episode:  19
reward:  25.021
invited:  [[120, 125, 142, 26, 117], [158, 99, 30, 127, 74], [179, 48, 78, 7, 121], [1, 24, 171, 113, 107]]
present:  [120, 125, 142, 26, 117, 158, 99, 30, 127, 74, 179, 48, 78, 7, 121, 1, 24, 171, 113, 107]
----------------------------------------------
episode:  20
reward:  24.662
invited:  [[179, 123, 2, 85, 121], [53, 136, 81, 174, 16], [66, 61, 107, 182, 153], [149, 120, 14, 176, 72]]
present:  [179, 123, 2, 85, 121, 53, 136, 81, 174, 16, 66, 61, 107, 182, 153, 149, 120, 14, 176, 72]
----------------------------------------------
episode:  21
reward:  25.47
invited:  [[40, 111, 198, 23, 160], [2, 161, 194, 112, 79], [201, 26, 44, 125, 139], [116, 136, 107, 8, 34]]
present:  [40, 111, 198, 23, 160, 2, 161, 194, 112, 79, 201, 26, 44, 125, 139, 116, 136, 107, 8, 34]
----------------------------------------------
episode:  22
reward:  26.906
invited:  [[7, 82, 50, 91, 174], [127, 87, 14, 9, 16], [84, 12, 184, 46, 34], [22, 188, 73, 64, 62]]
present:  [7, 82, 50, 91, 174, 127, 87, 14, 9, 16, 84, 12, 184, 46, 34, 22, 188, 73, 64, 62]
----------------------------------------------
episode:  23
reward:  23.696
invited:  [[58, 44, 19, 182, 131], [80, 59, 156, 166, 186], [171, 117, 113, 172, 112], [180, 30, 64, 191, 26]]
present:  [58, 44, 19, 182, 131, 80, 59, 156, 166, 186, 171, 117, 113, 172, 112, 180, 30, 64, 191, 26]
----------------------------------------------
episode:  24
reward:  24.02
invited:  [[189, 167, 162, 37, 55], [18, 177, 84, 106, 62], [94, 56, 176, 68, 53], [119, 134, 25, 161, 155]]
present:  [189, 167, 162, 37, 55, 18, 177, 84, 106, 62, 94, 56, 176, 68, 53, 119, 134, 25, 161, 155]
----------------------------------------------
episode:  25
reward:  23.762
invited:  [[178, 166, 144, 115, 67], [132, 53, 30, 146, 119], [41, 52, 131, 83, 69], [167, 11, 134, 47, 152]]
present:  [178, 166, 144, 115, 67, 132, 53, 30, 146, 119, 41, 52, 131, 83, 69, 167, 11, 134, 47, 152]
----------------------------------------------
episode:  26
reward:  24.061
invited:  [[185, 71, 11, 55, 56], [16, 147, 30, 89, 137], [165, 21, 13, 166, 99], [173, 139, 75, 25, 41]]
present:  [185, 71, 11, 55, 56, 16, 147, 30, 89, 137, 165, 21, 13, 166, 99, 173, 139, 75, 25, 41]
----------------------------------------------
episode:  27
reward:  22.957
invited:  [[46, 165, 77, 199, 191], [112, 44, 174, 120, 188], [14, 101, 15, 166, 146], [111, 20, 161, 13, 50]]
present:  [46, 165, 77, 199, 191, 112, 44, 174, 120, 188, 14, 101, 15, 166, 146, 111, 20, 161, 13, 50]
----------------------------------------------
episode:  28
reward:  22.497
invited:  [[57, 135, 0, 167, 115], [186, 185, 6, 153, 34], [189, 111, 178, 32, 154], [21, 179, 134, 133, 130]]
present:  [57, 135, 0, 167, 115, 186, 185, 6, 153, 34, 189, 111, 178, 32, 154, 21, 179, 134, 133, 130]
----------------------------------------------
episode:  29
reward:  22.353
invited:  [[109, 137, 63, 120, 37], [7, 193, 40, 138, 127], [54, 139, 102, 66, 6], [184, 52, 132, 135, 121]]
present:  [109, 137, 63, 120, 37, 7, 193, 40, 138, 127, 54, 139, 102, 66, 6, 184, 52, 132, 135, 121]
----------------------------------------------
episode:  30
reward:  24.226
invited:  [[23, 95, 78, 57, 165], [58, 67, 169, 168, 146], [41, 148, 137, 83, 54], [63, 74, 30, 161, 85]]
present:  [23, 95, 78, 57, 165, 58, 67, 169, 168, 146, 41, 148, 137, 83, 54, 63, 74, 30, 161, 85]
----------------------------------------------
episode:  31
reward:  24.542
invited:  [[177, 116, 94, 107, 44], [58, 6, 54, 29, 201], [115, 45, 92, 77, 105], [189, 153, 59, 51, 180]]
present:  [177, 116, 94, 107, 44, 58, 6, 54, 29, 201, 115, 45, 92, 77, 105, 189, 153, 59, 51, 180]
----------------------------------------------
episode:  32
reward:  25.551
invited:  [[14, 192, 79, 62, 34], [2, 84, 60, 195, 175], [37, 103, 77, 126, 140], [52, 179, 139, 164, 120]]
present:  [14, 192, 79, 62, 34, 2, 84, 60, 195, 175, 37, 103, 77, 126, 140, 52, 179, 139, 164, 120]
----------------------------------------------
episode:  33
reward:  22.25
invited:  [[163, 98, 126, 175, 112], [36, 178, 200, 139, 174], [86, 134, 64, 20, 161], [162, 71, 196, 106, 45]]
present:  [163, 98, 126, 175, 112, 36, 178, 200, 139, 174, 86, 134, 64, 20, 161, 162, 71, 196, 106, 45]
----------------------------------------------
episode:  34
reward:  25.867
invited:  [[117, 12, 26, 21, 72], [52, 66, 25, 82, 141], [106, 34, 70, 9, 155], [79, 10, 39, 29, 49]]
present:  [117, 12, 26, 21, 72, 52, 66, 25, 82, 141, 106, 34, 70, 9, 155, 79, 10, 39, 29, 49]
----------------------------------------------
episode:  35
reward:  22.781
invited:  [[96, 81, 134, 168, 52], [80, 17, 37, 4, 188], [15, 12, 167, 33, 21], [128, 193, 112, 86, 201]]
present:  [96, 81, 134, 168, 52, 80, 17, 37, 4, 188, 15, 12, 167, 33, 21, 128, 193, 112, 86, 201]
----------------------------------------------
episode:  36
reward:  23.652
invited:  [[9, 120, 70, 179, 65], [174, 3, 164, 101, 108], [198, 109, 184, 69, 130], [45, 84, 66, 8, 60]]
present:  [9, 120, 70, 179, 65, 174, 3, 164, 101, 108, 198, 109, 184, 69, 130, 45, 84, 66, 8, 60]
----------------------------------------------
episode:  37
reward:  22.581
invited:  [[166, 163, 79, 21, 57], [26, 20, 113, 98, 159], [49, 11, 22, 195, 64], [164, 186, 43, 10, 200]]
present:  [166, 163, 79, 21, 57, 26, 20, 113, 98, 159, 49, 11, 22, 195, 64, 164, 186, 43, 10, 200]
----------------------------------------------
episode:  38
reward:  23.136
invited:  [[190, 174, 131, 17, 15], [137, 34, 123, 85, 4], [0, 121, 118, 189, 113], [165, 199, 11, 177, 156]]
present:  [190, 174, 131, 17, 15, 137, 34, 123, 85, 4, 0, 121, 118, 189, 113, 165, 199, 11, 177, 156]
----------------------------------------------
episode:  39
reward:  25.014
invited:  [[170, 61, 195, 105, 130], [99, 82, 0, 164, 136], [64, 160, 158, 76, 97], [68, 87, 27, 156, 111]]
present:  [170, 61, 195, 105, 130, 99, 82, 0, 164, 136, 64, 160, 158, 76, 97, 68, 87, 27, 156, 111]
----------------------------------------------
episode:  40
reward:  23.739
invited:  [[153, 83, 178, 159, 3], [113, 65, 123, 11, 128], [198, 97, 51, 187, 167], [179, 84, 193, 163, 199]]
present:  [153, 83, 178, 159, 3, 113, 65, 123, 11, 128, 198, 97, 51, 187, 167, 179, 84, 193, 163, 199]
----------------------------------------------
episode:  41
reward:  24.533
invited:  [[101, 129, 197, 55, 150], [24, 82, 159, 63, 13], [165, 133, 68, 112, 75], [64, 126, 120, 118, 86]]
present:  [101, 129, 197, 55, 150, 24, 82, 159, 63, 13, 165, 133, 68, 112, 75, 64, 126, 120, 118, 86]
----------------------------------------------
episode:  42
reward:  23.443
invited:  [[18, 14, 196, 132, 193], [103, 10, 186, 81, 200], [89, 95, 49, 47, 84], [152, 146, 148, 133, 34]]
present:  [18, 14, 196, 132, 193, 103, 10, 186, 81, 200, 89, 95, 49, 47, 84, 152, 146, 148, 133, 34]
----------------------------------------------
episode:  43
reward:  23.675
invited:  [[185, 170, 178, 121, 52], [155, 81, 177, 189, 117], [173, 68, 97, 164, 40], [134, 136, 66, 174, 149]]
present:  [185, 170, 178, 121, 52, 155, 81, 177, 189, 117, 173, 68, 97, 164, 40, 134, 136, 66, 174, 149]
----------------------------------------------
episode:  44
reward:  21.414
invited:  [[151, 80, 147, 55, 85], [177, 23, 127, 199, 96], [174, 193, 190, 90, 74], [47, 3, 97, 164, 86]]
present:  [151, 80, 147, 55, 85, 177, 23, 127, 199, 96, 174, 193, 190, 90, 74, 47, 3, 97, 164, 86]
----------------------------------------------
episode:  45
reward:  23.13
invited:  [[142, 171, 16, 99, 48], [101, 39, 131, 23, 184], [176, 152, 26, 186, 60], [151, 140, 187, 0, 50]]
present:  [142, 171, 16, 99, 48, 101, 39, 131, 23, 184, 176, 152, 26, 186, 60, 151, 140, 187, 0, 50]
----------------------------------------------
episode:  46
reward:  23.995
invited:  [[36, 6, 152, 141, 174], [40, 39, 143, 20, 155], [42, 162, 119, 107, 115], [32, 198, 129, 177, 111]]
present:  [36, 6, 152, 141, 174, 40, 39, 143, 20, 155, 42, 162, 119, 107, 115, 32, 198, 129, 177, 111]
----------------------------------------------
episode:  47
reward:  24.683
invited:  [[73, 183, 62, 84, 112], [61, 7, 108, 102, 123], [69, 90, 163, 30, 127], [110, 198, 186, 143, 76]]
present:  [73, 183, 62, 84, 112, 61, 7, 108, 102, 123, 69, 90, 163, 30, 127, 110, 198, 186, 143, 76]
----------------------------------------------
episode:  48
reward:  24.07
invited:  [[99, 7, 5, 61, 8], [176, 79, 124, 39, 17], [51, 48, 93, 0, 88], [77, 31, 37, 105, 185]]
present:  [99, 7, 5, 61, 8, 176, 79, 124, 39, 17, 51, 48, 93, 0, 88, 77, 31, 37, 105, 185]
----------------------------------------------
episode:  49
reward:  22.049
invited:  [[149, 69, 187, 74, 94], [48, 118, 126, 77, 87], [37, 79, 3, 190, 52], [72, 32, 11, 111, 128]]
present:  [149, 69, 187, 74, 94, 48, 118, 126, 77, 87, 37, 79, 3, 190, 52, 72, 32, 11, 111, 128]
average reward for random policy is: 23.956739999999996, std is: 1.1656649400235042
selected graph:  India
#nodes:  202
#edges:  692
----------------------------------------------
episode:  0
reward:  41.302
invited:  [[62, 83, 59, 93, 50], [24, 95, 82, 9, 178], [6, 91, 110, 141, 13], [60, 75, 156, 2, 22]]
present:  [62, 83, 59, 93, 50, 24, 95, 82, 9, 178, 6, 91, 110, 141, 13, 60, 75, 156, 2, 22]
----------------------------------------------
episode:  1
reward:  41.752
invited:  [[62, 83, 59, 93, 50], [24, 95, 82, 9, 178], [6, 91, 110, 141, 13], [60, 75, 156, 2, 22]]
present:  [62, 83, 59, 93, 50, 24, 95, 82, 9, 178, 6, 91, 110, 141, 13, 60, 75, 156, 2, 22]
----------------------------------------------
episode:  2
reward:  42.044
invited:  [[62, 83, 59, 93, 50], [24, 95, 82, 9, 178], [6, 91, 110, 141, 13], [60, 75, 156, 2, 22]]
present:  [62, 83, 59, 93, 50, 24, 95, 82, 9, 178, 6, 91, 110, 141, 13, 60, 75, 156, 2, 22]
----------------------------------------------
episode:  3
reward:  42.191
invited:  [[62, 83, 59, 93, 50], [24, 95, 82, 9, 178], [6, 91, 110, 141, 13], [60, 75, 156, 2, 22]]
present:  [62, 83, 59, 93, 50, 24, 95, 82, 9, 178, 6, 91, 110, 141, 13, 60, 75, 156, 2, 22]
----------------------------------------------
episode:  4
reward:  41.331
invited:  [[62, 83, 59, 93, 50], [24, 95, 82, 9, 178], [6, 91, 110, 141, 13], [60, 75, 156, 2, 22]]
present:  [62, 83, 59, 93, 50, 24, 95, 82, 9, 178, 6, 91, 110, 141, 13, 60, 75, 156, 2, 22]
----------------------------------------------
episode:  5
reward:  41.973
invited:  [[62, 83, 59, 93, 50], [24, 95, 82, 9, 178], [6, 91, 110, 141, 13], [60, 75, 156, 2, 22]]
present:  [62, 83, 59, 93, 50, 24, 95, 82, 9, 178, 6, 91, 110, 141, 13, 60, 75, 156, 2, 22]
----------------------------------------------
episode:  6
reward:  41.987
invited:  [[62, 83, 59, 93, 50], [24, 95, 82, 9, 178], [6, 91, 110, 141, 13], [60, 75, 156, 2, 22]]
present:  [62, 83, 59, 93, 50, 24, 95, 82, 9, 178, 6, 91, 110, 141, 13, 60, 75, 156, 2, 22]
----------------------------------------------
episode:  7
reward:  41.726
invited:  [[62, 83, 59, 93, 50], [24, 95, 82, 9, 178], [6, 91, 110, 141, 13], [60, 75, 156, 2, 22]]
present:  [62, 83, 59, 93, 50, 24, 95, 82, 9, 178, 6, 91, 110, 141, 13, 60, 75, 156, 2, 22]
----------------------------------------------
episode:  8
reward:  42.544
invited:  [[62, 83, 59, 93, 50], [24, 95, 82, 9, 178], [6, 91, 110, 141, 13], [60, 75, 156, 2, 22]]
present:  [62, 83, 59, 93, 50, 24, 95, 82, 9, 178, 6, 91, 110, 141, 13, 60, 75, 156, 2, 22]
----------------------------------------------
episode:  9
reward:  41.896
invited:  [[62, 83, 59, 93, 50], [24, 95, 82, 9, 178], [6, 91, 110, 141, 13], [60, 75, 156, 2, 22]]
present:  [62, 83, 59, 93, 50, 24, 95, 82, 9, 178, 6, 91, 110, 141, 13, 60, 75, 156, 2, 22]
----------------------------------------------
episode:  10
reward:  41.735
invited:  [[62, 83, 59, 93, 50], [24, 95, 82, 9, 178], [6, 91, 110, 141, 13], [60, 75, 156, 2, 22]]
present:  [62, 83, 59, 93, 50, 24, 95, 82, 9, 178, 6, 91, 110, 141, 13, 60, 75, 156, 2, 22]
----------------------------------------------
episode:  11
reward:  42.267
invited:  [[62, 83, 59, 93, 50], [24, 95, 82, 9, 178], [6, 91, 110, 141, 13], [60, 75, 156, 2, 22]]
present:  [62, 83, 59, 93, 50, 24, 95, 82, 9, 178, 6, 91, 110, 141, 13, 60, 75, 156, 2, 22]
----------------------------------------------
episode:  12
reward:  41.494
invited:  [[62, 83, 59, 93, 50], [24, 95, 82, 9, 178], [6, 91, 110, 141, 13], [60, 75, 156, 2, 22]]
present:  [62, 83, 59, 93, 50, 24, 95, 82, 9, 178, 6, 91, 110, 141, 13, 60, 75, 156, 2, 22]
----------------------------------------------
episode:  13
reward:  41.581
invited:  [[62, 83, 59, 93, 50], [24, 95, 82, 9, 178], [6, 91, 110, 141, 13], [60, 75, 156, 2, 22]]
present:  [62, 83, 59, 93, 50, 24, 95, 82, 9, 178, 6, 91, 110, 141, 13, 60, 75, 156, 2, 22]
----------------------------------------------
episode:  14
reward:  41.751
invited:  [[62, 83, 59, 93, 50], [24, 95, 82, 9, 178], [6, 91, 110, 141, 13], [60, 75, 156, 2, 22]]
present:  [62, 83, 59, 93, 50, 24, 95, 82, 9, 178, 6, 91, 110, 141, 13, 60, 75, 156, 2, 22]
----------------------------------------------
episode:  15
reward:  42.128
invited:  [[62, 83, 59, 93, 50], [24, 95, 82, 9, 178], [6, 91, 110, 141, 13], [60, 75, 156, 2, 22]]
present:  [62, 83, 59, 93, 50, 24, 95, 82, 9, 178, 6, 91, 110, 141, 13, 60, 75, 156, 2, 22]
----------------------------------------------
episode:  16
reward:  41.75
invited:  [[62, 83, 59, 93, 50], [24, 95, 82, 9, 178], [6, 91, 110, 141, 13], [60, 75, 156, 2, 22]]
present:  [62, 83, 59, 93, 50, 24, 95, 82, 9, 178, 6, 91, 110, 141, 13, 60, 75, 156, 2, 22]
----------------------------------------------
episode:  17
reward:  42.268
invited:  [[62, 83, 59, 93, 50], [24, 95, 82, 9, 178], [6, 91, 110, 141, 13], [60, 75, 156, 2, 22]]
present:  [62, 83, 59, 93, 50, 24, 95, 82, 9, 178, 6, 91, 110, 141, 13, 60, 75, 156, 2, 22]
----------------------------------------------
episode:  18
reward:  41.819
invited:  [[62, 83, 59, 93, 50], [24, 95, 82, 9, 178], [6, 91, 110, 141, 13], [60, 75, 156, 2, 22]]
present:  [62, 83, 59, 93, 50, 24, 95, 82, 9, 178, 6, 91, 110, 141, 13, 60, 75, 156, 2, 22]
----------------------------------------------
episode:  19
reward:  41.729
invited:  [[62, 83, 59, 93, 50], [24, 95, 82, 9, 178], [6, 91, 110, 141, 13], [60, 75, 156, 2, 22]]
present:  [62, 83, 59, 93, 50, 24, 95, 82, 9, 178, 6, 91, 110, 141, 13, 60, 75, 156, 2, 22]
----------------------------------------------
episode:  20
reward:  41.939
invited:  [[62, 83, 59, 93, 50], [24, 95, 82, 9, 178], [6, 91, 110, 141, 13], [60, 75, 156, 2, 22]]
present:  [62, 83, 59, 93, 50, 24, 95, 82, 9, 178, 6, 91, 110, 141, 13, 60, 75, 156, 2, 22]
----------------------------------------------
episode:  21
reward:  41.739
invited:  [[62, 83, 59, 93, 50], [24, 95, 82, 9, 178], [6, 91, 110, 141, 13], [60, 75, 156, 2, 22]]
present:  [62, 83, 59, 93, 50, 24, 95, 82, 9, 178, 6, 91, 110, 141, 13, 60, 75, 156, 2, 22]
----------------------------------------------
episode:  22
reward:  41.97
invited:  [[62, 83, 59, 93, 50], [24, 95, 82, 9, 178], [6, 91, 110, 141, 13], [60, 75, 156, 2, 22]]
present:  [62, 83, 59, 93, 50, 24, 95, 82, 9, 178, 6, 91, 110, 141, 13, 60, 75, 156, 2, 22]
----------------------------------------------
episode:  23
reward:  41.553
invited:  [[62, 83, 59, 93, 50], [24, 95, 82, 9, 178], [6, 91, 110, 141, 13], [60, 75, 156, 2, 22]]
present:  [62, 83, 59, 93, 50, 24, 95, 82, 9, 178, 6, 91, 110, 141, 13, 60, 75, 156, 2, 22]
----------------------------------------------
episode:  24
reward:  41.614
invited:  [[62, 83, 59, 93, 50], [24, 95, 82, 9, 178], [6, 91, 110, 141, 13], [60, 75, 156, 2, 22]]
present:  [62, 83, 59, 93, 50, 24, 95, 82, 9, 178, 6, 91, 110, 141, 13, 60, 75, 156, 2, 22]
----------------------------------------------
episode:  25
reward:  42.327
invited:  [[62, 83, 59, 93, 50], [24, 95, 82, 9, 178], [6, 91, 110, 141, 13], [60, 75, 156, 2, 22]]
present:  [62, 83, 59, 93, 50, 24, 95, 82, 9, 178, 6, 91, 110, 141, 13, 60, 75, 156, 2, 22]
----------------------------------------------
episode:  26
reward:  42.168
invited:  [[62, 83, 59, 93, 50], [24, 95, 82, 9, 178], [6, 91, 110, 141, 13], [60, 75, 156, 2, 22]]
present:  [62, 83, 59, 93, 50, 24, 95, 82, 9, 178, 6, 91, 110, 141, 13, 60, 75, 156, 2, 22]
----------------------------------------------
episode:  27
reward:  42.005
invited:  [[62, 83, 59, 93, 50], [24, 95, 82, 9, 178], [6, 91, 110, 141, 13], [60, 75, 156, 2, 22]]
present:  [62, 83, 59, 93, 50, 24, 95, 82, 9, 178, 6, 91, 110, 141, 13, 60, 75, 156, 2, 22]
----------------------------------------------
episode:  28
reward:  41.815
invited:  [[62, 83, 59, 93, 50], [24, 95, 82, 9, 178], [6, 91, 110, 141, 13], [60, 75, 156, 2, 22]]
present:  [62, 83, 59, 93, 50, 24, 95, 82, 9, 178, 6, 91, 110, 141, 13, 60, 75, 156, 2, 22]
----------------------------------------------
episode:  29
reward:  42.044
invited:  [[62, 83, 59, 93, 50], [24, 95, 82, 9, 178], [6, 91, 110, 141, 13], [60, 75, 156, 2, 22]]
present:  [62, 83, 59, 93, 50, 24, 95, 82, 9, 178, 6, 91, 110, 141, 13, 60, 75, 156, 2, 22]
----------------------------------------------
episode:  30
reward:  42.197
invited:  [[62, 83, 59, 93, 50], [24, 95, 82, 9, 178], [6, 91, 110, 141, 13], [60, 75, 156, 2, 22]]
present:  [62, 83, 59, 93, 50, 24, 95, 82, 9, 178, 6, 91, 110, 141, 13, 60, 75, 156, 2, 22]
----------------------------------------------
episode:  31
reward:  41.807
invited:  [[62, 83, 59, 93, 50], [24, 95, 82, 9, 178], [6, 91, 110, 141, 13], [60, 75, 156, 2, 22]]
present:  [62, 83, 59, 93, 50, 24, 95, 82, 9, 178, 6, 91, 110, 141, 13, 60, 75, 156, 2, 22]
----------------------------------------------
episode:  32
reward:  41.781
invited:  [[62, 83, 59, 93, 50], [24, 95, 82, 9, 178], [6, 91, 110, 141, 13], [60, 75, 156, 2, 22]]
present:  [62, 83, 59, 93, 50, 24, 95, 82, 9, 178, 6, 91, 110, 141, 13, 60, 75, 156, 2, 22]
----------------------------------------------
episode:  33
reward:  41.82
invited:  [[62, 83, 59, 93, 50], [24, 95, 82, 9, 178], [6, 91, 110, 141, 13], [60, 75, 156, 2, 22]]
present:  [62, 83, 59, 93, 50, 24, 95, 82, 9, 178, 6, 91, 110, 141, 13, 60, 75, 156, 2, 22]
----------------------------------------------
episode:  34
reward:  41.782
invited:  [[62, 83, 59, 93, 50], [24, 95, 82, 9, 178], [6, 91, 110, 141, 13], [60, 75, 156, 2, 22]]
present:  [62, 83, 59, 93, 50, 24, 95, 82, 9, 178, 6, 91, 110, 141, 13, 60, 75, 156, 2, 22]
----------------------------------------------
episode:  35
reward:  41.471
invited:  [[62, 83, 59, 93, 50], [24, 95, 82, 9, 178], [6, 91, 110, 141, 13], [60, 75, 156, 2, 22]]
present:  [62, 83, 59, 93, 50, 24, 95, 82, 9, 178, 6, 91, 110, 141, 13, 60, 75, 156, 2, 22]
----------------------------------------------
episode:  36
reward:  41.681
invited:  [[62, 83, 59, 93, 50], [24, 95, 82, 9, 178], [6, 91, 110, 141, 13], [60, 75, 156, 2, 22]]
present:  [62, 83, 59, 93, 50, 24, 95, 82, 9, 178, 6, 91, 110, 141, 13, 60, 75, 156, 2, 22]
----------------------------------------------
episode:  37
reward:  41.765
invited:  [[62, 83, 59, 93, 50], [24, 95, 82, 9, 178], [6, 91, 110, 141, 13], [60, 75, 156, 2, 22]]
present:  [62, 83, 59, 93, 50, 24, 95, 82, 9, 178, 6, 91, 110, 141, 13, 60, 75, 156, 2, 22]
----------------------------------------------
episode:  38
reward:  41.739
invited:  [[62, 83, 59, 93, 50], [24, 95, 82, 9, 178], [6, 91, 110, 141, 13], [60, 75, 156, 2, 22]]
present:  [62, 83, 59, 93, 50, 24, 95, 82, 9, 178, 6, 91, 110, 141, 13, 60, 75, 156, 2, 22]
----------------------------------------------
episode:  39
reward:  41.857
invited:  [[62, 83, 59, 93, 50], [24, 95, 82, 9, 178], [6, 91, 110, 141, 13], [60, 75, 156, 2, 22]]
present:  [62, 83, 59, 93, 50, 24, 95, 82, 9, 178, 6, 91, 110, 141, 13, 60, 75, 156, 2, 22]
----------------------------------------------
episode:  40
reward:  41.934
invited:  [[62, 83, 59, 93, 50], [24, 95, 82, 9, 178], [6, 91, 110, 141, 13], [60, 75, 156, 2, 22]]
present:  [62, 83, 59, 93, 50, 24, 95, 82, 9, 178, 6, 91, 110, 141, 13, 60, 75, 156, 2, 22]
----------------------------------------------
episode:  41
reward:  41.705
invited:  [[62, 83, 59, 93, 50], [24, 95, 82, 9, 178], [6, 91, 110, 141, 13], [60, 75, 156, 2, 22]]
present:  [62, 83, 59, 93, 50, 24, 95, 82, 9, 178, 6, 91, 110, 141, 13, 60, 75, 156, 2, 22]
----------------------------------------------
episode:  42
reward:  41.939
invited:  [[62, 83, 59, 93, 50], [24, 95, 82, 9, 178], [6, 91, 110, 141, 13], [60, 75, 156, 2, 22]]
present:  [62, 83, 59, 93, 50, 24, 95, 82, 9, 178, 6, 91, 110, 141, 13, 60, 75, 156, 2, 22]
----------------------------------------------
episode:  43
reward:  41.999
invited:  [[62, 83, 59, 93, 50], [24, 95, 82, 9, 178], [6, 91, 110, 141, 13], [60, 75, 156, 2, 22]]
present:  [62, 83, 59, 93, 50, 24, 95, 82, 9, 178, 6, 91, 110, 141, 13, 60, 75, 156, 2, 22]
----------------------------------------------
episode:  44
reward:  42.053
invited:  [[62, 83, 59, 93, 50], [24, 95, 82, 9, 178], [6, 91, 110, 141, 13], [60, 75, 156, 2, 22]]
present:  [62, 83, 59, 93, 50, 24, 95, 82, 9, 178, 6, 91, 110, 141, 13, 60, 75, 156, 2, 22]
----------------------------------------------
episode:  45
reward:  41.815
invited:  [[62, 83, 59, 93, 50], [24, 95, 82, 9, 178], [6, 91, 110, 141, 13], [60, 75, 156, 2, 22]]
present:  [62, 83, 59, 93, 50, 24, 95, 82, 9, 178, 6, 91, 110, 141, 13, 60, 75, 156, 2, 22]
----------------------------------------------
episode:  46
reward:  41.795
invited:  [[62, 83, 59, 93, 50], [24, 95, 82, 9, 178], [6, 91, 110, 141, 13], [60, 75, 156, 2, 22]]
present:  [62, 83, 59, 93, 50, 24, 95, 82, 9, 178, 6, 91, 110, 141, 13, 60, 75, 156, 2, 22]
----------------------------------------------
episode:  47
reward:  42.08
invited:  [[62, 83, 59, 93, 50], [24, 95, 82, 9, 178], [6, 91, 110, 141, 13], [60, 75, 156, 2, 22]]
present:  [62, 83, 59, 93, 50, 24, 95, 82, 9, 178, 6, 91, 110, 141, 13, 60, 75, 156, 2, 22]
----------------------------------------------
episode:  48
reward:  41.658
invited:  [[62, 83, 59, 93, 50], [24, 95, 82, 9, 178], [6, 91, 110, 141, 13], [60, 75, 156, 2, 22]]
present:  [62, 83, 59, 93, 50, 24, 95, 82, 9, 178, 6, 91, 110, 141, 13, 60, 75, 156, 2, 22]
----------------------------------------------
episode:  49
reward:  41.896
invited:  [[62, 83, 59, 93, 50], [24, 95, 82, 9, 178], [6, 91, 110, 141, 13], [60, 75, 156, 2, 22]]
present:  [62, 83, 59, 93, 50, 24, 95, 82, 9, 178, 6, 91, 110, 141, 13, 60, 75, 156, 2, 22]
average reward for maxdegree policy is: 41.86432, std is: 0.24574575805087673
