chosen graph:  India
cascade model is:  DIC
device is:  cuda
---------------------------------------------------------------
train episode:  0
eps in this episode is:  0.3
eps_wstart in this episode is:  0.1
using warm-start actions
choosing ada_greedy
using warm-start actions
choosing ada_greedy
using warm-start actions
choosing random
using warm-start actions
choosing max degree
action in this episode is:  [[134, 59, 174], [94, 173, 62], [107, 85, 9], [83, 93, 50]]
present:  [62, 85, 94, 107, 134]
episode total reward is:  36.243
---------------------------------------------------------------
train episode:  1
eps in this episode is:  0.295
eps_wstart in this episode is:  0.1
using warm-start actions
choosing ada_greedy
using warm-start actions
choosing random
using warm-start actions
choosing ada_greedy
using warm-start actions
choosing random
action in this episode is:  [[50, 59, 95], [94, 176, 20], [169, 75, 9], [44, 82, 31]]
present:  [9, 20, 50, 59, 176]
episode total reward is:  26.71
---------------------------------------------------------------
train episode:  2
eps in this episode is:  0.29
eps_wstart in this episode is:  0.1
using warm-start actions
choosing random
using warm-start actions
choosing ada_greedy
using warm-start actions
choosing ada_greedy
using warm-start actions
choosing ada_greedy
action in this episode is:  [[87, 101, 29], [50, 75, 62], [169, 170, 165], [9, 83, 173]]
present:  [29, 62, 101, 170]
episode total reward is:  22.681
---------------------------------------------------------------
train episode:  3
eps in this episode is:  0.285
eps_wstart in this episode is:  0.1
using warm-start actions
choosing max degree
using warm-start actions
choosing max degree
using warm-start actions
choosing ada_greedy
using warm-start actions
choosing max degree
action in this episode is:  [[62, 83, 59], [93, 50, 24], [170, 174, 175], [95, 82, 9]]
present:  [83, 93, 174, 175]
episode total reward is:  32.56
---------------------------------------------------------------
train episode:  4
eps in this episode is:  0.27999999999999997
eps_wstart in this episode is:  0.1
using warm-start actions
choosing max degree
using warm-start actions
choosing random
using warm-start actions
choosing random
using warm-start actions
choosing ada_greedy
action in this episode is:  [[62, 83, 59], [174, 35, 143], [22, 102, 142], [24, 169, 145]]
present:  [62, 142, 143, 174]
episode total reward is:  35.016
---------------------------------------------------------------
train episode:  5
eps in this episode is:  0.27499999999999997
eps_wstart in this episode is:  0.1
using warm-start actions
choosing max degree
using warm-start actions
choosing ada_greedy
using warm-start actions
choosing ada_greedy
using warm-start actions
choosing max degree
action in this episode is:  [[62, 83, 59], [105, 173, 95], [129, 90, 13], [93, 50, 24]]
present:  [59, 62, 83, 129]
episode total reward is:  27.665
---------------------------------------------------------------
train episode:  6
eps in this episode is:  0.27
eps_wstart in this episode is:  0.1
using warm-start actions
choosing ada_greedy
using warm-start actions
choosing random
using warm-start actions
choosing random
using warm-start actions
choosing ada_greedy
action in this episode is:  [[169, 50, 83], [117, 138, 171], [20, 195, 149], [16, 24, 62]]
present:  [20, 83, 169, 171]
episode total reward is:  15.56
---------------------------------------------------------------
train episode:  7
eps in this episode is:  0.265
eps_wstart in this episode is:  0.1
using warm-start actions
choosing random
using warm-start actions
choosing ada_greedy
using warm-start actions
choosing ada_greedy
using warm-start actions
choosing ada_greedy
action in this episode is:  [[158, 178, 47], [83, 62, 95], [50, 13, 173], [144, 170, 93]]
present:  [13, 50, 95, 173, 178]
episode total reward is:  24.364
---------------------------------------------------------------
train episode:  8
eps in this episode is:  0.26
eps_wstart in this episode is:  0.1
using warm-start actions
choosing ada_greedy
using warm-start actions
choosing ada_greedy
using warm-start actions
choosing max degree
using warm-start actions
choosing ada_greedy
action in this episode is:  [[9, 28, 167], [83, 173, 62], [59, 93, 50], [24, 169, 13]]
present:  [9, 28, 93, 167, 173]
episode total reward is:  13.683
---------------------------------------------------------------
train episode:  9
eps in this episode is:  0.255
eps_wstart in this episode is:  0.1
using warm-start actions
choosing max degree
using warm-start actions
choosing random
using warm-start actions
choosing ada_greedy
using warm-start actions
choosing random
action in this episode is:  [[62, 83, 59], [201, 147, 70], [24, 50, 174], [66, 136, 27]]
present:  [59, 70, 147]
episode total reward is:  7.799
---------------------------------------------------------------
train episode:  10
eps in this episode is:  0.25
eps_wstart in this episode is:  0.1
using warm-start actions
choosing ada_greedy
using warm-start actions
choosing random
using warm-start actions
choosing ada_greedy
using warm-start actions
choosing max degree
action in this episode is:  [[9, 174, 62], [97, 164, 166], [50, 75, 93], [83, 59, 24]]
present:  [9, 50, 62, 93, 97, 174]
episode total reward is:  44.582
secondary loss is:  33.35040283203125
---------------------------------------------------------------
train episode:  11
eps in this episode is:  0.245
eps_wstart in this episode is:  0.1
action in this episode is:  [[59, 83, 62], [93, 136, 50], [24, 95, 135], [9, 75, 110]]
present:  [59, 83, 93, 95, 135, 136]
episode total reward is:  42.75
secondary loss is:  28.86848258972168
---------------------------------------------------------------
train episode:  12
eps in this episode is:  0.24
eps_wstart in this episode is:  0.1
choosing max degree
action in this episode is:  [[59, 83, 62], [93, 50, 24], [95, 9, 75], [110, 22, 178]]
present:  [9, 95]
episode total reward is:  4.066
secondary loss is:  32.19643783569336
---------------------------------------------------------------
train episode:  13
eps in this episode is:  0.235
eps_wstart in this episode is:  0.1
action in this episode is:  [[139, 179, 59], [83, 156, 62], [93, 50, 24], [95, 9, 98]]
present:  [62, 83, 139, 156]
episode total reward is:  31.498
secondary loss is:  37.61463165283203
---------------------------------------------------------------
train episode:  14
eps in this episode is:  0.22999999999999998
eps_wstart in this episode is:  0.1
action in this episode is:  [[159, 185, 59], [125, 83, 62], [161, 93, 50], [24, 170, 95]]
present:  [50, 62, 83, 125, 161]
episode total reward is:  28.199
secondary loss is:  4.343778610229492
---------------------------------------------------------------
train episode:  15
eps in this episode is:  0.22499999999999998
eps_wstart in this episode is:  0.1
action in this episode is:  [[59, 125, 83], [62, 93, 50], [24, 95, 9], [75, 68, 110]]
present:  [24, 83, 95, 125]
episode total reward is:  16.522
secondary loss is:  16.949960708618164
---------------------------------------------------------------
train episode:  16
eps in this episode is:  0.21999999999999997
eps_wstart in this episode is:  0.1
choosing ada_greedy
action in this episode is:  [[59, 83, 6], [62, 135, 44], [9, 31, 95], [93, 200, 24]]
present:  [6, 9, 31, 44, 59, 62, 95, 135]
episode total reward is:  48.436
secondary loss is:  10.947717666625977
---------------------------------------------------------------
train episode:  17
eps in this episode is:  0.21499999999999997
eps_wstart in this episode is:  0.1
choosing ada_greedy
action in this episode is:  [[18, 62, 95], [83, 59, 93], [50, 24, 90], [9, 75, 110]]
present:  [50, 83]
episode total reward is:  15.046
secondary loss is:  11.280600547790527
---------------------------------------------------------------
train episode:  18
eps in this episode is:  0.21
eps_wstart in this episode is:  0.1
action in this episode is:  [[59, 83, 62], [93, 105, 24], [61, 50, 95], [9, 75, 110]]
present:  [24, 59, 62, 83, 95]
episode total reward is:  40.523
secondary loss is:  13.514599800109863
---------------------------------------------------------------
train episode:  19
eps in this episode is:  0.205
eps_wstart in this episode is:  0.1
action in this episode is:  [[59, 83, 62], [93, 50, 24], [185, 95, 118], [75, 9, 110]]
present:  [62, 93, 95]
episode total reward is:  29.402
secondary loss is:  25.065683364868164
---------------------------------------------------------------
train episode:  20
eps in this episode is:  0.19999999999999998
eps_wstart in this episode is:  0.1
action in this episode is:  [[59, 83, 62], [93, 24, 50], [30, 95, 75], [9, 110, 22]]
present:  [24, 59, 62]
episode total reward is:  17.247
secondary loss is:  11.470808029174805
---------------------------------------------------------------
train episode:  21
eps in this episode is:  0.195
eps_wstart in this episode is:  0.1
choosing max degree
action in this episode is:  [[62, 83, 59], [80, 93, 50], [24, 95, 75], [46, 9, 79]]
present:  [50, 59, 75, 80, 93, 95]
episode total reward is:  38.992
secondary loss is:  18.003543853759766
---------------------------------------------------------------
train episode:  22
eps in this episode is:  0.19
eps_wstart in this episode is:  0.1
action in this episode is:  [[59, 83, 62], [93, 3, 101], [50, 24, 95], [14, 77, 160]]
present:  [3, 24, 95, 101]
episode total reward is:  8.31
secondary loss is:  32.58918762207031
---------------------------------------------------------------
train episode:  23
eps in this episode is:  0.185
eps_wstart in this episode is:  0.1
action in this episode is:  [[59, 83, 62], [35, 93, 22], [50, 24, 95], [75, 9, 110]]
present:  [22, 50, 59, 93, 95]
episode total reward is:  43.828
secondary loss is:  19.873043060302734
---------------------------------------------------------------
train episode:  24
eps in this episode is:  0.18
eps_wstart in this episode is:  0.1
action in this episode is:  [[59, 83, 62], [93, 141, 50], [24, 95, 9], [75, 110, 22]]
present:  [24, 50, 62, 83, 95, 141]
episode total reward is:  40.627
secondary loss is:  34.966068267822266
---------------------------------------------------------------
train episode:  25
eps in this episode is:  0.175
eps_wstart in this episode is:  0.1
action in this episode is:  [[59, 131, 201], [98, 107, 83], [62, 123, 93], [50, 24, 95]]
present:  [93, 123, 201]
episode total reward is:  5.376
secondary loss is:  21.507272720336914
---------------------------------------------------------------
train episode:  26
eps in this episode is:  0.16999999999999998
eps_wstart in this episode is:  0.1
action in this episode is:  [[59, 187, 83], [62, 93, 50], [24, 95, 9], [75, 110, 22]]
present:  [50, 62, 93, 95, 187]
episode total reward is:  33.328
secondary loss is:  7.6298041343688965
---------------------------------------------------------------
train episode:  27
eps in this episode is:  0.16499999999999998
eps_wstart in this episode is:  0.1
choosing ada_greedy
action in this episode is:  [[80, 59, 83], [62, 93, 50], [169, 13, 95], [98, 24, 9]]
present:  [50, 59, 62, 80, 83, 93]
episode total reward is:  36.09
secondary loss is:  12.260672569274902
---------------------------------------------------------------
train episode:  28
eps in this episode is:  0.15999999999999998
eps_wstart in this episode is:  0.1
action in this episode is:  [[59, 83, 62], [93, 89, 50], [24, 95, 9], [75, 110, 178]]
present:  [24, 50, 59]
episode total reward is:  6.61
secondary loss is:  16.12688636779785
---------------------------------------------------------------
train episode:  29
eps in this episode is:  0.155
eps_wstart in this episode is:  0.1
action in this episode is:  [[0, 59, 131], [83, 62, 74], [93, 50, 24], [11, 95, 9]]
present:  [24, 83, 131]
episode total reward is:  21.811
secondary loss is:  16.328933715820312
---------------------------------------------------------------
train episode:  30
eps in this episode is:  0.15
eps_wstart in this episode is:  0.1
action in this episode is:  [[140, 59, 83], [62, 23, 93], [50, 24, 95], [9, 75, 110]]
present:  [23, 95, 140]
episode total reward is:  3.246
secondary loss is:  14.136613845825195
---------------------------------------------------------------
train episode:  31
eps in this episode is:  0.145
eps_wstart in this episode is:  0.1
action in this episode is:  [[59, 83, 62], [93, 50, 178], [24, 95, 9], [97, 75, 110]]
present:  [50, 59, 93, 95]
episode total reward is:  25.12
secondary loss is:  18.689138412475586
---------------------------------------------------------------
train episode:  32
eps in this episode is:  0.13999999999999999
eps_wstart in this episode is:  0.1
choosing random
action in this episode is:  [[83, 187, 10], [59, 62, 93], [50, 24, 95], [9, 75, 110]]
present:  [50, 62, 83]
episode total reward is:  12.193
secondary loss is:  22.598251342773438
---------------------------------------------------------------
train episode:  33
eps in this episode is:  0.13499999999999998
eps_wstart in this episode is:  0.1
choosing ada_greedy
action in this episode is:  [[50, 173, 62], [59, 83, 93], [24, 95, 9], [75, 110, 178]]
present:  [9, 24, 50, 59, 62, 173]
episode total reward is:  39.237
secondary loss is:  12.26791763305664
---------------------------------------------------------------
train episode:  34
eps in this episode is:  0.12999999999999998
eps_wstart in this episode is:  0.1
choosing random
choosing ada_greedy
action in this episode is:  [[59, 83, 62], [33, 87, 166], [93, 50, 24], [31, 6, 95]]
present:  [24, 33, 59, 62, 83, 87, 93]
episode total reward is:  41.49
secondary loss is:  8.189098358154297
---------------------------------------------------------------
train episode:  35
eps in this episode is:  0.12499999999999997
eps_wstart in this episode is:  0.1
action in this episode is:  [[59, 83, 62], [93, 50, 24], [95, 9, 75], [110, 22, 178]]
present:  [75, 95]
episode total reward is:  18.373
secondary loss is:  33.32131576538086
---------------------------------------------------------------
train episode:  36
eps in this episode is:  0.12
eps_wstart in this episode is:  0.1
action in this episode is:  [[59, 83, 62], [93, 53, 50], [24, 95, 9], [75, 110, 22]]
present:  [24, 53, 83, 95]
episode total reward is:  28.134
secondary loss is:  19.794918060302734
---------------------------------------------------------------
train episode:  37
eps in this episode is:  0.11499999999999999
eps_wstart in this episode is:  0.1
choosing random
action in this episode is:  [[120, 59, 83], [82, 196, 157], [62, 93, 50], [24, 95, 9]]
present:  [50, 62, 83, 93, 157]
episode total reward is:  38.633
secondary loss is:  27.914833068847656
---------------------------------------------------------------
train episode:  38
eps in this episode is:  0.10999999999999999
eps_wstart in this episode is:  0.1
action in this episode is:  [[59, 83, 62], [93, 50, 24], [95, 9, 75], [110, 22, 91]]
present:  [9, 24, 62, 93, 95]
episode total reward is:  48.002
secondary loss is:  3.3665685653686523
---------------------------------------------------------------
train episode:  39
eps in this episode is:  0.10499999999999998
eps_wstart in this episode is:  0.1
choosing max degree
action in this episode is:  [[59, 58, 83], [62, 93, 50], [24, 95, 12], [82, 9, 178]]
present:  [12, 58, 59, 83, 95]
episode total reward is:  22.464
secondary loss is:  9.175843238830566
---------------------------------------------------------------
train episode:  40
eps in this episode is:  0.1
eps_wstart in this episode is:  0.1
choosing random
action in this episode is:  [[26, 137, 88], [59, 83, 1], [79, 62, 93], [50, 24, 95]]
present:  [1, 88, 137]
episode total reward is:  8.845
secondary loss is:  12.884566307067871
---------------------------------------------------------------
train episode:  41
eps in this episode is:  0.1
eps_wstart in this episode is:  0.1
choosing max degree
choosing max degree
action in this episode is:  [[62, 83, 59], [93, 24, 50], [95, 82, 9], [75, 110, 22]]
present:  [50, 59, 62, 83, 93, 95]
episode total reward is:  33.658
secondary loss is:  8.89769458770752
---------------------------------------------------------------
train episode:  42
eps in this episode is:  0.1
eps_wstart in this episode is:  0.1
choosing ada_greedy
action in this episode is:  [[169, 62, 25], [59, 83, 93], [50, 24, 95], [9, 75, 17]]
present:  [24, 25, 50, 59, 83, 93, 95, 169]
episode total reward is:  51.571
secondary loss is:  17.70661163330078
---------------------------------------------------------------
train episode:  43
eps in this episode is:  0.1
eps_wstart in this episode is:  0.1
action in this episode is:  [[59, 83, 62], [93, 50, 24], [95, 21, 9], [75, 110, 178]]
present:  [9, 21, 50, 59, 83]
episode total reward is:  27.059
secondary loss is:  31.245031356811523
---------------------------------------------------------------
train episode:  44
eps in this episode is:  0.1
eps_wstart in this episode is:  0.1
choosing ada_greedy
action in this episode is:  [[59, 53, 83], [26, 148, 62], [93, 50, 24], [95, 9, 75]]
present:  [50, 59, 62, 93, 148]
episode total reward is:  34.882
secondary loss is:  13.939748764038086
---------------------------------------------------------------
train episode:  45
eps in this episode is:  0.1
eps_wstart in this episode is:  0.1
choosing random
action in this episode is:  [[59, 83, 62], [93, 24, 50], [95, 161, 9], [23, 92, 195]]
present:  [9, 59, 62, 83, 93, 95]
episode total reward is:  40.367
secondary loss is:  10.755470275878906
---------------------------------------------------------------
train episode:  46
eps in this episode is:  0.1
eps_wstart in this episode is:  0.1
choosing max degree
action in this episode is:  [[59, 83, 62], [93, 50, 24], [95, 9, 75], [110, 178, 22]]
present:  [9, 24, 50, 62, 75, 83]
episode total reward is:  41.721
secondary loss is:  13.621003150939941
---------------------------------------------------------------
train episode:  47
eps in this episode is:  0.1
eps_wstart in this episode is:  0.1
choosing max degree
action in this episode is:  [[59, 83, 16], [62, 63, 93], [50, 24, 95], [82, 9, 178]]
present:  [16, 24, 63, 95]
episode total reward is:  19.319
secondary loss is:  10.910196304321289
---------------------------------------------------------------
train episode:  48
eps in this episode is:  0.1
eps_wstart in this episode is:  0.1
choosing ada_greedy
action in this episode is:  [[83, 59, 62], [93, 50, 24], [7, 95, 75], [9, 110, 22]]
present:  [7, 24, 75, 93, 95]
episode total reward is:  31.147
secondary loss is:  16.356433868408203
---------------------------------------------------------------
train episode:  49
eps in this episode is:  0.1
eps_wstart in this episode is:  0.1
choosing random
action in this episode is:  [[59, 83, 168], [158, 67, 55], [62, 93, 24], [50, 191, 95]]
present:  [55, 59, 62, 83]
episode total reward is:  24.775
secondary loss is:  17.519344329833984
---------------------------------------------------------------
train episode:  50
eps in this episode is:  0.1
eps_wstart in this episode is:  0.1
action in this episode is:  [[59, 83, 62], [93, 53, 50], [24, 95, 75], [9, 110, 22]]
present:  [50, 53, 59, 75, 95]
episode total reward is:  36.939
secondary loss is:  9.66411018371582
---------------------------------------------------------------
train episode:  51
eps in this episode is:  0.1
eps_wstart in this episode is:  0.1
action in this episode is:  [[59, 83, 62], [126, 93, 141], [50, 180, 24], [87, 86, 95]]
present:  [24, 62, 83, 93, 126]
episode total reward is:  28.903
secondary loss is:  17.32334327697754
---------------------------------------------------------------
train episode:  52
eps in this episode is:  0.1
eps_wstart in this episode is:  0.1
action in this episode is:  [[59, 83, 62], [93, 24, 50], [95, 56, 9], [75, 110, 22]]
present:  [9, 50, 59, 62]
episode total reward is:  21.342
secondary loss is:  11.620339393615723
---------------------------------------------------------------
train episode:  53
eps in this episode is:  0.1
eps_wstart in this episode is:  0.1
action in this episode is:  [[59, 83, 62], [93, 24, 201], [50, 185, 95], [115, 9, 75]]
present:  [24, 59, 62, 95, 201]
episode total reward is:  40.659
secondary loss is:  15.419282913208008
---------------------------------------------------------------
train episode:  54
eps in this episode is:  0.1
eps_wstart in this episode is:  0.1
action in this episode is:  [[59, 83, 182], [62, 93, 132], [50, 24, 95], [9, 75, 110]]
present:  [50, 83, 95]
episode total reward is:  27.59
secondary loss is:  21.987573623657227
---------------------------------------------------------------
train episode:  55
eps in this episode is:  0.1
eps_wstart in this episode is:  0.1
action in this episode is:  [[59, 83, 62], [93, 50, 24], [95, 9, 75], [110, 178, 147]]
present:  [9, 24, 50, 59, 83, 93]
episode total reward is:  31.985
secondary loss is:  4.7350993156433105
---------------------------------------------------------------
train episode:  56
eps in this episode is:  0.1
eps_wstart in this episode is:  0.1
action in this episode is:  [[59, 83, 62], [93, 50, 24], [95, 9, 75], [110, 22, 91]]
present:  [62, 95]
episode total reward is:  12.05
secondary loss is:  9.95451545715332
---------------------------------------------------------------
train episode:  57
eps in this episode is:  0.1
eps_wstart in this episode is:  0.1
action in this episode is:  [[172, 59, 83], [62, 93, 50], [108, 24, 95], [75, 9, 110]]
present:  [24, 50, 59]
episode total reward is:  5.881
secondary loss is:  18.065467834472656
---------------------------------------------------------------
train episode:  58
eps in this episode is:  0.1
eps_wstart in this episode is:  0.1
choosing ada_greedy
action in this episode is:  [[59, 83, 62], [9, 13, 17], [93, 50, 24], [95, 148, 75]]
present:  [9, 24]
episode total reward is:  7.109
secondary loss is:  34.026676177978516
---------------------------------------------------------------
train episode:  59
eps in this episode is:  0.1
eps_wstart in this episode is:  0.1
action in this episode is:  [[59, 83, 62], [93, 50, 24], [95, 9, 75], [110, 178, 22]]
present:  [9, 50, 59, 62]
episode total reward is:  23.302
secondary loss is:  12.200204849243164
---------------------------------------------------------------
train episode:  60
eps in this episode is:  0.1
eps_wstart in this episode is:  0.1
choosing max degree
action in this episode is:  [[59, 83, 62], [93, 50, 162], [24, 95, 82], [9, 75, 110]]
present:  [50, 59, 82, 93]
episode total reward is:  10.415
secondary loss is:  18.83904266357422
---------------------------------------------------------------
train episode:  61
eps in this episode is:  0.1
eps_wstart in this episode is:  0.1
action in this episode is:  [[115, 59, 83], [62, 93, 50], [24, 95, 9], [75, 110, 22]]
present:  [9, 24, 50, 59, 62, 95]
episode total reward is:  39.369
secondary loss is:  17.555850982666016
---------------------------------------------------------------
train episode:  62
eps in this episode is:  0.1
eps_wstart in this episode is:  0.1
action in this episode is:  [[59, 83, 62], [93, 50, 24], [95, 9, 75], [110, 22, 178]]
present:  [50, 62, 75]
episode total reward is:  18.3
secondary loss is:  4.108193874359131
---------------------------------------------------------------
train episode:  63
eps in this episode is:  0.1
eps_wstart in this episode is:  0.1
action in this episode is:  [[59, 83, 62], [93, 50, 24], [95, 9, 75], [110, 178, 22]]
present:  [9, 24, 75, 83]
episode total reward is:  32.26
secondary loss is:  14.62287712097168
---------------------------------------------------------------
train episode:  64
eps in this episode is:  0.1
eps_wstart in this episode is:  0.1
action in this episode is:  [[86, 59, 83], [62, 93, 50], [65, 24, 95], [9, 89, 75]]
present:  [24, 50, 59, 83, 86, 93, 95]
episode total reward is:  45.853
secondary loss is:  3.9351658821105957
---------------------------------------------------------------
train episode:  65
eps in this episode is:  0.1
eps_wstart in this episode is:  0.1
choosing random
action in this episode is:  [[12, 86, 186], [59, 83, 62], [93, 50, 24], [95, 9, 75]]
present:  [24, 59, 83, 86, 93, 186]
episode total reward is:  30.369
secondary loss is:  3.0552096366882324
---------------------------------------------------------------
train episode:  66
eps in this episode is:  0.1
eps_wstart in this episode is:  0.1
choosing ada_greedy
choosing ada_greedy
action in this episode is:  [[59, 83, 62], [93, 50, 24], [10, 13, 95], [173, 141, 22]]
present:  [24, 62, 83, 95]
episode total reward is:  31.989
secondary loss is:  8.522245407104492
---------------------------------------------------------------
train episode:  67
eps in this episode is:  0.1
eps_wstart in this episode is:  0.1
choosing random
action in this episode is:  [[59, 83, 62], [93, 50, 24], [75, 103, 199], [95, 9, 110]]
present:  [24, 50, 62, 75, 83, 103, 199]
episode total reward is:  45.044
secondary loss is:  9.105548858642578
---------------------------------------------------------------
train episode:  68
eps in this episode is:  0.1
eps_wstart in this episode is:  0.1
action in this episode is:  [[59, 83, 62], [93, 50, 60], [24, 95, 75], [9, 110, 178]]
present:  [24, 50, 59, 60, 83]
episode total reward is:  31.334
secondary loss is:  15.717958450317383
---------------------------------------------------------------
train episode:  69
eps in this episode is:  0.1
eps_wstart in this episode is:  0.1
action in this episode is:  [[59, 83, 62], [93, 50, 24], [95, 9, 75], [110, 22, 178]]
present:  [9, 24, 50, 83, 93, 95]
episode total reward is:  40.378
secondary loss is:  10.068299293518066
---------------------------------------------------------------
train episode:  70
eps in this episode is:  0.1
eps_wstart in this episode is:  0.1
choosing ada_greedy
action in this episode is:  [[83, 62, 95], [59, 93, 50], [24, 9, 75], [110, 12, 22]]
present:  [24, 62, 83, 93, 95]
episode total reward is:  31.084
secondary loss is:  14.393716812133789
---------------------------------------------------------------
train episode:  71
eps in this episode is:  0.1
eps_wstart in this episode is:  0.1
action in this episode is:  [[6, 59, 83], [62, 93, 24], [50, 95, 9], [75, 110, 22]]
present:  [59, 62]
episode total reward is:  10.084
secondary loss is:  8.291763305664062
---------------------------------------------------------------
train episode:  72
eps in this episode is:  0.1
eps_wstart in this episode is:  0.1
action in this episode is:  [[59, 83, 62], [93, 50, 24], [95, 9, 75], [110, 22, 91]]
present:  [50, 62, 95]
episode total reward is:  22.03
secondary loss is:  16.82953643798828
---------------------------------------------------------------
train episode:  73
eps in this episode is:  0.1
eps_wstart in this episode is:  0.1
action in this episode is:  [[59, 83, 62], [93, 50, 24], [95, 75, 187], [9, 110, 22]]
present:  [24, 50, 59, 75, 93, 95, 187]
episode total reward is:  48.739
secondary loss is:  8.783150672912598
---------------------------------------------------------------
train episode:  74
eps in this episode is:  0.1
eps_wstart in this episode is:  0.1
choosing ada_greedy
action in this episode is:  [[59, 83, 62], [169, 12, 93], [50, 24, 95], [9, 75, 110]]
present:  [12, 24, 50, 59, 83, 95]
episode total reward is:  37.141
secondary loss is:  18.968551635742188
---------------------------------------------------------------
train episode:  75
eps in this episode is:  0.1
eps_wstart in this episode is:  0.1
action in this episode is:  [[59, 83, 62], [93, 50, 24], [95, 88, 9], [75, 110, 22]]
present:  [9, 24, 50, 59, 62, 88, 95]
episode total reward is:  41.872
secondary loss is:  15.949481010437012
---------------------------------------------------------------
train episode:  76
eps in this episode is:  0.1
eps_wstart in this episode is:  0.1
action in this episode is:  [[59, 83, 62], [93, 50, 24], [95, 75, 9], [26, 110, 178]]
present:  [9, 50, 59, 75, 93]
episode total reward is:  31.115
secondary loss is:  18.329544067382812
---------------------------------------------------------------
train episode:  77
eps in this episode is:  0.1
eps_wstart in this episode is:  0.1
choosing max degree
action in this episode is:  [[62, 83, 59], [93, 154, 50], [24, 95, 9], [75, 110, 22]]
present:  [9, 50, 59, 83, 93, 95]
episode total reward is:  36.864
secondary loss is:  4.7181501388549805
---------------------------------------------------------------
train episode:  78
eps in this episode is:  0.1
eps_wstart in this episode is:  0.1
action in this episode is:  [[59, 83, 62], [137, 93, 50], [24, 95, 9], [75, 110, 197]]
present:  [24, 50, 62, 93, 95]
episode total reward is:  36.049
secondary loss is:  11.861719131469727
---------------------------------------------------------------
train episode:  79
eps in this episode is:  0.1
eps_wstart in this episode is:  0.1
choosing max degree
action in this episode is:  [[62, 83, 59], [93, 50, 24], [95, 9, 75], [110, 178, 22]]
present:  [9, 24, 59, 83, 95]
episode total reward is:  43.652
secondary loss is:  13.90639877319336
---------------------------------------------------------------
train episode:  80
eps in this episode is:  0.1
eps_wstart in this episode is:  0.1
choosing ada_greedy
action in this episode is:  [[69, 59, 83], [170, 169, 90], [62, 93, 50], [24, 95, 9]]
present:  [59, 83]
episode total reward is:  2.751
secondary loss is:  7.380259037017822
---------------------------------------------------------------
train episode:  81
eps in this episode is:  0.1
eps_wstart in this episode is:  0.1
action in this episode is:  [[59, 83, 62], [106, 189, 93], [24, 50, 95], [9, 75, 110]]
present:  [24, 50, 59, 62, 83, 93, 106, 189]
episode total reward is:  44.263
secondary loss is:  9.681291580200195
---------------------------------------------------------------
train episode:  82
eps in this episode is:  0.1
eps_wstart in this episode is:  0.1
choosing random
action in this episode is:  [[59, 83, 62], [93, 50, 24], [141, 156, 58], [95, 9, 75]]
present:  [58, 62, 83, 93, 141]
episode total reward is:  35.704
secondary loss is:  9.609941482543945
---------------------------------------------------------------
train episode:  83
eps in this episode is:  0.1
eps_wstart in this episode is:  0.1
action in this episode is:  [[59, 83, 62], [93, 50, 24], [95, 9, 75], [110, 178, 22]]
present:  [24, 50, 75, 83]
episode total reward is:  26.04
secondary loss is:  27.48126220703125
---------------------------------------------------------------
train episode:  84
eps in this episode is:  0.1
eps_wstart in this episode is:  0.1
action in this episode is:  [[59, 83, 62], [93, 24, 50], [95, 9, 75], [110, 22, 91]]
present:  [9, 59, 62, 83]
episode total reward is:  24.79
secondary loss is:  7.794611930847168
---------------------------------------------------------------
train episode:  85
eps in this episode is:  0.1
eps_wstart in this episode is:  0.1
action in this episode is:  [[59, 176, 83], [62, 93, 50], [24, 95, 9], [75, 110, 178]]
present:  [24, 50, 59, 83, 176]
episode total reward is:  36.987
secondary loss is:  11.160918235778809
---------------------------------------------------------------
train episode:  86
eps in this episode is:  0.1
eps_wstart in this episode is:  0.1
action in this episode is:  [[59, 83, 62], [27, 93, 24], [50, 95, 9], [75, 110, 161]]
present:  [50, 59, 62, 83, 93]
episode total reward is:  31.901
secondary loss is:  9.184420585632324
---------------------------------------------------------------
train episode:  87
eps in this episode is:  0.1
eps_wstart in this episode is:  0.1
action in this episode is:  [[59, 83, 62], [93, 24, 50], [95, 136, 9], [75, 110, 22]]
present:  [9, 24, 50, 59, 62, 83, 95, 136]
episode total reward is:  50.928
secondary loss is:  9.829627990722656
---------------------------------------------------------------
train episode:  88
eps in this episode is:  0.1
eps_wstart in this episode is:  0.1
choosing ada_greedy
action in this episode is:  [[59, 83, 62], [24, 169, 175], [93, 185, 50], [95, 75, 9]]
present:  [24, 50, 93]
episode total reward is:  9.451
secondary loss is:  11.008932113647461
---------------------------------------------------------------
train episode:  89
eps in this episode is:  0.1
eps_wstart in this episode is:  0.1
action in this episode is:  [[59, 83, 62], [93, 50, 24], [95, 75, 9], [110, 22, 91]]
present:  [9, 24, 62, 95]
episode total reward is:  36.736
secondary loss is:  9.668238639831543
---------------------------------------------------------------
train episode:  90
eps in this episode is:  0.1
eps_wstart in this episode is:  0.1
action in this episode is:  [[59, 83, 110], [62, 68, 93], [50, 130, 24], [95, 75, 9]]
present:  [62, 110, 130]
episode total reward is:  14.376
secondary loss is:  15.3821382522583
---------------------------------------------------------------
train episode:  91
eps in this episode is:  0.1
eps_wstart in this episode is:  0.1
choosing random
action in this episode is:  [[59, 83, 62], [93, 50, 23], [24, 95, 31], [138, 169, 66]]
present:  [23, 50, 62, 83, 93, 95]
episode total reward is:  37.151
secondary loss is:  8.601455688476562
---------------------------------------------------------------
train episode:  92
eps in this episode is:  0.1
eps_wstart in this episode is:  0.1
action in this episode is:  [[59, 83, 62], [93, 24, 50], [95, 9, 75], [110, 22, 91]]
present:  [9, 50, 59, 62, 75, 83, 95]
episode total reward is:  47.991
secondary loss is:  13.046283721923828
---------------------------------------------------------------
train episode:  93
eps in this episode is:  0.1
eps_wstart in this episode is:  0.1
action in this episode is:  [[59, 22, 83], [82, 62, 93], [50, 24, 95], [75, 9, 110]]
present:  [22, 24, 50, 59, 62, 82]
episode total reward is:  43.944
secondary loss is:  7.071527481079102
---------------------------------------------------------------
train episode:  94
eps in this episode is:  0.1
eps_wstart in this episode is:  0.1
action in this episode is:  [[156, 59, 66], [83, 45, 62], [93, 24, 50], [95, 75, 9]]
present:  [24, 59, 66]
episode total reward is:  12.207
secondary loss is:  17.39919662475586
---------------------------------------------------------------
train episode:  95
eps in this episode is:  0.1
eps_wstart in this episode is:  0.1
choosing max degree
action in this episode is:  [[59, 83, 62], [93, 50, 24], [116, 95, 9], [82, 178, 6]]
present:  [9, 59, 83, 93, 95, 116]
episode total reward is:  24.153
secondary loss is:  8.900379180908203
---------------------------------------------------------------
train episode:  96
eps in this episode is:  0.1
eps_wstart in this episode is:  0.1
choosing random
choosing max degree
action in this episode is:  [[59, 83, 62], [93, 24, 50], [182, 79, 164], [95, 82, 9]]
present:  [24, 50, 59, 62, 83, 164]
episode total reward is:  39.04
secondary loss is:  8.344460487365723
---------------------------------------------------------------
train episode:  97
eps in this episode is:  0.1
eps_wstart in this episode is:  0.1
action in this episode is:  [[59, 83, 62], [93, 50, 24], [161, 58, 95], [9, 75, 110]]
present:  [24, 58, 83, 95]
episode total reward is:  26.287
secondary loss is:  7.374472141265869
---------------------------------------------------------------
train episode:  98
eps in this episode is:  0.1
eps_wstart in this episode is:  0.1
action in this episode is:  [[59, 83, 62], [93, 50, 24], [95, 75, 9], [110, 138, 22]]
present:  [24, 75, 93, 95]
episode total reward is:  27.212
secondary loss is:  18.335166931152344
---------------------------------------------------------------
train episode:  99
eps in this episode is:  0.1
eps_wstart in this episode is:  0.1
action in this episode is:  [[59, 83, 62], [93, 24, 143], [50, 169, 58], [95, 9, 34]]
present:  [58, 59, 62]
episode total reward is:  19.851
secondary loss is:  8.92440414428711
runtime for training process is:  2743.488649368286




testing
---------------------------------------------------------------
test episode:  0
action in this episode is:  [[59, 83, 62], [93, 24, 50], [95, 9, 75], [110, 178, 22]]
episode total reward is:  14.2
---------------------------------------------------------------
test episode:  1
action in this episode is:  [[59, 83, 62], [93, 24, 50], [95, 9, 75], [110, 22, 91]]
episode total reward is:  15.844
---------------------------------------------------------------
test episode:  2
action in this episode is:  [[59, 83, 62], [93, 50, 24], [95, 9, 75], [110, 22, 178]]
episode total reward is:  45.798
---------------------------------------------------------------
test episode:  3
action in this episode is:  [[59, 83, 62], [93, 24, 50], [95, 9, 75], [110, 178, 22]]
episode total reward is:  20.9
---------------------------------------------------------------
test episode:  4
action in this episode is:  [[59, 83, 62], [93, 50, 24], [95, 9, 75], [110, 22, 91]]
episode total reward is:  47.125
---------------------------------------------------------------
test episode:  5
action in this episode is:  [[59, 83, 62], [93, 50, 24], [95, 9, 75], [110, 178, 22]]
episode total reward is:  30.903
---------------------------------------------------------------
test episode:  6
action in this episode is:  [[59, 83, 62], [93, 50, 24], [95, 9, 75], [110, 22, 91]]
episode total reward is:  42.631
---------------------------------------------------------------
test episode:  7
action in this episode is:  [[59, 83, 62], [93, 24, 50], [95, 9, 75], [110, 22, 91]]
episode total reward is:  47.515
---------------------------------------------------------------
test episode:  8
action in this episode is:  [[59, 83, 62], [93, 50, 24], [95, 9, 75], [110, 22, 91]]
episode total reward is:  36.899
---------------------------------------------------------------
test episode:  9
action in this episode is:  [[59, 83, 62], [93, 24, 50], [95, 9, 75], [110, 22, 91]]
episode total reward is:  12.233
---------------------------------------------------------------
test episode:  10
action in this episode is:  [[59, 83, 62], [93, 24, 50], [95, 9, 75], [110, 22, 178]]
episode total reward is:  41.009
---------------------------------------------------------------
test episode:  11
action in this episode is:  [[59, 83, 62], [93, 24, 50], [95, 9, 75], [110, 178, 22]]
episode total reward is:  38.108
---------------------------------------------------------------
test episode:  12
action in this episode is:  [[59, 83, 62], [93, 50, 24], [95, 9, 75], [110, 22, 178]]
episode total reward is:  24.658
---------------------------------------------------------------
test episode:  13
action in this episode is:  [[59, 83, 62], [93, 50, 24], [95, 9, 75], [110, 22, 178]]
episode total reward is:  41.846
---------------------------------------------------------------
test episode:  14
action in this episode is:  [[59, 83, 62], [93, 50, 24], [95, 9, 75], [110, 22, 91]]
episode total reward is:  52.405
---------------------------------------------------------------
test episode:  15
action in this episode is:  [[59, 83, 62], [93, 50, 24], [95, 9, 75], [110, 22, 178]]
episode total reward is:  7.164
---------------------------------------------------------------
test episode:  16
action in this episode is:  [[59, 83, 62], [93, 24, 50], [95, 9, 75], [110, 22, 178]]
episode total reward is:  37.942
---------------------------------------------------------------
test episode:  17
action in this episode is:  [[59, 83, 62], [93, 24, 50], [95, 9, 75], [110, 22, 91]]
episode total reward is:  30.081
---------------------------------------------------------------
test episode:  18
action in this episode is:  [[59, 83, 62], [93, 50, 24], [95, 9, 75], [110, 22, 91]]
episode total reward is:  37.685
---------------------------------------------------------------
test episode:  19
action in this episode is:  [[59, 83, 62], [93, 50, 24], [95, 9, 75], [110, 22, 91]]
episode total reward is:  42.818
---------------------------------------------------------------
test episode:  20
action in this episode is:  [[59, 83, 62], [93, 24, 50], [95, 9, 75], [110, 22, 91]]
episode total reward is:  45.141
---------------------------------------------------------------
test episode:  21
action in this episode is:  [[59, 83, 62], [93, 50, 24], [95, 75, 9], [110, 22, 91]]
episode total reward is:  42.256
---------------------------------------------------------------
test episode:  22
action in this episode is:  [[59, 83, 62], [93, 50, 24], [95, 9, 75], [110, 22, 178]]
episode total reward is:  16.494
---------------------------------------------------------------
test episode:  23
action in this episode is:  [[59, 83, 62], [93, 24, 50], [95, 9, 75], [110, 22, 178]]
episode total reward is:  35.622
---------------------------------------------------------------
test episode:  24
action in this episode is:  [[59, 83, 62], [93, 50, 24], [95, 75, 9], [110, 22, 178]]
episode total reward is:  28.405
---------------------------------------------------------------
test episode:  25
action in this episode is:  [[59, 83, 62], [93, 50, 24], [95, 9, 75], [110, 178, 22]]
episode total reward is:  37.393
---------------------------------------------------------------
test episode:  26
action in this episode is:  [[59, 83, 62], [93, 50, 24], [95, 75, 9], [110, 22, 91]]
episode total reward is:  29.23
---------------------------------------------------------------
test episode:  27
action in this episode is:  [[59, 83, 62], [93, 50, 24], [95, 75, 9], [110, 22, 178]]
episode total reward is:  37.801
---------------------------------------------------------------
test episode:  28
action in this episode is:  [[59, 83, 62], [93, 50, 24], [95, 75, 9], [110, 22, 91]]
episode total reward is:  28.416
---------------------------------------------------------------
test episode:  29
action in this episode is:  [[59, 83, 62], [93, 50, 24], [95, 75, 9], [110, 22, 178]]
episode total reward is:  40.734
---------------------------------------------------------------
test episode:  30
action in this episode is:  [[59, 83, 62], [93, 50, 24], [95, 75, 9], [110, 22, 91]]
episode total reward is:  43.114
---------------------------------------------------------------
test episode:  31
action in this episode is:  [[59, 83, 62], [93, 50, 24], [95, 75, 9], [110, 178, 22]]
episode total reward is:  14.365
---------------------------------------------------------------
test episode:  32
action in this episode is:  [[59, 83, 62], [93, 50, 24], [95, 9, 75], [110, 22, 178]]
episode total reward is:  41.15
---------------------------------------------------------------
test episode:  33
action in this episode is:  [[59, 83, 62], [93, 50, 24], [95, 75, 9], [110, 22, 91]]
episode total reward is:  7.777
---------------------------------------------------------------
test episode:  34
action in this episode is:  [[59, 83, 62], [93, 50, 24], [95, 9, 75], [110, 178, 22]]
episode total reward is:  45.704
---------------------------------------------------------------
test episode:  35
action in this episode is:  [[59, 83, 62], [93, 50, 24], [95, 75, 9], [110, 22, 91]]
episode total reward is:  42.613
---------------------------------------------------------------
test episode:  36
action in this episode is:  [[59, 83, 62], [93, 50, 24], [95, 75, 9], [110, 22, 91]]
episode total reward is:  50.216
---------------------------------------------------------------
test episode:  37
action in this episode is:  [[59, 83, 62], [93, 24, 50], [95, 9, 75], [110, 22, 91]]
episode total reward is:  34.787
---------------------------------------------------------------
test episode:  38
action in this episode is:  [[59, 83, 62], [93, 50, 24], [95, 75, 9], [110, 22, 178]]
episode total reward is:  40.355
---------------------------------------------------------------
test episode:  39
action in this episode is:  [[59, 83, 62], [93, 50, 24], [95, 9, 75], [110, 178, 22]]
episode total reward is:  36.263
---------------------------------------------------------------
test episode:  40
action in this episode is:  [[59, 83, 62], [93, 24, 50], [95, 9, 75], [110, 22, 178]]
episode total reward is:  31.923
---------------------------------------------------------------
test episode:  41
action in this episode is:  [[59, 83, 62], [93, 24, 50], [95, 9, 75], [110, 22, 178]]
episode total reward is:  34.447
---------------------------------------------------------------
test episode:  42
action in this episode is:  [[59, 83, 62], [93, 24, 50], [95, 9, 75], [110, 22, 91]]
episode total reward is:  31.986
---------------------------------------------------------------
test episode:  43
action in this episode is:  [[59, 83, 62], [93, 50, 24], [95, 9, 75], [110, 22, 178]]
episode total reward is:  44.347
---------------------------------------------------------------
test episode:  44
action in this episode is:  [[59, 83, 62], [93, 50, 24], [95, 9, 75], [110, 22, 178]]
episode total reward is:  34.079
---------------------------------------------------------------
test episode:  45
action in this episode is:  [[59, 83, 62], [93, 24, 50], [95, 9, 75], [110, 178, 22]]
episode total reward is:  30.087
---------------------------------------------------------------
test episode:  46
action in this episode is:  [[59, 83, 62], [93, 50, 24], [95, 75, 9], [110, 178, 22]]
episode total reward is:  15.398
---------------------------------------------------------------
test episode:  47
action in this episode is:  [[59, 83, 62], [93, 50, 24], [95, 9, 75], [110, 22, 91]]
episode total reward is:  26.659
---------------------------------------------------------------
test episode:  48
action in this episode is:  [[59, 83, 62], [93, 50, 24], [95, 9, 75], [110, 178, 22]]
episode total reward is:  17.387
---------------------------------------------------------------
test episode:  49
action in this episode is:  [[59, 83, 62], [93, 50, 24], [95, 75, 9], [110, 22, 178]]
episode total reward is:  25.115
average reward: 33.14056
reward std: 11.475272392688549
